#
# There is insufficient memory for the Java Runtime Environment to continue.
# Native memory allocation (malloc) failed to allocate 413136 bytes for Chunk::new
# Possible reasons:
#   The system is out of physical RAM or swap space
#   The process is running with CompressedOops enabled, and the Java Heap may be blocking the growth of the native heap
# Possible solutions:
#   Reduce memory load on the system
#   Increase physical memory or swap space
#   Check if swap backing store is full
#   Decrease Java heap size (-Xmx/-Xms)
#   Decrease number of Java threads
#   Decrease Java thread stack sizes (-Xss)
#   Set larger code cache with -XX:ReservedCodeCacheSize=
#   JVM is running with Unscaled Compressed Oops mode in which the Java heap is
#     placed in the first 4GB address space. The Java Heap base address is the
#     maximum limit for the native heap growth. Please use -XX:HeapBaseMinAddress
#     to set the Java Heap base and to place the Java Heap above 4GB virtual address.
# This output file may be truncated or incomplete.
#
#  Out of Memory Error (arena.cpp:184), pid=1032, tid=10456
#
# JRE version: Java(TM) SE Runtime Environment (19.0.2+7) (build 19.0.2+7-44)
# Java VM: Java HotSpot(TM) 64-Bit Server VM (19.0.2+7-44, mixed mode, sharing, tiered, compressed oops, compressed class ptrs, g1 gc, windows-amd64)
# No core dump will be written. Minidumps are not enabled by default on client versions of Windows
#

---------------  S U M M A R Y ------------

Command Line: -javaagent:C:\Program Files\JetBrains\IntelliJ IDEA Community Edition 2022.3.2\lib\idea_rt.jar=49358:C:\Program Files\JetBrains\IntelliJ IDEA Community Edition 2022.3.2\bin -Dfile.encoding=UTF-8 -Dsun.stdout.encoding=UTF-8 -Dsun.stderr.encoding=UTF-8 com.adjadev.stock.StockApplication

Host: Intel(R) Core(TM) i3-6006U CPU @ 2.00GHz, 4 cores, 7G,  Windows 10 , 64 bit Build 19041 (10.0.19041.2546)
Time: Thu May  4 11:01:16 2023 Greenwich elapsed time: 23.525635 seconds (0d 0h 0m 23s)

---------------  T H R E A D  ---------------

Current thread (0x00000181472b90e0):  JavaThread "C2 CompilerThread0" daemon [_thread_in_native, id=10456, stack(0x0000005ae0000000,0x0000005ae0100000)]


Current CompileTask:
C2:  23525 2409   !   4       java.net.URL::<init> (543 bytes)

Stack: [0x0000005ae0000000,0x0000005ae0100000]
Native frames: (J=compiled Java code, j=interpreted, Vv=VM code, C=native code)
V  [jvm.dll+0x6ee21a]
V  [jvm.dll+0x85765e]
V  [jvm.dll+0x85904e]
V  [jvm.dll+0x859703]
V  [jvm.dll+0x28298f]
V  [jvm.dll+0xc9adf]
V  [jvm.dll+0xc9e65]
V  [jvm.dll+0x2f7caf]
V  [jvm.dll+0x5f076b]
V  [jvm.dll+0x255483]
V  [jvm.dll+0x24da11]
V  [jvm.dll+0x24b673]
V  [jvm.dll+0x1d6ce1]
V  [jvm.dll+0x25b25a]
V  [jvm.dll+0x2596e8]
V  [jvm.dll+0x807588]
V  [jvm.dll+0x80125a]
V  [jvm.dll+0x6ecf0b]
C  [ucrtbase.dll+0x21bb2]
C  [KERNEL32.DLL+0x17614]
C  [ntdll.dll+0x526a1]


---------------  P R O C E S S  ---------------

Threads class SMR info:
_java_thread_list=0x000001814c6a8f80, length=14, elements={
0x0000018127688450, 0x00000181472abed0, 0x00000181472ac800, 0x00000181472aea70,
0x00000181472af3a0, 0x00000181472b0470, 0x00000181472b1680, 0x00000181472b90e0,
0x00000181473e2360, 0x00000181473f44a0, 0x000001814b8260d0, 0x000001814bdbfee0,
0x000001814bdc0420, 0x000001814c24ce40
}

Java Threads: ( => current thread )
  0x0000018127688450 JavaThread "main" [_thread_in_vm, id=9772, stack(0x0000005adf300000,0x0000005adf400000)]
  0x00000181472abed0 JavaThread "Reference Handler" daemon [_thread_blocked, id=12308, stack(0x0000005adfa00000,0x0000005adfb00000)]
  0x00000181472ac800 JavaThread "Finalizer" daemon [_thread_blocked, id=12552, stack(0x0000005adfb00000,0x0000005adfc00000)]
  0x00000181472aea70 JavaThread "Signal Dispatcher" daemon [_thread_blocked, id=12380, stack(0x0000005adfc00000,0x0000005adfd00000)]
  0x00000181472af3a0 JavaThread "Attach Listener" daemon [_thread_blocked, id=12668, stack(0x0000005adfd00000,0x0000005adfe00000)]
  0x00000181472b0470 JavaThread "Service Thread" daemon [_thread_blocked, id=2512, stack(0x0000005adfe00000,0x0000005adff00000)]
  0x00000181472b1680 JavaThread "Monitor Deflation Thread" daemon [_thread_blocked, id=2560, stack(0x0000005adff00000,0x0000005ae0000000)]
=>0x00000181472b90e0 JavaThread "C2 CompilerThread0" daemon [_thread_in_native, id=10456, stack(0x0000005ae0000000,0x0000005ae0100000)]
  0x00000181473e2360 JavaThread "C1 CompilerThread0" daemon [_thread_blocked, id=11812, stack(0x0000005ae0100000,0x0000005ae0200000)]
  0x00000181473f44a0 JavaThread "Sweeper thread" daemon [_thread_blocked, id=11528, stack(0x0000005ae0200000,0x0000005ae0300000)]
  0x000001814b8260d0 JavaThread "Common-Cleaner" daemon [_thread_blocked, id=2548, stack(0x0000005ae0300000,0x0000005ae0400000)]
  0x000001814bdbfee0 JavaThread "Monitor Ctrl-Break" daemon [_thread_in_native, id=12796, stack(0x0000005ae0400000,0x0000005ae0500000)]
  0x000001814bdc0420 JavaThread "Notification Thread" daemon [_thread_blocked, id=2008, stack(0x0000005ae0500000,0x0000005ae0600000)]
  0x000001814c24ce40 JavaThread "C2 CompilerThread1" daemon [_thread_in_native, id=10288, stack(0x0000005ae0a00000,0x0000005ae0b00000)]

Other Threads:
  0x0000018147291260 VMThread "VM Thread" [stack: 0x0000005adf900000,0x0000005adfa00000] [id=10088]
  0x0000018127688fc0 WatcherThread "VM Periodic Task Thread" [stack: 0x0000005ae0600000,0x0000005ae0700000] [id=3712]
  0x00000181276e2b40 WorkerThread "GC Thread#0" [stack: 0x0000005adf400000,0x0000005adf500000] [id=12264]
  0x000001814bf3bc30 WorkerThread "GC Thread#1" [stack: 0x0000005ae0700000,0x0000005ae0800000] [id=4056]
  0x000001814bec5ef0 WorkerThread "GC Thread#2" [stack: 0x0000005ae0800000,0x0000005ae0900000] [id=7644]
  0x000001814bec61c0 WorkerThread "GC Thread#3" [stack: 0x0000005ae0900000,0x0000005ae0a00000] [id=6512]
  0x00000181276f3840 ConcurrentGCThread "G1 Main Marker" [stack: 0x0000005adf500000,0x0000005adf600000] [id=3452]
  0x00000181276f61e0 WorkerThread "G1 Conc#0" [stack: 0x0000005adf600000,0x0000005adf700000] [id=3624]
  0x0000018147268130 ConcurrentGCThread "G1 Refine#0" [stack: 0x0000005adf700000,0x0000005adf800000] [id=11516]
  0x000001814726a930 ConcurrentGCThread "G1 Service" [stack: 0x0000005adf800000,0x0000005adf900000] [id=6616]

Threads with active compile tasks:
C2 CompilerThread0    23585 2409   !   4       java.net.URL::<init> (543 bytes)
C2 CompilerThread1    23585 2434   !   4       java.util.zip.InflaterInputStream::read (122 bytes)

VM state: not at safepoint (normal execution)

VM Mutex/Monitor currently owned by a thread: None

OutOfMemory and StackOverflow Exception counts:
OutOfMemoryError java_heap_errors=1
LinkageErrors=49

Heap address: 0x0000000088e00000, size: 1906 MB, Compressed Oops mode: 32-bit

CDS archive(s) mapped at: [0x0000000800000000-0x0000000800c40000-0x0000000800c40000), size 12845056, SharedBaseAddress: 0x0000000800000000, ArchiveRelocationMode: 0.
Compressed class space mapped at: 0x0000000801000000-0x0000000841000000, reserved size: 1073741824
Narrow klass base: 0x0000000800000000, Narrow klass shift: 0, Narrow klass range: 0x100000000

GC Precious Log:
 CardTable entry size: 512
 Card Set container configuration: InlinePtr #cards 5 size 8 Array Of Cards #cards 12 size 40 Howl #buckets 4 coarsen threshold 1843 Howl Bitmap #cards 512 size 80 coarsen threshold 460 Card regions per heap region 1 cards per card region 2048
 CPUs: 4 total, 4 available
 Memory: 7616M
 Large Page Support: Disabled
 NUMA Support: Disabled
 Compressed Oops: Enabled (32-bit)
 Heap Region Size: 1M
 Heap Min Capacity: 8M
 Heap Initial Capacity: 120M
 Heap Max Capacity: 1906M
 Pre-touch: Disabled
 Parallel Workers: 4
 Concurrent Workers: 1
 Concurrent Refinement Workers: 4
 Periodic GC: Disabled

Heap:
 garbage-first heap   total 122880K, used 29412K [0x0000000088e00000, 0x0000000100000000)
  region size 1024K, 24 young (24576K), 4 survivors (4096K)
 Metaspace       used 16855K, committed 17152K, reserved 1114112K
  class space    used 1976K, committed 2112K, reserved 1048576K

Heap Regions: E=young(eden), S=young(survivor), O=old, HS=humongous(starts), HC=humongous(continues), CS=collection set, F=free, OA=open archive, CA=closed archive, TAMS=top-at-mark-start (previous, next)
|   0|0x0000000088e00000, 0x0000000088f00000, 0x0000000088f00000|100%|HS|  |TAMS 0x0000000088e00000, 0x0000000088e00000| Complete 
|   1|0x0000000088f00000, 0x0000000089000000, 0x0000000089000000|100%| O|  |TAMS 0x0000000088f00000, 0x0000000088f00000| Untracked 
|   2|0x0000000089000000, 0x0000000089100000, 0x0000000089100000|100%| O|  |TAMS 0x0000000089000000, 0x0000000089000000| Untracked 
|   3|0x0000000089100000, 0x0000000089200000, 0x0000000089200000|100%| O|  |TAMS 0x0000000089100000, 0x0000000089100000| Untracked 
|   4|0x0000000089200000, 0x0000000089300000, 0x0000000089300000|100%| O|  |TAMS 0x0000000089200000, 0x0000000089200000| Untracked 
|   5|0x0000000089300000, 0x0000000089400000, 0x0000000089400000|100%| O|  |TAMS 0x0000000089300000, 0x0000000089300000| Untracked 
|   6|0x0000000089400000, 0x0000000089491400, 0x0000000089500000| 56%| O|  |TAMS 0x0000000089400000, 0x0000000089400000| Untracked 
|   7|0x0000000089500000, 0x0000000089500000, 0x0000000089600000|  0%| F|  |TAMS 0x0000000089500000, 0x0000000089500000| Untracked 
|   8|0x0000000089600000, 0x0000000089600000, 0x0000000089700000|  0%| F|  |TAMS 0x0000000089600000, 0x0000000089600000| Untracked 
|   9|0x0000000089700000, 0x0000000089700000, 0x0000000089800000|  0%| F|  |TAMS 0x0000000089700000, 0x0000000089700000| Untracked 
|  10|0x0000000089800000, 0x0000000089800000, 0x0000000089900000|  0%| F|  |TAMS 0x0000000089800000, 0x0000000089800000| Untracked 
|  11|0x0000000089900000, 0x0000000089900000, 0x0000000089a00000|  0%| F|  |TAMS 0x0000000089900000, 0x0000000089900000| Untracked 
|  12|0x0000000089a00000, 0x0000000089a00000, 0x0000000089b00000|  0%| F|  |TAMS 0x0000000089a00000, 0x0000000089a00000| Untracked 
|  13|0x0000000089b00000, 0x0000000089b00000, 0x0000000089c00000|  0%| F|  |TAMS 0x0000000089b00000, 0x0000000089b00000| Untracked 
|  14|0x0000000089c00000, 0x0000000089c00000, 0x0000000089d00000|  0%| F|  |TAMS 0x0000000089c00000, 0x0000000089c00000| Untracked 
|  15|0x0000000089d00000, 0x0000000089d00000, 0x0000000089e00000|  0%| F|  |TAMS 0x0000000089d00000, 0x0000000089d00000| Untracked 
|  16|0x0000000089e00000, 0x0000000089e00000, 0x0000000089f00000|  0%| F|  |TAMS 0x0000000089e00000, 0x0000000089e00000| Untracked 
|  17|0x0000000089f00000, 0x0000000089f00000, 0x000000008a000000|  0%| F|  |TAMS 0x0000000089f00000, 0x0000000089f00000| Untracked 
|  18|0x000000008a000000, 0x000000008a000000, 0x000000008a100000|  0%| F|  |TAMS 0x000000008a000000, 0x000000008a000000| Untracked 
|  19|0x000000008a100000, 0x000000008a100000, 0x000000008a200000|  0%| F|  |TAMS 0x000000008a100000, 0x000000008a100000| Untracked 
|  20|0x000000008a200000, 0x000000008a200000, 0x000000008a300000|  0%| F|  |TAMS 0x000000008a200000, 0x000000008a200000| Untracked 
|  21|0x000000008a300000, 0x000000008a300000, 0x000000008a400000|  0%| F|  |TAMS 0x000000008a300000, 0x000000008a300000| Untracked 
|  22|0x000000008a400000, 0x000000008a400000, 0x000000008a500000|  0%| F|  |TAMS 0x000000008a400000, 0x000000008a400000| Untracked 
|  23|0x000000008a500000, 0x000000008a500000, 0x000000008a600000|  0%| F|  |TAMS 0x000000008a500000, 0x000000008a500000| Untracked 
|  24|0x000000008a600000, 0x000000008a600000, 0x000000008a700000|  0%| F|  |TAMS 0x000000008a600000, 0x000000008a600000| Untracked 
|  25|0x000000008a700000, 0x000000008a700000, 0x000000008a800000|  0%| F|  |TAMS 0x000000008a700000, 0x000000008a700000| Untracked 
|  26|0x000000008a800000, 0x000000008a800000, 0x000000008a900000|  0%| F|  |TAMS 0x000000008a800000, 0x000000008a800000| Untracked 
|  27|0x000000008a900000, 0x000000008a900000, 0x000000008aa00000|  0%| F|  |TAMS 0x000000008a900000, 0x000000008a900000| Untracked 
|  28|0x000000008aa00000, 0x000000008aa00000, 0x000000008ab00000|  0%| F|  |TAMS 0x000000008aa00000, 0x000000008aa00000| Untracked 
|  29|0x000000008ab00000, 0x000000008ab00000, 0x000000008ac00000|  0%| F|  |TAMS 0x000000008ab00000, 0x000000008ab00000| Untracked 
|  30|0x000000008ac00000, 0x000000008ac00000, 0x000000008ad00000|  0%| F|  |TAMS 0x000000008ac00000, 0x000000008ac00000| Untracked 
|  31|0x000000008ad00000, 0x000000008ad00000, 0x000000008ae00000|  0%| F|  |TAMS 0x000000008ad00000, 0x000000008ad00000| Untracked 
|  32|0x000000008ae00000, 0x000000008ae00000, 0x000000008af00000|  0%| F|  |TAMS 0x000000008ae00000, 0x000000008ae00000| Untracked 
|  33|0x000000008af00000, 0x000000008af00000, 0x000000008b000000|  0%| F|  |TAMS 0x000000008af00000, 0x000000008af00000| Untracked 
|  34|0x000000008b000000, 0x000000008b000000, 0x000000008b100000|  0%| F|  |TAMS 0x000000008b000000, 0x000000008b000000| Untracked 
|  35|0x000000008b100000, 0x000000008b100000, 0x000000008b200000|  0%| F|  |TAMS 0x000000008b100000, 0x000000008b100000| Untracked 
|  36|0x000000008b200000, 0x000000008b200000, 0x000000008b300000|  0%| F|  |TAMS 0x000000008b200000, 0x000000008b200000| Untracked 
|  37|0x000000008b300000, 0x000000008b300000, 0x000000008b400000|  0%| F|  |TAMS 0x000000008b300000, 0x000000008b300000| Untracked 
|  38|0x000000008b400000, 0x000000008b400000, 0x000000008b500000|  0%| F|  |TAMS 0x000000008b400000, 0x000000008b400000| Untracked 
|  39|0x000000008b500000, 0x000000008b500000, 0x000000008b600000|  0%| F|  |TAMS 0x000000008b500000, 0x000000008b500000| Untracked 
|  40|0x000000008b600000, 0x000000008b600000, 0x000000008b700000|  0%| F|  |TAMS 0x000000008b600000, 0x000000008b600000| Untracked 
|  41|0x000000008b700000, 0x000000008b700000, 0x000000008b800000|  0%| F|  |TAMS 0x000000008b700000, 0x000000008b700000| Untracked 
|  42|0x000000008b800000, 0x000000008b800000, 0x000000008b900000|  0%| F|  |TAMS 0x000000008b800000, 0x000000008b800000| Untracked 
|  43|0x000000008b900000, 0x000000008b900000, 0x000000008ba00000|  0%| F|  |TAMS 0x000000008b900000, 0x000000008b900000| Untracked 
|  44|0x000000008ba00000, 0x000000008ba00000, 0x000000008bb00000|  0%| F|  |TAMS 0x000000008ba00000, 0x000000008ba00000| Untracked 
|  45|0x000000008bb00000, 0x000000008bb00000, 0x000000008bc00000|  0%| F|  |TAMS 0x000000008bb00000, 0x000000008bb00000| Untracked 
|  46|0x000000008bc00000, 0x000000008bc00000, 0x000000008bd00000|  0%| F|  |TAMS 0x000000008bc00000, 0x000000008bc00000| Untracked 
|  47|0x000000008bd00000, 0x000000008bd00000, 0x000000008be00000|  0%| F|  |TAMS 0x000000008bd00000, 0x000000008bd00000| Untracked 
|  48|0x000000008be00000, 0x000000008be00000, 0x000000008bf00000|  0%| F|  |TAMS 0x000000008be00000, 0x000000008be00000| Untracked 
|  49|0x000000008bf00000, 0x000000008bf00000, 0x000000008c000000|  0%| F|  |TAMS 0x000000008bf00000, 0x000000008bf00000| Untracked 
|  50|0x000000008c000000, 0x000000008c000000, 0x000000008c100000|  0%| F|  |TAMS 0x000000008c000000, 0x000000008c000000| Untracked 
|  51|0x000000008c100000, 0x000000008c100000, 0x000000008c200000|  0%| F|  |TAMS 0x000000008c100000, 0x000000008c100000| Untracked 
|  52|0x000000008c200000, 0x000000008c200000, 0x000000008c300000|  0%| F|  |TAMS 0x000000008c200000, 0x000000008c200000| Untracked 
|  53|0x000000008c300000, 0x000000008c300000, 0x000000008c400000|  0%| F|  |TAMS 0x000000008c300000, 0x000000008c300000| Untracked 
|  54|0x000000008c400000, 0x000000008c400000, 0x000000008c500000|  0%| F|  |TAMS 0x000000008c400000, 0x000000008c400000| Untracked 
|  55|0x000000008c500000, 0x000000008c500000, 0x000000008c600000|  0%| F|  |TAMS 0x000000008c500000, 0x000000008c500000| Untracked 
|  56|0x000000008c600000, 0x000000008c600000, 0x000000008c700000|  0%| F|  |TAMS 0x000000008c600000, 0x000000008c600000| Untracked 
|  57|0x000000008c700000, 0x000000008c700000, 0x000000008c800000|  0%| F|  |TAMS 0x000000008c700000, 0x000000008c700000| Untracked 
|  58|0x000000008c800000, 0x000000008c800000, 0x000000008c900000|  0%| F|  |TAMS 0x000000008c800000, 0x000000008c800000| Untracked 
|  59|0x000000008c900000, 0x000000008c900000, 0x000000008ca00000|  0%| F|  |TAMS 0x000000008c900000, 0x000000008c900000| Untracked 
|  60|0x000000008ca00000, 0x000000008ca00000, 0x000000008cb00000|  0%| F|  |TAMS 0x000000008ca00000, 0x000000008ca00000| Untracked 
|  61|0x000000008cb00000, 0x000000008cb00000, 0x000000008cc00000|  0%| F|  |TAMS 0x000000008cb00000, 0x000000008cb00000| Untracked 
|  62|0x000000008cc00000, 0x000000008cc00000, 0x000000008cd00000|  0%| F|  |TAMS 0x000000008cc00000, 0x000000008cc00000| Untracked 
|  63|0x000000008cd00000, 0x000000008cd00000, 0x000000008ce00000|  0%| F|  |TAMS 0x000000008cd00000, 0x000000008cd00000| Untracked 
|  64|0x000000008ce00000, 0x000000008ce00000, 0x000000008cf00000|  0%| F|  |TAMS 0x000000008ce00000, 0x000000008ce00000| Untracked 
|  65|0x000000008cf00000, 0x000000008cf00000, 0x000000008d000000|  0%| F|  |TAMS 0x000000008cf00000, 0x000000008cf00000| Untracked 
|  66|0x000000008d000000, 0x000000008d000000, 0x000000008d100000|  0%| F|  |TAMS 0x000000008d000000, 0x000000008d000000| Untracked 
|  67|0x000000008d100000, 0x000000008d100000, 0x000000008d200000|  0%| F|  |TAMS 0x000000008d100000, 0x000000008d100000| Untracked 
|  68|0x000000008d200000, 0x000000008d200000, 0x000000008d300000|  0%| F|  |TAMS 0x000000008d200000, 0x000000008d200000| Untracked 
|  69|0x000000008d300000, 0x000000008d300000, 0x000000008d400000|  0%| F|  |TAMS 0x000000008d300000, 0x000000008d300000| Untracked 
|  70|0x000000008d400000, 0x000000008d400000, 0x000000008d500000|  0%| F|  |TAMS 0x000000008d400000, 0x000000008d400000| Untracked 
|  71|0x000000008d500000, 0x000000008d500000, 0x000000008d600000|  0%| F|  |TAMS 0x000000008d500000, 0x000000008d500000| Untracked 
|  72|0x000000008d600000, 0x000000008d600000, 0x000000008d700000|  0%| F|  |TAMS 0x000000008d600000, 0x000000008d600000| Untracked 
|  73|0x000000008d700000, 0x000000008d700000, 0x000000008d800000|  0%| F|  |TAMS 0x000000008d700000, 0x000000008d700000| Untracked 
|  74|0x000000008d800000, 0x000000008d800000, 0x000000008d900000|  0%| F|  |TAMS 0x000000008d800000, 0x000000008d800000| Untracked 
|  75|0x000000008d900000, 0x000000008d900000, 0x000000008da00000|  0%| F|  |TAMS 0x000000008d900000, 0x000000008d900000| Untracked 
|  76|0x000000008da00000, 0x000000008da00000, 0x000000008db00000|  0%| F|  |TAMS 0x000000008da00000, 0x000000008da00000| Untracked 
|  77|0x000000008db00000, 0x000000008db00000, 0x000000008dc00000|  0%| F|  |TAMS 0x000000008db00000, 0x000000008db00000| Untracked 
|  78|0x000000008dc00000, 0x000000008dc00000, 0x000000008dd00000|  0%| F|  |TAMS 0x000000008dc00000, 0x000000008dc00000| Untracked 
|  79|0x000000008dd00000, 0x000000008dd00000, 0x000000008de00000|  0%| F|  |TAMS 0x000000008dd00000, 0x000000008dd00000| Untracked 
|  80|0x000000008de00000, 0x000000008de00000, 0x000000008df00000|  0%| F|  |TAMS 0x000000008de00000, 0x000000008de00000| Untracked 
|  81|0x000000008df00000, 0x000000008df00000, 0x000000008e000000|  0%| F|  |TAMS 0x000000008df00000, 0x000000008df00000| Untracked 
|  82|0x000000008e000000, 0x000000008e000000, 0x000000008e100000|  0%| F|  |TAMS 0x000000008e000000, 0x000000008e000000| Untracked 
|  83|0x000000008e100000, 0x000000008e100000, 0x000000008e200000|  0%| F|  |TAMS 0x000000008e100000, 0x000000008e100000| Untracked 
|  84|0x000000008e200000, 0x000000008e200000, 0x000000008e300000|  0%| F|  |TAMS 0x000000008e200000, 0x000000008e200000| Untracked 
|  85|0x000000008e300000, 0x000000008e300000, 0x000000008e400000|  0%| F|  |TAMS 0x000000008e300000, 0x000000008e300000| Untracked 
|  86|0x000000008e400000, 0x000000008e400000, 0x000000008e500000|  0%| F|  |TAMS 0x000000008e400000, 0x000000008e400000| Untracked 
|  87|0x000000008e500000, 0x000000008e500000, 0x000000008e600000|  0%| F|  |TAMS 0x000000008e500000, 0x000000008e500000| Untracked 
|  88|0x000000008e600000, 0x000000008e627eb8, 0x000000008e700000| 15%| S|CS|TAMS 0x000000008e600000, 0x000000008e600000| Complete 
|  89|0x000000008e700000, 0x000000008e800000, 0x000000008e800000|100%| S|CS|TAMS 0x000000008e700000, 0x000000008e700000| Complete 
|  90|0x000000008e800000, 0x000000008e900000, 0x000000008e900000|100%| S|CS|TAMS 0x000000008e800000, 0x000000008e800000| Complete 
|  91|0x000000008e900000, 0x000000008ea00000, 0x000000008ea00000|100%| S|CS|TAMS 0x000000008e900000, 0x000000008e900000| Complete 
|  92|0x000000008ea00000, 0x000000008ea00000, 0x000000008eb00000|  0%| F|  |TAMS 0x000000008ea00000, 0x000000008ea00000| Untracked 
|  93|0x000000008eb00000, 0x000000008eb00000, 0x000000008ec00000|  0%| F|  |TAMS 0x000000008eb00000, 0x000000008eb00000| Untracked 
|  94|0x000000008ec00000, 0x000000008ec00000, 0x000000008ed00000|  0%| F|  |TAMS 0x000000008ec00000, 0x000000008ec00000| Untracked 
|  95|0x000000008ed00000, 0x000000008ed00000, 0x000000008ee00000|  0%| F|  |TAMS 0x000000008ed00000, 0x000000008ed00000| Untracked 
|  96|0x000000008ee00000, 0x000000008ee00000, 0x000000008ef00000|  0%| F|  |TAMS 0x000000008ee00000, 0x000000008ee00000| Untracked 
|  97|0x000000008ef00000, 0x000000008ef00000, 0x000000008f000000|  0%| F|  |TAMS 0x000000008ef00000, 0x000000008ef00000| Untracked 
|  98|0x000000008f000000, 0x000000008f000000, 0x000000008f100000|  0%| F|  |TAMS 0x000000008f000000, 0x000000008f000000| Untracked 
|  99|0x000000008f100000, 0x000000008f100000, 0x000000008f200000|  0%| F|  |TAMS 0x000000008f100000, 0x000000008f100000| Untracked 
| 100|0x000000008f200000, 0x000000008f2b3de0, 0x000000008f300000| 70%| E|  |TAMS 0x000000008f200000, 0x000000008f200000| Complete 
| 101|0x000000008f300000, 0x000000008f400000, 0x000000008f400000|100%| E|CS|TAMS 0x000000008f300000, 0x000000008f300000| Complete 
| 102|0x000000008f400000, 0x000000008f500000, 0x000000008f500000|100%| E|CS|TAMS 0x000000008f400000, 0x000000008f400000| Complete 
| 103|0x000000008f500000, 0x000000008f600000, 0x000000008f600000|100%| E|CS|TAMS 0x000000008f500000, 0x000000008f500000| Complete 
| 104|0x000000008f600000, 0x000000008f700000, 0x000000008f700000|100%| E|CS|TAMS 0x000000008f600000, 0x000000008f600000| Complete 
| 105|0x000000008f700000, 0x000000008f800000, 0x000000008f800000|100%| E|CS|TAMS 0x000000008f700000, 0x000000008f700000| Complete 
| 106|0x000000008f800000, 0x000000008f900000, 0x000000008f900000|100%| E|CS|TAMS 0x000000008f800000, 0x000000008f800000| Complete 
| 107|0x000000008f900000, 0x000000008fa00000, 0x000000008fa00000|100%| E|CS|TAMS 0x000000008f900000, 0x000000008f900000| Complete 
| 108|0x000000008fa00000, 0x000000008fb00000, 0x000000008fb00000|100%| E|CS|TAMS 0x000000008fa00000, 0x000000008fa00000| Complete 
| 109|0x000000008fb00000, 0x000000008fc00000, 0x000000008fc00000|100%| E|CS|TAMS 0x000000008fb00000, 0x000000008fb00000| Complete 
| 110|0x000000008fc00000, 0x000000008fd00000, 0x000000008fd00000|100%| E|CS|TAMS 0x000000008fc00000, 0x000000008fc00000| Complete 
| 111|0x000000008fd00000, 0x000000008fe00000, 0x000000008fe00000|100%| E|CS|TAMS 0x000000008fd00000, 0x000000008fd00000| Complete 
| 112|0x000000008fe00000, 0x000000008ff00000, 0x000000008ff00000|100%| E|CS|TAMS 0x000000008fe00000, 0x000000008fe00000| Complete 
| 113|0x000000008ff00000, 0x0000000090000000, 0x0000000090000000|100%| E|CS|TAMS 0x000000008ff00000, 0x000000008ff00000| Complete 
| 114|0x0000000090000000, 0x0000000090100000, 0x0000000090100000|100%| E|CS|TAMS 0x0000000090000000, 0x0000000090000000| Complete 
| 115|0x0000000090100000, 0x0000000090200000, 0x0000000090200000|100%| E|CS|TAMS 0x0000000090100000, 0x0000000090100000| Complete 
| 116|0x0000000090200000, 0x0000000090300000, 0x0000000090300000|100%| E|CS|TAMS 0x0000000090200000, 0x0000000090200000| Complete 
| 117|0x0000000090300000, 0x0000000090400000, 0x0000000090400000|100%| E|CS|TAMS 0x0000000090300000, 0x0000000090300000| Complete 
| 118|0x0000000090400000, 0x0000000090500000, 0x0000000090500000|100%| E|CS|TAMS 0x0000000090400000, 0x0000000090400000| Complete 
| 119|0x0000000090500000, 0x0000000090600000, 0x0000000090600000|100%| E|CS|TAMS 0x0000000090500000, 0x0000000090500000| Complete 

Card table byte_map: [0x0000018140a60000,0x0000018140e20000] _byte_map_base: 0x0000018140619000

Marking Bits (Prev, Next): (CMBitMap*) 0x00000181276e3f30, (CMBitMap*) 0x00000181276e3f70
 Prev Bits: [0x00000181411e0000, 0x0000018142fa8000)
 Next Bits: [0x0000018142fb0000, 0x0000018144d78000)

Polling page: 0x0000018128ee0000

Metaspace:

Usage:
  Non-class:     14.53 MB used.
      Class:      1.93 MB used.
       Both:     16.46 MB used.

Virtual space:
  Non-class space:       64.00 MB reserved,      14.69 MB ( 23%) committed,  1 nodes.
      Class space:        1.00 GB reserved,       2.06 MB ( <1%) committed,  1 nodes.
             Both:        1.06 GB reserved,      16.75 MB (  2%) committed. 

Chunk freelists:
   Non-Class:  800.00 KB
       Class:  1.89 MB
        Both:  2.67 MB

MaxMetaspaceSize: unlimited
CompressedClassSpaceSize: 1.00 GB
Initial GC threshold: 21.00 MB
Current GC threshold: 21.00 MB
CDS: on
MetaspaceReclaimPolicy: balanced
 - commit_granule_bytes: 65536.
 - commit_granule_words: 8192.
 - virtual_space_node_default_size: 8388608.
 - enlarge_chunks_in_place: 1.
 - new_chunks_are_fully_committed: 0.
 - uncommit_free_chunks: 1.
 - use_allocation_guard: 0.


Internal statistics:

num_allocs_failed_limit: 0.
num_arena_births: 222.
num_arena_deaths: 0.
num_vsnodes_births: 2.
num_vsnodes_deaths: 0.
num_space_committed: 268.
num_space_uncommitted: 0.
num_chunks_returned_to_freelist: 0.
num_chunks_taken_from_freelist: 764.
num_chunk_merges: 0.
num_chunk_splits: 526.
num_chunks_enlarged: 425.
num_inconsistent_stats: 0.

CodeHeap 'non-profiled nmethods': size=120000Kb used=873Kb max_used=873Kb free=119127Kb
 bounds [0x0000018138b50000, 0x0000018138dc0000, 0x0000018140080000]
CodeHeap 'profiled nmethods': size=120000Kb used=4816Kb max_used=4816Kb free=115183Kb
 bounds [0x0000018131080000, 0x0000018131540000, 0x00000181385b0000]
CodeHeap 'non-nmethods': size=5760Kb used=1280Kb max_used=1317Kb free=4479Kb
 bounds [0x00000181385b0000, 0x0000018138820000, 0x0000018138b50000]
 total_blobs=2956 nmethods=2463 adapters=403
 compilation: enabled
              stopped_count=0, restarted_count=0
 full_count=0

Compilation events (20 events):
Event: 23.512 Thread 0x00000181473e2360 2427   !   3       java.nio.DirectLongBufferU::get (36 bytes)
Event: 23.513 Thread 0x00000181473e2360 nmethod 2427 0x000001813151e110 code [0x000001813151e360, 0x000001813151ed18]
Event: 23.513 Thread 0x00000181473e2360 2428   !   3       jdk.internal.misc.ScopedMemoryAccess::getLong (16 bytes)
Event: 23.513 Thread 0x00000181473e2360 nmethod 2428 0x000001813151f290 code [0x000001813151f480, 0x000001813151f8d8]
Event: 23.514 Thread 0x00000181473e2360 2429   !   3       jdk.internal.misc.ScopedMemoryAccess::getLongInternal (34 bytes)
Event: 23.514 Thread 0x00000181473e2360 nmethod 2429 0x000001813151fb10 code [0x000001813151fcc0, 0x000001813151ffc8]
Event: 23.514 Thread 0x00000181473e2360 2430   !   3       java.nio.DirectLongBufferU::put (39 bytes)
Event: 23.515 Thread 0x00000181473e2360 nmethod 2430 0x0000018131520190 code [0x0000018131520400, 0x0000018131520e18]
Event: 23.515 Thread 0x00000181473e2360 2431   !   3       jdk.internal.misc.ScopedMemoryAccess::putLong (21 bytes)
Event: 23.515 Thread 0x00000181473e2360 nmethod 2431 0x0000018131521310 code [0x0000018131521500, 0x0000018131521978]
Event: 23.515 Thread 0x00000181473e2360 2432   !   3       jdk.internal.misc.ScopedMemoryAccess::putLongInternal (35 bytes)
Event: 23.515 Thread 0x00000181473e2360 nmethod 2432 0x0000018131521b90 code [0x0000018131521d40, 0x0000018131522048]
Event: 23.516 Thread 0x00000181473e2360 2433       3       java.lang.StringLatin1::compareToCI (108 bytes)
Event: 23.516 Thread 0x00000181473e2360 nmethod 2433 0x0000018131522210 code [0x0000018131522460, 0x0000018131522d38]
Event: 23.518 Thread 0x000001814c24ce40 2434   !   4       java.util.zip.InflaterInputStream::read (122 bytes)
Event: 23.520 Thread 0x00000181473e2360 2435       3       org.springframework.core.type.classreading.SimpleAnnotationMetadataReadingVisitor::visitAnnotation (28 bytes)
Event: 23.521 Thread 0x00000181473e2360 nmethod 2435 0x0000018131523190 code [0x00000181315233e0, 0x0000018131523de8]
Event: 23.522 Thread 0x00000181473e2360 2436       3       java.io.OutputStream::flush (1 bytes)
Event: 23.522 Thread 0x00000181473e2360 nmethod 2436 0x0000018131524110 code [0x00000181315242a0, 0x00000181315243b8]
Event: 23.522 Thread 0x00000181473e2360 2437       3       org.springframework.core.type.classreading.SimpleAnnotationMetadataReadingVisitor::visit (86 bytes)

GC Heap History (6 events):
Event: 8.573 GC heap before
{Heap before GC invocations=0 (full 0):
 garbage-first heap   total 122880K, used 13312K [0x0000000088e00000, 0x0000000100000000)
  region size 1024K, 13 young (13312K), 0 survivors (0K)
 Metaspace       used 3505K, committed 3648K, reserved 1114112K
  class space    used 336K, committed 384K, reserved 1048576K
}
Event: 8.584 GC heap after
{Heap after GC invocations=1 (full 0):
 garbage-first heap   total 122880K, used 6575K [0x0000000088e00000, 0x0000000100000000)
  region size 1024K, 2 young (2048K), 2 survivors (2048K)
 Metaspace       used 3505K, committed 3648K, reserved 1114112K
  class space    used 336K, committed 384K, reserved 1048576K
}
Event: 14.702 GC heap before
{Heap before GC invocations=1 (full 0):
 garbage-first heap   total 122880K, used 18863K [0x0000000088e00000, 0x0000000100000000)
  region size 1024K, 14 young (14336K), 2 survivors (2048K)
 Metaspace       used 7251K, committed 7488K, reserved 1114112K
  class space    used 828K, committed 960K, reserved 1048576K
}
Event: 14.711 GC heap after
{Heap after GC invocations=2 (full 0):
 garbage-first heap   total 122880K, used 7864K [0x0000000088e00000, 0x0000000100000000)
  region size 1024K, 2 young (2048K), 2 survivors (2048K)
 Metaspace       used 7251K, committed 7488K, reserved 1114112K
  class space    used 828K, committed 960K, reserved 1048576K
}
Event: 19.837 GC heap before
{Heap before GC invocations=2 (full 0):
 garbage-first heap   total 122880K, used 33464K [0x0000000088e00000, 0x0000000100000000)
  region size 1024K, 28 young (28672K), 2 survivors (2048K)
 Metaspace       used 14792K, committed 15040K, reserved 1114112K
  class space    used 1727K, committed 1856K, reserved 1048576K
}
Event: 19.844 GC heap after
{Heap after GC invocations=3 (full 0):
 garbage-first heap   total 122880K, used 9956K [0x0000000088e00000, 0x0000000100000000)
  region size 1024K, 4 young (4096K), 4 survivors (4096K)
 Metaspace       used 14792K, committed 15040K, reserved 1114112K
  class space    used 1727K, committed 1856K, reserved 1048576K
}

Dll operation events (11 events):
Event: 0.020 Loaded shared library C:\Program Files\Java\jdk-19\bin\java.dll
Event: 0.040 Loaded shared library C:\Program Files\Java\jdk-19\bin\jsvml.dll
Event: 0.605 Loaded shared library C:\Program Files\Java\jdk-19\bin\zip.dll
Event: 0.615 Loaded shared library C:\Program Files\Java\jdk-19\bin\instrument.dll
Event: 0.638 Loaded shared library C:\Program Files\Java\jdk-19\bin\net.dll
Event: 0.648 Loaded shared library C:\Program Files\Java\jdk-19\bin\nio.dll
Event: 1.037 Loaded shared library C:\Program Files\Java\jdk-19\bin\zip.dll
Event: 1.688 Loaded shared library C:\Program Files\Java\jdk-19\bin\jimage.dll
Event: 6.392 Loaded shared library C:\Program Files\JetBrains\IntelliJ IDEA Community Edition 2022.3.2\bin\breakgen64.dll
Event: 6.425 Loaded shared library C:\Program Files\Java\jdk-19\bin\extnet.dll
Event: 17.654 Loaded shared library C:\Program Files\Java\jdk-19\bin\verify.dll

Deoptimization events (20 events):
Event: 23.123 Thread 0x0000018127688450 DEOPT PACKING pc=0x0000018138c108d4 sp=0x0000005adf3fe670
Event: 23.123 Thread 0x0000018127688450 DEOPT UNPACKING pc=0x0000018138616da3 sp=0x0000005adf3fe518 mode 2
Event: 23.123 Thread 0x0000018127688450 Uncommon trap: trap_request=0xffffffc6 fr.pc=0x0000018138c108d4 relative=0x0000000000001c94
Event: 23.123 Thread 0x0000018127688450 Uncommon trap: reason=bimorphic_or_optimized_type_check action=maybe_recompile pc=0x0000018138c108d4 method=java.util.HashMap.putVal(ILjava/lang/Object;Ljava/lang/Object;ZZ)Ljava/lang/Object; @ 91 c2
Event: 23.123 Thread 0x0000018127688450 DEOPT PACKING pc=0x0000018138c108d4 sp=0x0000005adf3fe670
Event: 23.123 Thread 0x0000018127688450 DEOPT UNPACKING pc=0x0000018138616da3 sp=0x0000005adf3fe518 mode 2
Event: 23.168 Thread 0x0000018127688450 Uncommon trap: trap_request=0xffffffc6 fr.pc=0x0000018138c108d4 relative=0x0000000000001c94
Event: 23.168 Thread 0x0000018127688450 Uncommon trap: reason=bimorphic_or_optimized_type_check action=maybe_recompile pc=0x0000018138c108d4 method=java.util.HashMap.putVal(ILjava/lang/Object;Ljava/lang/Object;ZZ)Ljava/lang/Object; @ 91 c2
Event: 23.168 Thread 0x0000018127688450 DEOPT PACKING pc=0x0000018138c108d4 sp=0x0000005adf3fe670
Event: 23.168 Thread 0x0000018127688450 DEOPT UNPACKING pc=0x0000018138616da3 sp=0x0000005adf3fe518 mode 2
Event: 23.264 Thread 0x0000018127688450 DEOPT PACKING pc=0x000001813135dde7 sp=0x0000005adf3fcb60
Event: 23.264 Thread 0x0000018127688450 DEOPT UNPACKING pc=0x0000018138617543 sp=0x0000005adf3fc038 mode 0
Event: 23.361 Thread 0x0000018127688450 Uncommon trap: trap_request=0xffffffc6 fr.pc=0x0000018138c069cc relative=0x000000000000092c
Event: 23.361 Thread 0x0000018127688450 Uncommon trap: reason=bimorphic_or_optimized_type_check action=maybe_recompile pc=0x0000018138c069cc method=java.util.HashMap.putVal(ILjava/lang/Object;Ljava/lang/Object;ZZ)Ljava/lang/Object; @ 91 c2
Event: 23.361 Thread 0x0000018127688450 DEOPT PACKING pc=0x0000018138c069cc sp=0x0000005adf3fe210
Event: 23.361 Thread 0x0000018127688450 DEOPT UNPACKING pc=0x0000018138616da3 sp=0x0000005adf3fe120 mode 2
Event: 23.374 Thread 0x0000018127688450 Uncommon trap: trap_request=0xffffffde fr.pc=0x0000018138bfbb44 relative=0x00000000000008a4
Event: 23.374 Thread 0x0000018127688450 Uncommon trap: reason=class_check action=maybe_recompile pc=0x0000018138bfbb44 method=java.util.HashMap.putVal(ILjava/lang/Object;Ljava/lang/Object;ZZ)Ljava/lang/Object; @ 203 c2
Event: 23.374 Thread 0x0000018127688450 DEOPT PACKING pc=0x0000018138bfbb44 sp=0x0000005adf3fe180
Event: 23.374 Thread 0x0000018127688450 DEOPT UNPACKING pc=0x0000018138616da3 sp=0x0000005adf3fe130 mode 2

Classes loaded (20 events):
Event: 19.837 Loading class java/util/Comparators$NaturalOrderComparator
Event: 19.837 Loading class java/util/Comparators$NaturalOrderComparator done
Event: 19.845 Loading class java/util/stream/SortedOps$RefSortingSink
Event: 19.845 Loading class java/util/stream/SortedOps$AbstractRefSortingSink
Event: 19.845 Loading class java/util/stream/SortedOps$AbstractRefSortingSink done
Event: 19.846 Loading class java/util/stream/SortedOps$RefSortingSink done
Event: 19.846 Loading class sun/nio/fs/WindowsPath$WindowsPathWithAttributes
Event: 19.846 Loading class sun/nio/fs/BasicFileAttributesHolder
Event: 19.846 Loading class sun/nio/fs/BasicFileAttributesHolder done
Event: 19.846 Loading class sun/nio/fs/WindowsPath$WindowsPathWithAttributes done
Event: 19.847 Loading class java/util/StringTokenizer
Event: 19.847 Loading class java/util/StringTokenizer done
Event: 19.848 Loading class java/util/regex/Pattern$LazyLoop
Event: 19.848 Loading class java/util/regex/Pattern$LazyLoop done
Event: 20.166 Loading class java/util/regex/Pattern$BnM
Event: 20.166 Loading class java/util/regex/Pattern$BnM done
Event: 20.167 Loading class java/util/regex/Pattern$Pos
Event: 20.167 Loading class java/util/regex/Pattern$Pos done
Event: 23.171 Loading class java/util/zip/ZipFile$ZipEntryIterator
Event: 23.171 Loading class java/util/zip/ZipFile$ZipEntryIterator done

Classes unloaded (0 events):
No events

Classes redefined (0 events):
No events

Internal exceptions (20 events):
Event: 15.429 Thread 0x0000018127688450 Exception <a 'java/lang/NoSuchMethodError'{0x00000000902795e8}: 'void java.lang.invoke.DirectMethodHandle$Holder.invokeInterface(java.lang.Object, java.lang.Object, java.lang.Object)'> (0x00000000902795e8) 
thrown [s\open\src\hotspot\share\interpreter\linkResolver.cpp, line 774]
Event: 15.476 Thread 0x0000018127688450 Exception <a 'java/lang/NoSuchMethodError'{0x00000000902e8e90}: 'void java.lang.invoke.DirectMethodHandle$Holder.invokeStaticInit(java.lang.Object, java.lang.Object)'> (0x00000000902e8e90) 
thrown [s\open\src\hotspot\share\interpreter\linkResolver.cpp, line 774]
Event: 15.480 Thread 0x0000018127688450 Exception <a 'java/lang/NoSuchMethodError'{0x00000000902f4dd8}: 'void java.lang.invoke.DirectMethodHandle$Holder.invokeStaticInit(java.lang.Object, java.lang.Object, java.lang.Object)'> (0x00000000902f4dd8) 
thrown [s\open\src\hotspot\share\interpreter\linkResolver.cpp, line 774]
Event: 15.571 Thread 0x0000018127688450 Exception <a 'java/lang/NoSuchMethodError'{0x0000000090130938}: 'java.lang.Object java.lang.invoke.DirectMethodHandle$Holder.invokeStatic(java.lang.Object, long, java.lang.Object)'> (0x0000000090130938) 
thrown [s\open\src\hotspot\share\interpreter\linkResolver.cpp, line 774]
Event: 15.573 Thread 0x0000018127688450 Exception <a 'java/lang/NoSuchMethodError'{0x0000000090134238}: 'java.lang.Object java.lang.invoke.DirectMethodHandle$Holder.invokeStaticInit(java.lang.Object, long, java.lang.Object)'> (0x0000000090134238) 
thrown [s\open\src\hotspot\share\interpreter\linkResolver.cpp, line 774]
Event: 15.575 Thread 0x0000018127688450 Exception <a 'java/lang/NoSuchMethodError'{0x000000009013a268}: 'java.lang.Object java.lang.invoke.DirectMethodHandle$Holder.newInvokeSpecial(java.lang.Object, long)'> (0x000000009013a268) 
thrown [s\open\src\hotspot\share\interpreter\linkResolver.cpp, line 774]
Event: 15.617 Thread 0x0000018127688450 Exception <a 'java/lang/NoSuchMethodError'{0x000000009017ad18}: 'void java.lang.invoke.DirectMethodHandle$Holder.invokeVirtual(java.lang.Object, java.lang.Object, java.lang.Object, java.lang.Object)'> (0x000000009017ad18) 
thrown [s\open\src\hotspot\share\interpreter\linkResolver.cpp, line 774]
Event: 16.108 Thread 0x0000018127688450 Exception <a 'java/lang/NoSuchMethodError'{0x00000000900a9c48}: 'void java.lang.invoke.DirectMethodHandle$Holder.invokeSpecial(java.lang.Object, java.lang.Object, java.lang.Object)'> (0x00000000900a9c48) 
thrown [s\open\src\hotspot\share\interpreter\linkResolver.cpp, line 774]
Event: 16.219 Thread 0x0000018127688450 Exception <a 'java/lang/IncompatibleClassChangeError'{0x00000000900d9f18}: Found class java.lang.Object, but interface was expected> (0x00000000900d9f18) 
thrown [s\open\src\hotspot\share\interpreter\linkResolver.cpp, line 841]
Event: 16.220 Thread 0x000001814c1f8ab0 Exception <a 'java/lang/NoClassDefFoundError'{0x000000008ff12e30}: jakarta/validation/Validation> (0x000000008ff12e30) 
thrown [s\open\src\hotspot\share\classfile\systemDictionary.cpp, line 244]
Event: 17.932 Thread 0x0000018127688450 Exception <a 'java/lang/NoSuchMethodError'{0x000000008f7e7780}: 'int java.lang.invoke.Invokers$Holder.invokeExact_MT(java.lang.Object, java.lang.Object)'> (0x000000008f7e7780) 
thrown [s\open\src\hotspot\share\interpreter\linkResolver.cpp, line 774]
Event: 19.831 Thread 0x0000018127688450 Exception <a 'java/lang/NoSuchMethodError'{0x000000008ea70fb8}: 'int java.lang.invoke.DirectMethodHandle$Holder.invokeSpecial(java.lang.Object, java.lang.Object, java.lang.Object, java.lang.Object, java.lang.Object)'> (0x000000008ea70fb8) 
thrown [s\open\src\hotspot\share\interpreter\linkResolver.cpp, line 774]
Event: 19.835 Thread 0x0000018127688450 Exception <a 'java/lang/NoSuchMethodError'{0x000000008ea79df8}: 'void java.lang.invoke.DirectMethodHandle$Holder.invokeVirtual(java.lang.Object, java.lang.Object)'> (0x000000008ea79df8) 
thrown [s\open\src\hotspot\share\interpreter\linkResolver.cpp, line 774]
Event: 20.230 Thread 0x000001814c1f8ab0 Exception <a 'java/lang/NoSuchMethodError'{0x00000000900b6270}: 'long java.lang.invoke.DirectMethodHandle$Holder.invokeSpecial(java.lang.Object, java.lang.Object)'> (0x00000000900b6270) 
thrown [s\open\src\hotspot\share\interpreter\linkResolver.cpp, line 774]
Event: 20.234 Thread 0x000001814c1f8ab0 Exception <a 'java/lang/NoSuchMethodError'{0x00000000900c1648}: 'long java.lang.invoke.DirectMethodHandle$Holder.invokeStatic(java.lang.Object, java.lang.Object)'> (0x00000000900c1648) 
thrown [s\open\src\hotspot\share\interpreter\linkResolver.cpp, line 774]
Event: 20.234 Thread 0x000001814c1f8ab0 Exception <a 'java/lang/NoSuchMethodError'{0x00000000900c4c50}: 'long java.lang.invoke.DirectMethodHandle$Holder.invokeStaticInit(java.lang.Object, java.lang.Object)'> (0x00000000900c4c50) 
thrown [s\open\src\hotspot\share\interpreter\linkResolver.cpp, line 774]
Event: 20.237 Thread 0x000001814c1f8ab0 Exception <a 'java/lang/NoSuchMethodError'{0x00000000900d2ef0}: 'long java.lang.invoke.DirectMethodHandle$Holder.invokeInterface(java.lang.Object, java.lang.Object)'> (0x00000000900d2ef0) 
thrown [s\open\src\hotspot\share\interpreter\linkResolver.cpp, line 774]
Event: 20.237 Thread 0x000001814c1f8ab0 Exception <a 'java/lang/IncompatibleClassChangeError'{0x00000000900d6488}: Found class java.lang.Object, but interface was expected> (0x00000000900d6488) 
thrown [s\open\src\hotspot\share\interpreter\linkResolver.cpp, line 841]
Event: 20.306 Thread 0x000001814c1f8ab0 Exception <a 'java/lang/NoSuchMethodError'{0x000000008ff37c18}: 'java.lang.Object java.lang.invoke.DirectMethodHandle$Holder.invokeVirtual(java.lang.Object, java.lang.Object, java.lang.Object, java.lang.Object)'> (0x000000008ff37c18) 
thrown [s\open\src\hotspot\share\interpreter\linkResolver.cpp, line 774]
Event: 23.282 Thread 0x0000018127688450 Exception <a 'java/lang/NoSuchMethodError'{0x000000008f69d260}: 'void java.lang.invoke.DirectMethodHandle$Holder.invokeInterface(java.lang.Object, java.lang.Object, java.lang.Object, java.lang.Object)'> (0x000000008f69d260) 
thrown [s\open\src\hotspot\share\interpreter\linkResolver.cpp, line 774]

VM Operations (20 events):
Event: 16.102 Executing VM operation: HandshakeAllThreads
Event: 16.102 Executing VM operation: HandshakeAllThreads done
Event: 17.112 Executing VM operation: Cleanup
Event: 17.112 Executing VM operation: Cleanup done
Event: 18.113 Executing VM operation: Cleanup
Event: 18.115 Executing VM operation: Cleanup done
Event: 18.159 Executing VM operation: HandshakeAllThreads
Event: 18.159 Executing VM operation: HandshakeAllThreads done
Event: 19.172 Executing VM operation: Cleanup
Event: 19.172 Executing VM operation: Cleanup done
Event: 19.707 Executing VM operation: HandshakeAllThreads
Event: 19.707 Executing VM operation: HandshakeAllThreads done
Event: 19.837 Executing VM operation: G1CollectForAllocation
Event: 19.844 Executing VM operation: G1CollectForAllocation done
Event: 20.848 Executing VM operation: Cleanup
Event: 20.848 Executing VM operation: Cleanup done
Event: 21.851 Executing VM operation: Cleanup
Event: 21.851 Executing VM operation: Cleanup done
Event: 22.855 Executing VM operation: Cleanup
Event: 22.856 Executing VM operation: Cleanup done

Events (20 events):
Event: 0.070 Thread 0x00000181472ac800 Thread added: 0x00000181472ac800
Event: 0.070 Thread 0x00000181472aea70 Thread added: 0x00000181472aea70
Event: 0.070 Thread 0x00000181472af3a0 Thread added: 0x00000181472af3a0
Event: 0.071 Thread 0x00000181472b0470 Thread added: 0x00000181472b0470
Event: 0.071 Thread 0x00000181472b1680 Thread added: 0x00000181472b1680
Event: 0.071 Thread 0x00000181472b90e0 Thread added: 0x00000181472b90e0
Event: 0.071 Thread 0x00000181473e2360 Thread added: 0x00000181473e2360
Event: 0.071 Thread 0x00000181473f44a0 Thread added: 0x00000181473f44a0
Event: 0.535 Thread 0x000001814b8260d0 Thread added: 0x000001814b8260d0
Event: 1.722 Thread 0x000001814b969860 Thread added: 0x000001814b969860
Event: 2.124 Thread 0x000001814b969860 Thread exited: 0x000001814b969860
Event: 6.393 Thread 0x000001814bdbfee0 Thread added: 0x000001814bdbfee0
Event: 6.393 Thread 0x000001814bdc0420 Thread added: 0x000001814bdc0420
Event: 7.095 Thread 0x000001814bea1050 Thread added: 0x000001814bea1050
Event: 7.410 Thread 0x000001814bea1050 Thread exited: 0x000001814bea1050
Event: 16.191 Thread 0x000001814c1f8ab0 Thread added: 0x000001814c1f8ab0
Event: 18.043 Thread 0x000001814bf36560 Thread added: 0x000001814bf36560
Event: 19.045 Thread 0x000001814bf36560 Thread exited: 0x000001814bf36560
Event: 20.318 Thread 0x000001814c1f8ab0 Thread exited: 0x000001814c1f8ab0
Event: 23.209 Thread 0x000001814c24ce40 Thread added: 0x000001814c24ce40


Dynamic libraries:
0x00007ff7c4030000 - 0x00007ff7c4040000 	C:\Program Files\Java\jdk-19\bin\java.exe
0x00007ff9b7b50000 - 0x00007ff9b7d48000 	C:\WINDOWS\SYSTEM32\ntdll.dll
0x00007ff9b6350000 - 0x00007ff9b640f000 	C:\WINDOWS\System32\KERNEL32.DLL
0x00007ff9b53f0000 - 0x00007ff9b56c2000 	C:\WINDOWS\System32\KERNELBASE.dll
0x00007ff9b52f0000 - 0x00007ff9b53f0000 	C:\WINDOWS\System32\ucrtbase.dll
0x00007ff9adc70000 - 0x00007ff9adc88000 	C:\Program Files\Java\jdk-19\bin\jli.dll
0x00007ff9adc50000 - 0x00007ff9adc6b000 	C:\Program Files\Java\jdk-19\bin\VCRUNTIME140.dll
0x00007ff9b79c0000 - 0x00007ff9b7a6e000 	C:\WINDOWS\System32\ADVAPI32.dll
0x00007ff9b62b0000 - 0x00007ff9b634e000 	C:\WINDOWS\System32\msvcrt.dll
0x00007ff9b5ba0000 - 0x00007ff9b5c3c000 	C:\WINDOWS\System32\sechost.dll
0x00007ff9b66e0000 - 0x00007ff9b6804000 	C:\WINDOWS\System32\RPCRT4.dll
0x00007ff9b6410000 - 0x00007ff9b65b1000 	C:\WINDOWS\System32\USER32.dll
0x00007ff9b5780000 - 0x00007ff9b57a2000 	C:\WINDOWS\System32\win32u.dll
0x00007ff995030000 - 0x00007ff9952ca000 	C:\WINDOWS\WinSxS\amd64_microsoft.windows.common-controls_6595b64144ccf1df_6.0.19041.1110_none_60b5254171f9507e\COMCTL32.dll
0x00007ff9b71c0000 - 0x00007ff9b71eb000 	C:\WINDOWS\System32\GDI32.dll
0x00007ff9b5840000 - 0x00007ff9b594f000 	C:\WINDOWS\System32\gdi32full.dll
0x00007ff9b5250000 - 0x00007ff9b52ed000 	C:\WINDOWS\System32\msvcp_win.dll
0x00007ff9b4c10000 - 0x00007ff9b4c1a000 	C:\WINDOWS\SYSTEM32\VERSION.dll
0x00007ff9b6280000 - 0x00007ff9b62b0000 	C:\WINDOWS\System32\IMM32.DLL
0x0000000055b10000 - 0x0000000055b1c000 	C:\Program Files (x86)\360\Total Security\safemon\SafeWrapper.dll
0x00007ff96ae10000 - 0x00007ff96aea2000 	C:\Program Files (x86)\360\Total Security\safemon\libzdtp64.dll
0x00007ff9b6810000 - 0x00007ff9b6f55000 	C:\WINDOWS\System32\SHELL32.dll
0x00007ff9b5c40000 - 0x00007ff9b5c95000 	C:\WINDOWS\System32\SHLWAPI.dll
0x00007ff9ad920000 - 0x00007ff9ad92c000 	C:\Program Files\Java\jdk-19\bin\vcruntime140_1.dll
0x00007ff96ad80000 - 0x00007ff96ae0e000 	C:\Program Files\Java\jdk-19\bin\msvcp140.dll
0x00007ff9670a0000 - 0x00007ff967d60000 	C:\Program Files\Java\jdk-19\bin\server\jvm.dll
0x00007ff9a0400000 - 0x00007ff9a0409000 	C:\WINDOWS\SYSTEM32\WSOCK32.dll
0x00007ff99aff0000 - 0x00007ff99b017000 	C:\WINDOWS\SYSTEM32\WINMM.dll
0x00007ff9b6f60000 - 0x00007ff9b6fcb000 	C:\WINDOWS\System32\WS2_32.dll
0x00007ff9b3060000 - 0x00007ff9b3072000 	C:\WINDOWS\SYSTEM32\kernel.appcore.dll
0x00007ff9ad910000 - 0x00007ff9ad91a000 	C:\Program Files\Java\jdk-19\bin\jimage.dll
0x0000000054a80000 - 0x0000000054bde000 	C:\Program Files\Microsoft SQL Server\100\Shared\DBGHELP.DLL
0x00007ff9b1000000 - 0x00007ff9b100e000 	C:\Program Files\Java\jdk-19\bin\instrument.dll
0x00007ff988050000 - 0x00007ff988076000 	C:\Program Files\Java\jdk-19\bin\java.dll
0x00007ff969480000 - 0x00007ff969557000 	C:\Program Files\Java\jdk-19\bin\jsvml.dll
0x00007ff9b3260000 - 0x00007ff9b39f2000 	C:\WINDOWS\SYSTEM32\windows.storage.dll
0x00007ff9b7490000 - 0x00007ff9b77e5000 	C:\WINDOWS\System32\combase.dll
0x00007ff9b4b60000 - 0x00007ff9b4b90000 	C:\WINDOWS\SYSTEM32\Wldp.dll
0x00007ff9b61d0000 - 0x00007ff9b627d000 	C:\WINDOWS\System32\SHCORE.dll
0x00007ff9b5190000 - 0x00007ff9b51af000 	C:\WINDOWS\SYSTEM32\profapi.dll
0x00007ff9863c0000 - 0x00007ff9863d8000 	C:\Program Files\Java\jdk-19\bin\zip.dll
0x00007ff98aaa0000 - 0x00007ff98aab3000 	C:\Program Files\Java\jdk-19\bin\net.dll
0x00007ff9a6c60000 - 0x00007ff9a6d6a000 	C:\WINDOWS\SYSTEM32\WINHTTP.dll
0x00007ff9b4940000 - 0x00007ff9b49aa000 	C:\WINDOWS\system32\mswsock.dll
0x00007ff989f60000 - 0x00007ff989f76000 	C:\Program Files\Java\jdk-19\bin\nio.dll
0x00007ff9ac4f0000 - 0x00007ff9ac50a000 	C:\Program Files\JetBrains\IntelliJ IDEA Community Edition 2022.3.2\bin\breakgen64.dll
0x00007ff9adcc0000 - 0x00007ff9adcc8000 	C:\Program Files\Java\jdk-19\bin\extnet.dll
0x00007ff989900000 - 0x00007ff989910000 	C:\Program Files\Java\jdk-19\bin\verify.dll

dbghelp: loaded successfully - version: 4.0.5 - missing functions: none
symbol engine: initialized successfully - sym options: 0x614 - pdb path: .;C:\Program Files\Java\jdk-19\bin;C:\WINDOWS\SYSTEM32;C:\WINDOWS\WinSxS\amd64_microsoft.windows.common-controls_6595b64144ccf1df_6.0.19041.1110_none_60b5254171f9507e;C:\Program Files (x86)\360\Total Security\safemon;C:\Program Files\Java\jdk-19\bin\server;C:\Program Files\Microsoft SQL Server\100\Shared;C:\Program Files\JetBrains\IntelliJ IDEA Community Edition 2022.3.2\bin

VM Arguments:
jvm_args: -javaagent:C:\Program Files\JetBrains\IntelliJ IDEA Community Edition 2022.3.2\lib\idea_rt.jar=49358:C:\Program Files\JetBrains\IntelliJ IDEA Community Edition 2022.3.2\bin -Dfile.encoding=UTF-8 -Dsun.stdout.encoding=UTF-8 -Dsun.stderr.encoding=UTF-8 
java_command: com.adjadev.stock.StockApplication
java_class_path (initial): D:\ESTIA\Spring-Boot\Stock\target\classes;C:\Users\Ousmane\.m2\repository\org\springframework\boot\spring-boot-starter-data-jpa\3.0.2\spring-boot-starter-data-jpa-3.0.2.jar;C:\Users\Ousmane\.m2\repository\org\springframework\boot\spring-boot-starter-aop\3.0.2\spring-boot-starter-aop-3.0.2.jar;C:\Users\Ousmane\.m2\repository\org\aspectj\aspectjweaver\1.9.19\aspectjweaver-1.9.19.jar;C:\Users\Ousmane\.m2\repository\org\springframework\boot\spring-boot-starter-jdbc\3.0.2\spring-boot-starter-jdbc-3.0.2.jar;C:\Users\Ousmane\.m2\repository\com\zaxxer\HikariCP\5.0.1\HikariCP-5.0.1.jar;C:\Users\Ousmane\.m2\repository\org\springframework\spring-jdbc\6.0.4\spring-jdbc-6.0.4.jar;C:\Users\Ousmane\.m2\repository\org\hibernate\orm\hibernate-core\6.1.6.Final\hibernate-core-6.1.6.Final.jar;C:\Users\Ousmane\.m2\repository\jakarta\persistence\jakarta.persistence-api\3.1.0\jakarta.persistence-api-3.1.0.jar;C:\Users\Ousmane\.m2\repository\jakarta\transaction\jakarta.transaction-api\2.0.1\jakarta.transaction-api-2.0.1.jar;C:\Users\Ousmane\.m2\repository\org\jboss\logging\jboss-logging\3.5.0.Final\jboss-logging-3.5.0.Final.jar;C:\Users\Ousmane\.m2\repository\org\hibernate\common\hibernate-commons-annotations\6.0.2.Final\hibernate-commons-annotations-6.0.2.Final.jar;C:\Users\Ousmane\.m2\repository\org\jboss\jandex\2.4.2.Final\jandex-2.4.2.Final.jar;C:\Users\Ousmane\.m2\repository\net\bytebuddy\byte-buddy\1.12.22\byte-buddy-1.12.22.jar;C:\Users\Ousmane\.m2\repository\org\glassfish\jaxb\jaxb-runtime\4.0.1\jaxb-runtime-4.0.1.jar;C:\Users\Ousmane\.m2\repository\org\glassfish\jaxb\jaxb-core\4.0.1\jaxb-core-4.0.1.jar;C:\Users\Ousmane\.m2\repository\org\eclipse\angus\angus-activation\1.0.0\angus-activation-1.0.0.jar;C:\Users\Ousmane\.m2\repository\org\glassfish\jaxb\txw2\4.0.1\txw2-4.0.1.jar;C:\Users\Ousmane\.m2\repository\com\sun\istack\istack-commons-runtime\4.1.1\istack-commons-runtime-4.1.1.jar;C:\Users\Ousmane\.m2\repository\jakarta\inject\jakarta.inject-api\2.0.0\jakarta.inject-api-2.0.0.jar;C:\Users\Ousmane\.m2\repository\org\antlr\antlr4-runtime\4.10.1\antlr4-runtime-4.10.1.jar;C:\Users\Ousmane\.m2\repository\org\springframework\data\spring-data-jpa\3.0.1\spring-data-jpa-3.0.1.jar;C:\Users\Ousmane\.m2\repository\org\springframework\data\spring-data-commons\3.0.1\spring-data-commons-3.0.1.jar;C:\Users\Ousmane\.m2\repository\org\springframework\spring-orm\6.0.4\spring-orm-6.0.4.jar;C:\Users\Ousmane\.m2\repository\org\springframework\spring-context\6.0.4\spring-context-6.0.4.jar;C:\Users\Ousmane\.m2\repository\org\springframework\spring-tx\6.0.4\spring-tx-6.0.4.jar;C:\Users\Ousmane\.m2\repository\org\springframework\spring-beans\6.0.4\spring-beans-6.0.4.jar;C:\Users\Ousmane\.m2\repository\jakarta\annotation\jakarta.annotation-api\2.1.1\jakarta.annotation-api-2.1.1.jar;C:\Users\Ousmane\.m2\repository\org\springframework\spring-aspects\6.0.4\spring-aspects-6.0.4.jar;C:\Users\Ousmane\.m2\repository\org\springframework\boot\spring-boot-starter-security\3.0.2\spring-boot-starter-security-3.0.2.jar;C:\Users\Ousmane\.m2\repository\org\springframework\boot\spring-boot-starter\3.0.2\spring-boot-starter-3.0.2.jar;C:\Users\Ousmane\.m2\repository\org\springframework\boot\spring-boot\3.0.2\spring-boot-3.0.2.jar;C:\Users\Ousmane\.m2\repository\org\springframework\boot\spring-boot-autoconfigure\3.0.2\spring-boot-autoconfigure-3.0.2.jar;C:\Users\Ousmane\.m2\repository\org\springframework\boot\spring-boot-starter-logging\3.0.2\spring-boot-starter-logging-3.0.2.jar;C:\Users\Ousmane\.m2\repository\ch\qos\logback\logback-classic\1.4.5\logback-classic-1.4.5.jar;C:\Users\Ousmane\.m2\repository\ch\qos\logback\logback-core\1.4.5\logback-core-1.4.5.jar;C:\Users\Ousmane\.m2\repository\org\apache\logging\log4j\log4j-to-slf4j\2.19.0\log4j-to-slf4j-2.19.0.jar;C:\Users\Ousmane\.m2\repository\org\apache\logging\log4j\log4j-api\2.19.0\log4j-api-2.19.0.jar;C:\Users\Ousmane\.m2\repository\org\slf4j\jul-to-slf4j\2.0.6\jul-to-slf4j-2.0.6.jar;C:\Users\Ousmane\.m2\repository\org\yaml\snakeyaml\1.33\snakeyaml-1.33.jar;C:\Users\Ousmane\.m2\repository\org\springframework\spring-aop\6.0.4\spring-aop-6.0.4.jar;C:\Users\Ousmane\.m2\repository\org\springframework\security\spring-security-config\6.0.1\spring-security-config-6.0.1.jar;C:\Users\Ousmane\.m2\repository\org\springframework\security\spring-security-web\6.0.1\spring-security-web-6.0.1.jar;C:\Users\Ousmane\.m2\repository\org\springframework\spring-expression\6.0.4\spring-expression-6.0.4.jar;C:\Users\Ousmane\.m2\repository\org\springframework\boot\spring-boot-starter-web\3.0.2\spring-boot-starter-web-3.0.2.jar;C:\Users\Ousmane\.m2\repository\org\springframework\boot\spring-boot-starter-json\3.0.2\spring-boot-starter-json-3.0.2.jar;C:\Users\Ousmane\.m2\repository\com\fasterxml\jackson\datatype\jackson-datatype-jdk8\2.14.1\jackson-datatype-jdk8-2.14.1.jar;C:\Users\Ousmane\.m2\repository\com\fasterxml\jackson\datatype\jackson-datatype-jsr310\2.14.1\jackson-datatype-jsr310-2.14.1.jar;C:\Users\Ousmane\.m2\repository\com\fasterxml\jackson\module\jackson-module-parameter-names\2.14.1\jackson-module-parameter-names-2.14.1.jar;C:\Users\Ousmane\.m2\repository\org\springframework\boot\spring-boot-starter-tomcat\3.0.2\spring-boot-starter-tomcat-3.0.2.jar;C:\Users\Ousmane\.m2\repository\org\apache\tomcat\embed\tomcat-embed-core\10.1.5\tomcat-embed-core-10.1.5.jar;C:\Users\Ousmane\.m2\repository\org\apache\tomcat\embed\tomcat-embed-el\10.1.5\tomcat-embed-el-10.1.5.jar;C:\Users\Ousmane\.m2\repository\org\apache\tomcat\embed\tomcat-embed-websocket\10.1.5\tomcat-embed-websocket-10.1.5.jar;C:\Users\Ousmane\.m2\repository\org\springframework\spring-web\6.0.4\spring-web-6.0.4.jar;C:\Users\Ousmane\.m2\repository\io\micrometer\micrometer-observation\1.10.3\micrometer-observation-1.10.3.jar;C:\Users\Ousmane\.m2\repository\io\micrometer\micrometer-commons\1.10.3\micrometer-commons-1.10.3.jar;C:\Users\Ousmane\.m2\repository\org\springframework\spring-webmvc\6.0.4\spring-webmvc-6.0.4.jar;C:\Users\Ousmane\.m2\repository\com\flickr4java\flickr4java\3.0.4\flickr4java-3.0.4.jar;C:\Users\Ousmane\.m2\repository\com\github\scribejava\scribejava-apis\6.9.0\scribejava-apis-6.9.0.jar;C:\Users\Ousmane\.m2\repository\com\github\scribejava\scribejava-core\6.9.0\scribejava-core-6.9.0.jar;C:\Users\Ousmane\.m2\repository\org\slf4j\slf4j-api\2.0.6\slf4j-api-2.0.6.jar;C:\Users\Ousmane\.m2\repository\io\jsonwebtoken\jjwt\0.9.1\jjwt-0.9.1.jar;C:\Users\Ousmane\.m2\repository\com\fasterxml\jackson\core\jackson-databind\2.14.1\jackson-databind-2.14.1.jar;C:\Users\Ousmane\.m2\repository\com\fasterxml\jackson\core\jackson-annotations\2.14.1\jackson-annotations-2.14.1.jar;C:\Users\Ousmane\.m2\repository\com\fasterxml\jackson\core\jackson-core\2.14.1\jackson-core-2.14.1.jar;C:\Users\Ousmane\.m2\repository\io\jsonwebtoken\jjwt-impl\0.11.5\jjwt-impl-0.11.5.jar;C:\Users\Ousmane\.m2\repository\io\jsonwebtoken\jjwt-api\0.11.5\jjwt-api-0.11.5.jar;C:\Users\Ousmane\.m2\repository\io\jsonwebtoken\jjwt-jackson\0.11.5\jjwt-jackson-0.11.5.jar;C:\Users\Ousmane\.m2\repository\javax\xml\bind\jaxb-api\2.3.0\jaxb-api-2.3.0.jar;C:\Users\Ousmane\.m2\repository\com\mysql\mysql-connector-j\8.0.32\mysql-connector-j-8.0.32.jar;C:\Users\Ousmane\.m2\repository\org\projectlombok\lombok\1.18.24\lombok-1.18.24.jar;C:\Users\Ousmane\.m2\repository\jakarta\xml\bind\jakarta.xml.bind-api\4.0.0\jakarta.xml.bind-api-4.0.0.jar;C:\Users\Ousmane\.m2\repository\jakarta\activation\jakarta.activation-api\2.1.1\jakarta.activation-api-2.1.1.jar;C:\Users\Ousmane\.m2\repository\org\springframework\spring-core\6.0.4\spring-core-6.0.4.jar;C:\Users\Ousmane\.m2\repository\org\springframework\spring-jcl\6.0.4\spring-jcl-6.0.4.jar;C:\Users\Ousmane\.m2\repository\org\springframework\security\spring-security-core\6.0.1\spring-security-core-6.0.1.jar;C:\Users\Ousmane\.m2\repository\org\springframework\security\spring-security-crypto\6.0.1\spring-security-crypto-6.0.1.jar;C:\Users\Ousmane\.m2\repository\io\springfox\springfox-swagger2\3.0.0\springfox-swagger2-3.0.0.jar;C:\Users\Ousmane\.m2\repository\io\springfox\springfox-spi\3.0.0\springfox-spi-3.0.0.jar;C:\Users\Ousmane\.m2\repository\io\springfox\springfox-core\3.0.0\springfox-core-3.0.0.jar;C:\Users\Ousmane\.m2\repository\io\springfox\springfox-schema\3.0.0\springfox-schema-3.0.0.jar;C:\Users\Ousmane\.m2\repository\io\springfox\springfox-swagger-common\3.0.0\springfox-swagger-common-3.0.0.jar;C:\Users\Ousmane\.m2\repository\io\swagger\core\v3\swagger-annotations\2.1.2\swagger-annotations-2.1.2.jar;C:\Users\Ousmane\.m2\repository\io\springfox\springfox-spring-web\3.0.0\springfox-spring-web-3.0.0.jar;C:\Users\Ousmane\.m2\repository\io\github\classgraph\classgraph\4.8.83\classgraph-4.8.83.jar;C:\Users\Ousmane\.m2\repository\io\springfox\springfox-spring-webmvc\3.0.0\springfox-spring-webmvc-3.0.0.jar;C:\Users\Ousmane\.m2\repository\io\springfox\springfox-spring-webflux\3.0.0\springfox-spring-webflux-3.0.0.jar;C:\Users\Ousmane\.m2\repository\com\fasterxml\classmate\1.5.1\classmate-1.5.1.jar;C:\Users\Ousmane\.m2\repository\org\springframework\plugin\spring-plugin-core\2.0.0.RELEASE\spring-plugin-core-2.0.0.RELEASE.jar;C:\Users\Ousmane\.m2\repository\org\springframework\plugin\spring-plugin-metadata\2.0.0.RELEASE\spring-plugin-metadata-2.0.0.RELEASE.jar;C:\Users\Ousmane\.m2\repository\io\swagger\swagger-annotations\1.5.20\swagger-annotations-1.5.20.jar;C:\Users\Ousmane\.m2\repository\io\swagger\swagger-models\1.5.20\swagger-models-1.5.20.jar;C:\Users\Ousmane\.m2\repository\org\mapstruct\mapstruct\1.3.1.Final\mapstruct-1.3.1.Final.jar;C:\Users\Ousmane\.m2\repository\io\springfox\springfox-swagger-ui\3.0.0\springfox-swagger-ui-3.0.0.jar
Launcher Type: SUN_STANDARD

[Global flags]
     intx CICompilerCount                          = 3                                         {product} {ergonomic}
     uint ConcGCThreads                            = 1                                         {product} {ergonomic}
     uint G1ConcRefinementThreads                  = 4                                         {product} {ergonomic}
   size_t G1HeapRegionSize                         = 1048576                                   {product} {ergonomic}
    uintx GCDrainStackTargetSize                   = 64                                        {product} {ergonomic}
   size_t InitialHeapSize                          = 125829120                                 {product} {ergonomic}
   size_t MarkStackSize                            = 4194304                                   {product} {ergonomic}
   size_t MaxHeapSize                              = 1998585856                                {product} {ergonomic}
   size_t MaxNewSize                               = 1198522368                                {product} {ergonomic}
   size_t MinHeapDeltaBytes                        = 1048576                                   {product} {ergonomic}
   size_t MinHeapSize                              = 8388608                                   {product} {ergonomic}
    uintx NonNMethodCodeHeapSize                   = 5832780                                {pd product} {ergonomic}
    uintx NonProfiledCodeHeapSize                  = 122912730                              {pd product} {ergonomic}
    uintx ProfiledCodeHeapSize                     = 122912730                              {pd product} {ergonomic}
    uintx ReservedCodeCacheSize                    = 251658240                              {pd product} {ergonomic}
     bool SegmentedCodeCache                       = true                                      {product} {ergonomic}
   size_t SoftMaxHeapSize                          = 1998585856                             {manageable} {ergonomic}
     bool UseCompressedClassPointers               = true                           {product lp64_product} {ergonomic}
     bool UseCompressedOops                        = true                           {product lp64_product} {ergonomic}
     bool UseG1GC                                  = true                                      {product} {ergonomic}
     bool UseLargePagesIndividualAllocation        = false                                  {pd product} {ergonomic}

Logging:
Log output configuration:
 #0: stdout all=warning uptime,level,tags foldmultilines=false
 #1: stderr all=off uptime,level,tags foldmultilines=false

Environment Variables:
PATH=C:\Program Files\Common Files\Oracle\Java\javapath;C:\Program Files (x86)\Common Files\Oracle\Java\javapath;C:\Program Files (x86)\VMware\VMware Workstation\bin\;C:\Program Files\Python39\Scripts\;C:\Program Files\Python39\;C:\WINDOWS\system32;C:\WINDOWS;C:\WINDOWS\System32\Wbem;C:\WINDOWS\System32\WindowsPowerShell\v1.0\;C:\WINDOWS\System32\OpenSSH\;C:\Program Files\Git\cmd;C:\Program Files\dotnet\;C:\Program Files\Microsoft SQL Server\130\Tools\Binn\;C:\ProgramData\ComposerSetup\bin;C:\wamp64\bin\php\php7.4.9;C:\Program Files (x86)\Microsoft SQL Server\150\DTS\Binn\;C:\Program Files (x86)\Microsoft SQL Server\100\Tools\Binn\;C:\Program Files\Microsoft SQL Server\100\Tools\Binn\;C:\Program Files\Microsoft SQL Server\100\DTS\Binn\;C:\Program Files (x86)\Microsoft SQL Server\100\Tools\Binn\VSShell\Common7\IDE\;C:\Program Files (x86)\Microsoft SQL Server\100\DTS\Binn\;C:\sqlite3;C:\Program Files\Java\jdk-17.0.1\bin;C:\MongoDB\bin;C:\ProgramData\chocolatey\bin;C:\Program Files\nodejs\;C:\Program Files\Docker\Docker\resources\bin;C:\Users\Ousmane\AppData\Local\Microsoft\WindowsApps;C:\Users\Ousmane\.dotnet\tools;C:\Users\Ousmane\AppData\Roaming\Composer\vendor\bin;C:\src\flutter\bin;C:\Users\Ousmane\AppData\Local\GitHubDesktop\bin;C:\MongoDB\bin;C:\Program Files\heroku\bin;C:\wamp64\bin\php\php7.4.9;C:\Program Files\JetBrains\IntelliJ IDEA Community Edition 2022.2.1\bin;;C:\Users\Ousmane\AppData\Roaming\npm;C:\Users\Ousmane\AppData\Local\Programs\Microsoft VS Code\bin;
USERNAME=Ousmane
OS=Windows_NT
PROCESSOR_IDENTIFIER=Intel64 Family 6 Model 78 Stepping 3, GenuineIntel
TMP=C:\Users\Ousmane\AppData\Local\Temp
TEMP=C:\Users\Ousmane\AppData\Local\Temp



---------------  S Y S T E M  ---------------

OS:
 Windows 10 , 64 bit Build 19041 (10.0.19041.2546)
OS uptime: 0 days 19:01 hours
Hyper-V role detected

CPU: total 4 (initial active 4) (2 cores per cpu, 2 threads per core) family 6 model 78 stepping 3 microcode 0xcc, cx8, cmov, fxsr, ht, mmx, 3dnowpref, sse, sse2, sse3, ssse3, sse4.1, sse4.2, popcnt, lzcnt, tsc, tscinvbit, avx, avx2, aes, erms, clmul, bmi1, bmi2, adx, fma, vzeroupper, clflush, clflushopt, hv, rdtscp

Memory: 4k page, system-wide physical 7616M (1169M free)
TotalPageFile size 9664M (AvailPageFile size 0M)
current process WorkingSet (physical memory assigned to process): 112M, peak: 113M
current process commit charge ("private bytes"): 232M, peak: 232M

vm_info: Java HotSpot(TM) 64-Bit Server VM (19.0.2+7-44) for windows-amd64 JRE (19.0.2+7-44), built on 2022-11-30T18:02:09Z by "mach5one" with MS VC++ 17.1 (VS2022)

END.
