#
# There is insufficient memory for the Java Runtime Environment to continue.
# Native memory allocation (mmap) failed to map 65536 bytes for Failed to commit metaspace.
# Possible reasons:
#   The system is out of physical RAM or swap space
#   The process is running with CompressedOops enabled, and the Java Heap may be blocking the growth of the native heap
# Possible solutions:
#   Reduce memory load on the system
#   Increase physical memory or swap space
#   Check if swap backing store is full
#   Decrease Java heap size (-Xmx/-Xms)
#   Decrease number of Java threads
#   Decrease Java thread stack sizes (-Xss)
#   Set larger code cache with -XX:ReservedCodeCacheSize=
#   JVM is running with Unscaled Compressed Oops mode in which the Java heap is
#     placed in the first 4GB address space. The Java Heap base address is the
#     maximum limit for the native heap growth. Please use -XX:HeapBaseMinAddress
#     to set the Java Heap base and to place the Java Heap above 4GB virtual address.
# This output file may be truncated or incomplete.
#
#  Out of Memory Error (virtualSpaceNode.cpp:110), pid=1232, tid=5728
#
# JRE version: Java(TM) SE Runtime Environment (19.0.2+7) (build 19.0.2+7-44)
# Java VM: Java HotSpot(TM) 64-Bit Server VM (19.0.2+7-44, mixed mode, sharing, tiered, compressed oops, compressed class ptrs, g1 gc, windows-amd64)
# No core dump will be written. Minidumps are not enabled by default on client versions of Windows
#

---------------  S U M M A R Y ------------

Command Line: -javaagent:C:\Program Files\JetBrains\IntelliJ IDEA Community Edition 2022.3.2\lib\idea_rt.jar=49322:C:\Program Files\JetBrains\IntelliJ IDEA Community Edition 2022.3.2\bin -Dfile.encoding=UTF-8 -Dsun.stdout.encoding=UTF-8 -Dsun.stderr.encoding=UTF-8 com.adjadev.stock.StockApplication

Host: Intel(R) Core(TM) i3-6006U CPU @ 2.00GHz, 4 cores, 7G,  Windows 10 , 64 bit Build 19041 (10.0.19041.2546)
Time: Wed Feb 22 19:03:05 2023 Greenwich elapsed time: 3.001809 seconds (0d 0h 0m 3s)

---------------  T H R E A D  ---------------

Current thread (0x00000211f2c5b0c0):  JavaThread "background-preinit" [_thread_in_vm, id=5728, stack(0x0000007a18f00000,0x0000007a19000000)]

Stack: [0x0000007a18f00000,0x0000007a19000000]
Native frames: (J=compiled Java code, j=interpreted, Vv=VM code, C=native code)
V  [jvm.dll+0x6ee21a]
V  [jvm.dll+0x85765e]
V  [jvm.dll+0x85904e]
V  [jvm.dll+0x859703]
V  [jvm.dll+0x28298f]
V  [jvm.dll+0x8532db]
V  [jvm.dll+0x692cb6]
V  [jvm.dll+0x1f2937]
V  [jvm.dll+0x6956f2]
V  [jvm.dll+0x6954de]
V  [jvm.dll+0x6936de]
V  [jvm.dll+0x26e12f]
V  [jvm.dll+0x69dcc5]
V  [jvm.dll+0x21e072]
V  [jvm.dll+0x21e5a5]
V  [jvm.dll+0x21ef01]
V  [jvm.dll+0x2146a1]
V  [jvm.dll+0x5a9cb6]
V  [jvm.dll+0x7cd423]
V  [jvm.dll+0x7cd504]
V  [jvm.dll+0x46ac34]
V  [jvm.dll+0x47021f]
C  [java.dll+0x17ec]

Java frames: (J=compiled Java code, j=interpreted, Vv=VM code)
J 979  java.lang.ClassLoader.defineClass1(Ljava/lang/ClassLoader;Ljava/lang/String;[BIILjava/security/ProtectionDomain;Ljava/lang/String;)Ljava/lang/Class; java.base@19.0.2 (0 bytes) @ 0x00000211df320883 [0x00000211df3207c0+0x00000000000000c3]
J 1057 c1 java.lang.ClassLoader.defineClass(Ljava/lang/String;[BIILjava/security/ProtectionDomain;)Ljava/lang/Class; java.base@19.0.2 (43 bytes) @ 0x00000211d79d6354 [0x00000211d79d6000+0x0000000000000354]
J 1056 c1 java.security.SecureClassLoader.defineClass(Ljava/lang/String;[BIILjava/security/CodeSource;)Ljava/lang/Class; java.base@19.0.2 (16 bytes) @ 0x00000211d79d4d8c [0x00000211d79d4cc0+0x00000000000000cc]
J 849 c1 jdk.internal.loader.BuiltinClassLoader.defineClass(Ljava/lang/String;Ljdk/internal/loader/Resource;)Ljava/lang/Class; java.base@19.0.2 (121 bytes) @ 0x00000211d7970084 [0x00000211d796f120+0x0000000000000f64]
J 944 c1 jdk.internal.loader.BuiltinClassLoader.findClassOnClassPathOrNull(Ljava/lang/String;)Ljava/lang/Class; java.base@19.0.2 (64 bytes) @ 0x00000211d799cc54 [0x00000211d799bf80+0x0000000000000cd4]
J 488 c1 jdk.internal.loader.BuiltinClassLoader.loadClassOrNull(Ljava/lang/String;Z)Ljava/lang/Class; java.base@19.0.2 (143 bytes) @ 0x00000211d78ab254 [0x00000211d78aa7e0+0x0000000000000a74]
J 712 c1 jdk.internal.loader.ClassLoaders$AppClassLoader.loadClass(Ljava/lang/String;Z)Ljava/lang/Class; java.base@19.0.2 (40 bytes) @ 0x00000211d79122c4 [0x00000211d79120e0+0x00000000000001e4]
J 707 c1 java.lang.ClassLoader.loadClass(Ljava/lang/String;)Ljava/lang/Class; java.base@19.0.2 (7 bytes) @ 0x00000211d7910dcc [0x00000211d7910cc0+0x000000000000010c]
v  ~StubRoutines::call_stub 0x00000211ded3100e
j  com.fasterxml.jackson.databind.util.internal.PrivateMaxEntriesMap.<init>(Lcom/fasterxml/jackson/databind/util/internal/PrivateMaxEntriesMap$Builder;)V+77
j  com.fasterxml.jackson.databind.util.internal.PrivateMaxEntriesMap.<init>(Lcom/fasterxml/jackson/databind/util/internal/PrivateMaxEntriesMap$Builder;Lcom/fasterxml/jackson/databind/util/internal/PrivateMaxEntriesMap$1;)V+2
j  com.fasterxml.jackson.databind.util.internal.PrivateMaxEntriesMap$Builder.build()Lcom/fasterxml/jackson/databind/util/internal/PrivateMaxEntriesMap;+23
j  com.fasterxml.jackson.databind.util.LRUMap.<init>(II)V+35
j  com.fasterxml.jackson.databind.introspect.JacksonAnnotationIntrospector.<init>()V+13
j  com.fasterxml.jackson.databind.ObjectMapper.<clinit>()V+4
v  ~StubRoutines::call_stub 0x00000211ded3100e
j  org.springframework.http.converter.json.Jackson2ObjectMapperBuilder.build()Lcom/fasterxml/jackson/databind/ObjectMapper;+77
j  org.springframework.http.converter.json.MappingJackson2HttpMessageConverter.<init>()V+4
j  org.springframework.http.converter.support.AllEncompassingFormHttpMessageConverter.<init>()V+55
j  org.springframework.boot.autoconfigure.BackgroundPreinitializer$MessageConverterInitializer.run()V+4
j  org.springframework.boot.autoconfigure.BackgroundPreinitializer$1.runSafely(Ljava/lang/Runnable;)Z+1
j  org.springframework.boot.autoconfigure.BackgroundPreinitializer$1.run()V+32
j  java.lang.Thread.run()V+13 java.base@19.0.2
v  ~StubRoutines::call_stub 0x00000211ded3100e

Compiled method (n/a)    3235  979     n 0       java.lang.ClassLoader::defineClass1 (native)
 total in heap  [0x00000211df320610,0x00000211df320c68] = 1624
 relocation     [0x00000211df320770,0x00000211df3207a8] = 56
 main code      [0x00000211df3207c0,0x00000211df320c62] = 1186
 stub code      [0x00000211df320c62,0x00000211df320c68] = 6

[Constant Pool (empty)]

[MachCode]
[Entry Point]
  # {method} {0x0000000800435c20} 'defineClass1' '(Ljava/lang/ClassLoader;Ljava/lang/String;[BIILjava/security/ProtectionDomain;Ljava/lang/String;)Ljava/lang/Class;' in 'java/lang/ClassLoader'
  # parm0:    rdx:rdx   = 'java/lang/ClassLoader'
  # parm1:    r8:r8     = 'java/lang/String'
  # parm2:    r9:r9     = '[B'
  # parm3:    rdi       = int
  # parm4:    rsi       = int
  # parm5:    rcx:rcx   = 'java/security/ProtectionDomain'
  # parm6:    [sp+0xa0]   = 'java/lang/String'  (sp of caller)
  0x00000211df3207c0: 448b 5208 | 49bb 0000 | 0000 0800 | 0000 4d03 | d349 3bc2 | 0f84 0600 

  0x00000211df3207d8: ;   {runtime_call ic_miss_stub}
  0x00000211df3207d8: 0000 e9a1 | 0fa7 ff90 
[Verified Entry Point]
  0x00000211df3207e0: 8984 2400 | 90ff ff55 | 488b ec48 | 81ec 9000 | 0000 4881 | 7d10 0000 | 0000 488d | 4510 480f 
  0x00000211df320800: 4445 1048 | 8944 2440 | 4889 4c24 | 7048 83f9 | 0048 8d44 | 2470 480f | 4444 2470 | 4889 4424 
  0x00000211df320820: 3848 8974 | 2430 4889 | 7c24 284c | 894c 2458 | 4983 f900 | 488d 4424 | 5848 0f44 | 4424 5848 
  0x00000211df320840: 8944 2420 | 4c89 4424 | 5049 83f8 | 004c 8d4c | 2450 4c0f | 444c 2450 | 4889 5424 | 4848 83fa 
  0x00000211df320860: 004c 8d44 | 2448 4c0f | 4444 2448 

  0x00000211df32086c: ;   {oop(a 'java/lang/Class'{0x0000000089108d98} = 'java/lang/ClassLoader')}
  0x00000211df32086c: 49be 988d | 1089 0000 | 0000 4c89 | 7424 784c | 8d74 2478 | 498b d6c5 

  0x00000211df320884: ;   {internal_word}
  0x00000211df320884: f877 49ba | 8308 32df | 1102 0000 | 4d89 97c8 | 0200 0049 | 89a7 c002 

  0x00000211df32089c: ;   {external_word}
  0x00000211df32089c: 0000 49ba | c984 5ed5 | ff7f 0000 | 4180 3a00 | 0f84 5000 | 0000 5241 

  0x00000211df3208b4: ;   {metadata({method} {0x0000000800435c20} 'defineClass1' '(Ljava/lang/ClassLoader;Ljava/lang/String;[BIILjava/security/ProtectionDomain;Ljava/lang/String;)Ljava/lang/Class;' in 'java/lang/ClassLoader')}
  0x00000211df3208b4: 5041 5148 | ba18 5c43 | 0008 0000 | 0049 8bcf | 4883 ec20 | 40f6 c40f | 0f84 1a00 | 0000 4883 
  0x00000211df3208d4: ;   {runtime_call}
  0x00000211df3208d4: ec08 49ba | d027 16d5 | ff7f 0000 | 41ff d248 | 83c4 08e9 | 0d00 0000 

  0x00000211df3208ec: ;   {runtime_call}
  0x00000211df3208ec: 49ba d027 | 16d5 ff7f | 0000 41ff | d248 83c4 | 2041 5941 | 585a 498d | 8fe0 0200 | 0041 c787 
  0x00000211df32090c: 7403 0000 | 0400 0000 

  0x00000211df320914: ;   {runtime_call}
  0x00000211df320914: 49ba ac16 | 7219 f87f | 0000 41ff | d2c5 f877 | 41c7 8774 | 0300 0005 | 0000 00f0 | 8344 24c0 
  0x00000211df320934: 0049 3baf | 7803 0000 | 0f87 1100 | 0000 4181 | bf70 0300 | 0000 0000 | 000f 842c | 0000 00c5 
  0x00000211df320954: f877 4889 | 45f8 498b | cf4c 8be4 | 4883 ec20 | 4883 e4f0 

  0x00000211df320968: ;   {runtime_call}
  0x00000211df320968: 49ba 0015 | 21d5 ff7f | 0000 41ff | d249 8be4 | 4d33 e448 | 8b45 f841 | c787 7403 | 0000 0800 
  0x00000211df320988: 0000 4181 | bfe8 0300 | 0002 0000 | 000f 8499 

  0x00000211df320998: ;   {external_word}
  0x00000211df320998: 0200 0049 | bac9 845e | d5ff 7f00 | 0041 803a | 000f 844e | 0000 0048 

  0x00000211df3209b0: ;   {metadata({method} {0x0000000800435c20} 'defineClass1' '(Ljava/lang/ClassLoader;Ljava/lang/String;[BIILjava/security/ProtectionDomain;Ljava/lang/String;)Ljava/lang/Class;' in 'java/lang/ClassLoader')}
  0x00000211df3209b0: 8945 f848 | ba18 5c43 | 0008 0000 | 0049 8bcf | 4883 ec20 | 40f6 c40f | 0f84 1a00 | 0000 4883 
  0x00000211df3209d0: ;   {runtime_call}
  0x00000211df3209d0: ec08 49ba | d027 16d5 | ff7f 0000 | 41ff d248 | 83c4 08e9 | 0d00 0000 

  0x00000211df3209e8: ;   {runtime_call}
  0x00000211df3209e8: 49ba d027 | 16d5 ff7f | 0000 41ff | d248 83c4 | 2048 8b45 | f849 c787 | c002 0000 | 0000 0000 
  0x00000211df320a08: 49c7 87c8 | 0200 0000 | 0000 00c5 | f877 4885 | c00f 84ef | 0100 00a8 | 010f 84e4 | 0100 0048 
  0x00000211df320a28: 8b40 ff41 | 807f 4000 | 0f84 d001 | 0000 4883 | f800 0f84 | c601 0000 | 498b 4f28 | 4883 f900 
  0x00000211df320a48: 0f84 1400 | 0000 4883 | e908 4989 | 4f28 4903 | 4f38 4889 | 01e9 a401 | 0000 4881 | ecd0 0000 
  0x00000211df320a68: 0048 8904 | 2448 894c | 2408 4889 | 5424 1048 | 8974 2418 | 4889 7c24 | 204c 8944 | 2428 4c89 
  0x00000211df320a88: 4c24 304c | 8954 2438 | 4c89 5c24 | 40c5 fb11 | 4424 50c5 | fb11 4c24 | 58c5 fb11 | 5424 60c5 
  0x00000211df320aa8: fb11 5c24 | 68c5 fb11 | 6424 70c5 | fb11 6c24 | 78c5 fb11 | b424 8000 | 0000 c5fb | 11bc 2488 
  0x00000211df320ac8: 0000 00c5 | 7b11 8424 | 9000 0000 | c57b 118c | 2498 0000 | 00c5 7b11 | 9424 a000 | 0000 c57b 
  0x00000211df320ae8: 119c 24a8 | 0000 00c5 | 7b11 a424 | b000 0000 | c57b 11ac | 24b8 0000 | 00c5 7b11 | b424 c000 
  0x00000211df320b08: 0000 c57b | 11bc 24c8 | 0000 0049 | 8bd7 488b | c848 83ec | 2040 f6c4 | 0f0f 841a | 0000 0048 
  0x00000211df320b28: ;   {runtime_call}
  0x00000211df320b28: 83ec 0849 | bab0 1ed3 | d4ff 7f00 | 0041 ffd2 | 4883 c408 | e90d 0000 

  0x00000211df320b40: ;   {runtime_call}
  0x00000211df320b40: 0049 bab0 | 1ed3 d4ff | 7f00 0041 | ffd2 4883 | c420 c57b | 10bc 24c8 | 0000 00c5 | 7b10 b424 
  0x00000211df320b60: c000 0000 | c57b 10ac | 24b8 0000 | 00c5 7b10 | a424 b000 | 0000 c57b | 109c 24a8 | 0000 00c5 
  0x00000211df320b80: 7b10 9424 | a000 0000 | c57b 108c | 2498 0000 | 00c5 7b10 | 8424 9000 | 0000 c5fb | 10bc 2488 
  0x00000211df320ba0: 0000 00c5 | fb10 b424 | 8000 0000 | c5fb 106c | 2478 c5fb | 1064 2470 | c5fb 105c | 2468 c5fb 
  0x00000211df320bc0: 1054 2460 | c5fb 104c | 2458 c5fb | 1044 2450 | 4c8b 5c24 | 404c 8b54 | 2438 4c8b | 4c24 304c 
  0x00000211df320be0: 8b44 2428 | 488b 7c24 | 2048 8b74 | 2418 488b | 5424 1048 | 8b4c 2408 | 488b 0424 | 4881 c4d0 
  0x00000211df320c00: 0000 00c5 | f877 e903 | 0000 0048 | 8b00 498b | 8f50 0300 | 00c7 8100 | 0100 0000 | 0000 00c9 
  0x00000211df320c20: 4981 7f08 | 0000 0000 | 0f85 0100 

  0x00000211df320c2c: ;   {runtime_call StubRoutines (1)}
  0x00000211df320c2c: 0000 c3e9 | cc02 a1ff | c5f8 7748 | 8945 f84c | 8be4 4883 | ec20 4883 

  0x00000211df320c44: ;   {runtime_call}
  0x00000211df320c44: e4f0 49ba | 305c 16d5 | ff7f 0000 | 41ff d249 | 8be4 4d33 | e448 8b45 | f8e9 39fd | ffff f4f4 
  0x00000211df320c64: f4f4 f4f4 
[/MachCode]


Compiled method (c1)    3273 1057       3       java.lang.ClassLoader::defineClass (43 bytes)
 total in heap  [0x00000211d79d5e10,0x00000211d79d6748] = 2360
 relocation     [0x00000211d79d5f70,0x00000211d79d6000] = 144
 main code      [0x00000211d79d6000,0x00000211d79d64a0] = 1184
 stub code      [0x00000211d79d64a0,0x00000211d79d6518] = 120
 metadata       [0x00000211d79d6518,0x00000211d79d6548] = 48
 scopes data    [0x00000211d79d6548,0x00000211d79d6638] = 240
 scopes pcs     [0x00000211d79d6638,0x00000211d79d6718] = 224
 dependencies   [0x00000211d79d6718,0x00000211d79d6720] = 8
 nul chk table  [0x00000211d79d6720,0x00000211d79d6748] = 40

[Constant Pool (empty)]

[MachCode]
[Entry Point]
  # {method} {0x0000000800435f48} 'defineClass' '(Ljava/lang/String;[BIILjava/security/ProtectionDomain;)Ljava/lang/Class;' in 'java/lang/ClassLoader'
  # this:     rdx:rdx   = 'java/lang/ClassLoader'
  # parm0:    r8:r8     = 'java/lang/String'
  # parm1:    r9:r9     = '[B'
  # parm2:    rdi       = int
  # parm3:    rsi       = int
  # parm4:    rcx:rcx   = 'java/security/ProtectionDomain'
  #           [sp+0xc0]  (sp of caller)
  0x00000211d79d6000: 448b 5208 | 49bb 0000 | 0000 0800 | 0000 4d03 | d34c 3bd0 

  0x00000211d79d6014: ;   {runtime_call ic_miss_stub}
  0x00000211d79d6014: 0f85 66b7 | 3b07 660f | 1f44 0000 
[Verified Entry Point]
  0x00000211d79d6020: 8984 2400 | 90ff ff55 | 4881 ecb0 | 0000 0048 | 8954 2478 

  0x00000211d79d6034: ;   {metadata(method data for {method} {0x0000000800435f48} 'defineClass' '(Ljava/lang/String;[BIILjava/security/ProtectionDomain;)Ljava/lang/Class;' in 'java/lang/ClassLoader')}
  0x00000211d79d6034: 48bb 709e | 2eee 1102 | 0000 8b83 | cc00 0000 | 83c0 0289 | 83cc 0000 | 0025 fe07 | 0000 83f8 
  0x00000211d79d6054: 000f 844f | 0300 0089 | b424 9400 | 0000 89bc | 2490 0000 | 004c 898c | 2488 0000 | 0048 8bda 
  0x00000211d79d6074: ;   {metadata(method data for {method} {0x0000000800435f48} 'defineClass' '(Ljava/lang/String;[BIILjava/security/ProtectionDomain;)Ljava/lang/Class;' in 'java/lang/ClassLoader')}
  0x00000211d79d6074: 48b8 709e | 2eee 1102 | 0000 4883 | 8010 0100 | 0001 498b | d84c 8bc3 | 4c8b c948 | 8bca 488b 
  0x00000211d79d6094: d148 899c | 2480 0000 

  0x00000211d79d609c: ;   {optimized virtual_call}
  0x00000211d79d609c: 0066 90e8 

  0x00000211d79d60a0: ; ImmutableOopMap {[120]=Oop [128]=Oop [136]=Oop }
                      ;*invokevirtual preDefineClass {reexecute=0 rethrow=0 return_oop=0}
                      ; - java.lang.ClassLoader::defineClass@4 (line 1011)
  0x00000211d79d60a0: dca6 fdff | 4889 8424 | 9800 0000 | 488b 5424 

  0x00000211d79d60b0: ;   {metadata(method data for {method} {0x0000000800435f48} 'defineClass' '(Ljava/lang/String;[BIILjava/security/ProtectionDomain;)Ljava/lang/Class;' in 'java/lang/ClassLoader')}
  0x00000211d79d60b0: 7849 b870 | 9e2e ee11 | 0200 0049 | 8380 4801 

  0x00000211d79d60c0: ;   {metadata(method data for {method} {0x0000000800435c88} 'defineClassSourceLocation' '(Ljava/security/ProtectionDomain;)Ljava/lang/String;' in 'java/lang/ClassLoader')}
  0x00000211d79d60c0: 0000 0149 | b808 b127 | ee11 0200 | 0041 8b90 | cc00 0000 | 83c2 0241 | 8990 cc00 | 0000 81e2 
  0x00000211d79d60e0: feff 1f00 | 83fa 000f | 84de 0200 | 0048 3b00 

  0x00000211d79d60f0: ;   {metadata(method data for {method} {0x0000000800435c88} 'defineClassSourceLocation' '(Ljava/security/ProtectionDomain;)Ljava/lang/String;' in 'java/lang/ClassLoader')}
  0x00000211d79d60f0: 4c8b c048 | ba08 b127 | ee11 0200 | 0048 8382 | 1001 0000 | 0144 8b40 | 1049 83f8 

  0x00000211d79d610c: ;   {metadata(method data for {method} {0x0000000800435c88} 'defineClassSourceLocation' '(Ljava/security/ProtectionDomain;)Ljava/lang/String;' in 'java/lang/ClassLoader')}
  0x00000211d79d610c: 0048 ba08 | b127 ee11 | 0200 0048 | be58 0100 | 0000 0000 | 000f 850a | 0000 0048 | be48 0100 
  0x00000211d79d612c: 0000 0000 | 0048 8b3c | 3248 8d7f | 0148 893c | 320f 850f 

  0x00000211d79d6140: ;   {oop(NULL)}
  0x00000211d79d6140: 0000 0048 | bb00 0000 | 0000 0000 | 00e9 ad01 | 0000 493b | 0049 8bd0 

  0x00000211d79d6158: ;   {metadata(method data for {method} {0x0000000800435c88} 'defineClassSourceLocation' '(Ljava/security/ProtectionDomain;)Ljava/lang/String;' in 'java/lang/ClassLoader')}
  0x00000211d79d6158: 48be 08b1 | 27ee 1102 | 0000 4883 | 8668 0100 | 0001 418b | 500c 4883 

  0x00000211d79d6170: ;   {metadata(method data for {method} {0x0000000800435c88} 'defineClassSourceLocation' '(Ljava/security/ProtectionDomain;)Ljava/lang/String;' in 'java/lang/ClassLoader')}
  0x00000211d79d6170: fa00 48be | 08b1 27ee | 1102 0000 | 48bf b001 | 0000 0000 | 0000 0f85 | 0a00 0000 | 48bf a001 
  0x00000211d79d6190: 0000 0000 | 0000 488b | 1c3e 488d | 5b01 4889 | 1c3e 0f85 | 0f00 0000 

  0x00000211d79d61a8: ;   {oop(NULL)}
  0x00000211d79d61a8: 48bb 0000 | 0000 0000 | 0000 e948 

  0x00000211d79d61b4: ;   {metadata(method data for {method} {0x0000000800435c88} 'defineClassSourceLocation' '(Ljava/security/ProtectionDomain;)Ljava/lang/String;' in 'java/lang/ClassLoader')}
  0x00000211d79d61b4: 0100 0048 | be08 b127 | ee11 0200 | 0048 8386 | c001 0000 | 0148 3b02 

  0x00000211d79d61cc: ;   {metadata(method data for {method} {0x0000000800435c88} 'defineClassSourceLocation' '(Ljava/security/ProtectionDomain;)Ljava/lang/String;' in 'java/lang/ClassLoader')}
  0x00000211d79d61cc: 4c8b c248 | be08 b127 | ee11 0200 | 0048 8386 | f801 0000 

  0x00000211d79d61e0: ;   {metadata(method data for {method} {0x0000000800068628} 'toString' '()Ljava/lang/String;' in 'java/net/URL')}
  0x00000211d79d61e0: 0149 b8d8 | f71d ee11 | 0200 0041 | 8bb0 cc00 | 0000 83c6 | 0241 89b0 | cc00 0000 | 81e6 feff 
  0x00000211d79d6200: 1f00 83fe | 000f 84f0 | 0100 004c 

  0x00000211d79d620c: ;   {metadata(method data for {method} {0x0000000800068628} 'toString' '()Ljava/lang/String;' in 'java/net/URL')}
  0x00000211d79d620c: 8bc2 48be | d8f7 1dee | 1102 0000 | 4883 8610 | 0100 0001 

  0x00000211d79d6220: ;   {metadata(method data for {method} {0x0000000800068ec0} 'toExternalForm' '()Ljava/lang/String;' in 'java/net/URL')}
  0x00000211d79d6220: 49b8 60f9 | 1dee 1102 | 0000 418b | b0cc 0000 | 0083 c602 | 4189 b0cc | 0000 0081 | e6fe ff1f 
  0x00000211d79d6240: 0083 fe00 | 0f84 d201 | 0000 8b72 | 3848 3b06 

  0x00000211d79d6250: ;   {metadata(method data for {method} {0x0000000800068ec0} 'toExternalForm' '()Ljava/lang/String;' in 'java/net/URL')}
  0x00000211d79d6250: 4c8b c648 | bf60 f91d | ee11 0200 | 0045 8b40 | 0849 ba00 | 0000 0008 | 0000 004d | 03c2 4c3b 
  0x00000211d79d6270: 8720 0100 | 0075 0d48 | 8387 2801 | 0000 01e9 | 6600 0000 | 4c3b 8730 | 0100 0075 | 0d48 8387 
  0x00000211d79d6290: 3801 0000 | 01e9 5000 | 0000 4881 | bf20 0100 | 0000 0000 | 0075 174c | 8987 2001 | 0000 48c7 
  0x00000211d79d62b0: 8728 0100 | 0001 0000 | 00e9 2c00 | 0000 4881 | bf30 0100 | 0000 0000 | 0075 174c | 8987 3001 
  0x00000211d79d62d0: 0000 48c7 | 8738 0100 | 0001 0000 | 00e9 0800 | 0000 4883 | 8710 0100 | 0001 4c8b | c248 8bd6 
  0x00000211d79d62f0: 0f1f 8000 

  0x00000211d79d62f4: ;   {optimized virtual_call}
  0x00000211d79d62f4: 0000 00e8 

  0x00000211d79d62f8: ; ImmutableOopMap {[120]=Oop [128]=Oop [136]=Oop [152]=Oop }
                      ;*invokevirtual toExternalForm {reexecute=0 rethrow=0 return_oop=0}
                      ; - java.net.URL::toExternalForm@5 (line 1040)
                      ; - java.net.URL::toString@1 (line 1026)
                      ; - java.lang.ClassLoader::defineClassSourceLocation@22 (line 913)
                      ; - java.lang.ClassLoader::defineClass@12 (line 1012)
  0x00000211d79d62f8: 0401 fbff | 488b d848 | 8b84 2498 | 0000 008b | b424 9400 | 0000 8bbc | 2490 0000 | 004c 8b8c 
  0x00000211d79d6318: 2488 0000 | 004c 8b84 | 2480 0000 | 0048 8b54 

  0x00000211d79d6328: ;   {metadata(method data for {method} {0x0000000800435f48} 'defineClass' '(Ljava/lang/String;[BIILjava/security/ProtectionDomain;)Ljava/lang/Class;' in 'java/lang/ClassLoader')}
  0x00000211d79d6328: 2478 48b9 | 709e 2eee | 1102 0000 | 4883 8180 | 0100 0001 | 4c8b da49 | 8bd3 488b | c848 891c 
  0x00000211d79d6348: 2466 0f1f 

  0x00000211d79d634c: ;   {static_call}
  0x00000211d79d634c: 4400 00e8 

  0x00000211d79d6350: ; ImmutableOopMap {[120]=Oop [152]=Oop }
                      ;*invokestatic defineClass1 {reexecute=0 rethrow=0 return_oop=0}
                      ; - java.lang.ClassLoader::defineClass@27 (line 1013)
  0x00000211d79d6350: 8ca4 9407 | 488b 5424 

  0x00000211d79d6358: ;   {metadata(method data for {method} {0x0000000800435f48} 'defineClass' '(Ljava/lang/String;[BIILjava/security/ProtectionDomain;)Ljava/lang/Class;' in 'java/lang/ClassLoader')}
  0x00000211d79d6358: 7849 b870 | 9e2e ee11 | 0200 0049 | 8380 9001 | 0000 014c | 8bc0 4c8b | 8c24 9800 | 0000 488b 
  0x00000211d79d6378: 5424 7848 | 8984 24a0 | 0000 000f 

  0x00000211d79d6384: ;   {optimized virtual_call}
  0x00000211d79d6384: 1f40 00e8 

  0x00000211d79d6388: ; ImmutableOopMap {[160]=Oop }
                      ;*invokevirtual postDefineClass {reexecute=0 rethrow=0 return_oop=0}
                      ; - java.lang.ClassLoader::defineClass@37 (line 1014)
  0x00000211d79d6388: 14bb ffff | 488b 8424 | a000 0000 | 4881 c4b0 | 0000 005d 

  0x00000211d79d639c: ;   {poll_return}
  0x00000211d79d639c: 493b a778 | 0300 000f | 8799 0000 

  0x00000211d79d63a8: ;   {metadata({method} {0x0000000800435f48} 'defineClass' '(Ljava/lang/String;[BIILjava/security/ProtectionDomain;)Ljava/lang/Class;' in 'java/lang/ClassLoader')}
  0x00000211d79d63a8: 00c3 49ba | 405f 4300 | 0800 0000 | 4c89 5424 | 0848 c704 | 24ff ffff 

  0x00000211d79d63c0: ;   {runtime_call counter_overflow Runtime1 stub}
  0x00000211d79d63c0: ffe8 3a78 

  0x00000211d79d63c4: ; ImmutableOopMap {rdx=Oop r8=Oop r9=Oop rcx=Oop [120]=Oop }
                      ;*synchronization entry
                      ; - java.lang.ClassLoader::defineClass@-1 (line 1011)
  0x00000211d79d63c4: 4607 e990 

  0x00000211d79d63c8: ;   {metadata({method} {0x0000000800435c88} 'defineClassSourceLocation' '(Ljava/security/ProtectionDomain;)Ljava/lang/String;' in 'java/lang/ClassLoader')}
  0x00000211d79d63c8: fcff ff49 | ba80 5c43 | 0008 0000 | 004c 8954 | 2408 48c7 | 0424 ffff 

  0x00000211d79d63e0: ;   {runtime_call counter_overflow Runtime1 stub}
  0x00000211d79d63e0: ffff e819 

  0x00000211d79d63e4: ; ImmutableOopMap {rax=Oop [120]=Oop [128]=Oop [136]=Oop [152]=Oop }
                      ;*synchronization entry
                      ; - java.lang.ClassLoader::defineClassSourceLocation@-1 (line 910)
                      ; - java.lang.ClassLoader::defineClass@12 (line 1012)
  0x00000211d79d63e4: 7846 07e9 | 01fd ffff 

  0x00000211d79d63ec: ;   {runtime_call throw_null_pointer_exception Runtime1 stub}
  0x00000211d79d63ec: e82f 2746 

  0x00000211d79d63f0: ; ImmutableOopMap {rax=Oop [120]=Oop [128]=Oop [136]=Oop [152]=Oop }
                      ;*invokevirtual getCodeSource {reexecute=0 rethrow=0 return_oop=0}
                      ; - java.lang.ClassLoader::defineClassSourceLocation@1 (line 910)
                      ; - java.lang.ClassLoader::defineClass@12 (line 1012)
                      ;   {runtime_call throw_null_pointer_exception Runtime1 stub}
  0x00000211d79d63f0: 07e8 2a27 

  0x00000211d79d63f4: ; ImmutableOopMap {rax=Oop r8=Oop [120]=Oop [128]=Oop [136]=Oop [152]=Oop }
                      ;*invokevirtual getLocation {reexecute=0 rethrow=0 return_oop=0}
                      ; - java.lang.ClassLoader::defineClassSourceLocation@12 (line 912)
                      ; - java.lang.ClassLoader::defineClass@12 (line 1012)
                      ;   {runtime_call throw_null_pointer_exception Runtime1 stub}
  0x00000211d79d63f4: 4607 e825 

  0x00000211d79d63f8: ; ImmutableOopMap {rdx=Oop [120]=Oop [128]=Oop [136]=Oop [152]=Oop }
                      ;*invokevirtual toString {reexecute=0 rethrow=0 return_oop=0}
                      ; - java.lang.ClassLoader::defineClassSourceLocation@22 (line 913)
                      ; - java.lang.ClassLoader::defineClass@12 (line 1012)
                      ;   {metadata({method} {0x0000000800068628} 'toString' '()Ljava/lang/String;' in 'java/net/URL')}
  0x00000211d79d63f8: 2746 0749 | ba20 8606 | 0008 0000 | 004c 8954 | 2408 48c7 | 0424 ffff 

  0x00000211d79d6410: ;   {runtime_call counter_overflow Runtime1 stub}
  0x00000211d79d6410: ffff e8e9 

  0x00000211d79d6414: ; ImmutableOopMap {rdx=Oop [120]=Oop [128]=Oop [136]=Oop [152]=Oop }
                      ;*synchronization entry
                      ; - java.net.URL::toString@-1 (line 1026)
                      ; - java.lang.ClassLoader::defineClassSourceLocation@22 (line 913)
                      ; - java.lang.ClassLoader::defineClass@12 (line 1012)
  0x00000211d79d6414: 7746 07e9 | effd ffff 

  0x00000211d79d641c: ;   {metadata({method} {0x0000000800068ec0} 'toExternalForm' '()Ljava/lang/String;' in 'java/net/URL')}
  0x00000211d79d641c: 49ba b88e | 0600 0800 | 0000 4c89 | 5424 0848 | c704 24ff 

  0x00000211d79d6430: ;   {runtime_call counter_overflow Runtime1 stub}
  0x00000211d79d6430: ffff ffe8 

  0x00000211d79d6434: ; ImmutableOopMap {rdx=Oop [120]=Oop [128]=Oop [136]=Oop [152]=Oop }
                      ;*synchronization entry
                      ; - java.net.URL::toExternalForm@-1 (line 1040)
                      ; - java.net.URL::toString@1 (line 1026)
                      ; - java.lang.ClassLoader::defineClassSourceLocation@22 (line 913)
                      ; - java.lang.ClassLoader::defineClass@12 (line 1012)
  0x00000211d79d6434: c877 4607 | e90d feff 

  0x00000211d79d643c: ;   {runtime_call throw_null_pointer_exception Runtime1 stub}
  0x00000211d79d643c: ffe8 de26 

  0x00000211d79d6440: ; ImmutableOopMap {rdx=Oop rsi=Oop [120]=Oop [128]=Oop [136]=Oop [152]=Oop }
                      ;*invokevirtual toExternalForm {reexecute=0 rethrow=0 return_oop=0}
                      ; - java.net.URL::toExternalForm@5 (line 1040)
                      ; - java.net.URL::toString@1 (line 1026)
                      ; - java.lang.ClassLoader::defineClassSourceLocation@22 (line 913)
                      ; - java.lang.ClassLoader::defineClass@12 (line 1012)
                      ;   {internal_word}
  0x00000211d79d6440: 4607 49ba | 9c63 9dd7 | 1102 0000 | 4d89 9790 

  0x00000211d79d6450: ;   {runtime_call SafepointBlob}
  0x00000211d79d6450: 0300 00e9 | a819 3c07 | 498b 8720 | 0400 0049 | c787 2004 | 0000 0000 | 0000 49c7 | 8728 0400 
  0x00000211d79d6470: 0000 0000 | 0048 81c4 | b000 0000 

  0x00000211d79d647c: ;   {runtime_call unwind_exception Runtime1 stub}
  0x00000211d79d647c: 5de9 7e14 | 4607 f4f4 | f4f4 f4f4 | f4f4 f4f4 | f4f4 f4f4 | f4f4 f4f4 | f4f4 f4f4 | f4f4 f4f4 
  0x00000211d79d649c: f4f4 f4f4 
[Stub Code]
  0x00000211d79d64a0: ;   {no_reloc}
  0x00000211d79d64a0: 0f1f 4400 

  0x00000211d79d64a4: ;   {static_stub}
  0x00000211d79d64a4: 0048 bb00 | 0000 0000 

  0x00000211d79d64ac: ;   {runtime_call}
  0x00000211d79d64ac: 0000 00e9 | fbff ffff 

  0x00000211d79d64b4: ;   {static_stub}
  0x00000211d79d64b4: 9048 bb00 | 0000 0000 

  0x00000211d79d64bc: ;   {runtime_call}
  0x00000211d79d64bc: 0000 00e9 | fbff ffff 

  0x00000211d79d64c4: ;   {static_stub}
  0x00000211d79d64c4: 9048 bb00 | 0000 0000 

  0x00000211d79d64cc: ;   {runtime_call}
  0x00000211d79d64cc: 0000 00e9 | fbff ffff 

  0x00000211d79d64d4: ;   {static_stub}
  0x00000211d79d64d4: 9048 bb00 | 0000 0000 

  0x00000211d79d64dc: ;   {runtime_call}
  0x00000211d79d64dc: 0000 00e9 | fbff ffff 
[Exception Handler]
  0x00000211d79d64e4: ;   {runtime_call handle_exception_from_callee Runtime1 stub}
  0x00000211d79d64e4: e817 4446 

  0x00000211d79d64e8: ;   {external_word}
  0x00000211d79d64e8: 0748 b928 | 4937 d5ff | 7f00 0048 

  0x00000211d79d64f4: ;   {runtime_call}
  0x00000211d79d64f4: 83e4 f049 | bab0 f802 | d5ff 7f00 | 0041 ffd2 

  0x00000211d79d6504: ;   {section_word}
  0x00000211d79d6504: f449 ba05 | 659d d711 | 0200 0041 

  0x00000211d79d6510: ;   {runtime_call DeoptimizationBlob}
  0x00000211d79d6510: 52e9 8a0b | 3c07 f4f4 
[/MachCode]


Compiled method (c1)    3310 1056       3       java.security.SecureClassLoader::defineClass (16 bytes)
 total in heap  [0x00000211d79d4b10,0x00000211d79d4f00] = 1008
 relocation     [0x00000211d79d4c70,0x00000211d79d4cb8] = 72
 main code      [0x00000211d79d4cc0,0x00000211d79d4e00] = 320
 stub code      [0x00000211d79d4e00,0x00000211d79d4e58] = 88
 metadata       [0x00000211d79d4e58,0x00000211d79d4e60] = 8
 scopes data    [0x00000211d79d4e60,0x00000211d79d4ea8] = 72
 scopes pcs     [0x00000211d79d4ea8,0x00000211d79d4ef8] = 80
 dependencies   [0x00000211d79d4ef8,0x00000211d79d4f00] = 8

[Constant Pool (empty)]

[MachCode]
[Entry Point]
  # {method} {0x0000000800066b18} 'defineClass' '(Ljava/lang/String;[BIILjava/security/CodeSource;)Ljava/lang/Class;' in 'java/security/SecureClassLoader'
  # this:     rdx:rdx   = 'java/security/SecureClassLoader'
  # parm0:    r8:r8     = 'java/lang/String'
  # parm1:    r9:r9     = '[B'
  # parm2:    rdi       = int
  # parm3:    rsi       = int
  # parm4:    rcx:rcx   = 'java/security/CodeSource'
  #           [sp+0x80]  (sp of caller)
  0x00000211d79d4cc0: 448b 5208 | 49bb 0000 | 0000 0800 | 0000 4d03 | d34c 3bd0 

  0x00000211d79d4cd4: ;   {runtime_call ic_miss_stub}
  0x00000211d79d4cd4: 0f85 a6ca | 3b07 660f | 1f44 0000 
[Verified Entry Point]
  0x00000211d79d4ce0: 8984 2400 | 90ff ff55 | 4883 ec70 

  0x00000211d79d4cec: ;   {metadata(method data for {method} {0x0000000800066b18} 'defineClass' '(Ljava/lang/String;[BIILjava/security/CodeSource;)Ljava/lang/Class;' in 'java/security/SecureClassLoader')}
  0x00000211d79d4cec: 48bb 0872 | 23ee 1102 | 0000 8b83 | cc00 0000 | 83c0 0289 | 83cc 0000 | 0025 fe07 | 0000 83f8 
  0x00000211d79d4d0c: 000f 848c | 0000 0089 | 7424 5c89 | 7c24 584c | 894c 2450 | 4c89 4424 | 4848 8bda 

  0x00000211d79d4d28: ;   {metadata(method data for {method} {0x0000000800066b18} 'defineClass' '(Ljava/lang/String;[BIILjava/security/CodeSource;)Ljava/lang/Class;' in 'java/security/SecureClassLoader')}
  0x00000211d79d4d28: 48b8 0872 | 23ee 1102 | 0000 4883 | 8010 0100 | 0001 4c8b | c148 8bc2 | 488b d048 | 8944 2440 
  0x00000211d79d4d48: 0f1f 8000 

  0x00000211d79d4d4c: ;   {optimized virtual_call}
  0x00000211d79d4d4c: 0000 00e8 

  0x00000211d79d4d50: ; ImmutableOopMap {[64]=Oop [72]=Oop [80]=Oop }
                      ;*invokevirtual getProtectionDomain {reexecute=0 rethrow=0 return_oop=0}
                      ; - java.security.SecureClassLoader::defineClass@9 (line 150)
  0x00000211d79d4d50: 4c94 f9ff | 488b 5424 

  0x00000211d79d4d58: ;   {metadata(method data for {method} {0x0000000800066b18} 'defineClass' '(Ljava/lang/String;[BIILjava/security/CodeSource;)Ljava/lang/Class;' in 'java/security/SecureClassLoader')}
  0x00000211d79d4d58: 4049 b808 | 7223 ee11 | 0200 0049 | 8380 4801 | 0000 014c | 8b44 2448 | 4c8b 4c24 | 508b 7c24 
  0x00000211d79d4d78: 588b 7424 | 5c48 8bc8 | 488b 5424 

  0x00000211d79d4d84: ;   {optimized virtual_call}
  0x00000211d79d4d84: 4066 90e8 

  0x00000211d79d4d88: ; ImmutableOopMap {}
                      ;*invokevirtual defineClass {reexecute=0 rethrow=0 return_oop=0}
                      ; - java.security.SecureClassLoader::defineClass@12 (line 150)
  0x00000211d79d4d88: 9412 0000 | 4883 c470 

  0x00000211d79d4d90: ;   {poll_return}
  0x00000211d79d4d90: 5d49 3ba7 | 7803 0000 | 0f87 2200 

  0x00000211d79d4d9c: ;   {metadata({method} {0x0000000800066b18} 'defineClass' '(Ljava/lang/String;[BIILjava/security/CodeSource;)Ljava/lang/Class;' in 'java/security/SecureClassLoader')}
  0x00000211d79d4d9c: 0000 c349 | ba10 6b06 | 0008 0000 | 004c 8954 | 2408 48c7 | 0424 ffff 

  0x00000211d79d4db4: ;   {runtime_call counter_overflow Runtime1 stub}
  0x00000211d79d4db4: ffff e845 

  0x00000211d79d4db8: ; ImmutableOopMap {rdx=Oop r8=Oop r9=Oop rcx=Oop }
                      ;*synchronization entry
                      ; - java.security.SecureClassLoader::defineClass@-1 (line 150)
  0x00000211d79d4db8: 8e46 07e9 | 53ff ffff 

  0x00000211d79d4dc0: ;   {internal_word}
  0x00000211d79d4dc0: 49ba 914d | 9dd7 1102 | 0000 4d89 | 9790 0300 

  0x00000211d79d4dd0: ;   {runtime_call SafepointBlob}
  0x00000211d79d4dd0: 00e9 2a30 | 3c07 498b | 8720 0400 | 0049 c787 | 2004 0000 | 0000 0000 | 49c7 8728 | 0400 0000 
  0x00000211d79d4df0: 0000 0048 | 83c4 705d 

  0x00000211d79d4df8: ;   {runtime_call unwind_exception Runtime1 stub}
  0x00000211d79d4df8: e903 2b46 | 07f4 f4f4 
[Stub Code]
  0x00000211d79d4e00: ;   {no_reloc}
  0x00000211d79d4e00: 0f1f 4400 

  0x00000211d79d4e04: ;   {static_stub}
  0x00000211d79d4e04: 0048 bb00 | 0000 0000 

  0x00000211d79d4e0c: ;   {runtime_call}
  0x00000211d79d4e0c: 0000 00e9 | fbff ffff 

  0x00000211d79d4e14: ;   {static_stub}
  0x00000211d79d4e14: 9048 bb40 | 5f43 0008 

  0x00000211d79d4e1c: ;   {runtime_call I2C/C2I adapters}
  0x00000211d79d4e1c: 0000 00e9 | c72e 3b07 
[Exception Handler]
  0x00000211d79d4e24: ;   {runtime_call handle_exception_from_callee Runtime1 stub}
  0x00000211d79d4e24: e8d7 5a46 

  0x00000211d79d4e28: ;   {external_word}
  0x00000211d79d4e28: 0748 b928 | 4937 d5ff | 7f00 0048 

  0x00000211d79d4e34: ;   {runtime_call}
  0x00000211d79d4e34: 83e4 f049 | bab0 f802 | d5ff 7f00 | 0041 ffd2 

  0x00000211d79d4e44: ;   {section_word}
  0x00000211d79d4e44: f449 ba45 | 4e9d d711 | 0200 0041 

  0x00000211d79d4e50: ;   {runtime_call DeoptimizationBlob}
  0x00000211d79d4e50: 52e9 4a22 | 3c07 f4f4 
[/MachCode]


---------------  P R O C E S S  ---------------

Threads class SMR info:
_java_thread_list=0x00000211f2c98200, length=14, elements={
0x00000211cdd93c80, 0x00000211eda37860, 0x00000211eda38330, 0x00000211eda38e00,
0x00000211eda39730, 0x00000211eda3a060, 0x00000211eda3a990, 0x00000211eda3c600,
0x00000211eda413a0, 0x00000211eda4dde0, 0x00000211eda0abd0, 0x00000211f22d3420,
0x00000211f21f7ba0, 0x00000211f2c5b0c0
}

Java Threads: ( => current thread )
  0x00000211cdd93c80 JavaThread "main" [_thread_in_vm, id=14060, stack(0x0000007a17700000,0x0000007a17800000)]
  0x00000211eda37860 JavaThread "Reference Handler" daemon [_thread_blocked, id=13204, stack(0x0000007a17e00000,0x0000007a17f00000)]
  0x00000211eda38330 JavaThread "Finalizer" daemon [_thread_blocked, id=13620, stack(0x0000007a17f00000,0x0000007a18000000)]
  0x00000211eda38e00 JavaThread "Signal Dispatcher" daemon [_thread_blocked, id=8220, stack(0x0000007a18000000,0x0000007a18100000)]
  0x00000211eda39730 JavaThread "Attach Listener" daemon [_thread_blocked, id=13788, stack(0x0000007a18100000,0x0000007a18200000)]
  0x00000211eda3a060 JavaThread "Service Thread" daemon [_thread_blocked, id=12076, stack(0x0000007a18200000,0x0000007a18300000)]
  0x00000211eda3a990 JavaThread "Monitor Deflation Thread" daemon [_thread_blocked, id=6308, stack(0x0000007a18300000,0x0000007a18400000)]
  0x00000211eda3c600 JavaThread "C2 CompilerThread0" daemon [_thread_blocked, id=3264, stack(0x0000007a18400000,0x0000007a18500000)]
  0x00000211eda413a0 JavaThread "C1 CompilerThread0" daemon [_thread_in_vm, id=6396, stack(0x0000007a18500000,0x0000007a18600000)]
  0x00000211eda4dde0 JavaThread "Sweeper thread" daemon [_thread_blocked, id=10944, stack(0x0000007a18600000,0x0000007a18700000)]
  0x00000211eda0abd0 JavaThread "Common-Cleaner" daemon [_thread_blocked, id=13176, stack(0x0000007a18700000,0x0000007a18800000)]
  0x00000211f22d3420 JavaThread "Monitor Ctrl-Break" daemon [_thread_in_native, id=3688, stack(0x0000007a18800000,0x0000007a18900000)]
  0x00000211f21f7ba0 JavaThread "Notification Thread" daemon [_thread_blocked, id=1156, stack(0x0000007a18900000,0x0000007a18a00000)]
=>0x00000211f2c5b0c0 JavaThread "background-preinit" [_thread_in_vm, id=5728, stack(0x0000007a18f00000,0x0000007a19000000)]

Other Threads:
  0x00000211eda1c640 VMThread "VM Thread" [stack: 0x0000007a17d00000,0x0000007a17e00000] [id=11496]
  0x00000211f2185530 WatcherThread "VM Periodic Task Thread" [stack: 0x0000007a18a00000,0x0000007a18b00000] [id=6820]
  0x00000211cdded3e0 WorkerThread "GC Thread#0" [stack: 0x0000007a17800000,0x0000007a17900000] [id=11300]
  0x00000211f2644d80 WorkerThread "GC Thread#1" [stack: 0x0000007a18b00000,0x0000007a18c00000] [id=8024]
  0x00000211f264a210 WorkerThread "GC Thread#2" [stack: 0x0000007a18c00000,0x0000007a18d00000] [id=10284]
  0x00000211f2637470 WorkerThread "GC Thread#3" [stack: 0x0000007a18d00000,0x0000007a18e00000] [id=1628]
  0x00000211cddfdf40 ConcurrentGCThread "G1 Main Marker" [stack: 0x0000007a17900000,0x0000007a17a00000] [id=13076]
  0x00000211cddffb30 WorkerThread "G1 Conc#0" [stack: 0x0000007a17a00000,0x0000007a17b00000] [id=7976]
  0x00000211cde1e9e0 ConcurrentGCThread "G1 Refine#0" [stack: 0x0000007a17b00000,0x0000007a17c00000] [id=5988]
  0x00000211ed9b33b0 ConcurrentGCThread "G1 Service" [stack: 0x0000007a17c00000,0x0000007a17d00000] [id=5928]

Threads with active compile tasks:
C1 CompilerThread0     3332 1662       3       org.springframework.core.annotation.AttributeMethods::size (6 bytes)

VM state: not at safepoint (normal execution)

VM Mutex/Monitor currently owned by a thread:  ([mutex/lock_event])
[0x00000211cdd8d600] Metaspace_lock - owner thread: 0x00000211f2c5b0c0
[0x00000211cdd8f780] MethodData_lock - owner thread: 0x00000211eda413a0

Heap address: 0x0000000088e00000, size: 1906 MB, Compressed Oops mode: 32-bit

CDS archive(s) mapped at: [0x0000000800000000-0x0000000800c40000-0x0000000800c40000), size 12845056, SharedBaseAddress: 0x0000000800000000, ArchiveRelocationMode: 0.
Compressed class space mapped at: 0x0000000801000000-0x0000000841000000, reserved size: 1073741824
Narrow klass base: 0x0000000800000000, Narrow klass shift: 0, Narrow klass range: 0x100000000

GC Precious Log:
 CardTable entry size: 512
 Card Set container configuration: InlinePtr #cards 5 size 8 Array Of Cards #cards 12 size 40 Howl #buckets 4 coarsen threshold 1843 Howl Bitmap #cards 512 size 80 coarsen threshold 460 Card regions per heap region 1 cards per card region 2048
 CPUs: 4 total, 4 available
 Memory: 7616M
 Large Page Support: Disabled
 NUMA Support: Disabled
 Compressed Oops: Enabled (32-bit)
 Heap Region Size: 1M
 Heap Min Capacity: 8M
 Heap Initial Capacity: 120M
 Heap Max Capacity: 1906M
 Pre-touch: Disabled
 Parallel Workers: 4
 Concurrent Workers: 1
 Concurrent Refinement Workers: 4
 Periodic GC: Disabled

Heap:
 garbage-first heap   total 122880K, used 21971K [0x0000000088e00000, 0x0000000100000000)
  region size 1024K, 18 young (18432K), 2 survivors (2048K)
 Metaspace       used 11878K, committed 12032K, reserved 1114112K
  class space    used 1391K, committed 1472K, reserved 1048576K

Heap Regions: E=young(eden), S=young(survivor), O=old, HS=humongous(starts), HC=humongous(continues), CS=collection set, F=free, OA=open archive, CA=closed archive, TAMS=top-at-mark-start (previous, next)
|   0|0x0000000088e00000, 0x0000000088f00000, 0x0000000088f00000|100%|HS|  |TAMS 0x0000000088e00000, 0x0000000088e00000| Complete 
|   1|0x0000000088f00000, 0x0000000089000000, 0x0000000089000000|100%| O|  |TAMS 0x0000000088f00000, 0x0000000088f00000| Untracked 
|   2|0x0000000089000000, 0x0000000089100000, 0x0000000089100000|100%| O|  |TAMS 0x0000000089000000, 0x0000000089000000| Untracked 
|   3|0x0000000089100000, 0x0000000089200000, 0x0000000089200000|100%| O|  |TAMS 0x0000000089100000, 0x0000000089100000| Untracked 
|   4|0x0000000089200000, 0x0000000089300000, 0x0000000089300000|100%| O|  |TAMS 0x0000000089200000, 0x0000000089200000| Untracked 
|   5|0x0000000089300000, 0x0000000089400000, 0x0000000089400000|100%| O|  |TAMS 0x0000000089300000, 0x0000000089300000| Untracked 
|   6|0x0000000089400000, 0x0000000089459a00, 0x0000000089500000| 35%| O|  |TAMS 0x0000000089400000, 0x0000000089400000| Untracked 
|   7|0x0000000089500000, 0x0000000089500000, 0x0000000089600000|  0%| F|  |TAMS 0x0000000089500000, 0x0000000089500000| Untracked 
|   8|0x0000000089600000, 0x0000000089600000, 0x0000000089700000|  0%| F|  |TAMS 0x0000000089600000, 0x0000000089600000| Untracked 
|   9|0x0000000089700000, 0x0000000089700000, 0x0000000089800000|  0%| F|  |TAMS 0x0000000089700000, 0x0000000089700000| Untracked 
|  10|0x0000000089800000, 0x0000000089800000, 0x0000000089900000|  0%| F|  |TAMS 0x0000000089800000, 0x0000000089800000| Untracked 
|  11|0x0000000089900000, 0x0000000089900000, 0x0000000089a00000|  0%| F|  |TAMS 0x0000000089900000, 0x0000000089900000| Untracked 
|  12|0x0000000089a00000, 0x0000000089a00000, 0x0000000089b00000|  0%| F|  |TAMS 0x0000000089a00000, 0x0000000089a00000| Untracked 
|  13|0x0000000089b00000, 0x0000000089b00000, 0x0000000089c00000|  0%| F|  |TAMS 0x0000000089b00000, 0x0000000089b00000| Untracked 
|  14|0x0000000089c00000, 0x0000000089c00000, 0x0000000089d00000|  0%| F|  |TAMS 0x0000000089c00000, 0x0000000089c00000| Untracked 
|  15|0x0000000089d00000, 0x0000000089d00000, 0x0000000089e00000|  0%| F|  |TAMS 0x0000000089d00000, 0x0000000089d00000| Untracked 
|  16|0x0000000089e00000, 0x0000000089e00000, 0x0000000089f00000|  0%| F|  |TAMS 0x0000000089e00000, 0x0000000089e00000| Untracked 
|  17|0x0000000089f00000, 0x0000000089f00000, 0x000000008a000000|  0%| F|  |TAMS 0x0000000089f00000, 0x0000000089f00000| Untracked 
|  18|0x000000008a000000, 0x000000008a000000, 0x000000008a100000|  0%| F|  |TAMS 0x000000008a000000, 0x000000008a000000| Untracked 
|  19|0x000000008a100000, 0x000000008a100000, 0x000000008a200000|  0%| F|  |TAMS 0x000000008a100000, 0x000000008a100000| Untracked 
|  20|0x000000008a200000, 0x000000008a200000, 0x000000008a300000|  0%| F|  |TAMS 0x000000008a200000, 0x000000008a200000| Untracked 
|  21|0x000000008a300000, 0x000000008a300000, 0x000000008a400000|  0%| F|  |TAMS 0x000000008a300000, 0x000000008a300000| Untracked 
|  22|0x000000008a400000, 0x000000008a400000, 0x000000008a500000|  0%| F|  |TAMS 0x000000008a400000, 0x000000008a400000| Untracked 
|  23|0x000000008a500000, 0x000000008a500000, 0x000000008a600000|  0%| F|  |TAMS 0x000000008a500000, 0x000000008a500000| Untracked 
|  24|0x000000008a600000, 0x000000008a600000, 0x000000008a700000|  0%| F|  |TAMS 0x000000008a600000, 0x000000008a600000| Untracked 
|  25|0x000000008a700000, 0x000000008a700000, 0x000000008a800000|  0%| F|  |TAMS 0x000000008a700000, 0x000000008a700000| Untracked 
|  26|0x000000008a800000, 0x000000008a800000, 0x000000008a900000|  0%| F|  |TAMS 0x000000008a800000, 0x000000008a800000| Untracked 
|  27|0x000000008a900000, 0x000000008a900000, 0x000000008aa00000|  0%| F|  |TAMS 0x000000008a900000, 0x000000008a900000| Untracked 
|  28|0x000000008aa00000, 0x000000008aa00000, 0x000000008ab00000|  0%| F|  |TAMS 0x000000008aa00000, 0x000000008aa00000| Untracked 
|  29|0x000000008ab00000, 0x000000008ab00000, 0x000000008ac00000|  0%| F|  |TAMS 0x000000008ab00000, 0x000000008ab00000| Untracked 
|  30|0x000000008ac00000, 0x000000008ac00000, 0x000000008ad00000|  0%| F|  |TAMS 0x000000008ac00000, 0x000000008ac00000| Untracked 
|  31|0x000000008ad00000, 0x000000008ad00000, 0x000000008ae00000|  0%| F|  |TAMS 0x000000008ad00000, 0x000000008ad00000| Untracked 
|  32|0x000000008ae00000, 0x000000008ae00000, 0x000000008af00000|  0%| F|  |TAMS 0x000000008ae00000, 0x000000008ae00000| Untracked 
|  33|0x000000008af00000, 0x000000008af00000, 0x000000008b000000|  0%| F|  |TAMS 0x000000008af00000, 0x000000008af00000| Untracked 
|  34|0x000000008b000000, 0x000000008b000000, 0x000000008b100000|  0%| F|  |TAMS 0x000000008b000000, 0x000000008b000000| Untracked 
|  35|0x000000008b100000, 0x000000008b100000, 0x000000008b200000|  0%| F|  |TAMS 0x000000008b100000, 0x000000008b100000| Untracked 
|  36|0x000000008b200000, 0x000000008b200000, 0x000000008b300000|  0%| F|  |TAMS 0x000000008b200000, 0x000000008b200000| Untracked 
|  37|0x000000008b300000, 0x000000008b300000, 0x000000008b400000|  0%| F|  |TAMS 0x000000008b300000, 0x000000008b300000| Untracked 
|  38|0x000000008b400000, 0x000000008b400000, 0x000000008b500000|  0%| F|  |TAMS 0x000000008b400000, 0x000000008b400000| Untracked 
|  39|0x000000008b500000, 0x000000008b500000, 0x000000008b600000|  0%| F|  |TAMS 0x000000008b500000, 0x000000008b500000| Untracked 
|  40|0x000000008b600000, 0x000000008b600000, 0x000000008b700000|  0%| F|  |TAMS 0x000000008b600000, 0x000000008b600000| Untracked 
|  41|0x000000008b700000, 0x000000008b700000, 0x000000008b800000|  0%| F|  |TAMS 0x000000008b700000, 0x000000008b700000| Untracked 
|  42|0x000000008b800000, 0x000000008b800000, 0x000000008b900000|  0%| F|  |TAMS 0x000000008b800000, 0x000000008b800000| Untracked 
|  43|0x000000008b900000, 0x000000008b900000, 0x000000008ba00000|  0%| F|  |TAMS 0x000000008b900000, 0x000000008b900000| Untracked 
|  44|0x000000008ba00000, 0x000000008ba00000, 0x000000008bb00000|  0%| F|  |TAMS 0x000000008ba00000, 0x000000008ba00000| Untracked 
|  45|0x000000008bb00000, 0x000000008bb00000, 0x000000008bc00000|  0%| F|  |TAMS 0x000000008bb00000, 0x000000008bb00000| Untracked 
|  46|0x000000008bc00000, 0x000000008bc00000, 0x000000008bd00000|  0%| F|  |TAMS 0x000000008bc00000, 0x000000008bc00000| Untracked 
|  47|0x000000008bd00000, 0x000000008bd00000, 0x000000008be00000|  0%| F|  |TAMS 0x000000008bd00000, 0x000000008bd00000| Untracked 
|  48|0x000000008be00000, 0x000000008be00000, 0x000000008bf00000|  0%| F|  |TAMS 0x000000008be00000, 0x000000008be00000| Untracked 
|  49|0x000000008bf00000, 0x000000008bf00000, 0x000000008c000000|  0%| F|  |TAMS 0x000000008bf00000, 0x000000008bf00000| Untracked 
|  50|0x000000008c000000, 0x000000008c000000, 0x000000008c100000|  0%| F|  |TAMS 0x000000008c000000, 0x000000008c000000| Untracked 
|  51|0x000000008c100000, 0x000000008c100000, 0x000000008c200000|  0%| F|  |TAMS 0x000000008c100000, 0x000000008c100000| Untracked 
|  52|0x000000008c200000, 0x000000008c200000, 0x000000008c300000|  0%| F|  |TAMS 0x000000008c200000, 0x000000008c200000| Untracked 
|  53|0x000000008c300000, 0x000000008c300000, 0x000000008c400000|  0%| F|  |TAMS 0x000000008c300000, 0x000000008c300000| Untracked 
|  54|0x000000008c400000, 0x000000008c400000, 0x000000008c500000|  0%| F|  |TAMS 0x000000008c400000, 0x000000008c400000| Untracked 
|  55|0x000000008c500000, 0x000000008c500000, 0x000000008c600000|  0%| F|  |TAMS 0x000000008c500000, 0x000000008c500000| Untracked 
|  56|0x000000008c600000, 0x000000008c600000, 0x000000008c700000|  0%| F|  |TAMS 0x000000008c600000, 0x000000008c600000| Untracked 
|  57|0x000000008c700000, 0x000000008c700000, 0x000000008c800000|  0%| F|  |TAMS 0x000000008c700000, 0x000000008c700000| Untracked 
|  58|0x000000008c800000, 0x000000008c800000, 0x000000008c900000|  0%| F|  |TAMS 0x000000008c800000, 0x000000008c800000| Untracked 
|  59|0x000000008c900000, 0x000000008c900000, 0x000000008ca00000|  0%| F|  |TAMS 0x000000008c900000, 0x000000008c900000| Untracked 
|  60|0x000000008ca00000, 0x000000008ca00000, 0x000000008cb00000|  0%| F|  |TAMS 0x000000008ca00000, 0x000000008ca00000| Untracked 
|  61|0x000000008cb00000, 0x000000008cb00000, 0x000000008cc00000|  0%| F|  |TAMS 0x000000008cb00000, 0x000000008cb00000| Untracked 
|  62|0x000000008cc00000, 0x000000008cc00000, 0x000000008cd00000|  0%| F|  |TAMS 0x000000008cc00000, 0x000000008cc00000| Untracked 
|  63|0x000000008cd00000, 0x000000008cd00000, 0x000000008ce00000|  0%| F|  |TAMS 0x000000008cd00000, 0x000000008cd00000| Untracked 
|  64|0x000000008ce00000, 0x000000008ce00000, 0x000000008cf00000|  0%| F|  |TAMS 0x000000008ce00000, 0x000000008ce00000| Untracked 
|  65|0x000000008cf00000, 0x000000008cf00000, 0x000000008d000000|  0%| F|  |TAMS 0x000000008cf00000, 0x000000008cf00000| Untracked 
|  66|0x000000008d000000, 0x000000008d000000, 0x000000008d100000|  0%| F|  |TAMS 0x000000008d000000, 0x000000008d000000| Untracked 
|  67|0x000000008d100000, 0x000000008d100000, 0x000000008d200000|  0%| F|  |TAMS 0x000000008d100000, 0x000000008d100000| Untracked 
|  68|0x000000008d200000, 0x000000008d200000, 0x000000008d300000|  0%| F|  |TAMS 0x000000008d200000, 0x000000008d200000| Untracked 
|  69|0x000000008d300000, 0x000000008d300000, 0x000000008d400000|  0%| F|  |TAMS 0x000000008d300000, 0x000000008d300000| Untracked 
|  70|0x000000008d400000, 0x000000008d400000, 0x000000008d500000|  0%| F|  |TAMS 0x000000008d400000, 0x000000008d400000| Untracked 
|  71|0x000000008d500000, 0x000000008d500000, 0x000000008d600000|  0%| F|  |TAMS 0x000000008d500000, 0x000000008d500000| Untracked 
|  72|0x000000008d600000, 0x000000008d600000, 0x000000008d700000|  0%| F|  |TAMS 0x000000008d600000, 0x000000008d600000| Untracked 
|  73|0x000000008d700000, 0x000000008d700000, 0x000000008d800000|  0%| F|  |TAMS 0x000000008d700000, 0x000000008d700000| Untracked 
|  74|0x000000008d800000, 0x000000008d800000, 0x000000008d900000|  0%| F|  |TAMS 0x000000008d800000, 0x000000008d800000| Untracked 
|  75|0x000000008d900000, 0x000000008d900000, 0x000000008da00000|  0%| F|  |TAMS 0x000000008d900000, 0x000000008d900000| Untracked 
|  76|0x000000008da00000, 0x000000008da00000, 0x000000008db00000|  0%| F|  |TAMS 0x000000008da00000, 0x000000008da00000| Untracked 
|  77|0x000000008db00000, 0x000000008db00000, 0x000000008dc00000|  0%| F|  |TAMS 0x000000008db00000, 0x000000008db00000| Untracked 
|  78|0x000000008dc00000, 0x000000008dc00000, 0x000000008dd00000|  0%| F|  |TAMS 0x000000008dc00000, 0x000000008dc00000| Untracked 
|  79|0x000000008dd00000, 0x000000008dd00000, 0x000000008de00000|  0%| F|  |TAMS 0x000000008dd00000, 0x000000008dd00000| Untracked 
|  80|0x000000008de00000, 0x000000008de00000, 0x000000008df00000|  0%| F|  |TAMS 0x000000008de00000, 0x000000008de00000| Untracked 
|  81|0x000000008df00000, 0x000000008df00000, 0x000000008e000000|  0%| F|  |TAMS 0x000000008df00000, 0x000000008df00000| Untracked 
|  82|0x000000008e000000, 0x000000008e000000, 0x000000008e100000|  0%| F|  |TAMS 0x000000008e000000, 0x000000008e000000| Untracked 
|  83|0x000000008e100000, 0x000000008e100000, 0x000000008e200000|  0%| F|  |TAMS 0x000000008e100000, 0x000000008e100000| Untracked 
|  84|0x000000008e200000, 0x000000008e200000, 0x000000008e300000|  0%| F|  |TAMS 0x000000008e200000, 0x000000008e200000| Untracked 
|  85|0x000000008e300000, 0x000000008e300000, 0x000000008e400000|  0%| F|  |TAMS 0x000000008e300000, 0x000000008e300000| Untracked 
|  86|0x000000008e400000, 0x000000008e400000, 0x000000008e500000|  0%| F|  |TAMS 0x000000008e400000, 0x000000008e400000| Untracked 
|  87|0x000000008e500000, 0x000000008e500000, 0x000000008e600000|  0%| F|  |TAMS 0x000000008e500000, 0x000000008e500000| Untracked 
|  88|0x000000008e600000, 0x000000008e600000, 0x000000008e700000|  0%| F|  |TAMS 0x000000008e600000, 0x000000008e600000| Untracked 
|  89|0x000000008e700000, 0x000000008e700000, 0x000000008e800000|  0%| F|  |TAMS 0x000000008e700000, 0x000000008e700000| Untracked 
|  90|0x000000008e800000, 0x000000008e800000, 0x000000008e900000|  0%| F|  |TAMS 0x000000008e800000, 0x000000008e800000| Untracked 
|  91|0x000000008e900000, 0x000000008e900000, 0x000000008ea00000|  0%| F|  |TAMS 0x000000008e900000, 0x000000008e900000| Untracked 
|  92|0x000000008ea00000, 0x000000008ea00000, 0x000000008eb00000|  0%| F|  |TAMS 0x000000008ea00000, 0x000000008ea00000| Untracked 
|  93|0x000000008eb00000, 0x000000008eb00000, 0x000000008ec00000|  0%| F|  |TAMS 0x000000008eb00000, 0x000000008eb00000| Untracked 
|  94|0x000000008ec00000, 0x000000008ec00000, 0x000000008ed00000|  0%| F|  |TAMS 0x000000008ec00000, 0x000000008ec00000| Untracked 
|  95|0x000000008ed00000, 0x000000008ed00000, 0x000000008ee00000|  0%| F|  |TAMS 0x000000008ed00000, 0x000000008ed00000| Untracked 
|  96|0x000000008ee00000, 0x000000008ee00000, 0x000000008ef00000|  0%| F|  |TAMS 0x000000008ee00000, 0x000000008ee00000| Untracked 
|  97|0x000000008ef00000, 0x000000008ef00000, 0x000000008f000000|  0%| F|  |TAMS 0x000000008ef00000, 0x000000008ef00000| Untracked 
|  98|0x000000008f000000, 0x000000008f000000, 0x000000008f100000|  0%| F|  |TAMS 0x000000008f000000, 0x000000008f000000| Untracked 
|  99|0x000000008f100000, 0x000000008f100000, 0x000000008f200000|  0%| F|  |TAMS 0x000000008f100000, 0x000000008f100000| Untracked 
| 100|0x000000008f200000, 0x000000008f200000, 0x000000008f300000|  0%| F|  |TAMS 0x000000008f200000, 0x000000008f200000| Untracked 
| 101|0x000000008f300000, 0x000000008f300000, 0x000000008f400000|  0%| F|  |TAMS 0x000000008f300000, 0x000000008f300000| Untracked 
| 102|0x000000008f400000, 0x000000008f43d798, 0x000000008f500000| 24%| E|  |TAMS 0x000000008f400000, 0x000000008f400000| Complete 
| 103|0x000000008f500000, 0x000000008f600000, 0x000000008f600000|100%| E|CS|TAMS 0x000000008f500000, 0x000000008f500000| Complete 
| 104|0x000000008f600000, 0x000000008f61b290, 0x000000008f700000| 10%| S|CS|TAMS 0x000000008f600000, 0x000000008f600000| Complete 
| 105|0x000000008f700000, 0x000000008f800000, 0x000000008f800000|100%| E|CS|TAMS 0x000000008f700000, 0x000000008f700000| Complete 
| 106|0x000000008f800000, 0x000000008f900000, 0x000000008f900000|100%| E|CS|TAMS 0x000000008f800000, 0x000000008f800000| Complete 
| 107|0x000000008f900000, 0x000000008fa00000, 0x000000008fa00000|100%| S|CS|TAMS 0x000000008f900000, 0x000000008f900000| Complete 
| 108|0x000000008fa00000, 0x000000008fb00000, 0x000000008fb00000|100%| E|CS|TAMS 0x000000008fa00000, 0x000000008fa00000| Complete 
| 109|0x000000008fb00000, 0x000000008fc00000, 0x000000008fc00000|100%| E|  |TAMS 0x000000008fb00000, 0x000000008fb00000| Complete 
| 110|0x000000008fc00000, 0x000000008fd00000, 0x000000008fd00000|100%| E|CS|TAMS 0x000000008fc00000, 0x000000008fc00000| Complete 
| 111|0x000000008fd00000, 0x000000008fe00000, 0x000000008fe00000|100%| E|CS|TAMS 0x000000008fd00000, 0x000000008fd00000| Complete 
| 112|0x000000008fe00000, 0x000000008ff00000, 0x000000008ff00000|100%| E|CS|TAMS 0x000000008fe00000, 0x000000008fe00000| Complete 
| 113|0x000000008ff00000, 0x0000000090000000, 0x0000000090000000|100%| E|CS|TAMS 0x000000008ff00000, 0x000000008ff00000| Complete 
| 114|0x0000000090000000, 0x0000000090100000, 0x0000000090100000|100%| E|CS|TAMS 0x0000000090000000, 0x0000000090000000| Complete 
| 115|0x0000000090100000, 0x0000000090200000, 0x0000000090200000|100%| E|CS|TAMS 0x0000000090100000, 0x0000000090100000| Complete 
| 116|0x0000000090200000, 0x0000000090300000, 0x0000000090300000|100%| E|CS|TAMS 0x0000000090200000, 0x0000000090200000| Complete 
| 117|0x0000000090300000, 0x0000000090400000, 0x0000000090400000|100%| E|CS|TAMS 0x0000000090300000, 0x0000000090300000| Complete 
| 118|0x0000000090400000, 0x0000000090500000, 0x0000000090500000|100%| E|CS|TAMS 0x0000000090400000, 0x0000000090400000| Complete 
| 119|0x0000000090500000, 0x0000000090600000, 0x0000000090600000|100%| E|CS|TAMS 0x0000000090500000, 0x0000000090500000| Complete 

Card table byte_map: [0x00000211e71e0000,0x00000211e75a0000] _byte_map_base: 0x00000211e6d99000

Marking Bits (Prev, Next): (CMBitMap*) 0x00000211cddee7d0, (CMBitMap*) 0x00000211cddee810
 Prev Bits: [0x00000211e7960000, 0x00000211e9728000)
 Next Bits: [0x00000211e9730000, 0x00000211eb4f8000)

Polling page: 0x00000211cdd10000

Metaspace:

Usage:
  Non-class:     10.24 MB used.
      Class:      1.36 MB used.
       Both:     11.60 MB used.

Virtual space:
  Non-class space:       64.00 MB reserved,      10.31 MB ( 16%) committed,  1 nodes.
      Class space:        1.00 GB reserved,       1.44 MB ( <1%) committed,  1 nodes.
             Both:        1.06 GB reserved,      11.75 MB (  1%) committed. 

Chunk freelists:
   Non-Class:  1.42 MB
       Class:  2.44 MB
        Both:  3.86 MB

MaxMetaspaceSize: unlimited
CompressedClassSpaceSize: 1.00 GB
Initial GC threshold: 21.00 MB
Current GC threshold: 21.00 MB
CDS: on
MetaspaceReclaimPolicy: balanced
 - commit_granule_bytes: 65536.
 - commit_granule_words: 8192.
 - virtual_space_node_default_size: 8388608.
 - enlarge_chunks_in_place: 1.
 - new_chunks_are_fully_committed: 0.
 - uncommit_free_chunks: 1.
 - use_allocation_guard: 0.


Internal statistics:

num_allocs_failed_limit: 0.
num_arena_births: 196.
num_arena_deaths: 0.
num_vsnodes_births: 2.
num_vsnodes_deaths: 0.
num_space_committed: 188.
num_space_uncommitted: 0.
num_chunks_returned_to_freelist: 0.
num_chunks_taken_from_freelist: 574.
num_chunk_merges: 0.
num_chunk_splits: 379.
num_chunks_enlarged: 288.
num_inconsistent_stats: 0.

CodeHeap 'non-profiled nmethods': size=120000Kb used=552Kb max_used=552Kb free=119447Kb
 bounds [0x00000211df2d0000, 0x00000211df540000, 0x00000211e6800000]
CodeHeap 'profiled nmethods': size=120000Kb used=2997Kb max_used=2997Kb free=117002Kb
 bounds [0x00000211d7800000, 0x00000211d7af0000, 0x00000211ded30000]
CodeHeap 'non-nmethods': size=5760Kb used=1263Kb max_used=1292Kb free=4496Kb
 bounds [0x00000211ded30000, 0x00000211defa0000, 0x00000211df2d0000]
 total_blobs=2131 nmethods=1660 adapters=381
 compilation: enabled
              stopped_count=0, restarted_count=0
 full_count=0

Compilation events (20 events):
Event: 2.930 Thread 0x00000211eda413a0 nmethod 1652 0x00000211d7ae5990 code [0x00000211d7ae5f00, 0x00000211d7ae90a8]
Event: 2.931 Thread 0x00000211eda413a0 1654       3       java.util.AbstractCollection::addAll (42 bytes)
Event: 2.931 Thread 0x00000211eda413a0 nmethod 1654 0x00000211d7ae9a10 code [0x00000211d7ae9c00, 0x00000211d7aea138]
Event: 2.931 Thread 0x00000211eda413a0 1655       3       jdk.internal.org.objectweb.asm.FieldVisitor::<init> (78 bytes)
Event: 2.932 Thread 0x00000211eda413a0 nmethod 1655 0x00000211d7aea290 code [0x00000211d7aea4c0, 0x00000211d7aeac88]
Event: 2.932 Thread 0x00000211eda413a0 1653       3       java.util.LinkedHashMap::afterNodeAccess (116 bytes)
Event: 2.933 Thread 0x00000211eda413a0 nmethod 1653 0x00000211d7aeaf90 code [0x00000211d7aeb160, 0x00000211d7aeb7b8]
Event: 2.934 Thread 0x00000211eda413a0 1657       3       jdk.internal.reflect.ReflectionFactory::copyMethod (11 bytes)
Event: 2.934 Thread 0x00000211eda413a0 nmethod 1657 0x00000211d7aeb910 code [0x00000211d7aebac0, 0x00000211d7aebca8]
Event: 2.934 Thread 0x00000211eda413a0 1658       3       java.lang.reflect.ReflectAccess::copyMethod (5 bytes)
Event: 2.934 Thread 0x00000211eda413a0 nmethod 1658 0x00000211d7aebe10 code [0x00000211d7aebfc0, 0x00000211d7aec108]
Event: 2.934 Thread 0x00000211eda413a0 1659       3       java.lang.reflect.Method::copy (84 bytes)
Event: 2.935 Thread 0x00000211eda413a0 nmethod 1659 0x00000211d7aec210 code [0x00000211d7aec3e0, 0x00000211d7aec7f8]
Event: 2.935 Thread 0x00000211eda413a0 1660       3       java.lang.reflect.Method::<init> (68 bytes)
Event: 2.935 Thread 0x00000211eda413a0 nmethod 1660 0x00000211d7aec910 code [0x00000211d7aecae0, 0x00000211d7aed078]
Event: 2.935 Thread 0x00000211eda413a0 1661       3       org.springframework.util.Assert::state (14 bytes)
Event: 2.936 Thread 0x00000211eda413a0 nmethod 1661 0x00000211d7aed190 code [0x00000211d7aed340, 0x00000211d7aed528]
Event: 2.938 Thread 0x00000211eda413a0 1662       3       org.springframework.core.annotation.AttributeMethods::size (6 bytes)
Event: 2.982 Thread 0x00000211eda3c600 nmethod 1650 0x00000211df355790 code [0x00000211df356440, 0x00000211df358298]
Event: 2.982 Thread 0x00000211eda3c600 1656       4       jdk.internal.org.objectweb.asm.ByteVector::put12 (64 bytes)

GC Heap History (4 events):
Event: 1.367 GC heap before
{Heap before GC invocations=0 (full 0):
 garbage-first heap   total 122880K, used 13312K [0x0000000088e00000, 0x0000000100000000)
  region size 1024K, 13 young (13312K), 0 survivors (0K)
 Metaspace       used 3839K, committed 4032K, reserved 1114112K
  class space    used 380K, committed 512K, reserved 1048576K
}
Event: 1.387 GC heap after
{Heap after GC invocations=1 (full 0):
 garbage-first heap   total 122880K, used 6500K [0x0000000088e00000, 0x0000000100000000)
  region size 1024K, 2 young (2048K), 2 survivors (2048K)
 Metaspace       used 3839K, committed 4032K, reserved 1114112K
  class space    used 380K, committed 512K, reserved 1048576K
}
Event: 2.124 GC heap before
{Heap before GC invocations=1 (full 0):
 garbage-first heap   total 122880K, used 18788K [0x0000000088e00000, 0x0000000100000000)
  region size 1024K, 14 young (14336K), 2 survivors (2048K)
 Metaspace       used 7431K, committed 7616K, reserved 1114112K
  class space    used 859K, committed 960K, reserved 1048576K
}
Event: 2.133 GC heap after
{Heap after GC invocations=2 (full 0):
 garbage-first heap   total 122880K, used 7635K [0x0000000088e00000, 0x0000000100000000)
  region size 1024K, 2 young (2048K), 2 survivors (2048K)
 Metaspace       used 7431K, committed 7616K, reserved 1114112K
  class space    used 859K, committed 960K, reserved 1048576K
}

Dll operation events (11 events):
Event: 0.019 Loaded shared library C:\Program Files\Java\jdk-19\bin\java.dll
Event: 0.038 Loaded shared library C:\Program Files\Java\jdk-19\bin\jsvml.dll
Event: 0.298 Loaded shared library C:\Program Files\Java\jdk-19\bin\zip.dll
Event: 0.303 Loaded shared library C:\Program Files\Java\jdk-19\bin\instrument.dll
Event: 0.330 Loaded shared library C:\Program Files\Java\jdk-19\bin\net.dll
Event: 0.334 Loaded shared library C:\Program Files\Java\jdk-19\bin\nio.dll
Event: 0.338 Loaded shared library C:\Program Files\Java\jdk-19\bin\zip.dll
Event: 0.533 Loaded shared library C:\Program Files\JetBrains\IntelliJ IDEA Community Edition 2022.3.2\bin\breakgen64.dll
Event: 0.555 Loaded shared library C:\Program Files\Java\jdk-19\bin\extnet.dll
Event: 0.646 Loaded shared library C:\Program Files\Java\jdk-19\bin\jimage.dll
Event: 2.760 Loaded shared library C:\Program Files\Java\jdk-19\bin\verify.dll

Deoptimization events (20 events):
Event: 2.691 Thread 0x00000211f2c5b0c0 Uncommon trap: trap_request=0xffffffde fr.pc=0x00000211df3503c8 relative=0x0000000000000128
Event: 2.691 Thread 0x00000211f2c5b0c0 Uncommon trap: reason=class_check action=maybe_recompile pc=0x00000211df3503c8 method=jdk.internal.misc.Unsafe.allocateUninitializedArray(Ljava/lang/Class;I)Ljava/lang/Object; @ 51 c2
Event: 2.691 Thread 0x00000211f2c5b0c0 DEOPT PACKING pc=0x00000211df3503c8 sp=0x0000007a18ffabb0
Event: 2.691 Thread 0x00000211f2c5b0c0 DEOPT UNPACKING pc=0x00000211ded96da3 sp=0x0000007a18ffab38 mode 2
Event: 2.691 Thread 0x00000211f2c5b0c0 Uncommon trap: trap_request=0xffffffde fr.pc=0x00000211df3503c8 relative=0x0000000000000128
Event: 2.691 Thread 0x00000211f2c5b0c0 Uncommon trap: reason=class_check action=maybe_recompile pc=0x00000211df3503c8 method=jdk.internal.misc.Unsafe.allocateUninitializedArray(Ljava/lang/Class;I)Ljava/lang/Object; @ 51 c2
Event: 2.691 Thread 0x00000211f2c5b0c0 DEOPT PACKING pc=0x00000211df3503c8 sp=0x0000007a18ffad50
Event: 2.691 Thread 0x00000211f2c5b0c0 DEOPT UNPACKING pc=0x00000211ded96da3 sp=0x0000007a18ffacd8 mode 2
Event: 2.806 Thread 0x00000211cdd93c80 Uncommon trap: trap_request=0xffffff45 fr.pc=0x00000211df32e2d0 relative=0x0000000000000b90
Event: 2.806 Thread 0x00000211cdd93c80 Uncommon trap: reason=unstable_if action=reinterpret pc=0x00000211df32e2d0 method=java.util.concurrent.ConcurrentHashMap.putVal(Ljava/lang/Object;Ljava/lang/Object;Z)Ljava/lang/Object; @ 112 c2
Event: 2.806 Thread 0x00000211cdd93c80 DEOPT PACKING pc=0x00000211df32e2d0 sp=0x0000007a177fe7d0
Event: 2.806 Thread 0x00000211cdd93c80 DEOPT UNPACKING pc=0x00000211ded96da3 sp=0x0000007a177fe750 mode 2
Event: 2.806 Thread 0x00000211cdd93c80 Uncommon trap: trap_request=0xffffff45 fr.pc=0x00000211df3389fc relative=0x00000000000001bc
Event: 2.806 Thread 0x00000211cdd93c80 Uncommon trap: reason=unstable_if action=reinterpret pc=0x00000211df3389fc method=java.util.concurrent.ConcurrentHashMap.addCount(JI)V @ 171 c2
Event: 2.806 Thread 0x00000211cdd93c80 DEOPT PACKING pc=0x00000211df3389fc sp=0x0000007a177fe710
Event: 2.806 Thread 0x00000211cdd93c80 DEOPT UNPACKING pc=0x00000211ded96da3 sp=0x0000007a177fe670 mode 2
Event: 2.930 Thread 0x00000211cdd93c80 Uncommon trap: trap_request=0xffffff45 fr.pc=0x00000211df332474 relative=0x00000000000002d4
Event: 2.930 Thread 0x00000211cdd93c80 Uncommon trap: reason=unstable_if action=reinterpret pc=0x00000211df332474 method=jdk.internal.org.objectweb.asm.SymbolTable.put(Ljdk/internal/org/objectweb/asm/SymbolTable$Entry;)Ljdk/internal/org/objectweb/asm/SymbolTable$Entry; @ 13 c2
Event: 2.930 Thread 0x00000211cdd93c80 DEOPT PACKING pc=0x00000211df332474 sp=0x0000007a177fd6b0
Event: 2.930 Thread 0x00000211cdd93c80 DEOPT UNPACKING pc=0x00000211ded96da3 sp=0x0000007a177fd630 mode 2

Classes loaded (20 events):
Event: 2.855 Loading class java/time/ZonedDateTime$1
Event: 2.856 Loading class java/time/ZonedDateTime$1 done
Event: 2.867 Loading class org/xml/sax/ErrorHandler
Event: 2.867 Loading class org/xml/sax/ErrorHandler done
Event: 2.868 Loading class org/xml/sax/SAXParseException
Event: 2.868 Loading class org/xml/sax/SAXParseException done
Event: 2.871 Loading class java/lang/invoke/DirectMethodHandle$StaticAccessor
Event: 2.871 Loading class java/lang/invoke/DirectMethodHandle$StaticAccessor done
Event: 2.872 Loading class jdk/internal/reflect/MethodHandleIntegerFieldAccessorImpl
Event: 2.872 Loading class jdk/internal/reflect/MethodHandleIntegerFieldAccessorImpl done
Event: 2.880 Loading class java/io/CharConversionException
Event: 2.880 Loading class java/io/CharConversionException done
Event: 2.915 Loading class java/lang/annotation/Repeatable
Event: 2.915 Loading class java/lang/annotation/Repeatable done
Event: 2.919 Loading class java/beans/Transient
Event: 2.919 Loading class java/beans/Transient done
Event: 2.919 Loading class java/beans/ConstructorProperties
Event: 2.919 Loading class java/beans/ConstructorProperties done
Event: 2.935 Loading class java/io/InvalidObjectException
Event: 2.935 Loading class java/io/InvalidObjectException done

Classes unloaded (0 events):
No events

Classes redefined (0 events):
No events

Internal exceptions (20 events):
Event: 1.956 Thread 0x00000211cdd93c80 Exception <a 'java/lang/NoSuchMethodError'{0x000000008fc34708}: 'java.lang.Object java.lang.invoke.DirectMethodHandle$Holder.invokeSpecial(java.lang.Object, java.lang.Object, java.lang.Object, java.lang.Object, java.lang.Object, java.lang.Object, java.lang.Object, int)'> (0x000000008fc34708) 
thrown [s\open\src\hotspot\share\interpreter\linkResolver.cpp, line 774]
Event: 2.028 Thread 0x00000211cdd93c80 Exception <a 'java/lang/NoSuchMethodError'{0x000000008fb4c698}: 'int java.lang.invoke.DirectMethodHandle$Holder.invokeInterface(java.lang.Object, java.lang.Object)'> (0x000000008fb4c698) 
thrown [s\open\src\hotspot\share\interpreter\linkResolver.cpp, line 774]
Event: 2.073 Thread 0x00000211cdd93c80 Exception <a 'java/lang/NoSuchMethodError'{0x000000008fa1e4d8}: 'void java.lang.invoke.DirectMethodHandle$Holder.invokeSpecial(java.lang.Object, java.lang.Object, java.lang.Object, java.lang.Object, java.lang.Object)'> (0x000000008fa1e4d8) 
thrown [s\open\src\hotspot\share\interpreter\linkResolver.cpp, line 774]
Event: 2.201 Thread 0x00000211cdd93c80 Exception <a 'java/lang/NoSuchMethodError'{0x0000000090433ee0}: 'void java.lang.invoke.DirectMethodHandle$Holder.invokeSpecial(java.lang.Object, java.lang.Object, java.lang.Object, java.lang.Object, java.lang.Object, java.lang.Object)'> (0x0000000090433ee0) 
thrown [s\open\src\hotspot\share\interpreter\linkResolver.cpp, line 774]
Event: 2.246 Thread 0x00000211cdd93c80 Exception <a 'java/lang/NoSuchMethodError'{0x00000000904f9188}: 'java.lang.Object java.lang.invoke.DirectMethodHandle$Holder.invokeSpecial(java.lang.Object, java.lang.Object, java.lang.Object, int, java.lang.Object)'> (0x00000000904f9188) 
thrown [s\open\src\hotspot\share\interpreter\linkResolver.cpp, line 774]
Event: 2.247 Thread 0x00000211cdd93c80 Exception <a 'java/lang/NoSuchMethodError'{0x0000000090301dd8}: 'java.lang.Object java.lang.invoke.DirectMethodHandle$Holder.newInvokeSpecial(java.lang.Object, java.lang.Object, java.lang.Object, int, java.lang.Object)'> (0x0000000090301dd8) 
thrown [s\open\src\hotspot\share\interpreter\linkResolver.cpp, line 774]
Event: 2.248 Thread 0x00000211cdd93c80 Exception <a 'java/lang/NoSuchMethodError'{0x00000000903097c8}: 'java.lang.Object java.lang.invoke.Invokers$Holder.linkToTargetMethod(java.lang.Object, java.lang.Object, int, java.lang.Object, java.lang.Object)'> (0x00000000903097c8) 
thrown [s\open\src\hotspot\share\interpreter\linkResolver.cpp, line 774]
Event: 2.251 Thread 0x00000211cdd93c80 Exception <a 'java/lang/NoSuchMethodError'{0x00000000903182c8}: 'java.lang.Object java.lang.invoke.DirectMethodHandle$Holder.newInvokeSpecial(java.lang.Object, int, java.lang.Object)'> (0x00000000903182c8) 
thrown [s\open\src\hotspot\share\interpreter\linkResolver.cpp, line 774]
Event: 2.252 Thread 0x00000211cdd93c80 Exception <a 'java/lang/NoSuchMethodError'{0x000000009031d028}: 'int java.lang.invoke.DirectMethodHandle$Holder.invokeSpecialIFC(java.lang.Object, java.lang.Object, java.lang.Object, java.lang.Object)'> (0x000000009031d028) 
thrown [s\open\src\hotspot\share\interpreter\linkResolver.cpp, line 774]
Event: 2.306 Thread 0x00000211cdd93c80 Exception <a 'java/lang/NoSuchMethodError'{0x00000000903d8108}: 'void java.lang.invoke.DirectMethodHandle$Holder.invokeInterface(java.lang.Object, java.lang.Object, java.lang.Object)'> (0x00000000903d8108) 
thrown [s\open\src\hotspot\share\interpreter\linkResolver.cpp, line 774]
Event: 2.363 Thread 0x00000211cdd93c80 Exception <a 'java/lang/NoSuchMethodError'{0x0000000090242a88}: 'void java.lang.invoke.DirectMethodHandle$Holder.invokeStaticInit(java.lang.Object, java.lang.Object)'> (0x0000000090242a88) 
thrown [s\open\src\hotspot\share\interpreter\linkResolver.cpp, line 774]
Event: 2.367 Thread 0x00000211cdd93c80 Exception <a 'java/lang/NoSuchMethodError'{0x000000009024ebe8}: 'void java.lang.invoke.DirectMethodHandle$Holder.invokeStaticInit(java.lang.Object, java.lang.Object, java.lang.Object)'> (0x000000009024ebe8) 
thrown [s\open\src\hotspot\share\interpreter\linkResolver.cpp, line 774]
Event: 2.388 Thread 0x00000211cdd93c80 Exception <a 'java/lang/NoSuchMethodError'{0x000000009028a1b0}: 'java.lang.Object java.lang.invoke.DirectMethodHandle$Holder.invokeStatic(java.lang.Object, long, java.lang.Object)'> (0x000000009028a1b0) 
thrown [s\open\src\hotspot\share\interpreter\linkResolver.cpp, line 774]
Event: 2.391 Thread 0x00000211cdd93c80 Exception <a 'java/lang/NoSuchMethodError'{0x000000009028dab0}: 'java.lang.Object java.lang.invoke.DirectMethodHandle$Holder.invokeStaticInit(java.lang.Object, long, java.lang.Object)'> (0x000000009028dab0) 
thrown [s\open\src\hotspot\share\interpreter\linkResolver.cpp, line 774]
Event: 2.392 Thread 0x00000211cdd93c80 Exception <a 'java/lang/NoSuchMethodError'{0x0000000090293ae0}: 'java.lang.Object java.lang.invoke.DirectMethodHandle$Holder.newInvokeSpecial(java.lang.Object, long)'> (0x0000000090293ae0) 
thrown [s\open\src\hotspot\share\interpreter\linkResolver.cpp, line 774]
Event: 2.426 Thread 0x00000211cdd93c80 Exception <a 'java/lang/NoSuchMethodError'{0x00000000902d4368}: 'void java.lang.invoke.DirectMethodHandle$Holder.invokeVirtual(java.lang.Object, java.lang.Object, java.lang.Object, java.lang.Object)'> (0x00000000902d4368) 
thrown [s\open\src\hotspot\share\interpreter\linkResolver.cpp, line 774]
Event: 2.523 Thread 0x00000211cdd93c80 Exception <a 'java/lang/NoSuchMethodError'{0x0000000090006b50}: 'void java.lang.invoke.DirectMethodHandle$Holder.invokeSpecial(java.lang.Object, java.lang.Object, java.lang.Object)'> (0x0000000090006b50) 
thrown [s\open\src\hotspot\share\interpreter\linkResolver.cpp, line 774]
Event: 2.551 Thread 0x00000211cdd93c80 Exception <a 'java/lang/IncompatibleClassChangeError'{0x0000000090036ca0}: Found class java.lang.Object, but interface was expected> (0x0000000090036ca0) 
thrown [s\open\src\hotspot\share\interpreter\linkResolver.cpp, line 841]
Event: 2.582 Thread 0x00000211f2c5b0c0 Exception <a 'java/lang/NoClassDefFoundError'{0x00000000900c65f0}: jakarta/validation/Validation> (0x00000000900c65f0) 
thrown [s\open\src\hotspot\share\classfile\systemDictionary.cpp, line 244]
Event: 2.873 Thread 0x00000211cdd93c80 Exception <a 'java/lang/NoSuchMethodError'{0x000000008f72b2c8}: 'int java.lang.invoke.Invokers$Holder.invokeExact_MT(java.lang.Object, java.lang.Object)'> (0x000000008f72b2c8) 
thrown [s\open\src\hotspot\share\interpreter\linkResolver.cpp, line 774]

VM Operations (20 events):
Event: 1.367 Executing VM operation: G1CollectForAllocation
Event: 1.387 Executing VM operation: G1CollectForAllocation done
Event: 1.388 Executing VM operation: HandshakeAllThreads
Event: 1.388 Executing VM operation: HandshakeAllThreads done
Event: 1.451 Executing VM operation: HandshakeAllThreads
Event: 1.451 Executing VM operation: HandshakeAllThreads done
Event: 1.451 Executing VM operation: HandshakeAllThreads
Event: 1.451 Executing VM operation: HandshakeAllThreads done
Event: 1.624 Executing VM operation: HandshakeAllThreads
Event: 1.624 Executing VM operation: HandshakeAllThreads done
Event: 2.054 Executing VM operation: HandshakeAllThreads
Event: 2.054 Executing VM operation: HandshakeAllThreads done
Event: 2.124 Executing VM operation: G1CollectForAllocation
Event: 2.133 Executing VM operation: G1CollectForAllocation done
Event: 2.508 Executing VM operation: HandshakeAllThreads
Event: 2.508 Executing VM operation: HandshakeAllThreads done
Event: 2.518 Executing VM operation: HandshakeAllThreads
Event: 2.518 Executing VM operation: HandshakeAllThreads done
Event: 2.518 Executing VM operation: HandshakeAllThreads
Event: 2.518 Executing VM operation: HandshakeAllThreads done

Events (18 events):
Event: 0.039 Thread 0x00000211cdd93c80 Thread added: 0x00000211cdd93c80
Event: 0.064 Thread 0x00000211eda37860 Thread added: 0x00000211eda37860
Event: 0.065 Thread 0x00000211eda38330 Thread added: 0x00000211eda38330
Event: 0.065 Thread 0x00000211eda38e00 Thread added: 0x00000211eda38e00
Event: 0.065 Thread 0x00000211eda39730 Thread added: 0x00000211eda39730
Event: 0.065 Thread 0x00000211eda3a060 Thread added: 0x00000211eda3a060
Event: 0.066 Thread 0x00000211eda3a990 Thread added: 0x00000211eda3a990
Event: 0.066 Thread 0x00000211eda3c600 Thread added: 0x00000211eda3c600
Event: 0.067 Thread 0x00000211eda413a0 Thread added: 0x00000211eda413a0
Event: 0.075 Thread 0x00000211eda4dde0 Thread added: 0x00000211eda4dde0
Event: 0.253 Thread 0x00000211eda0abd0 Thread added: 0x00000211eda0abd0
Event: 0.534 Thread 0x00000211f22d3420 Thread added: 0x00000211f22d3420
Event: 0.534 Thread 0x00000211f21f7ba0 Thread added: 0x00000211f21f7ba0
Event: 0.993 Thread 0x00000211f24898e0 Thread added: 0x00000211f24898e0
Event: 1.352 Thread 0x00000211f24898e0 Thread exited: 0x00000211f24898e0
Event: 2.265 Thread 0x00000211f2c3af90 Thread added: 0x00000211f2c3af90
Event: 2.530 Thread 0x00000211f2c5b0c0 Thread added: 0x00000211f2c5b0c0
Event: 2.828 Thread 0x00000211f2c3af90 Thread exited: 0x00000211f2c3af90


Dynamic libraries:
0x00007ff783a60000 - 0x00007ff783a70000 	C:\Program Files\Java\jdk-19\bin\java.exe
0x00007ff853350000 - 0x00007ff853548000 	C:\WINDOWS\SYSTEM32\ntdll.dll
0x00007ff8525b0000 - 0x00007ff85266f000 	C:\WINDOWS\System32\KERNEL32.DLL
0x00007ff850d40000 - 0x00007ff851012000 	C:\WINDOWS\System32\KERNELBASE.dll
0x00007ff851020000 - 0x00007ff851120000 	C:\WINDOWS\System32\ucrtbase.dll
0x00007ff81d630000 - 0x00007ff81d648000 	C:\Program Files\Java\jdk-19\bin\jli.dll
0x00007ff8528c0000 - 0x00007ff85296e000 	C:\WINDOWS\System32\ADVAPI32.dll
0x00007ff852a30000 - 0x00007ff852ace000 	C:\WINDOWS\System32\msvcrt.dll
0x00007ff8526d0000 - 0x00007ff85276c000 	C:\WINDOWS\System32\sechost.dll
0x00007ff8513a0000 - 0x00007ff8514c5000 	C:\WINDOWS\System32\RPCRT4.dll
0x00007ff852ad0000 - 0x00007ff852c71000 	C:\WINDOWS\System32\USER32.dll
0x00007ff850c00000 - 0x00007ff850c22000 	C:\WINDOWS\System32\win32u.dll
0x00007ff852140000 - 0x00007ff85216b000 	C:\WINDOWS\System32\GDI32.dll
0x00007ff850c30000 - 0x00007ff850d3f000 	C:\WINDOWS\System32\gdi32full.dll
0x00007ff851190000 - 0x00007ff85122d000 	C:\WINDOWS\System32\msvcp_win.dll
0x00007ff81d610000 - 0x00007ff81d62b000 	C:\Program Files\Java\jdk-19\bin\VCRUNTIME140.dll
0x00007ff834f40000 - 0x00007ff8351da000 	C:\WINDOWS\WinSxS\amd64_microsoft.windows.common-controls_6595b64144ccf1df_6.0.19041.1110_none_60b5254171f9507e\COMCTL32.dll
0x00007ff850400000 - 0x00007ff85040a000 	C:\WINDOWS\SYSTEM32\VERSION.dll
0x00007ff8514d0000 - 0x00007ff851502000 	C:\WINDOWS\System32\IMM32.DLL
0x0000000071c60000 - 0x0000000071c6c000 	C:\Program Files (x86)\360\Total Security\safemon\SafeWrapper.dll
0x00007ffff5ec0000 - 0x00007ffff5f52000 	C:\Program Files (x86)\360\Total Security\safemon\libzdtp64.dll
0x00007ff851510000 - 0x00007ff851c55000 	C:\WINDOWS\System32\SHELL32.dll
0x00007ff8520e0000 - 0x00007ff852135000 	C:\WINDOWS\System32\SHLWAPI.dll
0x00007ff832780000 - 0x00007ff83278c000 	C:\Program Files\Java\jdk-19\bin\vcruntime140_1.dll
0x00007fffdb900000 - 0x00007fffdb98e000 	C:\Program Files\Java\jdk-19\bin\msvcp140.dll
0x00007fffd4a10000 - 0x00007fffd56d0000 	C:\Program Files\Java\jdk-19\bin\server\jvm.dll
0x00007ff836150000 - 0x00007ff836159000 	C:\WINDOWS\SYSTEM32\WSOCK32.dll
0x00007ff852470000 - 0x00007ff8524db000 	C:\WINDOWS\System32\WS2_32.dll
0x00007ff83b770000 - 0x00007ff83b797000 	C:\WINDOWS\SYSTEM32\WINMM.dll
0x00007ff84e850000 - 0x00007ff84e862000 	C:\WINDOWS\SYSTEM32\kernel.appcore.dll
0x00007ff82bcb0000 - 0x00007ff82bcba000 	C:\Program Files\Java\jdk-19\bin\jimage.dll
0x0000000070d60000 - 0x0000000070ebe000 	C:\Program Files\Microsoft SQL Server\100\Shared\DBGHELP.DLL
0x00007ff84dee0000 - 0x00007ff84deee000 	C:\Program Files\Java\jdk-19\bin\instrument.dll
0x00007ff819720000 - 0x00007ff819746000 	C:\Program Files\Java\jdk-19\bin\java.dll
0x00007fffd80f0000 - 0x00007fffd81c7000 	C:\Program Files\Java\jdk-19\bin\jsvml.dll
0x00007ff84ea50000 - 0x00007ff84f1e2000 	C:\WINDOWS\SYSTEM32\windows.storage.dll
0x00007ff851c60000 - 0x00007ff851fb5000 	C:\WINDOWS\System32\combase.dll
0x00007ff850350000 - 0x00007ff850380000 	C:\WINDOWS\SYSTEM32\Wldp.dll
0x00007ff852980000 - 0x00007ff852a2d000 	C:\WINDOWS\System32\SHCORE.dll
0x00007ff850980000 - 0x00007ff85099f000 	C:\WINDOWS\SYSTEM32\profapi.dll
0x00007ff816650000 - 0x00007ff816668000 	C:\Program Files\Java\jdk-19\bin\zip.dll
0x00007ff81d200000 - 0x00007ff81d213000 	C:\Program Files\Java\jdk-19\bin\net.dll
0x00007ff842200000 - 0x00007ff84230c000 	C:\WINDOWS\SYSTEM32\WINHTTP.dll
0x00007ff850130000 - 0x00007ff85019a000 	C:\WINDOWS\system32\mswsock.dll
0x00007ff819560000 - 0x00007ff819576000 	C:\Program Files\Java\jdk-19\bin\nio.dll
0x00007ff84dc30000 - 0x00007ff84dc4a000 	C:\Program Files\JetBrains\IntelliJ IDEA Community Edition 2022.3.2\bin\breakgen64.dll
0x00007ff824400000 - 0x00007ff824408000 	C:\Program Files\Java\jdk-19\bin\extnet.dll
0x00007ff84de80000 - 0x00007ff84de90000 	C:\Program Files\Java\jdk-19\bin\verify.dll

dbghelp: loaded successfully - version: 4.0.5 - missing functions: none
symbol engine: initialized successfully - sym options: 0x614 - pdb path: .;C:\Program Files\Java\jdk-19\bin;C:\WINDOWS\SYSTEM32;C:\WINDOWS\WinSxS\amd64_microsoft.windows.common-controls_6595b64144ccf1df_6.0.19041.1110_none_60b5254171f9507e;C:\Program Files (x86)\360\Total Security\safemon;C:\Program Files\Java\jdk-19\bin\server;C:\Program Files\Microsoft SQL Server\100\Shared;C:\Program Files\JetBrains\IntelliJ IDEA Community Edition 2022.3.2\bin

VM Arguments:
jvm_args: -javaagent:C:\Program Files\JetBrains\IntelliJ IDEA Community Edition 2022.3.2\lib\idea_rt.jar=49322:C:\Program Files\JetBrains\IntelliJ IDEA Community Edition 2022.3.2\bin -Dfile.encoding=UTF-8 -Dsun.stdout.encoding=UTF-8 -Dsun.stderr.encoding=UTF-8 
java_command: com.adjadev.stock.StockApplication
java_class_path (initial): D:\ESTIA\Spring-Boot\Stock\target\classes;C:\Users\Ousmane\.m2\repository\org\springframework\boot\spring-boot-starter-data-jpa\3.0.2\spring-boot-starter-data-jpa-3.0.2.jar;C:\Users\Ousmane\.m2\repository\org\springframework\boot\spring-boot-starter-aop\3.0.2\spring-boot-starter-aop-3.0.2.jar;C:\Users\Ousmane\.m2\repository\org\aspectj\aspectjweaver\1.9.19\aspectjweaver-1.9.19.jar;C:\Users\Ousmane\.m2\repository\org\springframework\boot\spring-boot-starter-jdbc\3.0.2\spring-boot-starter-jdbc-3.0.2.jar;C:\Users\Ousmane\.m2\repository\com\zaxxer\HikariCP\5.0.1\HikariCP-5.0.1.jar;C:\Users\Ousmane\.m2\repository\org\springframework\spring-jdbc\6.0.4\spring-jdbc-6.0.4.jar;C:\Users\Ousmane\.m2\repository\org\hibernate\orm\hibernate-core\6.1.6.Final\hibernate-core-6.1.6.Final.jar;C:\Users\Ousmane\.m2\repository\jakarta\persistence\jakarta.persistence-api\3.1.0\jakarta.persistence-api-3.1.0.jar;C:\Users\Ousmane\.m2\repository\jakarta\transaction\jakarta.transaction-api\2.0.1\jakarta.transaction-api-2.0.1.jar;C:\Users\Ousmane\.m2\repository\org\jboss\logging\jboss-logging\3.5.0.Final\jboss-logging-3.5.0.Final.jar;C:\Users\Ousmane\.m2\repository\org\hibernate\common\hibernate-commons-annotations\6.0.2.Final\hibernate-commons-annotations-6.0.2.Final.jar;C:\Users\Ousmane\.m2\repository\org\jboss\jandex\2.4.2.Final\jandex-2.4.2.Final.jar;C:\Users\Ousmane\.m2\repository\com\fasterxml\classmate\1.5.1\classmate-1.5.1.jar;C:\Users\Ousmane\.m2\repository\net\bytebuddy\byte-buddy\1.12.22\byte-buddy-1.12.22.jar;C:\Users\Ousmane\.m2\repository\org\glassfish\jaxb\jaxb-runtime\4.0.1\jaxb-runtime-4.0.1.jar;C:\Users\Ousmane\.m2\repository\org\glassfish\jaxb\jaxb-core\4.0.1\jaxb-core-4.0.1.jar;C:\Users\Ousmane\.m2\repository\org\eclipse\angus\angus-activation\1.0.0\angus-activation-1.0.0.jar;C:\Users\Ousmane\.m2\repository\org\glassfish\jaxb\txw2\4.0.1\txw2-4.0.1.jar;C:\Users\Ousmane\.m2\repository\com\sun\istack\istack-commons-runtime\4.1.1\istack-commons-runtime-4.1.1.jar;C:\Users\Ousmane\.m2\repository\jakarta\inject\jakarta.inject-api\2.0.0\jakarta.inject-api-2.0.0.jar;C:\Users\Ousmane\.m2\repository\org\antlr\antlr4-runtime\4.10.1\antlr4-runtime-4.10.1.jar;C:\Users\Ousmane\.m2\repository\org\springframework\data\spring-data-jpa\3.0.1\spring-data-jpa-3.0.1.jar;C:\Users\Ousmane\.m2\repository\org\springframework\data\spring-data-commons\3.0.1\spring-data-commons-3.0.1.jar;C:\Users\Ousmane\.m2\repository\org\springframework\spring-orm\6.0.4\spring-orm-6.0.4.jar;C:\Users\Ousmane\.m2\repository\org\springframework\spring-context\6.0.4\spring-context-6.0.4.jar;C:\Users\Ousmane\.m2\repository\org\springframework\spring-tx\6.0.4\spring-tx-6.0.4.jar;C:\Users\Ousmane\.m2\repository\org\springframework\spring-beans\6.0.4\spring-beans-6.0.4.jar;C:\Users\Ousmane\.m2\repository\jakarta\annotation\jakarta.annotation-api\2.1.1\jakarta.annotation-api-2.1.1.jar;C:\Users\Ousmane\.m2\repository\org\slf4j\slf4j-api\2.0.6\slf4j-api-2.0.6.jar;C:\Users\Ousmane\.m2\repository\org\springframework\spring-aspects\6.0.4\spring-aspects-6.0.4.jar;C:\Users\Ousmane\.m2\repository\org\springframework\boot\spring-boot-starter-security\3.0.2\spring-boot-starter-security-3.0.2.jar;C:\Users\Ousmane\.m2\repository\org\springframework\boot\spring-boot-starter\3.0.2\spring-boot-starter-3.0.2.jar;C:\Users\Ousmane\.m2\repository\org\springframework\boot\spring-boot\3.0.2\spring-boot-3.0.2.jar;C:\Users\Ousmane\.m2\repository\org\springframework\boot\spring-boot-autoconfigure\3.0.2\spring-boot-autoconfigure-3.0.2.jar;C:\Users\Ousmane\.m2\repository\org\springframework\boot\spring-boot-starter-logging\3.0.2\spring-boot-starter-logging-3.0.2.jar;C:\Users\Ousmane\.m2\repository\ch\qos\logback\logback-classic\1.4.5\logback-classic-1.4.5.jar;C:\Users\Ousmane\.m2\repository\ch\qos\logback\logback-core\1.4.5\logback-core-1.4.5.jar;C:\Users\Ousmane\.m2\repository\org\apache\logging\log4j\log4j-to-slf4j\2.19.0\log4j-to-slf4j-2.19.0.jar;C:\Users\Ousmane\.m2\repository\org\apache\logging\log4j\log4j-api\2.19.0\log4j-api-2.19.0.jar;C:\Users\Ousmane\.m2\repository\org\slf4j\jul-to-slf4j\2.0.6\jul-to-slf4j-2.0.6.jar;C:\Users\Ousmane\.m2\repository\org\yaml\snakeyaml\1.33\snakeyaml-1.33.jar;C:\Users\Ousmane\.m2\repository\org\springframework\spring-aop\6.0.4\spring-aop-6.0.4.jar;C:\Users\Ousmane\.m2\repository\org\springframework\security\spring-security-config\6.0.1\spring-security-config-6.0.1.jar;C:\Users\Ousmane\.m2\repository\org\springframework\security\spring-security-web\6.0.1\spring-security-web-6.0.1.jar;C:\Users\Ousmane\.m2\repository\org\springframework\spring-expression\6.0.4\spring-expression-6.0.4.jar;C:\Users\Ousmane\.m2\repository\org\springframework\boot\spring-boot-starter-web\3.0.2\spring-boot-starter-web-3.0.2.jar;C:\Users\Ousmane\.m2\repository\org\springframework\boot\spring-boot-starter-json\3.0.2\spring-boot-starter-json-3.0.2.jar;C:\Users\Ousmane\.m2\repository\com\fasterxml\jackson\core\jackson-databind\2.14.1\jackson-databind-2.14.1.jar;C:\Users\Ousmane\.m2\repository\com\fasterxml\jackson\core\jackson-annotations\2.14.1\jackson-annotations-2.14.1.jar;C:\Users\Ousmane\.m2\repository\com\fasterxml\jackson\core\jackson-core\2.14.1\jackson-core-2.14.1.jar;C:\Users\Ousmane\.m2\repository\com\fasterxml\jackson\datatype\jackson-datatype-jdk8\2.14.1\jackson-datatype-jdk8-2.14.1.jar;C:\Users\Ousmane\.m2\repository\com\fasterxml\jackson\datatype\jackson-datatype-jsr310\2.14.1\jackson-datatype-jsr310-2.14.1.jar;C:\Users\Ousmane\.m2\repository\com\fasterxml\jackson\module\jackson-module-parameter-names\2.14.1\jackson-module-parameter-names-2.14.1.jar;C:\Users\Ousmane\.m2\repository\org\springframework\boot\spring-boot-starter-tomcat\3.0.2\spring-boot-starter-tomcat-3.0.2.jar;C:\Users\Ousmane\.m2\repository\org\apache\tomcat\embed\tomcat-embed-core\10.1.5\tomcat-embed-core-10.1.5.jar;C:\Users\Ousmane\.m2\repository\org\apache\tomcat\embed\tomcat-embed-el\10.1.5\tomcat-embed-el-10.1.5.jar;C:\Users\Ousmane\.m2\repository\org\apache\tomcat\embed\tomcat-embed-websocket\10.1.5\tomcat-embed-websocket-10.1.5.jar;C:\Users\Ousmane\.m2\repository\org\springframework\spring-web\6.0.4\spring-web-6.0.4.jar;C:\Users\Ousmane\.m2\repository\io\micrometer\micrometer-observation\1.10.3\micrometer-observation-1.10.3.jar;C:\Users\Ousmane\.m2\repository\io\micrometer\micrometer-commons\1.10.3\micrometer-commons-1.10.3.jar;C:\Users\Ousmane\.m2\repository\org\springframework\spring-webmvc\6.0.4\spring-webmvc-6.0.4.jar;C:\Users\Ousmane\.m2\repository\com\mysql\mysql-connector-j\8.0.32\mysql-connector-j-8.0.32.jar;C:\Users\Ousmane\.m2\repository\org\projectlombok\lombok\1.18.24\lombok-1.18.24.jar;C:\Users\Ousmane\.m2\repository\jakarta\xml\bind\jakarta.xml.bind-api\4.0.0\jakarta.xml.bind-api-4.0.0.jar;C:\Users\Ousmane\.m2\repository\jakarta\activation\jakarta.activation-api\2.1.1\jakarta.activation-api-2.1.1.jar;C:\Users\Ousmane\.m2\repository\org\springframework\spring-core\6.0.4\spring-core-6.0.4.jar;C:\Users\Ousmane\.m2\repository\org\springframework\spring-jcl\6.0.4\spring-jcl-6.0.4.jar;C:\Users\Ousmane\.m2\repository\org\springframework\security\spring-security-core\6.0.1\spring-security-core-6.0.1.jar;C:\Users\Ousmane\.m2\repository\org\springframework\security\spring-security-crypto\6.0.1\spring-security-crypto-6.0.1.jar
Launcher Type: SUN_STANDARD

[Global flags]
     intx CICompilerCount                          = 3                                         {product} {ergonomic}
     uint ConcGCThreads                            = 1                                         {product} {ergonomic}
     uint G1ConcRefinementThreads                  = 4                                         {product} {ergonomic}
   size_t G1HeapRegionSize                         = 1048576                                   {product} {ergonomic}
    uintx GCDrainStackTargetSize                   = 64                                        {product} {ergonomic}
   size_t InitialHeapSize                          = 125829120                                 {product} {ergonomic}
   size_t MarkStackSize                            = 4194304                                   {product} {ergonomic}
   size_t MaxHeapSize                              = 1998585856                                {product} {ergonomic}
   size_t MaxNewSize                               = 1198522368                                {product} {ergonomic}
   size_t MinHeapDeltaBytes                        = 1048576                                   {product} {ergonomic}
   size_t MinHeapSize                              = 8388608                                   {product} {ergonomic}
    uintx NonNMethodCodeHeapSize                   = 5832780                                {pd product} {ergonomic}
    uintx NonProfiledCodeHeapSize                  = 122912730                              {pd product} {ergonomic}
    uintx ProfiledCodeHeapSize                     = 122912730                              {pd product} {ergonomic}
    uintx ReservedCodeCacheSize                    = 251658240                              {pd product} {ergonomic}
     bool SegmentedCodeCache                       = true                                      {product} {ergonomic}
   size_t SoftMaxHeapSize                          = 1998585856                             {manageable} {ergonomic}
     bool UseCompressedClassPointers               = true                           {product lp64_product} {ergonomic}
     bool UseCompressedOops                        = true                           {product lp64_product} {ergonomic}
     bool UseG1GC                                  = true                                      {product} {ergonomic}
     bool UseLargePagesIndividualAllocation        = false                                  {pd product} {ergonomic}

Logging:
Log output configuration:
 #0: stdout all=warning uptime,level,tags foldmultilines=false
 #1: stderr all=off uptime,level,tags foldmultilines=false

Environment Variables:
PATH=C:\Program Files\Common Files\Oracle\Java\javapath;C:\Program Files (x86)\Common Files\Oracle\Java\javapath;C:\Program Files (x86)\VMware\VMware Workstation\bin\;C:\Program Files\Python39\Scripts\;C:\Program Files\Python39\;C:\WINDOWS\system32;C:\WINDOWS;C:\WINDOWS\System32\Wbem;C:\WINDOWS\System32\WindowsPowerShell\v1.0\;C:\WINDOWS\System32\OpenSSH\;C:\Program Files\Git\cmd;C:\Program Files\dotnet\;C:\Program Files\Microsoft SQL Server\130\Tools\Binn\;C:\ProgramData\ComposerSetup\bin;C:\wamp64\bin\php\php7.4.9;C:\Program Files (x86)\Microsoft SQL Server\150\DTS\Binn\;C:\Program Files (x86)\Microsoft SQL Server\100\Tools\Binn\;C:\Program Files\Microsoft SQL Server\100\Tools\Binn\;C:\Program Files\Microsoft SQL Server\100\DTS\Binn\;C:\Program Files (x86)\Microsoft SQL Server\100\Tools\Binn\VSShell\Common7\IDE\;C:\Program Files (x86)\Microsoft SQL Server\100\DTS\Binn\;C:\sqlite3;C:\Program Files\Java\jdk-17.0.1\bin;C:\MongoDB\bin;C:\ProgramData\chocolatey\bin;C:\Program Files\nodejs\;C:\Program Files\Docker\Docker\resources\bin;C:\Users\Ousmane\AppData\Local\Microsoft\WindowsApps;C:\Users\Ousmane\.dotnet\tools;C:\Users\Ousmane\AppData\Roaming\Composer\vendor\bin;C:\src\flutter\bin;C:\Users\Ousmane\AppData\Local\GitHubDesktop\bin;C:\MongoDB\bin;C:\Program Files\heroku\bin;C:\wamp64\bin\php\php7.4.9;C:\Program Files\JetBrains\IntelliJ IDEA Community Edition 2022.2.1\bin;;C:\Users\Ousmane\AppData\Roaming\npm;C:\Users\Ousmane\AppData\Local\Programs\Microsoft VS Code\bin;
USERNAME=Ousmane
OS=Windows_NT
PROCESSOR_IDENTIFIER=Intel64 Family 6 Model 78 Stepping 3, GenuineIntel
TMP=C:\Users\Ousmane\AppData\Local\Temp
TEMP=C:\Users\Ousmane\AppData\Local\Temp



---------------  S Y S T E M  ---------------

OS:
 Windows 10 , 64 bit Build 19041 (10.0.19041.2546)
OS uptime: 0 days 8:53 hours
Hyper-V role detected

CPU: total 4 (initial active 4) (2 cores per cpu, 2 threads per core) family 6 model 78 stepping 3 microcode 0xcc, cx8, cmov, fxsr, ht, mmx, 3dnowpref, sse, sse2, sse3, ssse3, sse4.1, sse4.2, popcnt, lzcnt, tsc, tscinvbit, avx, avx2, aes, erms, clmul, bmi1, bmi2, adx, fma, vzeroupper, clflush, clflushopt, hv, rdtscp

Memory: 4k page, system-wide physical 7616M (1031M free)
TotalPageFile size 9664M (AvailPageFile size 215M)
current process WorkingSet (physical memory assigned to process): 85M, peak: 86M
current process commit charge ("private bytes"): 220M, peak: 221M

vm_info: Java HotSpot(TM) 64-Bit Server VM (19.0.2+7-44) for windows-amd64 JRE (19.0.2+7-44), built on 2022-11-30T18:02:09Z by "mach5one" with MS VC++ 17.1 (VS2022)

END.
