#
# There is insufficient memory for the Java Runtime Environment to continue.
# Native memory allocation (mmap) failed to map 65536 bytes for Failed to commit metaspace.
# Possible reasons:
#   The system is out of physical RAM or swap space
#   The process is running with CompressedOops enabled, and the Java Heap may be blocking the growth of the native heap
# Possible solutions:
#   Reduce memory load on the system
#   Increase physical memory or swap space
#   Check if swap backing store is full
#   Decrease Java heap size (-Xmx/-Xms)
#   Decrease number of Java threads
#   Decrease Java thread stack sizes (-Xss)
#   Set larger code cache with -XX:ReservedCodeCacheSize=
#   JVM is running with Unscaled Compressed Oops mode in which the Java heap is
#     placed in the first 4GB address space. The Java Heap base address is the
#     maximum limit for the native heap growth. Please use -XX:HeapBaseMinAddress
#     to set the Java Heap base and to place the Java Heap above 4GB virtual address.
# This output file may be truncated or incomplete.
#
#  Out of Memory Error (virtualSpaceNode.cpp:110), pid=8928, tid=5680
#
# JRE version: Java(TM) SE Runtime Environment (19.0.2+7) (build 19.0.2+7-44)
# Java VM: Java HotSpot(TM) 64-Bit Server VM (19.0.2+7-44, mixed mode, sharing, tiered, compressed oops, compressed class ptrs, g1 gc, windows-amd64)
# No core dump will be written. Minidumps are not enabled by default on client versions of Windows
#

---------------  S U M M A R Y ------------

Command Line: -javaagent:C:\Program Files\JetBrains\IntelliJ IDEA Community Edition 2022.3.2\lib\idea_rt.jar=64819:C:\Program Files\JetBrains\IntelliJ IDEA Community Edition 2022.3.2\bin -Dfile.encoding=UTF-8 -Dsun.stdout.encoding=UTF-8 -Dsun.stderr.encoding=UTF-8 com.adjadev.stock.StockApplication

Host: Intel(R) Core(TM) i3-6006U CPU @ 2.00GHz, 4 cores, 7G,  Windows 10 , 64 bit Build 19041 (10.0.19041.2546)
Time: Wed May  3 15:57:19 2023 Greenwich elapsed time: 2.300766 seconds (0d 0h 0m 2s)

---------------  T H R E A D  ---------------

Current thread (0x0000023ed300be70):  JavaThread "background-preinit" [_thread_in_vm, id=5680, stack(0x000000e685700000,0x000000e685800000)]

Stack: [0x000000e685700000,0x000000e685800000]
Native frames: (J=compiled Java code, j=interpreted, Vv=VM code, C=native code)
V  [jvm.dll+0x6ee21a]
V  [jvm.dll+0x85765e]
V  [jvm.dll+0x85904e]
V  [jvm.dll+0x859703]
V  [jvm.dll+0x28298f]
V  [jvm.dll+0x8532db]
V  [jvm.dll+0x692cb6]
V  [jvm.dll+0x1f2937]
V  [jvm.dll+0x6956f2]
V  [jvm.dll+0x6954de]
V  [jvm.dll+0x6936de]
V  [jvm.dll+0x26e12f]
V  [jvm.dll+0x69dcc5]
V  [jvm.dll+0x21e072]
V  [jvm.dll+0x21e5a5]
V  [jvm.dll+0x21ef01]
V  [jvm.dll+0x2146a1]
V  [jvm.dll+0x5a9cb6]
V  [jvm.dll+0x7cd423]
V  [jvm.dll+0x7cd504]
V  [jvm.dll+0x46ac34]
V  [jvm.dll+0x47021f]
C  [java.dll+0x17ec]

Java frames: (J=compiled Java code, j=interpreted, Vv=VM code)
J 973  java.lang.ClassLoader.defineClass1(Ljava/lang/ClassLoader;Ljava/lang/String;[BIILjava/security/ProtectionDomain;Ljava/lang/String;)Ljava/lang/Class; java.base@19.0.2 (0 bytes) @ 0x0000023ebf477003 [0x0000023ebf476f40+0x00000000000000c3]
J 1055 c1 java.lang.ClassLoader.defineClass(Ljava/lang/String;[BIILjava/security/ProtectionDomain;)Ljava/lang/Class; java.base@19.0.2 (43 bytes) @ 0x0000023eb7b18ad4 [0x0000023eb7b18780+0x0000000000000354]
J 1126 c1 java.security.SecureClassLoader.defineClass(Ljava/lang/String;[BIILjava/security/CodeSource;)Ljava/lang/Class; java.base@19.0.2 (16 bytes) @ 0x0000023eb7b3540c [0x0000023eb7b35340+0x00000000000000cc]
J 1018 c1 jdk.internal.loader.BuiltinClassLoader.defineClass(Ljava/lang/String;Ljdk/internal/loader/Resource;)Ljava/lang/Class; java.base@19.0.2 (121 bytes) @ 0x0000023eb7b09604 [0x0000023eb7b086a0+0x0000000000000f64]
J 920 c1 jdk.internal.loader.BuiltinClassLoader.findClassOnClassPathOrNull(Ljava/lang/String;)Ljava/lang/Class; java.base@19.0.2 (64 bytes) @ 0x0000023eb7ade2d4 [0x0000023eb7add600+0x0000000000000cd4]
J 504 c1 jdk.internal.loader.BuiltinClassLoader.loadClassOrNull(Ljava/lang/String;Z)Ljava/lang/Class; java.base@19.0.2 (143 bytes) @ 0x0000023eb79ffd54 [0x0000023eb79ff2e0+0x0000000000000a74]
J 714 c1 jdk.internal.loader.ClassLoaders$AppClassLoader.loadClass(Ljava/lang/String;Z)Ljava/lang/Class; java.base@19.0.2 (40 bytes) @ 0x0000023eb7a61b44 [0x0000023eb7a61960+0x00000000000001e4]
J 692 c1 java.lang.ClassLoader.loadClass(Ljava/lang/String;)Ljava/lang/Class; java.base@19.0.2 (7 bytes) @ 0x0000023eb7a5fd4c [0x0000023eb7a5fc40+0x000000000000010c]
v  ~StubRoutines::call_stub 0x0000023ebee8100e
J 973  java.lang.ClassLoader.defineClass1(Ljava/lang/ClassLoader;Ljava/lang/String;[BIILjava/security/ProtectionDomain;Ljava/lang/String;)Ljava/lang/Class; java.base@19.0.2 (0 bytes) @ 0x0000023ebf477003 [0x0000023ebf476f40+0x00000000000000c3]
J 1055 c1 java.lang.ClassLoader.defineClass(Ljava/lang/String;[BIILjava/security/ProtectionDomain;)Ljava/lang/Class; java.base@19.0.2 (43 bytes) @ 0x0000023eb7b18ad4 [0x0000023eb7b18780+0x0000000000000354]
J 1126 c1 java.security.SecureClassLoader.defineClass(Ljava/lang/String;[BIILjava/security/CodeSource;)Ljava/lang/Class; java.base@19.0.2 (16 bytes) @ 0x0000023eb7b3540c [0x0000023eb7b35340+0x00000000000000cc]
J 1018 c1 jdk.internal.loader.BuiltinClassLoader.defineClass(Ljava/lang/String;Ljdk/internal/loader/Resource;)Ljava/lang/Class; java.base@19.0.2 (121 bytes) @ 0x0000023eb7b09604 [0x0000023eb7b086a0+0x0000000000000f64]
J 920 c1 jdk.internal.loader.BuiltinClassLoader.findClassOnClassPathOrNull(Ljava/lang/String;)Ljava/lang/Class; java.base@19.0.2 (64 bytes) @ 0x0000023eb7ade2d4 [0x0000023eb7add600+0x0000000000000cd4]
J 504 c1 jdk.internal.loader.BuiltinClassLoader.loadClassOrNull(Ljava/lang/String;Z)Ljava/lang/Class; java.base@19.0.2 (143 bytes) @ 0x0000023eb79ffd54 [0x0000023eb79ff2e0+0x0000000000000a74]
J 714 c1 jdk.internal.loader.ClassLoaders$AppClassLoader.loadClass(Ljava/lang/String;Z)Ljava/lang/Class; java.base@19.0.2 (40 bytes) @ 0x0000023eb7a61b44 [0x0000023eb7a61960+0x00000000000001e4]
J 692 c1 java.lang.ClassLoader.loadClass(Ljava/lang/String;)Ljava/lang/Class; java.base@19.0.2 (7 bytes) @ 0x0000023eb7a5fd4c [0x0000023eb7a5fc40+0x000000000000010c]
v  ~StubRoutines::call_stub 0x0000023ebee8100e
j  org.springframework.http.converter.json.Jackson2ObjectMapperBuilder.build()Lcom/fasterxml/jackson/databind/ObjectMapper;+77
j  org.springframework.http.converter.json.MappingJackson2HttpMessageConverter.<init>()V+4
j  org.springframework.http.converter.support.AllEncompassingFormHttpMessageConverter.<init>()V+55
j  org.springframework.boot.autoconfigure.BackgroundPreinitializer$MessageConverterInitializer.run()V+4
j  org.springframework.boot.autoconfigure.BackgroundPreinitializer$1.runSafely(Ljava/lang/Runnable;)Z+1
j  org.springframework.boot.autoconfigure.BackgroundPreinitializer$1.run()V+32
j  java.lang.Thread.run()V+13 java.base@19.0.2
v  ~StubRoutines::call_stub 0x0000023ebee8100e

Compiled method (n/a)    2508  973     n 0       java.lang.ClassLoader::defineClass1 (native)
 total in heap  [0x0000023ebf476d90,0x0000023ebf4773e8] = 1624
 relocation     [0x0000023ebf476ef0,0x0000023ebf476f28] = 56
 main code      [0x0000023ebf476f40,0x0000023ebf4773e2] = 1186
 stub code      [0x0000023ebf4773e2,0x0000023ebf4773e8] = 6

[Constant Pool (empty)]

[MachCode]
[Entry Point]
  # {method} {0x0000000800435c20} 'defineClass1' '(Ljava/lang/ClassLoader;Ljava/lang/String;[BIILjava/security/ProtectionDomain;Ljava/lang/String;)Ljava/lang/Class;' in 'java/lang/ClassLoader'
  # parm0:    rdx:rdx   = 'java/lang/ClassLoader'
  # parm1:    r8:r8     = 'java/lang/String'
  # parm2:    r9:r9     = '[B'
  # parm3:    rdi       = int
  # parm4:    rsi       = int
  # parm5:    rcx:rcx   = 'java/security/ProtectionDomain'
  # parm6:    [sp+0xa0]   = 'java/lang/String'  (sp of caller)
  0x0000023ebf476f40: 448b 5208 | 49bb 0000 | 0000 0800 | 0000 4d03 | d349 3bc2 | 0f84 0600 

  0x0000023ebf476f58: ;   {runtime_call ic_miss_stub}
  0x0000023ebf476f58: 0000 e921 | a8a6 ff90 
[Verified Entry Point]
  0x0000023ebf476f60: 8984 2400 | 90ff ff55 | 488b ec48 | 81ec 9000 | 0000 4881 | 7d10 0000 | 0000 488d | 4510 480f 
  0x0000023ebf476f80: 4445 1048 | 8944 2440 | 4889 4c24 | 7048 83f9 | 0048 8d44 | 2470 480f | 4444 2470 | 4889 4424 
  0x0000023ebf476fa0: 3848 8974 | 2430 4889 | 7c24 284c | 894c 2458 | 4983 f900 | 488d 4424 | 5848 0f44 | 4424 5848 
  0x0000023ebf476fc0: 8944 2420 | 4c89 4424 | 5049 83f8 | 004c 8d4c | 2450 4c0f | 444c 2450 | 4889 5424 | 4848 83fa 
  0x0000023ebf476fe0: 004c 8d44 | 2448 4c0f | 4444 2448 

  0x0000023ebf476fec: ;   {oop(a 'java/lang/Class'{0x00000000892abd70} = 'java/lang/ClassLoader')}
  0x0000023ebf476fec: 49be 70bd | 2a89 0000 | 0000 4c89 | 7424 784c | 8d74 2478 | 498b d6c5 

  0x0000023ebf477004: ;   {internal_word}
  0x0000023ebf477004: f877 49ba | 0370 47bf | 3e02 0000 | 4d89 97c8 | 0200 0049 | 89a7 c002 

  0x0000023ebf47701c: ;   {external_word}
  0x0000023ebf47701c: 0000 49ba | c984 5819 | fa7f 0000 | 4180 3a00 | 0f84 5000 | 0000 5241 

  0x0000023ebf477034: ;   {metadata({method} {0x0000000800435c20} 'defineClass1' '(Ljava/lang/ClassLoader;Ljava/lang/String;[BIILjava/security/ProtectionDomain;Ljava/lang/String;)Ljava/lang/Class;' in 'java/lang/ClassLoader')}
  0x0000023ebf477034: 5041 5148 | ba18 5c43 | 0008 0000 | 0049 8bcf | 4883 ec20 | 40f6 c40f | 0f84 1a00 | 0000 4883 
  0x0000023ebf477054: ;   {runtime_call}
  0x0000023ebf477054: ec08 49ba | d027 1019 | fa7f 0000 | 41ff d248 | 83c4 08e9 | 0d00 0000 

  0x0000023ebf47706c: ;   {runtime_call}
  0x0000023ebf47706c: 49ba d027 | 1019 fa7f | 0000 41ff | d248 83c4 | 2041 5941 | 585a 498d | 8fe0 0200 | 0041 c787 
  0x0000023ebf47708c: 7403 0000 | 0400 0000 

  0x0000023ebf477094: ;   {runtime_call}
  0x0000023ebf477094: 49ba ac16 | c341 fa7f | 0000 41ff | d2c5 f877 | 41c7 8774 | 0300 0005 | 0000 00f0 | 8344 24c0 
  0x0000023ebf4770b4: 0049 3baf | 7803 0000 | 0f87 1100 | 0000 4181 | bf70 0300 | 0000 0000 | 000f 842c | 0000 00c5 
  0x0000023ebf4770d4: f877 4889 | 45f8 498b | cf4c 8be4 | 4883 ec20 | 4883 e4f0 

  0x0000023ebf4770e8: ;   {runtime_call}
  0x0000023ebf4770e8: 49ba 0015 | 1b19 fa7f | 0000 41ff | d249 8be4 | 4d33 e448 | 8b45 f841 | c787 7403 | 0000 0800 
  0x0000023ebf477108: 0000 4181 | bfe8 0300 | 0002 0000 | 000f 8499 

  0x0000023ebf477118: ;   {external_word}
  0x0000023ebf477118: 0200 0049 | bac9 8458 | 19fa 7f00 | 0041 803a | 000f 844e | 0000 0048 

  0x0000023ebf477130: ;   {metadata({method} {0x0000000800435c20} 'defineClass1' '(Ljava/lang/ClassLoader;Ljava/lang/String;[BIILjava/security/ProtectionDomain;Ljava/lang/String;)Ljava/lang/Class;' in 'java/lang/ClassLoader')}
  0x0000023ebf477130: 8945 f848 | ba18 5c43 | 0008 0000 | 0049 8bcf | 4883 ec20 | 40f6 c40f | 0f84 1a00 | 0000 4883 
  0x0000023ebf477150: ;   {runtime_call}
  0x0000023ebf477150: ec08 49ba | d027 1019 | fa7f 0000 | 41ff d248 | 83c4 08e9 | 0d00 0000 

  0x0000023ebf477168: ;   {runtime_call}
  0x0000023ebf477168: 49ba d027 | 1019 fa7f | 0000 41ff | d248 83c4 | 2048 8b45 | f849 c787 | c002 0000 | 0000 0000 
  0x0000023ebf477188: 49c7 87c8 | 0200 0000 | 0000 00c5 | f877 4885 | c00f 84ef | 0100 00a8 | 010f 84e4 | 0100 0048 
  0x0000023ebf4771a8: 8b40 ff41 | 807f 4000 | 0f84 d001 | 0000 4883 | f800 0f84 | c601 0000 | 498b 4f28 | 4883 f900 
  0x0000023ebf4771c8: 0f84 1400 | 0000 4883 | e908 4989 | 4f28 4903 | 4f38 4889 | 01e9 a401 | 0000 4881 | ecd0 0000 
  0x0000023ebf4771e8: 0048 8904 | 2448 894c | 2408 4889 | 5424 1048 | 8974 2418 | 4889 7c24 | 204c 8944 | 2428 4c89 
  0x0000023ebf477208: 4c24 304c | 8954 2438 | 4c89 5c24 | 40c5 fb11 | 4424 50c5 | fb11 4c24 | 58c5 fb11 | 5424 60c5 
  0x0000023ebf477228: fb11 5c24 | 68c5 fb11 | 6424 70c5 | fb11 6c24 | 78c5 fb11 | b424 8000 | 0000 c5fb | 11bc 2488 
  0x0000023ebf477248: 0000 00c5 | 7b11 8424 | 9000 0000 | c57b 118c | 2498 0000 | 00c5 7b11 | 9424 a000 | 0000 c57b 
  0x0000023ebf477268: 119c 24a8 | 0000 00c5 | 7b11 a424 | b000 0000 | c57b 11ac | 24b8 0000 | 00c5 7b11 | b424 c000 
  0x0000023ebf477288: 0000 c57b | 11bc 24c8 | 0000 0049 | 8bd7 488b | c848 83ec | 2040 f6c4 | 0f0f 841a | 0000 0048 
  0x0000023ebf4772a8: ;   {runtime_call}
  0x0000023ebf4772a8: 83ec 0849 | bab0 1ecd | 18fa 7f00 | 0041 ffd2 | 4883 c408 | e90d 0000 

  0x0000023ebf4772c0: ;   {runtime_call}
  0x0000023ebf4772c0: 0049 bab0 | 1ecd 18fa | 7f00 0041 | ffd2 4883 | c420 c57b | 10bc 24c8 | 0000 00c5 | 7b10 b424 
  0x0000023ebf4772e0: c000 0000 | c57b 10ac | 24b8 0000 | 00c5 7b10 | a424 b000 | 0000 c57b | 109c 24a8 | 0000 00c5 
  0x0000023ebf477300: 7b10 9424 | a000 0000 | c57b 108c | 2498 0000 | 00c5 7b10 | 8424 9000 | 0000 c5fb | 10bc 2488 
  0x0000023ebf477320: 0000 00c5 | fb10 b424 | 8000 0000 | c5fb 106c | 2478 c5fb | 1064 2470 | c5fb 105c | 2468 c5fb 
  0x0000023ebf477340: 1054 2460 | c5fb 104c | 2458 c5fb | 1044 2450 | 4c8b 5c24 | 404c 8b54 | 2438 4c8b | 4c24 304c 
  0x0000023ebf477360: 8b44 2428 | 488b 7c24 | 2048 8b74 | 2418 488b | 5424 1048 | 8b4c 2408 | 488b 0424 | 4881 c4d0 
  0x0000023ebf477380: 0000 00c5 | f877 e903 | 0000 0048 | 8b00 498b | 8f50 0300 | 00c7 8100 | 0100 0000 | 0000 00c9 
  0x0000023ebf4773a0: 4981 7f08 | 0000 0000 | 0f85 0100 

  0x0000023ebf4773ac: ;   {runtime_call StubRoutines (1)}
  0x0000023ebf4773ac: 0000 c3e9 | 4c9b a0ff | c5f8 7748 | 8945 f84c | 8be4 4883 | ec20 4883 

  0x0000023ebf4773c4: ;   {runtime_call}
  0x0000023ebf4773c4: e4f0 49ba | 305c 1019 | fa7f 0000 | 41ff d249 | 8be4 4d33 | e448 8b45 | f8e9 39fd | ffff f4f4 
  0x0000023ebf4773e4: f4f4 f4f4 
[/MachCode]


Compiled method (c1)    2539 1055       3       java.lang.ClassLoader::defineClass (43 bytes)
 total in heap  [0x0000023eb7b18590,0x0000023eb7b18ec8] = 2360
 relocation     [0x0000023eb7b186f0,0x0000023eb7b18780] = 144
 main code      [0x0000023eb7b18780,0x0000023eb7b18c20] = 1184
 stub code      [0x0000023eb7b18c20,0x0000023eb7b18c98] = 120
 metadata       [0x0000023eb7b18c98,0x0000023eb7b18cc8] = 48
 scopes data    [0x0000023eb7b18cc8,0x0000023eb7b18db8] = 240
 scopes pcs     [0x0000023eb7b18db8,0x0000023eb7b18e98] = 224
 dependencies   [0x0000023eb7b18e98,0x0000023eb7b18ea0] = 8
 nul chk table  [0x0000023eb7b18ea0,0x0000023eb7b18ec8] = 40

[Constant Pool (empty)]

[MachCode]
[Entry Point]
  # {method} {0x0000000800435f48} 'defineClass' '(Ljava/lang/String;[BIILjava/security/ProtectionDomain;)Ljava/lang/Class;' in 'java/lang/ClassLoader'
  # this:     rdx:rdx   = 'java/lang/ClassLoader'
  # parm0:    r8:r8     = 'java/lang/String'
  # parm1:    r9:r9     = '[B'
  # parm2:    rdi       = int
  # parm3:    rsi       = int
  # parm4:    rcx:rcx   = 'java/security/ProtectionDomain'
  #           [sp+0xc0]  (sp of caller)
  0x0000023eb7b18780: 448b 5208 | 49bb 0000 | 0000 0800 | 0000 4d03 | d34c 3bd0 

  0x0000023eb7b18794: ;   {runtime_call ic_miss_stub}
  0x0000023eb7b18794: 0f85 e68f | 3c07 660f | 1f44 0000 
[Verified Entry Point]
  0x0000023eb7b187a0: 8984 2400 | 90ff ff55 | 4881 ecb0 | 0000 0048 | 8954 2478 

  0x0000023eb7b187b4: ;   {metadata(method data for {method} {0x0000000800435f48} 'defineClass' '(Ljava/lang/String;[BIILjava/security/ProtectionDomain;)Ljava/lang/Class;' in 'java/lang/ClassLoader')}
  0x0000023eb7b187b4: 48bb a041 | 2ece 3e02 | 0000 8b83 | cc00 0000 | 83c0 0289 | 83cc 0000 | 0025 fe07 | 0000 83f8 
  0x0000023eb7b187d4: 000f 844f | 0300 0089 | b424 9400 | 0000 89bc | 2490 0000 | 004c 898c | 2488 0000 | 0048 8bda 
  0x0000023eb7b187f4: ;   {metadata(method data for {method} {0x0000000800435f48} 'defineClass' '(Ljava/lang/String;[BIILjava/security/ProtectionDomain;)Ljava/lang/Class;' in 'java/lang/ClassLoader')}
  0x0000023eb7b187f4: 48b8 a041 | 2ece 3e02 | 0000 4883 | 8010 0100 | 0001 498b | d84c 8bc3 | 4c8b c948 | 8bca 488b 
  0x0000023eb7b18814: d148 899c | 2480 0000 

  0x0000023eb7b1881c: ;   {optimized virtual_call}
  0x0000023eb7b1881c: 0066 90e8 

  0x0000023eb7b18820: ; ImmutableOopMap {[120]=Oop [128]=Oop [136]=Oop }
                      ;*invokevirtual preDefineClass {reexecute=0 rethrow=0 return_oop=0}
                      ; - java.lang.ClassLoader::defineClass@4 (line 1011)
  0x0000023eb7b18820: dcb7 ffff | 4889 8424 | 9800 0000 | 488b 5424 

  0x0000023eb7b18830: ;   {metadata(method data for {method} {0x0000000800435f48} 'defineClass' '(Ljava/lang/String;[BIILjava/security/ProtectionDomain;)Ljava/lang/Class;' in 'java/lang/ClassLoader')}
  0x0000023eb7b18830: 7849 b8a0 | 412e ce3e | 0200 0049 | 8380 4801 

  0x0000023eb7b18840: ;   {metadata(method data for {method} {0x0000000800435c88} 'defineClassSourceLocation' '(Ljava/security/ProtectionDomain;)Ljava/lang/String;' in 'java/lang/ClassLoader')}
  0x0000023eb7b18840: 0000 0149 | b878 ca2d | ce3e 0200 | 0041 8b90 | cc00 0000 | 83c2 0241 | 8990 cc00 | 0000 81e2 
  0x0000023eb7b18860: feff 1f00 | 83fa 000f | 84de 0200 | 0048 3b00 

  0x0000023eb7b18870: ;   {metadata(method data for {method} {0x0000000800435c88} 'defineClassSourceLocation' '(Ljava/security/ProtectionDomain;)Ljava/lang/String;' in 'java/lang/ClassLoader')}
  0x0000023eb7b18870: 4c8b c048 | ba78 ca2d | ce3e 0200 | 0048 8382 | 1001 0000 | 0144 8b40 | 1049 83f8 

  0x0000023eb7b1888c: ;   {metadata(method data for {method} {0x0000000800435c88} 'defineClassSourceLocation' '(Ljava/security/ProtectionDomain;)Ljava/lang/String;' in 'java/lang/ClassLoader')}
  0x0000023eb7b1888c: 0048 ba78 | ca2d ce3e | 0200 0048 | be58 0100 | 0000 0000 | 000f 850a | 0000 0048 | be48 0100 
  0x0000023eb7b188ac: 0000 0000 | 0048 8b3c | 3248 8d7f | 0148 893c | 320f 850f 

  0x0000023eb7b188c0: ;   {oop(NULL)}
  0x0000023eb7b188c0: 0000 0048 | bb00 0000 | 0000 0000 | 00e9 ad01 | 0000 493b | 0049 8bd0 

  0x0000023eb7b188d8: ;   {metadata(method data for {method} {0x0000000800435c88} 'defineClassSourceLocation' '(Ljava/security/ProtectionDomain;)Ljava/lang/String;' in 'java/lang/ClassLoader')}
  0x0000023eb7b188d8: 48be 78ca | 2dce 3e02 | 0000 4883 | 8668 0100 | 0001 418b | 500c 4883 

  0x0000023eb7b188f0: ;   {metadata(method data for {method} {0x0000000800435c88} 'defineClassSourceLocation' '(Ljava/security/ProtectionDomain;)Ljava/lang/String;' in 'java/lang/ClassLoader')}
  0x0000023eb7b188f0: fa00 48be | 78ca 2dce | 3e02 0000 | 48bf b001 | 0000 0000 | 0000 0f85 | 0a00 0000 | 48bf a001 
  0x0000023eb7b18910: 0000 0000 | 0000 488b | 1c3e 488d | 5b01 4889 | 1c3e 0f85 | 0f00 0000 

  0x0000023eb7b18928: ;   {oop(NULL)}
  0x0000023eb7b18928: 48bb 0000 | 0000 0000 | 0000 e948 

  0x0000023eb7b18934: ;   {metadata(method data for {method} {0x0000000800435c88} 'defineClassSourceLocation' '(Ljava/security/ProtectionDomain;)Ljava/lang/String;' in 'java/lang/ClassLoader')}
  0x0000023eb7b18934: 0100 0048 | be78 ca2d | ce3e 0200 | 0048 8386 | c001 0000 | 0148 3b02 

  0x0000023eb7b1894c: ;   {metadata(method data for {method} {0x0000000800435c88} 'defineClassSourceLocation' '(Ljava/security/ProtectionDomain;)Ljava/lang/String;' in 'java/lang/ClassLoader')}
  0x0000023eb7b1894c: 4c8b c248 | be78 ca2d | ce3e 0200 | 0048 8386 | f801 0000 

  0x0000023eb7b18960: ;   {metadata(method data for {method} {0x0000000800068628} 'toString' '()Ljava/lang/String;' in 'java/net/URL')}
  0x0000023eb7b18960: 0149 b810 | 4f23 ce3e | 0200 0041 | 8bb0 cc00 | 0000 83c6 | 0241 89b0 | cc00 0000 | 81e6 feff 
  0x0000023eb7b18980: 1f00 83fe | 000f 84f0 | 0100 004c 

  0x0000023eb7b1898c: ;   {metadata(method data for {method} {0x0000000800068628} 'toString' '()Ljava/lang/String;' in 'java/net/URL')}
  0x0000023eb7b1898c: 8bc2 48be | 104f 23ce | 3e02 0000 | 4883 8610 | 0100 0001 

  0x0000023eb7b189a0: ;   {metadata(method data for {method} {0x0000000800068ec0} 'toExternalForm' '()Ljava/lang/String;' in 'java/net/URL')}
  0x0000023eb7b189a0: 49b8 9850 | 23ce 3e02 | 0000 418b | b0cc 0000 | 0083 c602 | 4189 b0cc | 0000 0081 | e6fe ff1f 
  0x0000023eb7b189c0: 0083 fe00 | 0f84 d201 | 0000 8b72 | 3848 3b06 

  0x0000023eb7b189d0: ;   {metadata(method data for {method} {0x0000000800068ec0} 'toExternalForm' '()Ljava/lang/String;' in 'java/net/URL')}
  0x0000023eb7b189d0: 4c8b c648 | bf98 5023 | ce3e 0200 | 0045 8b40 | 0849 ba00 | 0000 0008 | 0000 004d | 03c2 4c3b 
  0x0000023eb7b189f0: 8720 0100 | 0075 0d48 | 8387 2801 | 0000 01e9 | 6600 0000 | 4c3b 8730 | 0100 0075 | 0d48 8387 
  0x0000023eb7b18a10: 3801 0000 | 01e9 5000 | 0000 4881 | bf20 0100 | 0000 0000 | 0075 174c | 8987 2001 | 0000 48c7 
  0x0000023eb7b18a30: 8728 0100 | 0001 0000 | 00e9 2c00 | 0000 4881 | bf30 0100 | 0000 0000 | 0075 174c | 8987 3001 
  0x0000023eb7b18a50: 0000 48c7 | 8738 0100 | 0001 0000 | 00e9 0800 | 0000 4883 | 8710 0100 | 0001 4c8b | c248 8bd6 
  0x0000023eb7b18a70: 0f1f 8000 

  0x0000023eb7b18a74: ;   {optimized virtual_call}
  0x0000023eb7b18a74: 0000 00e8 

  0x0000023eb7b18a78: ; ImmutableOopMap {[120]=Oop [128]=Oop [136]=Oop [152]=Oop }
                      ;*invokevirtual toExternalForm {reexecute=0 rethrow=0 return_oop=0}
                      ; - java.net.URL::toExternalForm@5 (line 1040)
                      ; - java.net.URL::toString@1 (line 1026)
                      ; - java.lang.ClassLoader::defineClassSourceLocation@22 (line 913)
                      ; - java.lang.ClassLoader::defineClass@12 (line 1012)
  0x0000023eb7b18a78: 04d4 fdff | 488b d848 | 8b84 2498 | 0000 008b | b424 9400 | 0000 8bbc | 2490 0000 | 004c 8b8c 
  0x0000023eb7b18a98: 2488 0000 | 004c 8b84 | 2480 0000 | 0048 8b54 

  0x0000023eb7b18aa8: ;   {metadata(method data for {method} {0x0000000800435f48} 'defineClass' '(Ljava/lang/String;[BIILjava/security/ProtectionDomain;)Ljava/lang/Class;' in 'java/lang/ClassLoader')}
  0x0000023eb7b18aa8: 2478 48b9 | a041 2ece | 3e02 0000 | 4883 8180 | 0100 0001 | 4c8b da49 | 8bd3 488b | c848 891c 
  0x0000023eb7b18ac8: 2466 0f1f 

  0x0000023eb7b18acc: ;   {static_call}
  0x0000023eb7b18acc: 4400 00e8 

  0x0000023eb7b18ad0: ; ImmutableOopMap {[120]=Oop [152]=Oop }
                      ;*invokestatic defineClass1 {reexecute=0 rethrow=0 return_oop=0}
                      ; - java.lang.ClassLoader::defineClass@27 (line 1013)
  0x0000023eb7b18ad0: 8ce4 9507 | 488b 5424 

  0x0000023eb7b18ad8: ;   {metadata(method data for {method} {0x0000000800435f48} 'defineClass' '(Ljava/lang/String;[BIILjava/security/ProtectionDomain;)Ljava/lang/Class;' in 'java/lang/ClassLoader')}
  0x0000023eb7b18ad8: 7849 b8a0 | 412e ce3e | 0200 0049 | 8380 9001 | 0000 014c | 8bc0 4c8b | 8c24 9800 | 0000 488b 
  0x0000023eb7b18af8: 5424 7848 | 8984 24a0 | 0000 000f 

  0x0000023eb7b18b04: ;   {optimized virtual_call}
  0x0000023eb7b18b04: 1f40 00e8 

  0x0000023eb7b18b08: ; ImmutableOopMap {[160]=Oop }
                      ;*invokevirtual postDefineClass {reexecute=0 rethrow=0 return_oop=0}
                      ; - java.lang.ClassLoader::defineClass@37 (line 1014)
  0x0000023eb7b18b08: 94ec ffff | 488b 8424 | a000 0000 | 4881 c4b0 | 0000 005d 

  0x0000023eb7b18b1c: ;   {poll_return}
  0x0000023eb7b18b1c: 493b a778 | 0300 000f | 8799 0000 

  0x0000023eb7b18b28: ;   {metadata({method} {0x0000000800435f48} 'defineClass' '(Ljava/lang/String;[BIILjava/security/ProtectionDomain;)Ljava/lang/Class;' in 'java/lang/ClassLoader')}
  0x0000023eb7b18b28: 00c3 49ba | 405f 4300 | 0800 0000 | 4c89 5424 | 0848 c704 | 24ff ffff 

  0x0000023eb7b18b40: ;   {runtime_call counter_overflow Runtime1 stub}
  0x0000023eb7b18b40: ffe8 ba50 

  0x0000023eb7b18b44: ; ImmutableOopMap {rdx=Oop r8=Oop r9=Oop rcx=Oop [120]=Oop }
                      ;*synchronization entry
                      ; - java.lang.ClassLoader::defineClass@-1 (line 1011)
  0x0000023eb7b18b44: 4707 e990 

  0x0000023eb7b18b48: ;   {metadata({method} {0x0000000800435c88} 'defineClassSourceLocation' '(Ljava/security/ProtectionDomain;)Ljava/lang/String;' in 'java/lang/ClassLoader')}
  0x0000023eb7b18b48: fcff ff49 | ba80 5c43 | 0008 0000 | 004c 8954 | 2408 48c7 | 0424 ffff 

  0x0000023eb7b18b60: ;   {runtime_call counter_overflow Runtime1 stub}
  0x0000023eb7b18b60: ffff e899 

  0x0000023eb7b18b64: ; ImmutableOopMap {rax=Oop [120]=Oop [128]=Oop [136]=Oop [152]=Oop }
                      ;*synchronization entry
                      ; - java.lang.ClassLoader::defineClassSourceLocation@-1 (line 910)
                      ; - java.lang.ClassLoader::defineClass@12 (line 1012)
  0x0000023eb7b18b64: 5047 07e9 | 01fd ffff 

  0x0000023eb7b18b6c: ;   {runtime_call throw_null_pointer_exception Runtime1 stub}
  0x0000023eb7b18b6c: e8af ff46 

  0x0000023eb7b18b70: ; ImmutableOopMap {rax=Oop [120]=Oop [128]=Oop [136]=Oop [152]=Oop }
                      ;*invokevirtual getCodeSource {reexecute=0 rethrow=0 return_oop=0}
                      ; - java.lang.ClassLoader::defineClassSourceLocation@1 (line 910)
                      ; - java.lang.ClassLoader::defineClass@12 (line 1012)
                      ;   {runtime_call throw_null_pointer_exception Runtime1 stub}
  0x0000023eb7b18b70: 07e8 aaff 

  0x0000023eb7b18b74: ; ImmutableOopMap {rax=Oop r8=Oop [120]=Oop [128]=Oop [136]=Oop [152]=Oop }
                      ;*invokevirtual getLocation {reexecute=0 rethrow=0 return_oop=0}
                      ; - java.lang.ClassLoader::defineClassSourceLocation@12 (line 912)
                      ; - java.lang.ClassLoader::defineClass@12 (line 1012)
                      ;   {runtime_call throw_null_pointer_exception Runtime1 stub}
  0x0000023eb7b18b74: 4607 e8a5 

  0x0000023eb7b18b78: ; ImmutableOopMap {rdx=Oop [120]=Oop [128]=Oop [136]=Oop [152]=Oop }
                      ;*invokevirtual toString {reexecute=0 rethrow=0 return_oop=0}
                      ; - java.lang.ClassLoader::defineClassSourceLocation@22 (line 913)
                      ; - java.lang.ClassLoader::defineClass@12 (line 1012)
                      ;   {metadata({method} {0x0000000800068628} 'toString' '()Ljava/lang/String;' in 'java/net/URL')}
  0x0000023eb7b18b78: ff46 0749 | ba20 8606 | 0008 0000 | 004c 8954 | 2408 48c7 | 0424 ffff 

  0x0000023eb7b18b90: ;   {runtime_call counter_overflow Runtime1 stub}
  0x0000023eb7b18b90: ffff e869 

  0x0000023eb7b18b94: ; ImmutableOopMap {rdx=Oop [120]=Oop [128]=Oop [136]=Oop [152]=Oop }
                      ;*synchronization entry
                      ; - java.net.URL::toString@-1 (line 1026)
                      ; - java.lang.ClassLoader::defineClassSourceLocation@22 (line 913)
                      ; - java.lang.ClassLoader::defineClass@12 (line 1012)
  0x0000023eb7b18b94: 5047 07e9 | effd ffff 

  0x0000023eb7b18b9c: ;   {metadata({method} {0x0000000800068ec0} 'toExternalForm' '()Ljava/lang/String;' in 'java/net/URL')}
  0x0000023eb7b18b9c: 49ba b88e | 0600 0800 | 0000 4c89 | 5424 0848 | c704 24ff 

  0x0000023eb7b18bb0: ;   {runtime_call counter_overflow Runtime1 stub}
  0x0000023eb7b18bb0: ffff ffe8 

  0x0000023eb7b18bb4: ; ImmutableOopMap {rdx=Oop [120]=Oop [128]=Oop [136]=Oop [152]=Oop }
                      ;*synchronization entry
                      ; - java.net.URL::toExternalForm@-1 (line 1040)
                      ; - java.net.URL::toString@1 (line 1026)
                      ; - java.lang.ClassLoader::defineClassSourceLocation@22 (line 913)
                      ; - java.lang.ClassLoader::defineClass@12 (line 1012)
  0x0000023eb7b18bb4: 4850 4707 | e90d feff 

  0x0000023eb7b18bbc: ;   {runtime_call throw_null_pointer_exception Runtime1 stub}
  0x0000023eb7b18bbc: ffe8 5eff 

  0x0000023eb7b18bc0: ; ImmutableOopMap {rdx=Oop rsi=Oop [120]=Oop [128]=Oop [136]=Oop [152]=Oop }
                      ;*invokevirtual toExternalForm {reexecute=0 rethrow=0 return_oop=0}
                      ; - java.net.URL::toExternalForm@5 (line 1040)
                      ; - java.net.URL::toString@1 (line 1026)
                      ; - java.lang.ClassLoader::defineClassSourceLocation@22 (line 913)
                      ; - java.lang.ClassLoader::defineClass@12 (line 1012)
                      ;   {internal_word}
  0x0000023eb7b18bc0: 4607 49ba | 1c8b b1b7 | 3e02 0000 | 4d89 9790 

  0x0000023eb7b18bd0: ;   {runtime_call SafepointBlob}
  0x0000023eb7b18bd0: 0300 00e9 | 28f2 3c07 | 498b 8720 | 0400 0049 | c787 2004 | 0000 0000 | 0000 49c7 | 8728 0400 
  0x0000023eb7b18bf0: 0000 0000 | 0048 81c4 | b000 0000 

  0x0000023eb7b18bfc: ;   {runtime_call unwind_exception Runtime1 stub}
  0x0000023eb7b18bfc: 5de9 feef | 4607 f4f4 | f4f4 f4f4 | f4f4 f4f4 | f4f4 f4f4 | f4f4 f4f4 | f4f4 f4f4 | f4f4 f4f4 
  0x0000023eb7b18c1c: f4f4 f4f4 
[Stub Code]
  0x0000023eb7b18c20: ;   {no_reloc}
  0x0000023eb7b18c20: 0f1f 4400 

  0x0000023eb7b18c24: ;   {static_stub}
  0x0000023eb7b18c24: 0048 bb00 | 0000 0000 

  0x0000023eb7b18c2c: ;   {runtime_call}
  0x0000023eb7b18c2c: 0000 00e9 | fbff ffff 

  0x0000023eb7b18c34: ;   {static_stub}
  0x0000023eb7b18c34: 9048 bb00 | 0000 0000 

  0x0000023eb7b18c3c: ;   {runtime_call}
  0x0000023eb7b18c3c: 0000 00e9 | fbff ffff 

  0x0000023eb7b18c44: ;   {static_stub}
  0x0000023eb7b18c44: 9048 bb00 | 0000 0000 

  0x0000023eb7b18c4c: ;   {runtime_call}
  0x0000023eb7b18c4c: 0000 00e9 | fbff ffff 

  0x0000023eb7b18c54: ;   {static_stub}
  0x0000023eb7b18c54: 9048 bb00 | 0000 0000 

  0x0000023eb7b18c5c: ;   {runtime_call}
  0x0000023eb7b18c5c: 0000 00e9 | fbff ffff 
[Exception Handler]
  0x0000023eb7b18c64: ;   {runtime_call handle_exception_from_callee Runtime1 stub}
  0x0000023eb7b18c64: e897 1c47 

  0x0000023eb7b18c68: ;   {external_word}
  0x0000023eb7b18c68: 0748 b928 | 4931 19fa | 7f00 0048 

  0x0000023eb7b18c74: ;   {runtime_call}
  0x0000023eb7b18c74: 83e4 f049 | bab0 f8fc | 18fa 7f00 | 0041 ffd2 

  0x0000023eb7b18c84: ;   {section_word}
  0x0000023eb7b18c84: f449 ba85 | 8cb1 b73e | 0200 0041 

  0x0000023eb7b18c90: ;   {runtime_call DeoptimizationBlob}
  0x0000023eb7b18c90: 52e9 0ae4 | 3c07 f4f4 
[/MachCode]


Compiled method (c1)    2566 1126       3       java.security.SecureClassLoader::defineClass (16 bytes)
 total in heap  [0x0000023eb7b35190,0x0000023eb7b35580] = 1008
 relocation     [0x0000023eb7b352f0,0x0000023eb7b35338] = 72
 main code      [0x0000023eb7b35340,0x0000023eb7b35480] = 320
 stub code      [0x0000023eb7b35480,0x0000023eb7b354d8] = 88
 metadata       [0x0000023eb7b354d8,0x0000023eb7b354e0] = 8
 scopes data    [0x0000023eb7b354e0,0x0000023eb7b35528] = 72
 scopes pcs     [0x0000023eb7b35528,0x0000023eb7b35578] = 80
 dependencies   [0x0000023eb7b35578,0x0000023eb7b35580] = 8

[Constant Pool (empty)]

[MachCode]
[Entry Point]
  # {method} {0x0000000800066b18} 'defineClass' '(Ljava/lang/String;[BIILjava/security/CodeSource;)Ljava/lang/Class;' in 'java/security/SecureClassLoader'
  # this:     rdx:rdx   = 'java/security/SecureClassLoader'
  # parm0:    r8:r8     = 'java/lang/String'
  # parm1:    r9:r9     = '[B'
  # parm2:    rdi       = int
  # parm3:    rsi       = int
  # parm4:    rcx:rcx   = 'java/security/CodeSource'
  #           [sp+0x80]  (sp of caller)
  0x0000023eb7b35340: 448b 5208 | 49bb 0000 | 0000 0800 | 0000 4d03 | d34c 3bd0 

  0x0000023eb7b35354: ;   {runtime_call ic_miss_stub}
  0x0000023eb7b35354: 0f85 26c4 | 3a07 660f | 1f44 0000 
[Verified Entry Point]
  0x0000023eb7b35360: 8984 2400 | 90ff ff55 | 4883 ec70 

  0x0000023eb7b3536c: ;   {metadata(method data for {method} {0x0000000800066b18} 'defineClass' '(Ljava/lang/String;[BIILjava/security/CodeSource;)Ljava/lang/Class;' in 'java/security/SecureClassLoader')}
  0x0000023eb7b3536c: 48bb 9860 | 2cce 3e02 | 0000 8b83 | cc00 0000 | 83c0 0289 | 83cc 0000 | 0025 fe07 | 0000 83f8 
  0x0000023eb7b3538c: 000f 848c | 0000 0089 | 7424 5c89 | 7c24 584c | 894c 2450 | 4c89 4424 | 4848 8bda 

  0x0000023eb7b353a8: ;   {metadata(method data for {method} {0x0000000800066b18} 'defineClass' '(Ljava/lang/String;[BIILjava/security/CodeSource;)Ljava/lang/Class;' in 'java/security/SecureClassLoader')}
  0x0000023eb7b353a8: 48b8 9860 | 2cce 3e02 | 0000 4883 | 8010 0100 | 0001 4c8b | c148 8bc2 | 488b d048 | 8944 2440 
  0x0000023eb7b353c8: 0f1f 8000 

  0x0000023eb7b353cc: ;   {optimized virtual_call}
  0x0000023eb7b353cc: 0000 00e8 

  0x0000023eb7b353d0: ; ImmutableOopMap {[64]=Oop [72]=Oop [80]=Oop }
                      ;*invokevirtual getProtectionDomain {reexecute=0 rethrow=0 return_oop=0}
                      ; - java.security.SecureClassLoader::defineClass@9 (line 150)
  0x0000023eb7b353d0: 4cd3 fdff | 488b 5424 

  0x0000023eb7b353d8: ;   {metadata(method data for {method} {0x0000000800066b18} 'defineClass' '(Ljava/lang/String;[BIILjava/security/CodeSource;)Ljava/lang/Class;' in 'java/security/SecureClassLoader')}
  0x0000023eb7b353d8: 4049 b898 | 602c ce3e | 0200 0049 | 8380 4801 | 0000 014c | 8b44 2448 | 4c8b 4c24 | 508b 7c24 
  0x0000023eb7b353f8: 588b 7424 | 5c48 8bc8 | 488b 5424 

  0x0000023eb7b35404: ;   {optimized virtual_call}
  0x0000023eb7b35404: 4066 90e8 

  0x0000023eb7b35408: ; ImmutableOopMap {}
                      ;*invokevirtual defineClass {reexecute=0 rethrow=0 return_oop=0}
                      ; - java.security.SecureClassLoader::defineClass@12 (line 150)
  0x0000023eb7b35408: 9433 feff | 4883 c470 

  0x0000023eb7b35410: ;   {poll_return}
  0x0000023eb7b35410: 5d49 3ba7 | 7803 0000 | 0f87 2200 

  0x0000023eb7b3541c: ;   {metadata({method} {0x0000000800066b18} 'defineClass' '(Ljava/lang/String;[BIILjava/security/CodeSource;)Ljava/lang/Class;' in 'java/security/SecureClassLoader')}
  0x0000023eb7b3541c: 0000 c349 | ba10 6b06 | 0008 0000 | 004c 8954 | 2408 48c7 | 0424 ffff 

  0x0000023eb7b35434: ;   {runtime_call counter_overflow Runtime1 stub}
  0x0000023eb7b35434: ffff e8c5 

  0x0000023eb7b35438: ; ImmutableOopMap {rdx=Oop r8=Oop r9=Oop rcx=Oop }
                      ;*synchronization entry
                      ; - java.security.SecureClassLoader::defineClass@-1 (line 150)
  0x0000023eb7b35438: 8745 07e9 | 53ff ffff 

  0x0000023eb7b35440: ;   {internal_word}
  0x0000023eb7b35440: 49ba 1154 | b3b7 3e02 | 0000 4d89 | 9790 0300 

  0x0000023eb7b35450: ;   {runtime_call SafepointBlob}
  0x0000023eb7b35450: 00e9 aa29 | 3b07 498b | 8720 0400 | 0049 c787 | 2004 0000 | 0000 0000 | 49c7 8728 | 0400 0000 
  0x0000023eb7b35470: 0000 0048 | 83c4 705d 

  0x0000023eb7b35478: ;   {runtime_call unwind_exception Runtime1 stub}
  0x0000023eb7b35478: e983 2745 | 07f4 f4f4 
[Stub Code]
  0x0000023eb7b35480: ;   {no_reloc}
  0x0000023eb7b35480: 0f1f 4400 

  0x0000023eb7b35484: ;   {static_stub}
  0x0000023eb7b35484: 0048 bb00 | 0000 0000 

  0x0000023eb7b3548c: ;   {runtime_call}
  0x0000023eb7b3548c: 0000 00e9 | fbff ffff 

  0x0000023eb7b35494: ;   {static_stub}
  0x0000023eb7b35494: 9048 bb00 | 0000 0000 

  0x0000023eb7b3549c: ;   {runtime_call}
  0x0000023eb7b3549c: 0000 00e9 | fbff ffff 
[Exception Handler]
  0x0000023eb7b354a4: ;   {runtime_call handle_exception_from_callee Runtime1 stub}
  0x0000023eb7b354a4: e857 5445 

  0x0000023eb7b354a8: ;   {external_word}
  0x0000023eb7b354a8: 0748 b928 | 4931 19fa | 7f00 0048 

  0x0000023eb7b354b4: ;   {runtime_call}
  0x0000023eb7b354b4: 83e4 f049 | bab0 f8fc | 18fa 7f00 | 0041 ffd2 

  0x0000023eb7b354c4: ;   {section_word}
  0x0000023eb7b354c4: f449 bac5 | 54b3 b73e | 0200 0041 

  0x0000023eb7b354d0: ;   {runtime_call DeoptimizationBlob}
  0x0000023eb7b354d0: 52e9 ca1b | 3b07 f4f4 
[/MachCode]


---------------  P R O C E S S  ---------------

Threads class SMR info:
_java_thread_list=0x0000023ed2ff0270, length=15, elements={
0x0000023eae028a50, 0x0000023ecdb81a90, 0x0000023ecdb823c0, 0x0000023ecdb83ad0,
0x0000023ecdb847c0, 0x0000023ecdb854c0, 0x0000023ecdc8d890, 0x0000023ecdb8ab60,
0x0000023ecdc95f20, 0x0000023ecdcac850, 0x0000023ecdb58160, 0x0000023ed23f8350,
0x0000023ed22a9d10, 0x0000023ed2670ce0, 0x0000023ed300be70
}

Java Threads: ( => current thread )
  0x0000023eae028a50 JavaThread "main" [_thread_blocked, id=13784, stack(0x000000e683f00000,0x000000e684000000)]
  0x0000023ecdb81a90 JavaThread "Reference Handler" daemon [_thread_blocked, id=9296, stack(0x000000e684600000,0x000000e684700000)]
  0x0000023ecdb823c0 JavaThread "Finalizer" daemon [_thread_blocked, id=5028, stack(0x000000e684700000,0x000000e684800000)]
  0x0000023ecdb83ad0 JavaThread "Signal Dispatcher" daemon [_thread_blocked, id=10876, stack(0x000000e684800000,0x000000e684900000)]
  0x0000023ecdb847c0 JavaThread "Attach Listener" daemon [_thread_blocked, id=8348, stack(0x000000e684900000,0x000000e684a00000)]
  0x0000023ecdb854c0 JavaThread "Service Thread" daemon [_thread_blocked, id=14248, stack(0x000000e684a00000,0x000000e684b00000)]
  0x0000023ecdc8d890 JavaThread "Monitor Deflation Thread" daemon [_thread_blocked, id=8028, stack(0x000000e684b00000,0x000000e684c00000)]
  0x0000023ecdb8ab60 JavaThread "C2 CompilerThread0" daemon [_thread_blocked, id=1284, stack(0x000000e684c00000,0x000000e684d00000)]
  0x0000023ecdc95f20 JavaThread "C1 CompilerThread0" daemon [_thread_blocked, id=13556, stack(0x000000e684d00000,0x000000e684e00000)]
  0x0000023ecdcac850 JavaThread "Sweeper thread" daemon [_thread_blocked, id=5412, stack(0x000000e684e00000,0x000000e684f00000)]
  0x0000023ecdb58160 JavaThread "Common-Cleaner" daemon [_thread_blocked, id=12544, stack(0x000000e684f00000,0x000000e685000000)]
  0x0000023ed23f8350 JavaThread "Monitor Ctrl-Break" daemon [_thread_in_native, id=10036, stack(0x000000e685000000,0x000000e685100000)]
  0x0000023ed22a9d10 JavaThread "Notification Thread" daemon [_thread_blocked, id=8440, stack(0x000000e685100000,0x000000e685200000)]
  0x0000023ed2670ce0 JavaThread "C2 CompilerThread1" daemon [_thread_blocked, id=7248, stack(0x000000e685300000,0x000000e685400000)]
=>0x0000023ed300be70 JavaThread "background-preinit" [_thread_in_vm, id=5680, stack(0x000000e685700000,0x000000e685800000)]

Other Threads:
  0x0000023ecdb66200 VMThread "VM Thread" [stack: 0x000000e684500000,0x000000e684600000] [id=13216]
  0x0000023ed22aa6d0 WatcherThread "VM Periodic Task Thread" [stack: 0x000000e685200000,0x000000e685300000] [id=14104]
  0x0000023eae0832e0 WorkerThread "GC Thread#0" [stack: 0x000000e684000000,0x000000e684100000] [id=10496]
  0x0000023ed2713c50 WorkerThread "GC Thread#1" [stack: 0x000000e685400000,0x000000e685500000] [id=3352]
  0x0000023ed2713f20 WorkerThread "GC Thread#2" [stack: 0x000000e685500000,0x000000e685600000] [id=9476]
  0x0000023ed2a91a30 WorkerThread "GC Thread#3" [stack: 0x000000e685600000,0x000000e685700000] [id=10976]
  0x0000023eae0943e0 ConcurrentGCThread "G1 Main Marker" [stack: 0x000000e684100000,0x000000e684200000] [id=7260]
  0x0000023eae0967e0 WorkerThread "G1 Conc#0" [stack: 0x000000e684200000,0x000000e684300000] [id=13932]
  0x0000023ecdafb410 ConcurrentGCThread "G1 Refine#0" [stack: 0x000000e684300000,0x000000e684400000] [id=10308]
  0x0000023ecdafdc10 ConcurrentGCThread "G1 Service" [stack: 0x000000e684400000,0x000000e684500000] [id=8004]

Threads with active compile tasks:

VM state: not at safepoint (normal execution)

VM Mutex/Monitor currently owned by a thread:  ([mutex/lock_event])
[0x0000023eae021ee0] Metaspace_lock - owner thread: 0x0000023ed300be70

OutOfMemory and StackOverflow Exception counts:
OutOfMemoryError java_heap_errors=1
LinkageErrors=39

Heap address: 0x0000000088e00000, size: 1906 MB, Compressed Oops mode: 32-bit

CDS archive(s) mapped at: [0x0000000800000000-0x0000000800c40000-0x0000000800c40000), size 12845056, SharedBaseAddress: 0x0000000800000000, ArchiveRelocationMode: 0.
Compressed class space mapped at: 0x0000000801000000-0x0000000841000000, reserved size: 1073741824
Narrow klass base: 0x0000000800000000, Narrow klass shift: 0, Narrow klass range: 0x100000000

GC Precious Log:
 CardTable entry size: 512
 Card Set container configuration: InlinePtr #cards 5 size 8 Array Of Cards #cards 12 size 40 Howl #buckets 4 coarsen threshold 1843 Howl Bitmap #cards 512 size 80 coarsen threshold 460 Card regions per heap region 1 cards per card region 2048
 CPUs: 4 total, 4 available
 Memory: 7616M
 Large Page Support: Disabled
 NUMA Support: Disabled
 Compressed Oops: Enabled (32-bit)
 Heap Region Size: 1M
 Heap Min Capacity: 8M
 Heap Initial Capacity: 120M
 Heap Max Capacity: 1906M
 Pre-touch: Disabled
 Parallel Workers: 4
 Concurrent Workers: 1
 Concurrent Refinement Workers: 4
 Periodic GC: Disabled

Heap:
 garbage-first heap   total 122880K, used 19874K [0x0000000088e00000, 0x0000000100000000)
  region size 1024K, 14 young (14336K), 1 survivors (1024K)
 Metaspace       used 10353K, committed 10560K, reserved 1114112K
  class space    used 1210K, committed 1344K, reserved 1048576K

Heap Regions: E=young(eden), S=young(survivor), O=old, HS=humongous(starts), HC=humongous(continues), CS=collection set, F=free, OA=open archive, CA=closed archive, TAMS=top-at-mark-start (previous, next)
|   0|0x0000000088e00000, 0x0000000088f00000, 0x0000000088f00000|100%|HS|  |TAMS 0x0000000088e00000, 0x0000000088e00000| Complete 
|   1|0x0000000088f00000, 0x0000000089000000, 0x0000000089000000|100%| O|  |TAMS 0x0000000088f00000, 0x0000000088f00000| Untracked 
|   2|0x0000000089000000, 0x0000000089100000, 0x0000000089100000|100%| O|  |TAMS 0x0000000089000000, 0x0000000089000000| Untracked 
|   3|0x0000000089100000, 0x0000000089200000, 0x0000000089200000|100%| O|  |TAMS 0x0000000089100000, 0x0000000089100000| Untracked 
|   4|0x0000000089200000, 0x0000000089300000, 0x0000000089300000|100%| O|  |TAMS 0x0000000089200000, 0x0000000089200000| Untracked 
|   5|0x0000000089300000, 0x0000000089400000, 0x0000000089400000|100%| O|  |TAMS 0x0000000089300000, 0x0000000089300000| Untracked 
|   6|0x0000000089400000, 0x000000008946a000, 0x0000000089500000| 41%| O|  |TAMS 0x0000000089400000, 0x0000000089400000| Untracked 
|   7|0x0000000089500000, 0x0000000089500000, 0x0000000089600000|  0%| F|  |TAMS 0x0000000089500000, 0x0000000089500000| Untracked 
|   8|0x0000000089600000, 0x0000000089600000, 0x0000000089700000|  0%| F|  |TAMS 0x0000000089600000, 0x0000000089600000| Untracked 
|   9|0x0000000089700000, 0x0000000089700000, 0x0000000089800000|  0%| F|  |TAMS 0x0000000089700000, 0x0000000089700000| Untracked 
|  10|0x0000000089800000, 0x0000000089800000, 0x0000000089900000|  0%| F|  |TAMS 0x0000000089800000, 0x0000000089800000| Untracked 
|  11|0x0000000089900000, 0x0000000089900000, 0x0000000089a00000|  0%| F|  |TAMS 0x0000000089900000, 0x0000000089900000| Untracked 
|  12|0x0000000089a00000, 0x0000000089a00000, 0x0000000089b00000|  0%| F|  |TAMS 0x0000000089a00000, 0x0000000089a00000| Untracked 
|  13|0x0000000089b00000, 0x0000000089b00000, 0x0000000089c00000|  0%| F|  |TAMS 0x0000000089b00000, 0x0000000089b00000| Untracked 
|  14|0x0000000089c00000, 0x0000000089c00000, 0x0000000089d00000|  0%| F|  |TAMS 0x0000000089c00000, 0x0000000089c00000| Untracked 
|  15|0x0000000089d00000, 0x0000000089d00000, 0x0000000089e00000|  0%| F|  |TAMS 0x0000000089d00000, 0x0000000089d00000| Untracked 
|  16|0x0000000089e00000, 0x0000000089e00000, 0x0000000089f00000|  0%| F|  |TAMS 0x0000000089e00000, 0x0000000089e00000| Untracked 
|  17|0x0000000089f00000, 0x0000000089f00000, 0x000000008a000000|  0%| F|  |TAMS 0x0000000089f00000, 0x0000000089f00000| Untracked 
|  18|0x000000008a000000, 0x000000008a000000, 0x000000008a100000|  0%| F|  |TAMS 0x000000008a000000, 0x000000008a000000| Untracked 
|  19|0x000000008a100000, 0x000000008a100000, 0x000000008a200000|  0%| F|  |TAMS 0x000000008a100000, 0x000000008a100000| Untracked 
|  20|0x000000008a200000, 0x000000008a200000, 0x000000008a300000|  0%| F|  |TAMS 0x000000008a200000, 0x000000008a200000| Untracked 
|  21|0x000000008a300000, 0x000000008a300000, 0x000000008a400000|  0%| F|  |TAMS 0x000000008a300000, 0x000000008a300000| Untracked 
|  22|0x000000008a400000, 0x000000008a400000, 0x000000008a500000|  0%| F|  |TAMS 0x000000008a400000, 0x000000008a400000| Untracked 
|  23|0x000000008a500000, 0x000000008a500000, 0x000000008a600000|  0%| F|  |TAMS 0x000000008a500000, 0x000000008a500000| Untracked 
|  24|0x000000008a600000, 0x000000008a600000, 0x000000008a700000|  0%| F|  |TAMS 0x000000008a600000, 0x000000008a600000| Untracked 
|  25|0x000000008a700000, 0x000000008a700000, 0x000000008a800000|  0%| F|  |TAMS 0x000000008a700000, 0x000000008a700000| Untracked 
|  26|0x000000008a800000, 0x000000008a800000, 0x000000008a900000|  0%| F|  |TAMS 0x000000008a800000, 0x000000008a800000| Untracked 
|  27|0x000000008a900000, 0x000000008a900000, 0x000000008aa00000|  0%| F|  |TAMS 0x000000008a900000, 0x000000008a900000| Untracked 
|  28|0x000000008aa00000, 0x000000008aa00000, 0x000000008ab00000|  0%| F|  |TAMS 0x000000008aa00000, 0x000000008aa00000| Untracked 
|  29|0x000000008ab00000, 0x000000008ab00000, 0x000000008ac00000|  0%| F|  |TAMS 0x000000008ab00000, 0x000000008ab00000| Untracked 
|  30|0x000000008ac00000, 0x000000008ac00000, 0x000000008ad00000|  0%| F|  |TAMS 0x000000008ac00000, 0x000000008ac00000| Untracked 
|  31|0x000000008ad00000, 0x000000008ad00000, 0x000000008ae00000|  0%| F|  |TAMS 0x000000008ad00000, 0x000000008ad00000| Untracked 
|  32|0x000000008ae00000, 0x000000008ae00000, 0x000000008af00000|  0%| F|  |TAMS 0x000000008ae00000, 0x000000008ae00000| Untracked 
|  33|0x000000008af00000, 0x000000008af00000, 0x000000008b000000|  0%| F|  |TAMS 0x000000008af00000, 0x000000008af00000| Untracked 
|  34|0x000000008b000000, 0x000000008b000000, 0x000000008b100000|  0%| F|  |TAMS 0x000000008b000000, 0x000000008b000000| Untracked 
|  35|0x000000008b100000, 0x000000008b100000, 0x000000008b200000|  0%| F|  |TAMS 0x000000008b100000, 0x000000008b100000| Untracked 
|  36|0x000000008b200000, 0x000000008b200000, 0x000000008b300000|  0%| F|  |TAMS 0x000000008b200000, 0x000000008b200000| Untracked 
|  37|0x000000008b300000, 0x000000008b300000, 0x000000008b400000|  0%| F|  |TAMS 0x000000008b300000, 0x000000008b300000| Untracked 
|  38|0x000000008b400000, 0x000000008b400000, 0x000000008b500000|  0%| F|  |TAMS 0x000000008b400000, 0x000000008b400000| Untracked 
|  39|0x000000008b500000, 0x000000008b500000, 0x000000008b600000|  0%| F|  |TAMS 0x000000008b500000, 0x000000008b500000| Untracked 
|  40|0x000000008b600000, 0x000000008b600000, 0x000000008b700000|  0%| F|  |TAMS 0x000000008b600000, 0x000000008b600000| Untracked 
|  41|0x000000008b700000, 0x000000008b700000, 0x000000008b800000|  0%| F|  |TAMS 0x000000008b700000, 0x000000008b700000| Untracked 
|  42|0x000000008b800000, 0x000000008b800000, 0x000000008b900000|  0%| F|  |TAMS 0x000000008b800000, 0x000000008b800000| Untracked 
|  43|0x000000008b900000, 0x000000008b900000, 0x000000008ba00000|  0%| F|  |TAMS 0x000000008b900000, 0x000000008b900000| Untracked 
|  44|0x000000008ba00000, 0x000000008ba00000, 0x000000008bb00000|  0%| F|  |TAMS 0x000000008ba00000, 0x000000008ba00000| Untracked 
|  45|0x000000008bb00000, 0x000000008bb00000, 0x000000008bc00000|  0%| F|  |TAMS 0x000000008bb00000, 0x000000008bb00000| Untracked 
|  46|0x000000008bc00000, 0x000000008bc00000, 0x000000008bd00000|  0%| F|  |TAMS 0x000000008bc00000, 0x000000008bc00000| Untracked 
|  47|0x000000008bd00000, 0x000000008bd00000, 0x000000008be00000|  0%| F|  |TAMS 0x000000008bd00000, 0x000000008bd00000| Untracked 
|  48|0x000000008be00000, 0x000000008be00000, 0x000000008bf00000|  0%| F|  |TAMS 0x000000008be00000, 0x000000008be00000| Untracked 
|  49|0x000000008bf00000, 0x000000008bf00000, 0x000000008c000000|  0%| F|  |TAMS 0x000000008bf00000, 0x000000008bf00000| Untracked 
|  50|0x000000008c000000, 0x000000008c000000, 0x000000008c100000|  0%| F|  |TAMS 0x000000008c000000, 0x000000008c000000| Untracked 
|  51|0x000000008c100000, 0x000000008c100000, 0x000000008c200000|  0%| F|  |TAMS 0x000000008c100000, 0x000000008c100000| Untracked 
|  52|0x000000008c200000, 0x000000008c200000, 0x000000008c300000|  0%| F|  |TAMS 0x000000008c200000, 0x000000008c200000| Untracked 
|  53|0x000000008c300000, 0x000000008c300000, 0x000000008c400000|  0%| F|  |TAMS 0x000000008c300000, 0x000000008c300000| Untracked 
|  54|0x000000008c400000, 0x000000008c400000, 0x000000008c500000|  0%| F|  |TAMS 0x000000008c400000, 0x000000008c400000| Untracked 
|  55|0x000000008c500000, 0x000000008c500000, 0x000000008c600000|  0%| F|  |TAMS 0x000000008c500000, 0x000000008c500000| Untracked 
|  56|0x000000008c600000, 0x000000008c600000, 0x000000008c700000|  0%| F|  |TAMS 0x000000008c600000, 0x000000008c600000| Untracked 
|  57|0x000000008c700000, 0x000000008c700000, 0x000000008c800000|  0%| F|  |TAMS 0x000000008c700000, 0x000000008c700000| Untracked 
|  58|0x000000008c800000, 0x000000008c800000, 0x000000008c900000|  0%| F|  |TAMS 0x000000008c800000, 0x000000008c800000| Untracked 
|  59|0x000000008c900000, 0x000000008c900000, 0x000000008ca00000|  0%| F|  |TAMS 0x000000008c900000, 0x000000008c900000| Untracked 
|  60|0x000000008ca00000, 0x000000008ca00000, 0x000000008cb00000|  0%| F|  |TAMS 0x000000008ca00000, 0x000000008ca00000| Untracked 
|  61|0x000000008cb00000, 0x000000008cb00000, 0x000000008cc00000|  0%| F|  |TAMS 0x000000008cb00000, 0x000000008cb00000| Untracked 
|  62|0x000000008cc00000, 0x000000008cc00000, 0x000000008cd00000|  0%| F|  |TAMS 0x000000008cc00000, 0x000000008cc00000| Untracked 
|  63|0x000000008cd00000, 0x000000008cd00000, 0x000000008ce00000|  0%| F|  |TAMS 0x000000008cd00000, 0x000000008cd00000| Untracked 
|  64|0x000000008ce00000, 0x000000008ce00000, 0x000000008cf00000|  0%| F|  |TAMS 0x000000008ce00000, 0x000000008ce00000| Untracked 
|  65|0x000000008cf00000, 0x000000008cf00000, 0x000000008d000000|  0%| F|  |TAMS 0x000000008cf00000, 0x000000008cf00000| Untracked 
|  66|0x000000008d000000, 0x000000008d000000, 0x000000008d100000|  0%| F|  |TAMS 0x000000008d000000, 0x000000008d000000| Untracked 
|  67|0x000000008d100000, 0x000000008d100000, 0x000000008d200000|  0%| F|  |TAMS 0x000000008d100000, 0x000000008d100000| Untracked 
|  68|0x000000008d200000, 0x000000008d200000, 0x000000008d300000|  0%| F|  |TAMS 0x000000008d200000, 0x000000008d200000| Untracked 
|  69|0x000000008d300000, 0x000000008d300000, 0x000000008d400000|  0%| F|  |TAMS 0x000000008d300000, 0x000000008d300000| Untracked 
|  70|0x000000008d400000, 0x000000008d400000, 0x000000008d500000|  0%| F|  |TAMS 0x000000008d400000, 0x000000008d400000| Untracked 
|  71|0x000000008d500000, 0x000000008d500000, 0x000000008d600000|  0%| F|  |TAMS 0x000000008d500000, 0x000000008d500000| Untracked 
|  72|0x000000008d600000, 0x000000008d600000, 0x000000008d700000|  0%| F|  |TAMS 0x000000008d600000, 0x000000008d600000| Untracked 
|  73|0x000000008d700000, 0x000000008d700000, 0x000000008d800000|  0%| F|  |TAMS 0x000000008d700000, 0x000000008d700000| Untracked 
|  74|0x000000008d800000, 0x000000008d800000, 0x000000008d900000|  0%| F|  |TAMS 0x000000008d800000, 0x000000008d800000| Untracked 
|  75|0x000000008d900000, 0x000000008d900000, 0x000000008da00000|  0%| F|  |TAMS 0x000000008d900000, 0x000000008d900000| Untracked 
|  76|0x000000008da00000, 0x000000008da00000, 0x000000008db00000|  0%| F|  |TAMS 0x000000008da00000, 0x000000008da00000| Untracked 
|  77|0x000000008db00000, 0x000000008db00000, 0x000000008dc00000|  0%| F|  |TAMS 0x000000008db00000, 0x000000008db00000| Untracked 
|  78|0x000000008dc00000, 0x000000008dc00000, 0x000000008dd00000|  0%| F|  |TAMS 0x000000008dc00000, 0x000000008dc00000| Untracked 
|  79|0x000000008dd00000, 0x000000008dd00000, 0x000000008de00000|  0%| F|  |TAMS 0x000000008dd00000, 0x000000008dd00000| Untracked 
|  80|0x000000008de00000, 0x000000008de00000, 0x000000008df00000|  0%| F|  |TAMS 0x000000008de00000, 0x000000008de00000| Untracked 
|  81|0x000000008df00000, 0x000000008df00000, 0x000000008e000000|  0%| F|  |TAMS 0x000000008df00000, 0x000000008df00000| Untracked 
|  82|0x000000008e000000, 0x000000008e000000, 0x000000008e100000|  0%| F|  |TAMS 0x000000008e000000, 0x000000008e000000| Untracked 
|  83|0x000000008e100000, 0x000000008e100000, 0x000000008e200000|  0%| F|  |TAMS 0x000000008e100000, 0x000000008e100000| Untracked 
|  84|0x000000008e200000, 0x000000008e200000, 0x000000008e300000|  0%| F|  |TAMS 0x000000008e200000, 0x000000008e200000| Untracked 
|  85|0x000000008e300000, 0x000000008e300000, 0x000000008e400000|  0%| F|  |TAMS 0x000000008e300000, 0x000000008e300000| Untracked 
|  86|0x000000008e400000, 0x000000008e400000, 0x000000008e500000|  0%| F|  |TAMS 0x000000008e400000, 0x000000008e400000| Untracked 
|  87|0x000000008e500000, 0x000000008e500000, 0x000000008e600000|  0%| F|  |TAMS 0x000000008e500000, 0x000000008e500000| Untracked 
|  88|0x000000008e600000, 0x000000008e600000, 0x000000008e700000|  0%| F|  |TAMS 0x000000008e600000, 0x000000008e600000| Untracked 
|  89|0x000000008e700000, 0x000000008e700000, 0x000000008e800000|  0%| F|  |TAMS 0x000000008e700000, 0x000000008e700000| Untracked 
|  90|0x000000008e800000, 0x000000008e800000, 0x000000008e900000|  0%| F|  |TAMS 0x000000008e800000, 0x000000008e800000| Untracked 
|  91|0x000000008e900000, 0x000000008e900000, 0x000000008ea00000|  0%| F|  |TAMS 0x000000008e900000, 0x000000008e900000| Untracked 
|  92|0x000000008ea00000, 0x000000008ea00000, 0x000000008eb00000|  0%| F|  |TAMS 0x000000008ea00000, 0x000000008ea00000| Untracked 
|  93|0x000000008eb00000, 0x000000008eb00000, 0x000000008ec00000|  0%| F|  |TAMS 0x000000008eb00000, 0x000000008eb00000| Untracked 
|  94|0x000000008ec00000, 0x000000008ec00000, 0x000000008ed00000|  0%| F|  |TAMS 0x000000008ec00000, 0x000000008ec00000| Untracked 
|  95|0x000000008ed00000, 0x000000008ed00000, 0x000000008ee00000|  0%| F|  |TAMS 0x000000008ed00000, 0x000000008ed00000| Untracked 
|  96|0x000000008ee00000, 0x000000008ee00000, 0x000000008ef00000|  0%| F|  |TAMS 0x000000008ee00000, 0x000000008ee00000| Untracked 
|  97|0x000000008ef00000, 0x000000008ef00000, 0x000000008f000000|  0%| F|  |TAMS 0x000000008ef00000, 0x000000008ef00000| Untracked 
|  98|0x000000008f000000, 0x000000008f000000, 0x000000008f100000|  0%| F|  |TAMS 0x000000008f000000, 0x000000008f000000| Untracked 
|  99|0x000000008f100000, 0x000000008f100000, 0x000000008f200000|  0%| F|  |TAMS 0x000000008f100000, 0x000000008f100000| Untracked 
| 100|0x000000008f200000, 0x000000008f200000, 0x000000008f300000|  0%| F|  |TAMS 0x000000008f200000, 0x000000008f200000| Untracked 
| 101|0x000000008f300000, 0x000000008f300000, 0x000000008f400000|  0%| F|  |TAMS 0x000000008f300000, 0x000000008f300000| Untracked 
| 102|0x000000008f400000, 0x000000008f400000, 0x000000008f500000|  0%| F|  |TAMS 0x000000008f400000, 0x000000008f400000| Untracked 
| 103|0x000000008f500000, 0x000000008f500000, 0x000000008f600000|  0%| F|  |TAMS 0x000000008f500000, 0x000000008f500000| Untracked 
| 104|0x000000008f600000, 0x000000008f600000, 0x000000008f700000|  0%| F|  |TAMS 0x000000008f600000, 0x000000008f600000| Untracked 
| 105|0x000000008f700000, 0x000000008f700000, 0x000000008f800000|  0%| F|  |TAMS 0x000000008f700000, 0x000000008f700000| Untracked 
| 106|0x000000008f800000, 0x000000008f82d458, 0x000000008f900000| 17%| E|  |TAMS 0x000000008f800000, 0x000000008f800000| Complete 
| 107|0x000000008f900000, 0x000000008fa00000, 0x000000008fa00000|100%| E|CS|TAMS 0x000000008f900000, 0x000000008f900000| Complete 
| 108|0x000000008fa00000, 0x000000008fafe830, 0x000000008fb00000| 99%| S|CS|TAMS 0x000000008fa00000, 0x000000008fa00000| Complete 
| 109|0x000000008fb00000, 0x000000008fc00000, 0x000000008fc00000|100%| E|CS|TAMS 0x000000008fb00000, 0x000000008fb00000| Complete 
| 110|0x000000008fc00000, 0x000000008fd00000, 0x000000008fd00000|100%| E|CS|TAMS 0x000000008fc00000, 0x000000008fc00000| Complete 
| 111|0x000000008fd00000, 0x000000008fe00000, 0x000000008fe00000|100%| E|CS|TAMS 0x000000008fd00000, 0x000000008fd00000| Complete 
| 112|0x000000008fe00000, 0x000000008ff00000, 0x000000008ff00000|100%| E|CS|TAMS 0x000000008fe00000, 0x000000008fe00000| Complete 
| 113|0x000000008ff00000, 0x0000000090000000, 0x0000000090000000|100%| E|CS|TAMS 0x000000008ff00000, 0x000000008ff00000| Complete 
| 114|0x0000000090000000, 0x0000000090100000, 0x0000000090100000|100%| E|CS|TAMS 0x0000000090000000, 0x0000000090000000| Complete 
| 115|0x0000000090100000, 0x0000000090200000, 0x0000000090200000|100%| E|CS|TAMS 0x0000000090100000, 0x0000000090100000| Complete 
| 116|0x0000000090200000, 0x0000000090300000, 0x0000000090300000|100%| E|CS|TAMS 0x0000000090200000, 0x0000000090200000| Complete 
| 117|0x0000000090300000, 0x0000000090400000, 0x0000000090400000|100%| E|CS|TAMS 0x0000000090300000, 0x0000000090300000| Complete 
| 118|0x0000000090400000, 0x0000000090500000, 0x0000000090500000|100%| E|CS|TAMS 0x0000000090400000, 0x0000000090400000| Complete 
| 119|0x0000000090500000, 0x0000000090600000, 0x0000000090600000|100%| E|CS|TAMS 0x0000000090500000, 0x0000000090500000| Complete 

Card table byte_map: [0x0000023ec7330000,0x0000023ec76f0000] _byte_map_base: 0x0000023ec6ee9000

Marking Bits (Prev, Next): (CMBitMap*) 0x0000023eae084ad0, (CMBitMap*) 0x0000023eae084b10
 Prev Bits: [0x0000023ec7ab0000, 0x0000023ec9878000)
 Next Bits: [0x0000023ec9880000, 0x0000023ecb648000)

Polling page: 0x0000023eadf80000

Metaspace:

Usage:
  Non-class:      8.93 MB used.
      Class:      1.18 MB used.
       Both:     10.11 MB used.

Virtual space:
  Non-class space:       64.00 MB reserved,       9.00 MB ( 14%) committed,  1 nodes.
      Class space:        1.00 GB reserved,       1.31 MB ( <1%) committed,  1 nodes.
             Both:        1.06 GB reserved,      10.31 MB ( <1%) committed. 

Chunk freelists:
   Non-Class:  2.61 MB
       Class:  2.61 MB
        Both:  5.22 MB

MaxMetaspaceSize: unlimited
CompressedClassSpaceSize: 1.00 GB
Initial GC threshold: 21.00 MB
Current GC threshold: 21.00 MB
CDS: on
MetaspaceReclaimPolicy: balanced
 - commit_granule_bytes: 65536.
 - commit_granule_words: 8192.
 - virtual_space_node_default_size: 8388608.
 - enlarge_chunks_in_place: 1.
 - new_chunks_are_fully_committed: 0.
 - uncommit_free_chunks: 1.
 - use_allocation_guard: 0.


Internal statistics:

num_allocs_failed_limit: 0.
num_arena_births: 192.
num_arena_deaths: 0.
num_vsnodes_births: 2.
num_vsnodes_deaths: 0.
num_space_committed: 165.
num_space_uncommitted: 0.
num_chunks_returned_to_freelist: 0.
num_chunks_taken_from_freelist: 511.
num_chunk_merges: 0.
num_chunk_splits: 331.
num_chunks_enlarged: 247.
num_inconsistent_stats: 0.

CodeHeap 'non-profiled nmethods': size=120000Kb used=554Kb max_used=554Kb free=119445Kb
 bounds [0x0000023ebf420000, 0x0000023ebf690000, 0x0000023ec6950000]
CodeHeap 'profiled nmethods': size=120000Kb used=2750Kb max_used=2750Kb free=117250Kb
 bounds [0x0000023eb7950000, 0x0000023eb7c00000, 0x0000023ebee80000]
CodeHeap 'non-nmethods': size=5760Kb used=1261Kb max_used=1278Kb free=4498Kb
 bounds [0x0000023ebee80000, 0x0000023ebf0f0000, 0x0000023ebf420000]
 total_blobs=2074 nmethods=1605 adapters=379
 compilation: enabled
              stopped_count=0, restarted_count=0
 full_count=0

Compilation events (20 events):
Event: 2.250 Thread 0x0000023ecdc95f20 1595       3       java.lang.invoke.MethodHandleNatives::linkCallSite (65 bytes)
Event: 2.250 Thread 0x0000023ecdc95f20 nmethod 1595 0x0000023eb7bfb790 code [0x0000023eb7bfb980, 0x0000023eb7bfbec8]
Event: 2.250 Thread 0x0000023ecdc95f20 1596       3       java.lang.invoke.MethodHandleNatives::linkCallSiteImpl (44 bytes)
Event: 2.251 Thread 0x0000023ecdc95f20 nmethod 1596 0x0000023eb7bfc090 code [0x0000023eb7bfc2c0, 0x0000023eb7bfcbf8]
Event: 2.251 Thread 0x0000023ecdc95f20 1597       3       java.lang.invoke.ConstantCallSite::<init> (17 bytes)
Event: 2.252 Thread 0x0000023ecdc95f20 nmethod 1597 0x0000023eb7bfcf90 code [0x0000023eb7bfd180, 0x0000023eb7bfd708]
Event: 2.252 Thread 0x0000023ecdc95f20 1599       3       org.springframework.core.ResolvableType::forClass (9 bytes)
Event: 2.252 Thread 0x0000023ecdc95f20 nmethod 1599 0x0000023eb7bfd910 code [0x0000023eb7bfdac0, 0x0000023eb7bfdc48]
Event: 2.252 Thread 0x0000023ecdc95f20 1600       3       org.springframework.core.ResolvableType::<init> (47 bytes)
Event: 2.252 Thread 0x0000023ecdc95f20 nmethod 1600 0x0000023eb7bfdd10 code [0x0000023eb7bfdec0, 0x0000023eb7bfe1f8]
Event: 2.253 Thread 0x0000023ecdc95f20 1601       3       ch.qos.logback.classic.Logger::getChildByName (68 bytes)
Event: 2.253 Thread 0x0000023ecdc95f20 nmethod 1601 0x0000023eb7bfe290 code [0x0000023eb7bfe480, 0x0000023eb7bfea28]
Event: 2.253 Thread 0x0000023ecdc95f20 1602       1       ch.qos.logback.classic.spi.LogbackServiceProvider::getLoggerFactory (5 bytes)
Event: 2.253 Thread 0x0000023ecdc95f20 nmethod 1602 0x0000023ebf4a9c90 code [0x0000023ebf4a9e20, 0x0000023ebf4a9ed8]
Event: 2.265 Thread 0x0000023ecdb8ab60 1603       4       java.lang.String::regionMatches (150 bytes)
Event: 2.272 Thread 0x0000023ecdb8ab60 nmethod 1603 0x0000023ebf4a9f90 code [0x0000023ebf4aa120, 0x0000023ebf4aa4f8]
Event: 2.282 Thread 0x0000023ecdc95f20 1604       3       java.nio.file.attribute.FileTime::from (18 bytes)
Event: 2.283 Thread 0x0000023ecdc95f20 nmethod 1604 0x0000023eb7bfec10 code [0x0000023eb7bfede0, 0x0000023eb7bff1c8]
Event: 2.283 Thread 0x0000023ecdc95f20 1605       3       java.nio.file.attribute.FileTime::<init> (21 bytes)
Event: 2.283 Thread 0x0000023ecdc95f20 nmethod 1605 0x0000023eb7bff390 code [0x0000023eb7bff540, 0x0000023eb7bff758]

GC Heap History (4 events):
Event: 1.093 GC heap before
{Heap before GC invocations=0 (full 0):
 garbage-first heap   total 122880K, used 13312K [0x0000000088e00000, 0x0000000100000000)
  region size 1024K, 13 young (13312K), 0 survivors (0K)
 Metaspace       used 3510K, committed 3648K, reserved 1114112K
  class space    used 338K, committed 384K, reserved 1048576K
}
Event: 1.106 GC heap after
{Heap after GC invocations=1 (full 0):
 garbage-first heap   total 122880K, used 6579K [0x0000000088e00000, 0x0000000100000000)
  region size 1024K, 2 young (2048K), 2 survivors (2048K)
 Metaspace       used 3510K, committed 3648K, reserved 1114112K
  class space    used 338K, committed 384K, reserved 1048576K
}
Event: 1.769 GC heap before
{Heap before GC invocations=1 (full 0):
 garbage-first heap   total 122880K, used 17843K [0x0000000088e00000, 0x0000000100000000)
  region size 1024K, 13 young (13312K), 2 survivors (2048K)
 Metaspace       used 6962K, committed 7168K, reserved 1114112K
  class space    used 791K, committed 896K, reserved 1048576K
}
Event: 1.779 GC heap after
{Heap after GC invocations=2 (full 0):
 garbage-first heap   total 122880K, used 7586K [0x0000000088e00000, 0x0000000100000000)
  region size 1024K, 1 young (1024K), 1 survivors (1024K)
 Metaspace       used 6962K, committed 7168K, reserved 1114112K
  class space    used 791K, committed 896K, reserved 1048576K
}

Dll operation events (10 events):
Event: 0.017 Loaded shared library C:\Program Files\Java\jdk-19\bin\java.dll
Event: 0.037 Loaded shared library C:\Program Files\Java\jdk-19\bin\jsvml.dll
Event: 0.327 Loaded shared library C:\Program Files\Java\jdk-19\bin\zip.dll
Event: 0.333 Loaded shared library C:\Program Files\Java\jdk-19\bin\instrument.dll
Event: 0.345 Loaded shared library C:\Program Files\Java\jdk-19\bin\net.dll
Event: 0.349 Loaded shared library C:\Program Files\Java\jdk-19\bin\nio.dll
Event: 0.355 Loaded shared library C:\Program Files\Java\jdk-19\bin\zip.dll
Event: 0.567 Loaded shared library C:\Program Files\JetBrains\IntelliJ IDEA Community Edition 2022.3.2\bin\breakgen64.dll
Event: 0.585 Loaded shared library C:\Program Files\Java\jdk-19\bin\extnet.dll
Event: 0.653 Loaded shared library C:\Program Files\Java\jdk-19\bin\jimage.dll

Deoptimization events (20 events):
Event: 1.912 Thread 0x0000023eae028a50 Uncommon trap: trap_request=0xffffffde fr.pc=0x0000023ebf462eb4 relative=0x00000000000002f4
Event: 1.912 Thread 0x0000023eae028a50 Uncommon trap: reason=class_check action=maybe_recompile pc=0x0000023ebf462eb4 method=java.util.regex.Pattern$BmpCharPropertyGreedy.match(Ljava/util/regex/Matcher;ILjava/lang/CharSequence;)Z @ 26 c2
Event: 1.912 Thread 0x0000023eae028a50 DEOPT PACKING pc=0x0000023ebf462eb4 sp=0x000000e683ffd5a0
Event: 1.912 Thread 0x0000023eae028a50 DEOPT UNPACKING pc=0x0000023ebeee6da3 sp=0x000000e683ffd558 mode 2
Event: 1.912 Thread 0x0000023eae028a50 Uncommon trap: trap_request=0xffffffde fr.pc=0x0000023ebf462eb4 relative=0x00000000000002f4
Event: 1.912 Thread 0x0000023eae028a50 Uncommon trap: reason=class_check action=maybe_recompile pc=0x0000023ebf462eb4 method=java.util.regex.Pattern$BmpCharPropertyGreedy.match(Ljava/util/regex/Matcher;ILjava/lang/CharSequence;)Z @ 26 c2
Event: 1.912 Thread 0x0000023eae028a50 DEOPT PACKING pc=0x0000023ebf462eb4 sp=0x000000e683ffd6a0
Event: 1.912 Thread 0x0000023eae028a50 DEOPT UNPACKING pc=0x0000023ebeee6da3 sp=0x000000e683ffd658 mode 2
Event: 1.912 Thread 0x0000023eae028a50 Uncommon trap: trap_request=0xffffffde fr.pc=0x0000023ebf462eb4 relative=0x00000000000002f4
Event: 1.912 Thread 0x0000023eae028a50 Uncommon trap: reason=class_check action=maybe_recompile pc=0x0000023ebf462eb4 method=java.util.regex.Pattern$BmpCharPropertyGreedy.match(Ljava/util/regex/Matcher;ILjava/lang/CharSequence;)Z @ 26 c2
Event: 1.912 Thread 0x0000023eae028a50 DEOPT PACKING pc=0x0000023ebf462eb4 sp=0x000000e683ffd620
Event: 1.912 Thread 0x0000023eae028a50 DEOPT UNPACKING pc=0x0000023ebeee6da3 sp=0x000000e683ffd5d8 mode 2
Event: 1.921 Thread 0x0000023eae028a50 Uncommon trap: trap_request=0xffffff45 fr.pc=0x0000023ebf464680 relative=0x0000000000000700
Event: 1.921 Thread 0x0000023eae028a50 Uncommon trap: reason=unstable_if action=reinterpret pc=0x0000023ebf464680 method=java.util.regex.Matcher.search(I)Z @ 30 c2
Event: 1.921 Thread 0x0000023eae028a50 DEOPT PACKING pc=0x0000023ebf464680 sp=0x000000e683ffd9f0
Event: 1.921 Thread 0x0000023eae028a50 DEOPT UNPACKING pc=0x0000023ebeee6da3 sp=0x000000e683ffd9d0 mode 2
Event: 1.956 Thread 0x0000023eae028a50 Uncommon trap: trap_request=0xffffffc6 fr.pc=0x0000023ebf47d628 relative=0x00000000000002e8
Event: 1.956 Thread 0x0000023eae028a50 Uncommon trap: reason=bimorphic_or_optimized_type_check action=maybe_recompile pc=0x0000023ebf47d628 method=java.util.concurrent.ConcurrentHashMap.get(Ljava/lang/Object;)Ljava/lang/Object; @ 149 c2
Event: 1.956 Thread 0x0000023eae028a50 DEOPT PACKING pc=0x0000023ebf47d628 sp=0x000000e683ffd1d0
Event: 1.956 Thread 0x0000023eae028a50 DEOPT UNPACKING pc=0x0000023ebeee6da3 sp=0x000000e683ffd140 mode 2

Classes loaded (20 events):
Event: 2.240 Loading class com/sun/org/apache/xalan/internal/utils/XMLSecurityPropertyManager
Event: 2.240 Loading class com/sun/org/apache/xalan/internal/utils/FeaturePropertyBase
Event: 2.240 Loading class com/sun/org/apache/xalan/internal/utils/FeaturePropertyBase done
Event: 2.240 Loading class com/sun/org/apache/xalan/internal/utils/XMLSecurityPropertyManager done
Event: 2.240 Loading class com/sun/org/apache/xalan/internal/utils/FeaturePropertyBase$State
Event: 2.241 Loading class com/sun/org/apache/xalan/internal/utils/FeaturePropertyBase$State done
Event: 2.241 Loading class com/sun/org/apache/xalan/internal/utils/XMLSecurityPropertyManager$Property
Event: 2.241 Loading class com/sun/org/apache/xalan/internal/utils/XMLSecurityPropertyManager$Property done
Event: 2.241 Loading class jdk/xml/internal/XMLSecurityManager
Event: 2.241 Loading class jdk/xml/internal/XMLSecurityManager done
Event: 2.242 Loading class jdk/xml/internal/XMLSecurityManager$Limit
Event: 2.242 Loading class jdk/xml/internal/XMLSecurityManager$Limit done
Event: 2.242 Loading class jdk/xml/internal/XMLSecurityManager$Processor
Event: 2.242 Loading class jdk/xml/internal/XMLSecurityManager$Processor done
Event: 2.242 Loading class jdk/xml/internal/XMLSecurityManager$NameMap
Event: 2.242 Loading class jdk/xml/internal/XMLSecurityManager$NameMap done
Event: 2.243 Loading class jdk/xml/internal/JdkProperty
Event: 2.243 Loading class jdk/xml/internal/JdkProperty done
Event: 2.253 Loading class java/util/concurrent/locks/AbstractQueuedSynchronizer$SharedNode
Event: 2.253 Loading class java/util/concurrent/locks/AbstractQueuedSynchronizer$SharedNode done

Classes unloaded (0 events):
No events

Classes redefined (0 events):
No events

Internal exceptions (20 events):
Event: 1.683 Thread 0x0000023eae028a50 Exception <a 'java/lang/NoSuchMethodError'{0x000000008fcb2a70}: 'java.lang.Object java.lang.invoke.DirectMethodHandle$Holder.invokeSpecial(java.lang.Object, java.lang.Object, java.lang.Object, java.lang.Object, java.lang.Object, java.lang.Object, java.lang.Object, int)'> (0x000000008fcb2a70) 
thrown [s\open\src\hotspot\share\interpreter\linkResolver.cpp, line 774]
Event: 1.756 Thread 0x0000023eae028a50 Exception <a 'java/lang/NoSuchMethodError'{0x000000008fbc7850}: 'int java.lang.invoke.DirectMethodHandle$Holder.invokeInterface(java.lang.Object, java.lang.Object)'> (0x000000008fbc7850) 
thrown [s\open\src\hotspot\share\interpreter\linkResolver.cpp, line 774]
Event: 1.813 Thread 0x0000023eae028a50 Exception <a 'java/lang/NoSuchMethodError'{0x00000000905d5fa0}: 'void java.lang.invoke.DirectMethodHandle$Holder.invokeSpecial(java.lang.Object, java.lang.Object, java.lang.Object, java.lang.Object, java.lang.Object)'> (0x00000000905d5fa0) 
thrown [s\open\src\hotspot\share\interpreter\linkResolver.cpp, line 774]
Event: 1.928 Thread 0x0000023eae028a50 Exception <a 'java/lang/NoSuchMethodError'{0x00000000903c2f88}: 'void java.lang.invoke.DirectMethodHandle$Holder.invokeSpecial(java.lang.Object, java.lang.Object, java.lang.Object, java.lang.Object, java.lang.Object, java.lang.Object)'> (0x00000000903c2f88) 
thrown [s\open\src\hotspot\share\interpreter\linkResolver.cpp, line 774]
Event: 1.972 Thread 0x0000023eae028a50 Exception <a 'java/lang/NoSuchMethodError'{0x00000000902783d8}: 'java.lang.Object java.lang.invoke.DirectMethodHandle$Holder.invokeSpecial(java.lang.Object, java.lang.Object, java.lang.Object, int, java.lang.Object)'> (0x00000000902783d8) 
thrown [s\open\src\hotspot\share\interpreter\linkResolver.cpp, line 774]
Event: 1.973 Thread 0x0000023eae028a50 Exception <a 'java/lang/NoSuchMethodError'{0x0000000090280c88}: 'java.lang.Object java.lang.invoke.DirectMethodHandle$Holder.newInvokeSpecial(java.lang.Object, java.lang.Object, java.lang.Object, int, java.lang.Object)'> (0x0000000090280c88) 
thrown [s\open\src\hotspot\share\interpreter\linkResolver.cpp, line 774]
Event: 1.974 Thread 0x0000023eae028a50 Exception <a 'java/lang/NoSuchMethodError'{0x0000000090288678}: 'java.lang.Object java.lang.invoke.Invokers$Holder.linkToTargetMethod(java.lang.Object, java.lang.Object, int, java.lang.Object, java.lang.Object)'> (0x0000000090288678) 
thrown [s\open\src\hotspot\share\interpreter\linkResolver.cpp, line 774]
Event: 1.977 Thread 0x0000023eae028a50 Exception <a 'java/lang/NoSuchMethodError'{0x0000000090296fd0}: 'java.lang.Object java.lang.invoke.DirectMethodHandle$Holder.newInvokeSpecial(java.lang.Object, int, java.lang.Object)'> (0x0000000090296fd0) 
thrown [s\open\src\hotspot\share\interpreter\linkResolver.cpp, line 774]
Event: 1.979 Thread 0x0000023eae028a50 Exception <a 'java/lang/NoSuchMethodError'{0x000000009029c088}: 'int java.lang.invoke.DirectMethodHandle$Holder.invokeSpecialIFC(java.lang.Object, java.lang.Object, java.lang.Object, java.lang.Object)'> (0x000000009029c088) 
thrown [s\open\src\hotspot\share\interpreter\linkResolver.cpp, line 774]
Event: 2.015 Thread 0x0000023eae028a50 Exception <a 'java/lang/NoSuchMethodError'{0x0000000090157a28}: 'void java.lang.invoke.DirectMethodHandle$Holder.invokeInterface(java.lang.Object, java.lang.Object, java.lang.Object)'> (0x0000000090157a28) 
thrown [s\open\src\hotspot\share\interpreter\linkResolver.cpp, line 774]
Event: 2.051 Thread 0x0000023eae028a50 Exception <a 'java/lang/NoSuchMethodError'{0x00000000901c6be0}: 'void java.lang.invoke.DirectMethodHandle$Holder.invokeStaticInit(java.lang.Object, java.lang.Object)'> (0x00000000901c6be0) 
thrown [s\open\src\hotspot\share\interpreter\linkResolver.cpp, line 774]
Event: 2.054 Thread 0x0000023eae028a50 Exception <a 'java/lang/NoSuchMethodError'{0x00000000901d2b28}: 'void java.lang.invoke.DirectMethodHandle$Holder.invokeStaticInit(java.lang.Object, java.lang.Object, java.lang.Object)'> (0x00000000901d2b28) 
thrown [s\open\src\hotspot\share\interpreter\linkResolver.cpp, line 774]
Event: 2.063 Thread 0x0000023eae028a50 Exception <a 'java/lang/NoSuchMethodError'{0x000000009000f010}: 'java.lang.Object java.lang.invoke.DirectMethodHandle$Holder.invokeStatic(java.lang.Object, long, java.lang.Object)'> (0x000000009000f010) 
thrown [s\open\src\hotspot\share\interpreter\linkResolver.cpp, line 774]
Event: 2.063 Thread 0x0000023eae028a50 Exception <a 'java/lang/NoSuchMethodError'{0x0000000090012910}: 'java.lang.Object java.lang.invoke.DirectMethodHandle$Holder.invokeStaticInit(java.lang.Object, long, java.lang.Object)'> (0x0000000090012910) 
thrown [s\open\src\hotspot\share\interpreter\linkResolver.cpp, line 774]
Event: 2.064 Thread 0x0000023eae028a50 Exception <a 'java/lang/NoSuchMethodError'{0x0000000090018940}: 'java.lang.Object java.lang.invoke.DirectMethodHandle$Holder.newInvokeSpecial(java.lang.Object, long)'> (0x0000000090018940) 
thrown [s\open\src\hotspot\share\interpreter\linkResolver.cpp, line 774]
Event: 2.087 Thread 0x0000023eae028a50 Exception <a 'java/lang/NoSuchMethodError'{0x00000000900591a0}: 'void java.lang.invoke.DirectMethodHandle$Holder.invokeVirtual(java.lang.Object, java.lang.Object, java.lang.Object, java.lang.Object)'> (0x00000000900591a0) 
thrown [s\open\src\hotspot\share\interpreter\linkResolver.cpp, line 774]
Event: 2.150 Thread 0x0000023eae028a50 Exception <a 'java/lang/NoSuchMethodError'{0x000000008ff87ac0}: 'void java.lang.invoke.DirectMethodHandle$Holder.invokeSpecial(java.lang.Object, java.lang.Object, java.lang.Object)'> (0x000000008ff87ac0) 
thrown [s\open\src\hotspot\share\interpreter\linkResolver.cpp, line 774]
Event: 2.164 Thread 0x0000023ed300be70 Exception <a 'java/lang/NoClassDefFoundError'{0x000000008ffc57a8}: jakarta/validation/Validation> (0x000000008ffc57a8) 
thrown [s\open\src\hotspot\share\classfile\systemDictionary.cpp, line 244]
Event: 2.170 Thread 0x0000023eae028a50 Exception <a 'java/lang/IncompatibleClassChangeError'{0x000000008fffb920}: Found class java.lang.Object, but interface was expected> (0x000000008fffb920) 
thrown [s\open\src\hotspot\share\interpreter\linkResolver.cpp, line 841]
Event: 2.247 Thread 0x0000023eae028a50 Exception <a 'java/lang/OutOfMemoryError'{0x000000008fc95ff0}> (0x000000008fc95ff0) 
thrown [s\open\src\hotspot\share\prims\jni.cpp, line 536]

VM Operations (20 events):
Event: 1.092 Executing VM operation: G1CollectForAllocation
Event: 1.106 Executing VM operation: G1CollectForAllocation done
Event: 1.106 Executing VM operation: HandshakeAllThreads
Event: 1.107 Executing VM operation: HandshakeAllThreads done
Event: 1.205 Executing VM operation: HandshakeAllThreads
Event: 1.205 Executing VM operation: HandshakeAllThreads done
Event: 1.205 Executing VM operation: HandshakeAllThreads
Event: 1.205 Executing VM operation: HandshakeAllThreads done
Event: 1.387 Executing VM operation: HandshakeAllThreads
Event: 1.387 Executing VM operation: HandshakeAllThreads done
Event: 1.769 Executing VM operation: G1CollectForAllocation
Event: 1.779 Executing VM operation: G1CollectForAllocation done
Event: 1.798 Executing VM operation: HandshakeAllThreads
Event: 1.798 Executing VM operation: HandshakeAllThreads done
Event: 2.133 Executing VM operation: HandshakeAllThreads
Event: 2.133 Executing VM operation: HandshakeAllThreads done
Event: 2.144 Executing VM operation: HandshakeAllThreads
Event: 2.144 Executing VM operation: HandshakeAllThreads done
Event: 2.144 Executing VM operation: HandshakeAllThreads
Event: 2.144 Executing VM operation: HandshakeAllThreads done

Events (15 events):
Event: 0.037 Thread 0x0000023eae028a50 Thread added: 0x0000023eae028a50
Event: 0.066 Thread 0x0000023ecdb81a90 Thread added: 0x0000023ecdb81a90
Event: 0.066 Thread 0x0000023ecdb823c0 Thread added: 0x0000023ecdb823c0
Event: 0.067 Thread 0x0000023ecdb83ad0 Thread added: 0x0000023ecdb83ad0
Event: 0.067 Thread 0x0000023ecdb847c0 Thread added: 0x0000023ecdb847c0
Event: 0.068 Thread 0x0000023ecdb854c0 Thread added: 0x0000023ecdb854c0
Event: 0.068 Thread 0x0000023ecdc8d890 Thread added: 0x0000023ecdc8d890
Event: 0.068 Thread 0x0000023ecdb8ab60 Thread added: 0x0000023ecdb8ab60
Event: 0.068 Thread 0x0000023ecdc95f20 Thread added: 0x0000023ecdc95f20
Event: 0.069 Thread 0x0000023ecdcac850 Thread added: 0x0000023ecdcac850
Event: 0.286 Thread 0x0000023ecdb58160 Thread added: 0x0000023ecdb58160
Event: 0.569 Thread 0x0000023ed23f8350 Thread added: 0x0000023ed23f8350
Event: 0.569 Thread 0x0000023ed22a9d10 Thread added: 0x0000023ed22a9d10
Event: 0.763 Thread 0x0000023ed2670ce0 Thread added: 0x0000023ed2670ce0
Event: 2.158 Thread 0x0000023ed300be70 Thread added: 0x0000023ed300be70


Dynamic libraries:
0x00007ff6e5c90000 - 0x00007ff6e5ca0000 	C:\Program Files\Java\jdk-19\bin\java.exe
0x00007ffa5a250000 - 0x00007ffa5a448000 	C:\WINDOWS\SYSTEM32\ntdll.dll
0x00007ffa59190000 - 0x00007ffa5924f000 	C:\WINDOWS\System32\KERNEL32.DLL
0x00007ffa57f10000 - 0x00007ffa581e2000 	C:\WINDOWS\System32\KERNELBASE.dll
0x00007ffa57cb0000 - 0x00007ffa57db0000 	C:\WINDOWS\System32\ucrtbase.dll
0x00007ffa42b40000 - 0x00007ffa42b5b000 	C:\Program Files\Java\jdk-19\bin\VCRUNTIME140.dll
0x00007ffa51bf0000 - 0x00007ffa51c08000 	C:\Program Files\Java\jdk-19\bin\jli.dll
0x00007ffa59250000 - 0x00007ffa592fe000 	C:\WINDOWS\System32\ADVAPI32.dll
0x00007ffa5a110000 - 0x00007ffa5a1ae000 	C:\WINDOWS\System32\msvcrt.dll
0x00007ffa58860000 - 0x00007ffa588fc000 	C:\WINDOWS\System32\sechost.dll
0x00007ffa583d0000 - 0x00007ffa584f4000 	C:\WINDOWS\System32\RPCRT4.dll
0x00007ffa59790000 - 0x00007ffa59931000 	C:\WINDOWS\System32\USER32.dll
0x00007ffa57c80000 - 0x00007ffa57ca2000 	C:\WINDOWS\System32\win32u.dll
0x00007ffa59370000 - 0x00007ffa5939b000 	C:\WINDOWS\System32\GDI32.dll
0x00007ffa44580000 - 0x00007ffa4481a000 	C:\WINDOWS\WinSxS\amd64_microsoft.windows.common-controls_6595b64144ccf1df_6.0.19041.1110_none_60b5254171f9507e\COMCTL32.dll
0x00007ffa57a10000 - 0x00007ffa57b1f000 	C:\WINDOWS\System32\gdi32full.dll
0x00007ffa57be0000 - 0x00007ffa57c7d000 	C:\WINDOWS\System32\msvcp_win.dll
0x00007ffa57400000 - 0x00007ffa5740a000 	C:\WINDOWS\SYSTEM32\VERSION.dll
0x00007ffa5a0e0000 - 0x00007ffa5a110000 	C:\WINDOWS\System32\IMM32.DLL
0x0000000073010000 - 0x000000007301c000 	C:\Program Files (x86)\360\Total Security\safemon\SafeWrapper.dll
0x00007ffa22540000 - 0x00007ffa225d2000 	C:\Program Files (x86)\360\Total Security\safemon\libzdtp64.dll
0x00007ffa58900000 - 0x00007ffa59045000 	C:\WINDOWS\System32\SHELL32.dll
0x00007ffa59600000 - 0x00007ffa59655000 	C:\WINDOWS\System32\SHLWAPI.dll
0x00007ffa50ea0000 - 0x00007ffa50eac000 	C:\Program Files\Java\jdk-19\bin\vcruntime140_1.dll
0x00007ffa23a80000 - 0x00007ffa23b0e000 	C:\Program Files\Java\jdk-19\bin\msvcp140.dll
0x00007ffa189b0000 - 0x00007ffa19670000 	C:\Program Files\Java\jdk-19\bin\server\jvm.dll
0x00007ffa3eef0000 - 0x00007ffa3ef17000 	C:\WINDOWS\SYSTEM32\WINMM.dll
0x00007ffa54b30000 - 0x00007ffa54b39000 	C:\WINDOWS\SYSTEM32\WSOCK32.dll
0x00007ffa593a0000 - 0x00007ffa5940b000 	C:\WINDOWS\System32\WS2_32.dll
0x00007ffa55760000 - 0x00007ffa55772000 	C:\WINDOWS\SYSTEM32\kernel.appcore.dll
0x00007ffa448c0000 - 0x00007ffa448ca000 	C:\Program Files\Java\jdk-19\bin\jimage.dll
0x00000000720c0000 - 0x000000007221e000 	C:\Program Files\Microsoft SQL Server\100\Shared\DBGHELP.DLL
0x00007ffa36420000 - 0x00007ffa3642e000 	C:\Program Files\Java\jdk-19\bin\instrument.dll
0x00007ffa41c30000 - 0x00007ffa41c56000 	C:\Program Files\Java\jdk-19\bin\java.dll
0x00007ffa21dd0000 - 0x00007ffa21ea7000 	C:\Program Files\Java\jdk-19\bin\jsvml.dll
0x00007ffa55960000 - 0x00007ffa560f2000 	C:\WINDOWS\SYSTEM32\windows.storage.dll
0x00007ffa58500000 - 0x00007ffa58855000 	C:\WINDOWS\System32\combase.dll
0x00007ffa57260000 - 0x00007ffa57290000 	C:\WINDOWS\SYSTEM32\Wldp.dll
0x00007ffa59410000 - 0x00007ffa594bd000 	C:\WINDOWS\System32\SHCORE.dll
0x00007ffa57890000 - 0x00007ffa578af000 	C:\WINDOWS\SYSTEM32\profapi.dll
0x00007ffa35d30000 - 0x00007ffa35d48000 	C:\Program Files\Java\jdk-19\bin\zip.dll
0x00007ffa3c4a0000 - 0x00007ffa3c4b3000 	C:\Program Files\Java\jdk-19\bin\net.dll
0x00007ffa4dee0000 - 0x00007ffa4dfea000 	C:\WINDOWS\SYSTEM32\WINHTTP.dll
0x00007ffa57040000 - 0x00007ffa570aa000 	C:\WINDOWS\system32\mswsock.dll
0x00007ffa36400000 - 0x00007ffa36416000 	C:\Program Files\Java\jdk-19\bin\nio.dll
0x00007ffa335f0000 - 0x00007ffa3360a000 	C:\Program Files\JetBrains\IntelliJ IDEA Community Edition 2022.3.2\bin\breakgen64.dll
0x00007ffa41c20000 - 0x00007ffa41c28000 	C:\Program Files\Java\jdk-19\bin\extnet.dll

dbghelp: loaded successfully - version: 4.0.5 - missing functions: none
symbol engine: initialized successfully - sym options: 0x614 - pdb path: .;C:\Program Files\Java\jdk-19\bin;C:\WINDOWS\SYSTEM32;C:\WINDOWS\WinSxS\amd64_microsoft.windows.common-controls_6595b64144ccf1df_6.0.19041.1110_none_60b5254171f9507e;C:\Program Files (x86)\360\Total Security\safemon;C:\Program Files\Java\jdk-19\bin\server;C:\Program Files\Microsoft SQL Server\100\Shared;C:\Program Files\JetBrains\IntelliJ IDEA Community Edition 2022.3.2\bin

VM Arguments:
jvm_args: -javaagent:C:\Program Files\JetBrains\IntelliJ IDEA Community Edition 2022.3.2\lib\idea_rt.jar=64819:C:\Program Files\JetBrains\IntelliJ IDEA Community Edition 2022.3.2\bin -Dfile.encoding=UTF-8 -Dsun.stdout.encoding=UTF-8 -Dsun.stderr.encoding=UTF-8 
java_command: com.adjadev.stock.StockApplication
java_class_path (initial): D:\ESTIA\Spring-Boot\Stock\target\classes;C:\Users\Ousmane\.m2\repository\org\springframework\boot\spring-boot-starter-data-jpa\3.0.2\spring-boot-starter-data-jpa-3.0.2.jar;C:\Users\Ousmane\.m2\repository\org\springframework\boot\spring-boot-starter-aop\3.0.2\spring-boot-starter-aop-3.0.2.jar;C:\Users\Ousmane\.m2\repository\org\aspectj\aspectjweaver\1.9.19\aspectjweaver-1.9.19.jar;C:\Users\Ousmane\.m2\repository\org\springframework\boot\spring-boot-starter-jdbc\3.0.2\spring-boot-starter-jdbc-3.0.2.jar;C:\Users\Ousmane\.m2\repository\com\zaxxer\HikariCP\5.0.1\HikariCP-5.0.1.jar;C:\Users\Ousmane\.m2\repository\org\springframework\spring-jdbc\6.0.4\spring-jdbc-6.0.4.jar;C:\Users\Ousmane\.m2\repository\org\hibernate\orm\hibernate-core\6.1.6.Final\hibernate-core-6.1.6.Final.jar;C:\Users\Ousmane\.m2\repository\jakarta\persistence\jakarta.persistence-api\3.1.0\jakarta.persistence-api-3.1.0.jar;C:\Users\Ousmane\.m2\repository\jakarta\transaction\jakarta.transaction-api\2.0.1\jakarta.transaction-api-2.0.1.jar;C:\Users\Ousmane\.m2\repository\org\jboss\logging\jboss-logging\3.5.0.Final\jboss-logging-3.5.0.Final.jar;C:\Users\Ousmane\.m2\repository\org\hibernate\common\hibernate-commons-annotations\6.0.2.Final\hibernate-commons-annotations-6.0.2.Final.jar;C:\Users\Ousmane\.m2\repository\org\jboss\jandex\2.4.2.Final\jandex-2.4.2.Final.jar;C:\Users\Ousmane\.m2\repository\net\bytebuddy\byte-buddy\1.12.22\byte-buddy-1.12.22.jar;C:\Users\Ousmane\.m2\repository\org\glassfish\jaxb\jaxb-runtime\4.0.1\jaxb-runtime-4.0.1.jar;C:\Users\Ousmane\.m2\repository\org\glassfish\jaxb\jaxb-core\4.0.1\jaxb-core-4.0.1.jar;C:\Users\Ousmane\.m2\repository\org\eclipse\angus\angus-activation\1.0.0\angus-activation-1.0.0.jar;C:\Users\Ousmane\.m2\repository\org\glassfish\jaxb\txw2\4.0.1\txw2-4.0.1.jar;C:\Users\Ousmane\.m2\repository\com\sun\istack\istack-commons-runtime\4.1.1\istack-commons-runtime-4.1.1.jar;C:\Users\Ousmane\.m2\repository\jakarta\inject\jakarta.inject-api\2.0.0\jakarta.inject-api-2.0.0.jar;C:\Users\Ousmane\.m2\repository\org\antlr\antlr4-runtime\4.10.1\antlr4-runtime-4.10.1.jar;C:\Users\Ousmane\.m2\repository\org\springframework\data\spring-data-jpa\3.0.1\spring-data-jpa-3.0.1.jar;C:\Users\Ousmane\.m2\repository\org\springframework\data\spring-data-commons\3.0.1\spring-data-commons-3.0.1.jar;C:\Users\Ousmane\.m2\repository\org\springframework\spring-orm\6.0.4\spring-orm-6.0.4.jar;C:\Users\Ousmane\.m2\repository\org\springframework\spring-context\6.0.4\spring-context-6.0.4.jar;C:\Users\Ousmane\.m2\repository\org\springframework\spring-tx\6.0.4\spring-tx-6.0.4.jar;C:\Users\Ousmane\.m2\repository\org\springframework\spring-beans\6.0.4\spring-beans-6.0.4.jar;C:\Users\Ousmane\.m2\repository\jakarta\annotation\jakarta.annotation-api\2.1.1\jakarta.annotation-api-2.1.1.jar;C:\Users\Ousmane\.m2\repository\org\springframework\spring-aspects\6.0.4\spring-aspects-6.0.4.jar;C:\Users\Ousmane\.m2\repository\org\springframework\boot\spring-boot-starter-security\3.0.2\spring-boot-starter-security-3.0.2.jar;C:\Users\Ousmane\.m2\repository\org\springframework\boot\spring-boot-starter\3.0.2\spring-boot-starter-3.0.2.jar;C:\Users\Ousmane\.m2\repository\org\springframework\boot\spring-boot\3.0.2\spring-boot-3.0.2.jar;C:\Users\Ousmane\.m2\repository\org\springframework\boot\spring-boot-autoconfigure\3.0.2\spring-boot-autoconfigure-3.0.2.jar;C:\Users\Ousmane\.m2\repository\org\springframework\boot\spring-boot-starter-logging\3.0.2\spring-boot-starter-logging-3.0.2.jar;C:\Users\Ousmane\.m2\repository\ch\qos\logback\logback-classic\1.4.5\logback-classic-1.4.5.jar;C:\Users\Ousmane\.m2\repository\ch\qos\logback\logback-core\1.4.5\logback-core-1.4.5.jar;C:\Users\Ousmane\.m2\repository\org\apache\logging\log4j\log4j-to-slf4j\2.19.0\log4j-to-slf4j-2.19.0.jar;C:\Users\Ousmane\.m2\repository\org\apache\logging\log4j\log4j-api\2.19.0\log4j-api-2.19.0.jar;C:\Users\Ousmane\.m2\repository\org\slf4j\jul-to-slf4j\2.0.6\jul-to-slf4j-2.0.6.jar;C:\Users\Ousmane\.m2\repository\org\yaml\snakeyaml\1.33\snakeyaml-1.33.jar;C:\Users\Ousmane\.m2\repository\org\springframework\spring-aop\6.0.4\spring-aop-6.0.4.jar;C:\Users\Ousmane\.m2\repository\org\springframework\security\spring-security-config\6.0.1\spring-security-config-6.0.1.jar;C:\Users\Ousmane\.m2\repository\org\springframework\security\spring-security-web\6.0.1\spring-security-web-6.0.1.jar;C:\Users\Ousmane\.m2\repository\org\springframework\spring-expression\6.0.4\spring-expression-6.0.4.jar;C:\Users\Ousmane\.m2\repository\org\springframework\boot\spring-boot-starter-web\3.0.2\spring-boot-starter-web-3.0.2.jar;C:\Users\Ousmane\.m2\repository\org\springframework\boot\spring-boot-starter-json\3.0.2\spring-boot-starter-json-3.0.2.jar;C:\Users\Ousmane\.m2\repository\com\fasterxml\jackson\datatype\jackson-datatype-jdk8\2.14.1\jackson-datatype-jdk8-2.14.1.jar;C:\Users\Ousmane\.m2\repository\com\fasterxml\jackson\datatype\jackson-datatype-jsr310\2.14.1\jackson-datatype-jsr310-2.14.1.jar;C:\Users\Ousmane\.m2\repository\com\fasterxml\jackson\module\jackson-module-parameter-names\2.14.1\jackson-module-parameter-names-2.14.1.jar;C:\Users\Ousmane\.m2\repository\org\springframework\boot\spring-boot-starter-tomcat\3.0.2\spring-boot-starter-tomcat-3.0.2.jar;C:\Users\Ousmane\.m2\repository\org\apache\tomcat\embed\tomcat-embed-websocket\10.1.5\tomcat-embed-websocket-10.1.5.jar;C:\Users\Ousmane\.m2\repository\org\springframework\spring-web\6.0.4\spring-web-6.0.4.jar;C:\Users\Ousmane\.m2\repository\io\micrometer\micrometer-observation\1.10.3\micrometer-observation-1.10.3.jar;C:\Users\Ousmane\.m2\repository\io\micrometer\micrometer-commons\1.10.3\micrometer-commons-1.10.3.jar;C:\Users\Ousmane\.m2\repository\org\springframework\spring-webmvc\6.0.4\spring-webmvc-6.0.4.jar;C:\Users\Ousmane\.m2\repository\com\flickr4java\flickr4java\3.0.4\flickr4java-3.0.4.jar;C:\Users\Ousmane\.m2\repository\com\github\scribejava\scribejava-apis\6.9.0\scribejava-apis-6.9.0.jar;C:\Users\Ousmane\.m2\repository\com\github\scribejava\scribejava-core\6.9.0\scribejava-core-6.9.0.jar;C:\Users\Ousmane\.m2\repository\org\slf4j\slf4j-api\2.0.6\slf4j-api-2.0.6.jar;C:\Users\Ousmane\.m2\repository\io\jsonwebtoken\jjwt\0.9.1\jjwt-0.9.1.jar;C:\Users\Ousmane\.m2\repository\com\fasterxml\jackson\core\jackson-databind\2.14.1\jackson-databind-2.14.1.jar;C:\Users\Ousmane\.m2\repository\com\fasterxml\jackson\core\jackson-annotations\2.14.1\jackson-annotations-2.14.1.jar;C:\Users\Ousmane\.m2\repository\com\fasterxml\jackson\core\jackson-core\2.14.1\jackson-core-2.14.1.jar;C:\Users\Ousmane\.m2\repository\io\jsonwebtoken\jjwt-impl\0.11.5\jjwt-impl-0.11.5.jar;C:\Users\Ousmane\.m2\repository\io\jsonwebtoken\jjwt-api\0.11.5\jjwt-api-0.11.5.jar;C:\Users\Ousmane\.m2\repository\io\jsonwebtoken\jjwt-jackson\0.11.5\jjwt-jackson-0.11.5.jar;C:\Users\Ousmane\.m2\repository\javax\xml\bind\jaxb-api\2.3.0\jaxb-api-2.3.0.jar;C:\Users\Ousmane\.m2\repository\com\mysql\mysql-connector-j\8.0.32\mysql-connector-j-8.0.32.jar;C:\Users\Ousmane\.m2\repository\org\projectlombok\lombok\1.18.24\lombok-1.18.24.jar;C:\Users\Ousmane\.m2\repository\jakarta\xml\bind\jakarta.xml.bind-api\4.0.0\jakarta.xml.bind-api-4.0.0.jar;C:\Users\Ousmane\.m2\repository\jakarta\activation\jakarta.activation-api\2.1.1\jakarta.activation-api-2.1.1.jar;C:\Users\Ousmane\.m2\repository\org\springframework\spring-core\6.0.4\spring-core-6.0.4.jar;C:\Users\Ousmane\.m2\repository\org\springframework\spring-jcl\6.0.4\spring-jcl-6.0.4.jar;C:\Users\Ousmane\.m2\repository\org\springframework\security\spring-security-core\6.0.1\spring-security-core-6.0.1.jar;C:\Users\Ousmane\.m2\repository\org\springframework\security\spring-security-crypto\6.0.1\spring-security-crypto-6.0.1.jar;C:\Users\Ousmane\.m2\repository\io\springfox\springfox-swagger2\3.0.0\springfox-swagger2-3.0.0.jar;C:\Users\Ousmane\.m2\repository\io\springfox\springfox-spi\3.0.0\springfox-spi-3.0.0.jar;C:\Users\Ousmane\.m2\repository\io\springfox\springfox-core\3.0.0\springfox-core-3.0.0.jar;C:\Users\Ousmane\.m2\repository\io\springfox\springfox-schema\3.0.0\springfox-schema-3.0.0.jar;C:\Users\Ousmane\.m2\repository\io\springfox\springfox-swagger-common\3.0.0\springfox-swagger-common-3.0.0.jar;C:\Users\Ousmane\.m2\repository\io\swagger\core\v3\swagger-annotations\2.1.2\swagger-annotations-2.1.2.jar;C:\Users\Ousmane\.m2\repository\io\springfox\springfox-spring-web\3.0.0\springfox-spring-web-3.0.0.jar;C:\Users\Ousmane\.m2\repository\io\github\classgraph\classgraph\4.8.83\classgraph-4.8.83.jar;C:\Users\Ousmane\.m2\repository\io\springfox\springfox-spring-webmvc\3.0.0\springfox-spring-webmvc-3.0.0.jar;C:\Users\Ousmane\.m2\repository\io\springfox\springfox-spring-webflux\3.0.0\springfox-spring-webflux-3.0.0.jar;C:\Users\Ousmane\.m2\repository\com\fasterxml\classmate\1.5.1\classmate-1.5.1.jar;C:\Users\Ousmane\.m2\repository\org\springframework\plugin\spring-plugin-core\2.0.0.RELEASE\spring-plugin-core-2.0.0.RELEASE.jar;C:\Users\Ousmane\.m2\repository\org\springframework\plugin\spring-plugin-metadata\2.0.0.RELEASE\spring-plugin-metadata-2.0.0.RELEASE.jar;C:\Users\Ousmane\.m2\repository\io\swagger\swagger-annotations\1.5.20\swagger-annotations-1.5.20.jar;C:\Users\Ousmane\.m2\repository\io\swagger\swagger-models\1.5.20\swagger-models-1.5.20.jar;C:\Users\Ousmane\.m2\repository\org\mapstruct\mapstruct\1.3.1.Final\mapstruct-1.3.1.Final.jar;C:\Users\Ousmane\.m2\repository\io\springfox\springfox-swagger-ui\3.0.0\springfox-swagger-ui-3.0.0.jar;C:\Users\Ousmane\.m2\repository\org\apache\tomcat\embed\tomcat-embed-core\10.1.5\tomcat-embed-core-10.1.5.jar;C:\Users\Ousmane\.m2\repository\org\apache\tomcat\tomcat-annotations-api\10.1.5\tomcat-annotations-api-10.1.5.jar;C:\Users\Ousmane\.m2\repository\org\apache\tomcat\embed\tomcat-embed-el\10.1.5\tomcat-embed-el-10.1.5.jar
Launcher Type: SUN_STANDARD

[Global flags]
     intx CICompilerCount                          = 3                                         {product} {ergonomic}
     uint ConcGCThreads                            = 1                                         {product} {ergonomic}
     uint G1ConcRefinementThreads                  = 4                                         {product} {ergonomic}
   size_t G1HeapRegionSize                         = 1048576                                   {product} {ergonomic}
    uintx GCDrainStackTargetSize                   = 64                                        {product} {ergonomic}
   size_t InitialHeapSize                          = 125829120                                 {product} {ergonomic}
   size_t MarkStackSize                            = 4194304                                   {product} {ergonomic}
   size_t MaxHeapSize                              = 1998585856                                {product} {ergonomic}
   size_t MaxNewSize                               = 1198522368                                {product} {ergonomic}
   size_t MinHeapDeltaBytes                        = 1048576                                   {product} {ergonomic}
   size_t MinHeapSize                              = 8388608                                   {product} {ergonomic}
    uintx NonNMethodCodeHeapSize                   = 5832780                                {pd product} {ergonomic}
    uintx NonProfiledCodeHeapSize                  = 122912730                              {pd product} {ergonomic}
    uintx ProfiledCodeHeapSize                     = 122912730                              {pd product} {ergonomic}
    uintx ReservedCodeCacheSize                    = 251658240                              {pd product} {ergonomic}
     bool SegmentedCodeCache                       = true                                      {product} {ergonomic}
   size_t SoftMaxHeapSize                          = 1998585856                             {manageable} {ergonomic}
     bool UseCompressedClassPointers               = true                           {product lp64_product} {ergonomic}
     bool UseCompressedOops                        = true                           {product lp64_product} {ergonomic}
     bool UseG1GC                                  = true                                      {product} {ergonomic}
     bool UseLargePagesIndividualAllocation        = false                                  {pd product} {ergonomic}

Logging:
Log output configuration:
 #0: stdout all=warning uptime,level,tags foldmultilines=false
 #1: stderr all=off uptime,level,tags foldmultilines=false

Environment Variables:
PATH=C:\Program Files\Common Files\Oracle\Java\javapath;C:\Program Files (x86)\Common Files\Oracle\Java\javapath;C:\Program Files (x86)\VMware\VMware Workstation\bin\;C:\Program Files\Python39\Scripts\;C:\Program Files\Python39\;C:\WINDOWS\system32;C:\WINDOWS;C:\WINDOWS\System32\Wbem;C:\WINDOWS\System32\WindowsPowerShell\v1.0\;C:\WINDOWS\System32\OpenSSH\;C:\Program Files\Git\cmd;C:\Program Files\dotnet\;C:\Program Files\Microsoft SQL Server\130\Tools\Binn\;C:\ProgramData\ComposerSetup\bin;C:\wamp64\bin\php\php7.4.9;C:\Program Files (x86)\Microsoft SQL Server\150\DTS\Binn\;C:\Program Files (x86)\Microsoft SQL Server\100\Tools\Binn\;C:\Program Files\Microsoft SQL Server\100\Tools\Binn\;C:\Program Files\Microsoft SQL Server\100\DTS\Binn\;C:\Program Files (x86)\Microsoft SQL Server\100\Tools\Binn\VSShell\Common7\IDE\;C:\Program Files (x86)\Microsoft SQL Server\100\DTS\Binn\;C:\sqlite3;C:\Program Files\Java\jdk-17.0.1\bin;C:\MongoDB\bin;C:\ProgramData\chocolatey\bin;C:\Program Files\nodejs\;C:\Program Files\Docker\Docker\resources\bin;C:\Users\Ousmane\AppData\Local\Microsoft\WindowsApps;C:\Users\Ousmane\.dotnet\tools;C:\Users\Ousmane\AppData\Roaming\Composer\vendor\bin;C:\src\flutter\bin;C:\Users\Ousmane\AppData\Local\GitHubDesktop\bin;C:\MongoDB\bin;C:\Program Files\heroku\bin;C:\wamp64\bin\php\php7.4.9;C:\Program Files\JetBrains\IntelliJ IDEA Community Edition 2022.2.1\bin;;C:\Users\Ousmane\AppData\Roaming\npm;C:\Users\Ousmane\AppData\Local\Programs\Microsoft VS Code\bin;
USERNAME=Ousmane
OS=Windows_NT
PROCESSOR_IDENTIFIER=Intel64 Family 6 Model 78 Stepping 3, GenuineIntel
TMP=C:\Users\Ousmane\AppData\Local\Temp
TEMP=C:\Users\Ousmane\AppData\Local\Temp



---------------  S Y S T E M  ---------------

OS:
 Windows 10 , 64 bit Build 19041 (10.0.19041.2546)
OS uptime: 4 days 5:44 hours
Hyper-V role detected

CPU: total 4 (initial active 4) (2 cores per cpu, 2 threads per core) family 6 model 78 stepping 3 microcode 0xcc, cx8, cmov, fxsr, ht, mmx, 3dnowpref, sse, sse2, sse3, ssse3, sse4.1, sse4.2, popcnt, lzcnt, tsc, tscinvbit, avx, avx2, aes, erms, clmul, bmi1, bmi2, adx, fma, vzeroupper, clflush, clflushopt, hv, rdtscp

Memory: 4k page, system-wide physical 7616M (1862M free)
TotalPageFile size 9664M (AvailPageFile size 211M)
current process WorkingSet (physical memory assigned to process): 84M, peak: 84M
current process commit charge ("private bytes"): 220M, peak: 220M

vm_info: Java HotSpot(TM) 64-Bit Server VM (19.0.2+7-44) for windows-amd64 JRE (19.0.2+7-44), built on 2022-11-30T18:02:09Z by "mach5one" with MS VC++ 17.1 (VS2022)

END.
