#
# There is insufficient memory for the Java Runtime Environment to continue.
# Native memory allocation (malloc) failed to allocate 970576 bytes for Chunk::new
# Possible reasons:
#   The system is out of physical RAM or swap space
#   The process is running with CompressedOops enabled, and the Java Heap may be blocking the growth of the native heap
# Possible solutions:
#   Reduce memory load on the system
#   Increase physical memory or swap space
#   Check if swap backing store is full
#   Decrease Java heap size (-Xmx/-Xms)
#   Decrease number of Java threads
#   Decrease Java thread stack sizes (-Xss)
#   Set larger code cache with -XX:ReservedCodeCacheSize=
#   JVM is running with Unscaled Compressed Oops mode in which the Java heap is
#     placed in the first 4GB address space. The Java Heap base address is the
#     maximum limit for the native heap growth. Please use -XX:HeapBaseMinAddress
#     to set the Java Heap base and to place the Java Heap above 4GB virtual address.
# This output file may be truncated or incomplete.
#
#  Out of Memory Error (arena.cpp:184), pid=7264, tid=12796
#
# JRE version: Java(TM) SE Runtime Environment (19.0.2+7) (build 19.0.2+7-44)
# Java VM: Java HotSpot(TM) 64-Bit Server VM (19.0.2+7-44, mixed mode, sharing, tiered, compressed oops, compressed class ptrs, g1 gc, windows-amd64)
# No core dump will be written. Minidumps are not enabled by default on client versions of Windows
#

---------------  S U M M A R Y ------------

Command Line: -javaagent:C:\Program Files\JetBrains\IntelliJ IDEA Community Edition 2022.3.2\lib\idea_rt.jar=59892:C:\Program Files\JetBrains\IntelliJ IDEA Community Edition 2022.3.2\bin -Dfile.encoding=UTF-8 -Dsun.stdout.encoding=UTF-8 -Dsun.stderr.encoding=UTF-8 com.adjadev.stock.StockApplication

Host: Intel(R) Core(TM) i3-6006U CPU @ 2.00GHz, 4 cores, 7G,  Windows 10 , 64 bit Build 19041 (10.0.19041.2546)
Time: Thu May  4 12:51:52 2023 Greenwich elapsed time: 13.193616 seconds (0d 0h 0m 13s)

---------------  T H R E A D  ---------------

Current thread (0x00000158e1305e60):  JavaThread "C2 CompilerThread0" daemon [_thread_in_native, id=12796, stack(0x0000002c2f400000,0x0000002c2f500000)]


Current CompileTask:
C2:  13193 4754   !   4       jdk.internal.loader.BuiltinClassLoader::findClassOnClassPathOrNull (64 bytes)

Stack: [0x0000002c2f400000,0x0000002c2f500000]
Native frames: (J=compiled Java code, j=interpreted, Vv=VM code, C=native code)
V  [jvm.dll+0x6ee21a]
V  [jvm.dll+0x85765e]
V  [jvm.dll+0x85904e]
V  [jvm.dll+0x859703]
V  [jvm.dll+0x28298f]
V  [jvm.dll+0xc9adf]
V  [jvm.dll+0xc9e65]
V  [jvm.dll+0x2f7caf]
V  [jvm.dll+0x5f076b]
V  [jvm.dll+0x25590c]
V  [jvm.dll+0x24e1a7]
V  [jvm.dll+0x24b673]
V  [jvm.dll+0x1d6ce1]
V  [jvm.dll+0x25b25a]
V  [jvm.dll+0x2596e8]
V  [jvm.dll+0x807588]
V  [jvm.dll+0x80125a]
V  [jvm.dll+0x6ecf0b]
C  [ucrtbase.dll+0x21bb2]
C  [KERNEL32.DLL+0x17614]
C  [ntdll.dll+0x526a1]


---------------  P R O C E S S  ---------------

Threads class SMR info:
_java_thread_list=0x00000158e6f89170, length=15, elements={
0x00000158c17a7f80, 0x00000158e12feb90, 0x00000158e12ff0d0, 0x00000158e12ff610,
0x00000158e12ffb50, 0x00000158e1300090, 0x00000158e13005d0, 0x00000158e1305e60,
0x00000158e130d970, 0x00000158e130def0, 0x00000158e581c0a0, 0x00000158e5bfe210,
0x00000158e5bfe750, 0x00000158e820b080, 0x00000158e7168a80
}

Java Threads: ( => current thread )
  0x00000158c17a7f80 JavaThread "main" [_thread_in_vm, id=8036, stack(0x0000002c2e700000,0x0000002c2e800000)]
  0x00000158e12feb90 JavaThread "Reference Handler" daemon [_thread_blocked, id=11812, stack(0x0000002c2ee00000,0x0000002c2ef00000)]
  0x00000158e12ff0d0 JavaThread "Finalizer" daemon [_thread_blocked, id=8404, stack(0x0000002c2ef00000,0x0000002c2f000000)]
  0x00000158e12ff610 JavaThread "Signal Dispatcher" daemon [_thread_blocked, id=1824, stack(0x0000002c2f000000,0x0000002c2f100000)]
  0x00000158e12ffb50 JavaThread "Attach Listener" daemon [_thread_blocked, id=8096, stack(0x0000002c2f100000,0x0000002c2f200000)]
  0x00000158e1300090 JavaThread "Service Thread" daemon [_thread_blocked, id=2536, stack(0x0000002c2f200000,0x0000002c2f300000)]
  0x00000158e13005d0 JavaThread "Monitor Deflation Thread" daemon [_thread_blocked, id=8908, stack(0x0000002c2f300000,0x0000002c2f400000)]
=>0x00000158e1305e60 JavaThread "C2 CompilerThread0" daemon [_thread_in_native, id=12796, stack(0x0000002c2f400000,0x0000002c2f500000)]
  0x00000158e130d970 JavaThread "C1 CompilerThread0" daemon [_thread_blocked, id=12760, stack(0x0000002c2f500000,0x0000002c2f600000)]
  0x00000158e130def0 JavaThread "Sweeper thread" daemon [_thread_blocked, id=2908, stack(0x0000002c2f600000,0x0000002c2f700000)]
  0x00000158e581c0a0 JavaThread "Common-Cleaner" daemon [_thread_blocked, id=1720, stack(0x0000002c2f700000,0x0000002c2f800000)]
  0x00000158e5bfe210 JavaThread "Monitor Ctrl-Break" daemon [_thread_in_native, id=1256, stack(0x0000002c2f800000,0x0000002c2f900000)]
  0x00000158e5bfe750 JavaThread "Notification Thread" daemon [_thread_blocked, id=12464, stack(0x0000002c2f900000,0x0000002c2fa00000)]
  0x00000158e820b080 JavaThread "mysql-cj-abandoned-connection-cleanup" daemon [_thread_blocked, id=1508, stack(0x0000002c2fb00000,0x0000002c2fc00000)]
  0x00000158e7168a80 JavaThread "C2 CompilerThread1" daemon [_thread_blocked, id=12744, stack(0x0000002c2ff00000,0x0000002c30000000)]

Other Threads:
  0x00000158e12e3c50 VMThread "VM Thread" [stack: 0x0000002c2ed00000,0x0000002c2ee00000] [id=7232]
  0x00000158e5bfec90 WatcherThread "VM Periodic Task Thread" [stack: 0x0000002c2fa00000,0x0000002c2fb00000] [id=4300]
  0x00000158c18016e0 WorkerThread "GC Thread#0" [stack: 0x0000002c2e800000,0x0000002c2e900000] [id=8312]
  0x00000158e12e2b70 WorkerThread "GC Thread#1" [stack: 0x0000002c2fc00000,0x0000002c2fd00000] [id=1568]
  0x00000158e12e3f20 WorkerThread "GC Thread#2" [stack: 0x0000002c2fd00000,0x0000002c2fe00000] [id=2276]
  0x00000158e12e2e40 WorkerThread "GC Thread#3" [stack: 0x0000002c2fe00000,0x0000002c2ff00000] [id=12532]
  0x00000158c18114c0 ConcurrentGCThread "G1 Main Marker" [stack: 0x0000002c2e900000,0x0000002c2ea00000] [id=3000]
  0x00000158c18149c0 WorkerThread "G1 Conc#0" [stack: 0x0000002c2ea00000,0x0000002c2eb00000] [id=12968]
  0x00000158c182ebd0 ConcurrentGCThread "G1 Refine#0" [stack: 0x0000002c2eb00000,0x0000002c2ec00000] [id=12084]
  0x00000158e12bb000 ConcurrentGCThread "G1 Service" [stack: 0x0000002c2ec00000,0x0000002c2ed00000] [id=1856]

Threads with active compile tasks:
C2 CompilerThread0    13529 4754   !   4       jdk.internal.loader.BuiltinClassLoader::findClassOnClassPathOrNull (64 bytes)

VM state: not at safepoint (normal execution)

VM Mutex/Monitor currently owned by a thread:  ([mutex/lock_event])
[0x00000158c17467d0] Metaspace_lock - owner thread: 0x00000158c17a7f80

Heap address: 0x0000000088e00000, size: 1906 MB, Compressed Oops mode: 32-bit

CDS archive(s) mapped at: [0x0000000800000000-0x0000000800c40000-0x0000000800c40000), size 12845056, SharedBaseAddress: 0x0000000800000000, ArchiveRelocationMode: 0.
Compressed class space mapped at: 0x0000000801000000-0x0000000841000000, reserved size: 1073741824
Narrow klass base: 0x0000000800000000, Narrow klass shift: 0, Narrow klass range: 0x100000000

GC Precious Log:
 CardTable entry size: 512
 Card Set container configuration: InlinePtr #cards 5 size 8 Array Of Cards #cards 12 size 40 Howl #buckets 4 coarsen threshold 1843 Howl Bitmap #cards 512 size 80 coarsen threshold 460 Card regions per heap region 1 cards per card region 2048
 CPUs: 4 total, 4 available
 Memory: 7616M
 Large Page Support: Disabled
 NUMA Support: Disabled
 Compressed Oops: Enabled (32-bit)
 Heap Region Size: 1M
 Heap Min Capacity: 8M
 Heap Initial Capacity: 120M
 Heap Max Capacity: 1906M
 Pre-touch: Disabled
 Parallel Workers: 4
 Concurrent Workers: 1
 Concurrent Refinement Workers: 4
 Periodic GC: Disabled

Heap:
 garbage-first heap   total 76800K, used 25222K [0x0000000088e00000, 0x0000000100000000)
  region size 1024K, 5 young (5120K), 1 survivors (1024K)
 Metaspace       used 36564K, committed 36992K, reserved 1114112K
  class space    used 4579K, committed 4800K, reserved 1048576K

Heap Regions: E=young(eden), S=young(survivor), O=old, HS=humongous(starts), HC=humongous(continues), CS=collection set, F=free, OA=open archive, CA=closed archive, TAMS=top-at-mark-start (previous, next)
|   0|0x0000000088e00000, 0x0000000088f00000, 0x0000000088f00000|100%|HS|  |TAMS 0x0000000088f00000, 0x0000000088e00000| Complete 
|   1|0x0000000088f00000, 0x0000000089000000, 0x0000000089000000|100%| O|  |TAMS 0x0000000089000000, 0x0000000088f00000| Untracked 
|   2|0x0000000089000000, 0x0000000089100000, 0x0000000089100000|100%| O|  |TAMS 0x0000000089100000, 0x0000000089000000| Untracked 
|   3|0x0000000089100000, 0x0000000089200000, 0x0000000089200000|100%| O|  |TAMS 0x0000000089200000, 0x0000000089100000| Untracked 
|   4|0x0000000089200000, 0x0000000089300000, 0x0000000089300000|100%| O|  |TAMS 0x0000000089300000, 0x0000000089200000| Untracked 
|   5|0x0000000089300000, 0x0000000089400000, 0x0000000089400000|100%| O|  |TAMS 0x0000000089400000, 0x0000000089300000| Untracked 
|   6|0x0000000089400000, 0x0000000089500000, 0x0000000089500000|100%| O|  |TAMS 0x0000000089500000, 0x0000000089400000| Untracked 
|   7|0x0000000089500000, 0x0000000089600000, 0x0000000089600000|100%| O|  |TAMS 0x0000000089600000, 0x0000000089500000| Untracked 
|   8|0x0000000089600000, 0x0000000089700000, 0x0000000089700000|100%| O|  |TAMS 0x0000000089700000, 0x0000000089600000| Untracked 
|   9|0x0000000089700000, 0x0000000089800000, 0x0000000089800000|100%| O|  |TAMS 0x0000000089800000, 0x0000000089700000| Untracked 
|  10|0x0000000089800000, 0x0000000089900000, 0x0000000089900000|100%| O|  |TAMS 0x0000000089900000, 0x0000000089800000| Untracked 
|  11|0x0000000089900000, 0x0000000089a00000, 0x0000000089a00000|100%| O|  |TAMS 0x0000000089a00000, 0x0000000089900000| Untracked 
|  12|0x0000000089a00000, 0x0000000089b00000, 0x0000000089b00000|100%| O|  |TAMS 0x0000000089b00000, 0x0000000089a00000| Untracked 
|  13|0x0000000089b00000, 0x0000000089c00000, 0x0000000089c00000|100%| O|  |TAMS 0x0000000089c00000, 0x0000000089b00000| Untracked 
|  14|0x0000000089c00000, 0x0000000089d00000, 0x0000000089d00000|100%| O|  |TAMS 0x0000000089d00000, 0x0000000089c00000| Untracked 
|  15|0x0000000089d00000, 0x0000000089e00000, 0x0000000089e00000|100%| O|  |TAMS 0x0000000089e00000, 0x0000000089d00000| Untracked 
|  16|0x0000000089e00000, 0x0000000089f00000, 0x0000000089f00000|100%| O|  |TAMS 0x0000000089f00000, 0x0000000089e00000| Untracked 
|  17|0x0000000089f00000, 0x000000008a000000, 0x000000008a000000|100%| O|  |TAMS 0x000000008a000000, 0x0000000089f00000| Complete 
|  18|0x000000008a000000, 0x000000008a100000, 0x000000008a100000|100%| O|  |TAMS 0x000000008a100000, 0x000000008a000000| Untracked 
|  19|0x000000008a100000, 0x000000008a200000, 0x000000008a200000|100%| O|  |TAMS 0x000000008a16d400, 0x000000008a100000| Untracked 
|  20|0x000000008a200000, 0x000000008a300000, 0x000000008a300000|100%| O|  |TAMS 0x000000008a200000, 0x000000008a200000| Untracked 
|  21|0x000000008a300000, 0x000000008a341e00, 0x000000008a400000| 25%| O|  |TAMS 0x000000008a300000, 0x000000008a300000| Untracked 
|  22|0x000000008a400000, 0x000000008a400000, 0x000000008a500000|  0%| F|  |TAMS 0x000000008a400000, 0x000000008a400000| Untracked 
|  23|0x000000008a500000, 0x000000008a500000, 0x000000008a600000|  0%| F|  |TAMS 0x000000008a500000, 0x000000008a500000| Untracked 
|  24|0x000000008a600000, 0x000000008a600000, 0x000000008a700000|  0%| F|  |TAMS 0x000000008a600000, 0x000000008a600000| Untracked 
|  25|0x000000008a700000, 0x000000008a700000, 0x000000008a800000|  0%| F|  |TAMS 0x000000008a700000, 0x000000008a700000| Untracked 
|  26|0x000000008a800000, 0x000000008a800000, 0x000000008a900000|  0%| F|  |TAMS 0x000000008a800000, 0x000000008a800000| Untracked 
|  27|0x000000008a900000, 0x000000008a900000, 0x000000008aa00000|  0%| F|  |TAMS 0x000000008a900000, 0x000000008a900000| Untracked 
|  28|0x000000008aa00000, 0x000000008aa00000, 0x000000008ab00000|  0%| F|  |TAMS 0x000000008aa00000, 0x000000008aa00000| Untracked 
|  29|0x000000008ab00000, 0x000000008ab00000, 0x000000008ac00000|  0%| F|  |TAMS 0x000000008ab00000, 0x000000008ab00000| Untracked 
|  30|0x000000008ac00000, 0x000000008ac00000, 0x000000008ad00000|  0%| F|  |TAMS 0x000000008ac00000, 0x000000008ac00000| Untracked 
|  31|0x000000008ad00000, 0x000000008ad00000, 0x000000008ae00000|  0%| F|  |TAMS 0x000000008ad00000, 0x000000008ad00000| Untracked 
|  32|0x000000008ae00000, 0x000000008ae00000, 0x000000008af00000|  0%| F|  |TAMS 0x000000008ae00000, 0x000000008ae00000| Untracked 
|  33|0x000000008af00000, 0x000000008af00000, 0x000000008b000000|  0%| F|  |TAMS 0x000000008af00000, 0x000000008af00000| Untracked 
|  34|0x000000008b000000, 0x000000008b000000, 0x000000008b100000|  0%| F|  |TAMS 0x000000008b000000, 0x000000008b000000| Untracked 
|  35|0x000000008b100000, 0x000000008b100000, 0x000000008b200000|  0%| F|  |TAMS 0x000000008b100000, 0x000000008b100000| Untracked 
|  36|0x000000008b200000, 0x000000008b200000, 0x000000008b300000|  0%| F|  |TAMS 0x000000008b200000, 0x000000008b200000| Untracked 
|  37|0x000000008b300000, 0x000000008b300000, 0x000000008b400000|  0%| F|  |TAMS 0x000000008b300000, 0x000000008b300000| Untracked 
|  38|0x000000008b400000, 0x000000008b400000, 0x000000008b500000|  0%| F|  |TAMS 0x000000008b400000, 0x000000008b400000| Untracked 
|  39|0x000000008b500000, 0x000000008b500000, 0x000000008b600000|  0%| F|  |TAMS 0x000000008b500000, 0x000000008b500000| Untracked 
|  40|0x000000008b600000, 0x000000008b600000, 0x000000008b700000|  0%| F|  |TAMS 0x000000008b600000, 0x000000008b600000| Untracked 
|  41|0x000000008b700000, 0x000000008b700000, 0x000000008b800000|  0%| F|  |TAMS 0x000000008b700000, 0x000000008b700000| Untracked 
|  42|0x000000008b800000, 0x000000008b800000, 0x000000008b900000|  0%| F|  |TAMS 0x000000008b800000, 0x000000008b800000| Untracked 
|  43|0x000000008b900000, 0x000000008b900000, 0x000000008ba00000|  0%| F|  |TAMS 0x000000008b900000, 0x000000008b900000| Untracked 
|  44|0x000000008ba00000, 0x000000008ba00000, 0x000000008bb00000|  0%| F|  |TAMS 0x000000008ba00000, 0x000000008ba00000| Untracked 
|  45|0x000000008bb00000, 0x000000008bb00000, 0x000000008bc00000|  0%| F|  |TAMS 0x000000008bb00000, 0x000000008bb00000| Untracked 
|  46|0x000000008bc00000, 0x000000008bc00000, 0x000000008bd00000|  0%| F|  |TAMS 0x000000008bc00000, 0x000000008bc00000| Untracked 
|  47|0x000000008bd00000, 0x000000008bd00000, 0x000000008be00000|  0%| F|  |TAMS 0x000000008bd00000, 0x000000008bd00000| Untracked 
|  48|0x000000008be00000, 0x000000008be00000, 0x000000008bf00000|  0%| F|  |TAMS 0x000000008be00000, 0x000000008be00000| Untracked 
|  49|0x000000008bf00000, 0x000000008bf00000, 0x000000008c000000|  0%| F|  |TAMS 0x000000008bf00000, 0x000000008bf00000| Untracked 
|  50|0x000000008c000000, 0x000000008c000000, 0x000000008c100000|  0%| F|  |TAMS 0x000000008c000000, 0x000000008c000000| Untracked 
|  51|0x000000008c100000, 0x000000008c15fd90, 0x000000008c200000| 37%| S|CS|TAMS 0x000000008c100000, 0x000000008c100000| Complete 
|  52|0x000000008c200000, 0x000000008c200000, 0x000000008c300000|  0%| F|  |TAMS 0x000000008c200000, 0x000000008c200000| Untracked 
|  53|0x000000008c300000, 0x000000008c300000, 0x000000008c400000|  0%| F|  |TAMS 0x000000008c300000, 0x000000008c300000| Untracked 
|  54|0x000000008c400000, 0x000000008c400000, 0x000000008c500000|  0%| F|  |TAMS 0x000000008c400000, 0x000000008c400000| Untracked 
|  55|0x000000008c500000, 0x000000008c500000, 0x000000008c600000|  0%| F|  |TAMS 0x000000008c500000, 0x000000008c500000| Untracked 
|  56|0x000000008c600000, 0x000000008c600000, 0x000000008c700000|  0%| F|  |TAMS 0x000000008c600000, 0x000000008c600000| Untracked 
|  57|0x000000008c700000, 0x000000008c700000, 0x000000008c800000|  0%| F|  |TAMS 0x000000008c700000, 0x000000008c700000| Untracked 
|  58|0x000000008c800000, 0x000000008c800000, 0x000000008c900000|  0%| F|  |TAMS 0x000000008c800000, 0x000000008c800000| Untracked 
|  59|0x000000008c900000, 0x000000008c900000, 0x000000008ca00000|  0%| F|  |TAMS 0x000000008c900000, 0x000000008c900000| Untracked 
|  60|0x000000008ca00000, 0x000000008ca00000, 0x000000008cb00000|  0%| F|  |TAMS 0x000000008ca00000, 0x000000008ca00000| Untracked 
|  61|0x000000008cb00000, 0x000000008cb00000, 0x000000008cc00000|  0%| F|  |TAMS 0x000000008cb00000, 0x000000008cb00000| Untracked 
|  62|0x000000008cc00000, 0x000000008cc00000, 0x000000008cd00000|  0%| F|  |TAMS 0x000000008cc00000, 0x000000008cc00000| Untracked 
|  63|0x000000008cd00000, 0x000000008cd00000, 0x000000008ce00000|  0%| F|  |TAMS 0x000000008cd00000, 0x000000008cd00000| Untracked 
|  64|0x000000008ce00000, 0x000000008ce00000, 0x000000008cf00000|  0%| F|  |TAMS 0x000000008ce00000, 0x000000008ce00000| Untracked 
|  65|0x000000008cf00000, 0x000000008cf00000, 0x000000008d000000|  0%| F|  |TAMS 0x000000008cf00000, 0x000000008cf00000| Untracked 
|  66|0x000000008d000000, 0x000000008d000000, 0x000000008d100000|  0%| F|  |TAMS 0x000000008d000000, 0x000000008d000000| Untracked 
|  67|0x000000008d100000, 0x000000008d100000, 0x000000008d200000|  0%| F|  |TAMS 0x000000008d100000, 0x000000008d100000| Untracked 
|  68|0x000000008d200000, 0x000000008d200000, 0x000000008d300000|  0%| F|  |TAMS 0x000000008d200000, 0x000000008d200000| Untracked 
|  69|0x000000008d300000, 0x000000008d300000, 0x000000008d400000|  0%| F|  |TAMS 0x000000008d300000, 0x000000008d300000| Untracked 
|  70|0x000000008d400000, 0x000000008d400000, 0x000000008d500000|  0%| F|  |TAMS 0x000000008d400000, 0x000000008d400000| Untracked 
|  71|0x000000008d500000, 0x000000008d5d4f98, 0x000000008d600000| 83%| E|  |TAMS 0x000000008d500000, 0x000000008d500000| Complete 
|  72|0x000000008d600000, 0x000000008d700000, 0x000000008d700000|100%| E|CS|TAMS 0x000000008d600000, 0x000000008d600000| Complete 
|  73|0x000000008d700000, 0x000000008d800000, 0x000000008d800000|100%| E|CS|TAMS 0x000000008d700000, 0x000000008d700000| Complete 
| 119|0x0000000090500000, 0x0000000090600000, 0x0000000090600000|100%| E|CS|TAMS 0x0000000090500000, 0x0000000090500000| Complete 

Card table byte_map: [0x00000158daab0000,0x00000158dae70000] _byte_map_base: 0x00000158da669000

Marking Bits (Prev, Next): (CMBitMap*) 0x00000158c1801bb0, (CMBitMap*) 0x00000158c1801bf0
 Prev Bits: [0x00000158db230000, 0x00000158dcff8000)
 Next Bits: [0x00000158dd000000, 0x00000158dedc8000)

Polling page: 0x00000158c1710000

Metaspace:

Usage:
  Non-class:     31.24 MB used.
      Class:      4.47 MB used.
       Both:     35.71 MB used.

Virtual space:
  Non-class space:       64.00 MB reserved,      31.44 MB ( 49%) committed,  1 nodes.
      Class space:        1.00 GB reserved,       4.69 MB ( <1%) committed,  1 nodes.
             Both:        1.06 GB reserved,      36.12 MB (  3%) committed. 

Chunk freelists:
   Non-Class:  192.00 KB
       Class:  3.17 MB
        Both:  3.36 MB

MaxMetaspaceSize: unlimited
CompressedClassSpaceSize: 1.00 GB
Initial GC threshold: 21.00 MB
Current GC threshold: 58.88 MB
CDS: on
MetaspaceReclaimPolicy: balanced
 - commit_granule_bytes: 65536.
 - commit_granule_words: 8192.
 - virtual_space_node_default_size: 8388608.
 - enlarge_chunks_in_place: 1.
 - new_chunks_are_fully_committed: 0.
 - uncommit_free_chunks: 1.
 - use_allocation_guard: 0.


Internal statistics:

num_allocs_failed_limit: 6.
num_arena_births: 624.
num_arena_deaths: 0.
num_vsnodes_births: 2.
num_vsnodes_deaths: 0.
num_space_committed: 578.
num_space_uncommitted: 0.
num_chunks_returned_to_freelist: 6.
num_chunks_taken_from_freelist: 1873.
num_chunk_merges: 6.
num_chunk_splits: 1341.
num_chunks_enlarged: 1073.
num_inconsistent_stats: 0.

CodeHeap 'non-profiled nmethods': size=120000Kb used=2000Kb max_used=2613Kb free=117999Kb
 bounds [0x00000158d2c90000, 0x00000158d2f20000, 0x00000158da1c0000]
CodeHeap 'profiled nmethods': size=120000Kb used=7949Kb max_used=10318Kb free=112050Kb
 bounds [0x00000158cb1c0000, 0x00000158cbbe0000, 0x00000158d26f0000]
CodeHeap 'non-nmethods': size=5760Kb used=1316Kb max_used=1364Kb free=4443Kb
 bounds [0x00000158d26f0000, 0x00000158d2960000, 0x00000158d2c90000]
 total_blobs=4536 nmethods=3994 adapters=452
 compilation: enabled
              stopped_count=0, restarted_count=0
 full_count=0

Compilation events (20 events):
Event: 12.627 Thread 0x00000158e1305e60 nmethod 4746 0x00000158d2f0ca10 code [0x00000158d2f0cba0, 0x00000158d2f0cc38]
Event: 12.669 Thread 0x00000158e1305e60 4747       4       java.util.concurrent.ConcurrentHashMap::addCount (280 bytes)
Event: 12.679 Thread 0x00000158e1305e60 nmethod 4747 0x00000158d2f0cd10 code [0x00000158d2f0cee0, 0x00000158d2f0d2b0]
Event: 12.680 Thread 0x00000158e130d970 4748       3       java.util.ImmutableCollections$AbstractImmutableList::iterator (13 bytes)
Event: 12.681 Thread 0x00000158e130d970 nmethod 4748 0x00000158cbbcc010 code [0x00000158cbbcc1e0, 0x00000158cbbcc548]
Event: 12.741 Thread 0x00000158e1305e60 4749       4       java.io.File::exists (34 bytes)
Event: 12.747 Thread 0x00000158e1305e60 nmethod 4749 0x00000158d2f0d690 code [0x00000158d2f0d840, 0x00000158d2f0dbd8]
Event: 12.758 Thread 0x00000158e1305e60 4750       4       java.lang.PublicMethods$Key::hashCode (19 bytes)
Event: 12.764 Thread 0x00000158e1305e60 nmethod 4750 0x00000158d2f0df10 code [0x00000158d2f0e0a0, 0x00000158d2f0e298]
Event: 12.784 Thread 0x00000158e130d970 4751       3       jdk.internal.loader.BuiltinClassLoader::findResources (182 bytes)
Event: 12.787 Thread 0x00000158e130d970 nmethod 4751 0x00000158cbbcc690 code [0x00000158cbbccac0, 0x00000158cbbced48]
Event: 12.807 Thread 0x00000158e130d970 4752       3       java.lang.invoke.MethodHandles::identity (87 bytes)
Event: 12.807 Thread 0x00000158e130d970 nmethod 4752 0x00000158cbbcf910 code [0x00000158cbbcfb00, 0x00000158cbbcff38]
Event: 12.858 Thread 0x00000158e130d970 4753   !   3       java.util.concurrent.ConcurrentHashMap::computeIfAbsent (576 bytes)
Event: 12.862 Thread 0x00000158e130d970 nmethod 4753 0x00000158cbbd0110 code [0x00000158cbbd0540, 0x00000158cbbd28f8]
Event: 12.953 Thread 0x00000158e1305e60 4754   !   4       jdk.internal.loader.BuiltinClassLoader::findClassOnClassPathOrNull (64 bytes)
Event: 13.025 Thread 0x00000158e7168a80 nmethod 4740 0x00000158d2f0e490 code [0x00000158d2f0e9a0, 0x00000158d2f15538]
Event: 13.027 Thread 0x00000158e7168a80 4755       4       java.io.WinNTFileSystem::resolve (275 bytes)
Event: 13.061 Thread 0x00000158e7168a80 nmethod 4755 0x00000158d2f18c90 code [0x00000158d2f18ec0, 0x00000158d2f19eb0]
Event: 13.117 Thread 0x00000158e7168a80 4756       4       java.net.URLStreamHandler::toExternalForm (156 bytes)

GC Heap History (18 events):
Event: 1.493 GC heap before
{Heap before GC invocations=0 (full 0):
 garbage-first heap   total 122880K, used 13312K [0x0000000088e00000, 0x0000000100000000)
  region size 1024K, 13 young (13312K), 0 survivors (0K)
 Metaspace       used 3637K, committed 3776K, reserved 1114112K
  class space    used 368K, committed 448K, reserved 1048576K
}
Event: 1.505 GC heap after
{Heap after GC invocations=1 (full 0):
 garbage-first heap   total 122880K, used 6160K [0x0000000088e00000, 0x0000000100000000)
  region size 1024K, 2 young (2048K), 2 survivors (2048K)
 Metaspace       used 3637K, committed 3776K, reserved 1114112K
  class space    used 368K, committed 448K, reserved 1048576K
}
Event: 2.393 GC heap before
{Heap before GC invocations=1 (full 0):
 garbage-first heap   total 122880K, used 18448K [0x0000000088e00000, 0x0000000100000000)
  region size 1024K, 14 young (14336K), 2 survivors (2048K)
 Metaspace       used 7228K, committed 7424K, reserved 1114112K
  class space    used 825K, committed 896K, reserved 1048576K
}
Event: 2.403 GC heap after
{Heap after GC invocations=2 (full 0):
 garbage-first heap   total 122880K, used 7713K [0x0000000088e00000, 0x0000000100000000)
  region size 1024K, 2 young (2048K), 2 survivors (2048K)
 Metaspace       used 7228K, committed 7424K, reserved 1114112K
  class space    used 825K, committed 896K, reserved 1048576K
}
Event: 3.426 GC heap before
{Heap before GC invocations=2 (full 0):
 garbage-first heap   total 122880K, used 30241K [0x0000000088e00000, 0x0000000100000000)
  region size 1024K, 25 young (25600K), 2 survivors (2048K)
 Metaspace       used 13847K, committed 14144K, reserved 1114112K
  class space    used 1612K, committed 1728K, reserved 1048576K
}
Event: 3.436 GC heap after
{Heap after GC invocations=3 (full 0):
 garbage-first heap   total 122880K, used 9638K [0x0000000088e00000, 0x0000000100000000)
  region size 1024K, 4 young (4096K), 4 survivors (4096K)
 Metaspace       used 13847K, committed 14144K, reserved 1114112K
  class space    used 1612K, committed 1728K, reserved 1048576K
}
Event: 7.155 GC heap before
{Heap before GC invocations=3 (full 0):
 garbage-first heap   total 122880K, used 76198K [0x0000000088e00000, 0x0000000100000000)
  region size 1024K, 70 young (71680K), 4 survivors (4096K)
 Metaspace       used 21234K, committed 21504K, reserved 1114112K
  class space    used 2488K, committed 2624K, reserved 1048576K
}
Event: 7.176 GC heap after
{Heap after GC invocations=4 (full 0):
 garbage-first heap   total 122880K, used 15535K [0x0000000088e00000, 0x0000000100000000)
  region size 1024K, 9 young (9216K), 9 survivors (9216K)
 Metaspace       used 21234K, committed 21504K, reserved 1114112K
  class space    used 2488K, committed 2624K, reserved 1048576K
}
Event: 8.729 GC heap before
{Heap before GC invocations=5 (full 0):
 garbage-first heap   total 58368K, used 41135K [0x0000000088e00000, 0x0000000100000000)
  region size 1024K, 34 young (34816K), 9 survivors (9216K)
 Metaspace       used 24210K, committed 24576K, reserved 1114112K
  class space    used 2859K, committed 3008K, reserved 1048576K
}
Event: 8.766 GC heap after
{Heap after GC invocations=6 (full 0):
 garbage-first heap   total 58368K, used 17520K [0x0000000088e00000, 0x0000000100000000)
  region size 1024K, 3 young (3072K), 3 survivors (3072K)
 Metaspace       used 24210K, committed 24576K, reserved 1114112K
  class space    used 2859K, committed 3008K, reserved 1048576K
}
Event: 8.860 GC heap before
{Heap before GC invocations=6 (full 0):
 garbage-first heap   total 58368K, used 18544K [0x0000000088e00000, 0x0000000100000000)
  region size 1024K, 4 young (4096K), 3 survivors (3072K)
 Metaspace       used 24342K, committed 24640K, reserved 1114112K
  class space    used 2879K, committed 3008K, reserved 1048576K
}
Event: 8.869 GC heap after
{Heap after GC invocations=7 (full 0):
 garbage-first heap   total 58368K, used 17534K [0x0000000088e00000, 0x0000000100000000)
  region size 1024K, 1 young (1024K), 1 survivors (1024K)
 Metaspace       used 24342K, committed 24640K, reserved 1114112K
  class space    used 2879K, committed 3008K, reserved 1048576K
}
Event: 11.164 GC heap before
{Heap before GC invocations=7 (full 0):
 garbage-first heap   total 58368K, used 41086K [0x0000000088e00000, 0x0000000100000000)
  region size 1024K, 24 young (24576K), 1 survivors (1024K)
 Metaspace       used 29552K, committed 30016K, reserved 1114112K
  class space    used 3546K, committed 3776K, reserved 1048576K
}
Event: 11.177 GC heap after
{Heap after GC invocations=8 (full 0):
 garbage-first heap   total 58368K, used 19940K [0x0000000088e00000, 0x0000000100000000)
  region size 1024K, 3 young (3072K), 3 survivors (3072K)
 Metaspace       used 29552K, committed 30016K, reserved 1114112K
  class space    used 3546K, committed 3776K, reserved 1048576K
}
Event: 12.534 GC heap before
{Heap before GC invocations=8 (full 0):
 garbage-first heap   total 58368K, used 42468K [0x0000000088e00000, 0x0000000100000000)
  region size 1024K, 25 young (25600K), 3 survivors (3072K)
 Metaspace       used 34110K, committed 34624K, reserved 1114112K
  class space    used 4195K, committed 4416K, reserved 1048576K
}
Event: 12.555 GC heap after
{Heap after GC invocations=9 (full 0):
 garbage-first heap   total 58368K, used 21906K [0x0000000088e00000, 0x0000000100000000)
  region size 1024K, 2 young (2048K), 2 survivors (2048K)
 Metaspace       used 34110K, committed 34624K, reserved 1114112K
  class space    used 4195K, committed 4416K, reserved 1048576K
}
Event: 12.984 GC heap before
{Heap before GC invocations=9 (full 0):
 garbage-first heap   total 58368K, used 26002K [0x0000000088e00000, 0x0000000100000000)
  region size 1024K, 7 young (7168K), 2 survivors (2048K)
 Metaspace       used 35469K, committed 35968K, reserved 1114112K
  class space    used 4406K, committed 4672K, reserved 1048576K
}
Event: 12.993 GC heap after
{Heap after GC invocations=10 (full 0):
 garbage-first heap   total 76800K, used 22150K [0x0000000088e00000, 0x0000000100000000)
  region size 1024K, 1 young (1024K), 1 survivors (1024K)
 Metaspace       used 35469K, committed 35968K, reserved 1114112K
  class space    used 4406K, committed 4672K, reserved 1048576K
}

Dll operation events (14 events):
Event: 0.021 Loaded shared library C:\Program Files\Java\jdk-19\bin\java.dll
Event: 0.059 Loaded shared library C:\Program Files\Java\jdk-19\bin\jsvml.dll
Event: 0.521 Loaded shared library C:\Program Files\Java\jdk-19\bin\zip.dll
Event: 0.545 Loaded shared library C:\Program Files\Java\jdk-19\bin\instrument.dll
Event: 0.571 Loaded shared library C:\Program Files\Java\jdk-19\bin\net.dll
Event: 0.576 Loaded shared library C:\Program Files\Java\jdk-19\bin\nio.dll
Event: 0.582 Loaded shared library C:\Program Files\Java\jdk-19\bin\zip.dll
Event: 0.919 Loaded shared library C:\Program Files\JetBrains\IntelliJ IDEA Community Edition 2022.3.2\bin\breakgen64.dll
Event: 0.939 Loaded shared library C:\Program Files\Java\jdk-19\bin\extnet.dll
Event: 1.010 Loaded shared library C:\Program Files\Java\jdk-19\bin\jimage.dll
Event: 3.124 Loaded shared library C:\Program Files\Java\jdk-19\bin\verify.dll
Event: 11.253 Loaded shared library C:\Program Files\Java\jdk-19\bin\sunmscapi.dll
Event: 11.289 Loaded shared library C:\Program Files\Java\jdk-19\bin\management.dll
Event: 11.296 Loaded shared library C:\Program Files\Java\jdk-19\bin\management_ext.dll

Deoptimization events (20 events):
Event: 11.763 Thread 0x00000158c17a7f80 Uncommon trap: trap_request=0xffffff45 fr.pc=0x00000158d2e918d0 relative=0x0000000000000390
Event: 11.763 Thread 0x00000158c17a7f80 Uncommon trap: reason=unstable_if action=reinterpret pc=0x00000158d2e918d0 method=org.springframework.boot.context.properties.source.ConfigurationPropertyName.getElement(ILorg/springframework/boot/context/properties/source/ConfigurationPropertyName$Form;)
Event: 11.763 Thread 0x00000158c17a7f80 DEOPT PACKING pc=0x00000158d2e918d0 sp=0x0000002c2e7f78e0
Event: 11.763 Thread 0x00000158c17a7f80 DEOPT UNPACKING pc=0x00000158d2756da3 sp=0x0000002c2e7f78b0 mode 2
Event: 11.916 Thread 0x00000158c17a7f80 Uncommon trap: trap_request=0xffffff45 fr.pc=0x00000158d2dcca54 relative=0x0000000000002334
Event: 11.916 Thread 0x00000158c17a7f80 Uncommon trap: reason=unstable_if action=reinterpret pc=0x00000158d2dcca54 method=org.springframework.util.StringUtils.cleanPath(Ljava/lang/String;)Ljava/lang/String; @ 4 c2
Event: 11.916 Thread 0x00000158c17a7f80 DEOPT PACKING pc=0x00000158d2dcca54 sp=0x0000002c2e7f9ba0
Event: 11.916 Thread 0x00000158c17a7f80 DEOPT UNPACKING pc=0x00000158d2756da3 sp=0x0000002c2e7f9b60 mode 2
Event: 12.037 Thread 0x00000158c17a7f80 Uncommon trap: trap_request=0xffffff45 fr.pc=0x00000158d2ed8780 relative=0x0000000000000060
Event: 12.037 Thread 0x00000158c17a7f80 Uncommon trap: reason=unstable_if action=reinterpret pc=0x00000158d2ed8780 method=java.lang.ClassLoader.createOrGetClassLoaderValueMap()Ljava/util/concurrent/ConcurrentHashMap; @ 6 c2
Event: 12.037 Thread 0x00000158c17a7f80 DEOPT PACKING pc=0x00000158d2ed8780 sp=0x0000002c2e7f9610
Event: 12.037 Thread 0x00000158c17a7f80 DEOPT UNPACKING pc=0x00000158d2756da3 sp=0x0000002c2e7f9598 mode 2
Event: 12.321 Thread 0x00000158c17a7f80 Uncommon trap: trap_request=0xffffff45 fr.pc=0x00000158d2da828c relative=0x00000000000000ec
Event: 12.321 Thread 0x00000158c17a7f80 Uncommon trap: reason=unstable_if action=reinterpret pc=0x00000158d2da828c method=java.lang.ClassLoader.getClassLoadingLock(Ljava/lang/String;)Ljava/lang/Object; @ 6 c2
Event: 12.321 Thread 0x00000158c17a7f80 DEOPT PACKING pc=0x00000158d2da828c sp=0x0000002c2e7f5500
Event: 12.321 Thread 0x00000158c17a7f80 DEOPT UNPACKING pc=0x00000158d2756da3 sp=0x0000002c2e7f54a0 mode 2
Event: 12.752 Thread 0x00000158c17a7f80 Uncommon trap: trap_request=0xffffff45 fr.pc=0x00000158d2e5dab0 relative=0x0000000000000d10
Event: 12.752 Thread 0x00000158c17a7f80 Uncommon trap: reason=unstable_if action=reinterpret pc=0x00000158d2e5dab0 method=java.util.concurrent.ConcurrentHashMap.computeIfAbsent(Ljava/lang/Object;Ljava/util/function/Function;)Ljava/lang/Object; @ 244 c2
Event: 12.752 Thread 0x00000158c17a7f80 DEOPT PACKING pc=0x00000158d2e5dab0 sp=0x0000002c2e7f8a60
Event: 12.752 Thread 0x00000158c17a7f80 DEOPT UNPACKING pc=0x00000158d2756da3 sp=0x0000002c2e7f89f0 mode 2

Classes loaded (20 events):
Event: 11.599 Loading class java/lang/SafeVarargs
Event: 11.600 Loading class java/lang/SafeVarargs done
Event: 11.673 Loading class java/util/concurrent/Executors$FinalizableDelegatedExecutorService
Event: 11.673 Loading class java/util/concurrent/Executors$DelegatedExecutorService
Event: 11.673 Loading class java/util/concurrent/Executors$DelegatedExecutorService done
Event: 11.673 Loading class java/util/concurrent/Executors$FinalizableDelegatedExecutorService done
Event: 11.674 Loading class java/util/concurrent/ThreadPoolExecutor$Worker
Event: 11.674 Loading class java/util/concurrent/ThreadPoolExecutor$Worker done
Event: 11.833 Loading class javax/naming/Referenceable
Event: 11.833 Loading class javax/naming/Referenceable done
Event: 11.907 Loading class java/lang/instrument/ClassFileTransformer
Event: 11.907 Loading class java/lang/instrument/ClassFileTransformer done
Event: 12.202 Loading class java/lang/Process
Event: 12.203 Loading class java/lang/Process done
Event: 12.244 Loading class java/lang/reflect/GenericSignatureFormatError
Event: 12.245 Loading class java/lang/reflect/GenericSignatureFormatError done
Event: 12.670 Loading class java/lang/invoke/DirectMethodHandle$Special
Event: 12.670 Loading class java/lang/invoke/DirectMethodHandle$Special done
Event: 12.752 Loading class jdk/internal/vm/annotation/IntrinsicCandidate
Event: 12.752 Loading class jdk/internal/vm/annotation/IntrinsicCandidate done

Classes unloaded (0 events):
No events

Classes redefined (0 events):
No events

Internal exceptions (20 events):
Event: 8.983 Thread 0x00000158c17a7f80 Exception <a 'java/lang/NoClassDefFoundError'{0x000000008c217288}: org/quartz/Scheduler> (0x000000008c217288) 
thrown [s\open\src\hotspot\share\classfile\systemDictionary.cpp, line 244]
Event: 8.983 Thread 0x00000158c17a7f80 Exception <a 'java/lang/NoClassDefFoundError'{0x000000008c218340}: org/springframework/session/jdbc/JdbcIndexedSessionRepository> (0x000000008c218340) 
thrown [s\open\src\hotspot\share\classfile\systemDictionary.cpp, line 244]
Event: 9.178 Thread 0x00000158c17a7f80 Exception <a 'java/lang/NoSuchMethodError'{0x000000008c0014d0}: 'void java.lang.invoke.DirectMethodHandle$Holder.invokeVirtual(java.lang.Object, java.lang.Object, int)'> (0x000000008c0014d0) 
thrown [s\open\src\hotspot\share\interpreter\linkResolver.cpp, line 774]
Event: 9.179 Thread 0x00000158c17a7f80 Exception <a 'java/lang/NoSuchMethodError'{0x000000008c0056d8}: 'int java.lang.invoke.DirectMethodHandle$Holder.invokeSpecial(java.lang.Object, java.lang.Object, java.lang.Object, int)'> (0x000000008c0056d8) 
thrown [s\open\src\hotspot\share\interpreter\linkResolver.cpp, line 774]
Event: 9.182 Thread 0x00000158c17a7f80 Exception <a 'java/lang/NoSuchMethodError'{0x000000008c017960}: 'java.lang.Object java.lang.invoke.DirectMethodHandle$Holder.invokeStatic(java.lang.Object, java.lang.Object, java.lang.Object, java.lang.Object, int)'> (0x000000008c017960) 
thrown [s\open\src\hotspot\share\interpreter\linkResolver.cpp, line 774]
Event: 9.187 Thread 0x00000158c17a7f80 Exception <a 'java/lang/NoSuchMethodError'{0x000000008c022a50}: 'void java.lang.invoke.DelegatingMethodHandle$Holder.reinvoke_L(java.lang.Object, java.lang.Object, int)'> (0x000000008c022a50) 
thrown [s\open\src\hotspot\share\interpreter\linkResolver.cpp, line 774]
Event: 9.468 Thread 0x00000158c17a7f80 Exception <a 'java/lang/NoSuchMethodError'{0x000000008bdc3b08}: 'java.lang.Object java.lang.invoke.DirectMethodHandle$Holder.invokeVirtual(java.lang.Object, java.lang.Object, java.lang.Object, java.lang.Object, java.lang.Object)'> (0x000000008bdc3b08) 
thrown [s\open\src\hotspot\share\interpreter\linkResolver.cpp, line 774]
Event: 9.789 Thread 0x00000158c17a7f80 Exception <a 'java/lang/NoSuchMethodError'{0x000000008baa9280}: 'java.lang.reflect.Field[] java.lang.Class.getDeclaredFields(java.lang.Class)'> (0x000000008baa9280) 
thrown [s\open\src\hotspot\share\interpreter\linkResolver.cpp, line 774]
Event: 9.857 Thread 0x00000158c17a7f80 Exception <a 'java/lang/NoSuchMethodError'{0x000000008b9c85c8}: 'void java.lang.invoke.DirectMethodHandle$Holder.invokeInterface(java.lang.Object, java.lang.Object, int)'> (0x000000008b9c85c8) 
thrown [s\open\src\hotspot\share\interpreter\linkResolver.cpp, line 774]
Event: 9.874 Thread 0x00000158c17a7f80 Exception <a 'java/lang/IncompatibleClassChangeError'{0x000000008b819770}: Found class java.lang.Object, but interface was expected> (0x000000008b819770) 
thrown [s\open\src\hotspot\share\interpreter\linkResolver.cpp, line 841]
Event: 9.875 Thread 0x00000158c17a7f80 Exception <a 'java/lang/NoSuchMethodError'{0x000000008b81ead0}: 'void java.lang.invoke.DirectMethodHandle$Holder.invokeStatic(java.lang.Object, int, java.lang.Object)'> (0x000000008b81ead0) 
thrown [s\open\src\hotspot\share\interpreter\linkResolver.cpp, line 774]
Event: 10.231 Thread 0x00000158c17a7f80 Exception <a 'java/lang/NoSuchMethodError'{0x000000008b40e348}: 'java.lang.Object java.lang.invoke.DirectMethodHandle$Holder.invokeStaticInit(java.lang.Object, int, int, int, int)'> (0x000000008b40e348) 
thrown [s\open\src\hotspot\share\interpreter\linkResolver.cpp, line 774]
Event: 10.684 Thread 0x00000158c17a7f80 Exception <a 'java/lang/NoSuchMethodError'{0x000000008b441960}: 'java.lang.Object java.lang.invoke.DirectMethodHandle$Holder.invokeStaticInit(java.lang.Object, java.lang.Object, int, int, int, int)'> (0x000000008b441960) 
thrown [s\open\src\hotspot\share\interpreter\linkResolver.cpp, line 774]
Event: 10.836 Thread 0x00000158c17a7f80 Exception <a 'java/lang/NoSuchMethodError'{0x000000008b2b2cb0}: 'int java.lang.invoke.DirectMethodHandle$Holder.invokeVirtual(java.lang.Object, java.lang.Object, java.lang.Object, java.lang.Object)'> (0x000000008b2b2cb0) 
thrown [s\open\src\hotspot\share\interpreter\linkResolver.cpp, line 774]
Event: 10.837 Thread 0x00000158c17a7f80 Exception <a 'java/lang/NoSuchMethodError'{0x000000008b2b69c0}: 'int java.lang.invoke.DelegatingMethodHandle$Holder.reinvoke_L(java.lang.Object, java.lang.Object, java.lang.Object, java.lang.Object)'> (0x000000008b2b69c0) 
thrown [s\open\src\hotspot\share\interpreter\linkResolver.cpp, line 774]
Event: 11.371 Thread 0x00000158c17a7f80 Exception <a 'java/io/FileNotFoundException'{0x000000008c5bef60}> (0x000000008c5bef60) 
thrown [s\open\src\hotspot\share\prims\jni.cpp, line 517]
Event: 11.485 Thread 0x00000158c17a7f80 Exception <a 'java/lang/NoSuchMethodError'{0x000000008c3318f0}: 'int java.lang.invoke.DirectMethodHandle$Holder.invokeInterface(java.lang.Object, java.lang.Object, java.lang.Object, java.lang.Object)'> (0x000000008c3318f0) 
thrown [s\open\src\hotspot\share\interpreter\linkResolver.cpp, line 774]
Event: 11.544 Thread 0x00000158c17a7f80 Exception <a 'java/lang/NoSuchMethodError'{0x000000008c248b70}: 'void java.lang.invoke.Invokers$Holder.invokeExact_MT(java.lang.Object, java.lang.Object, java.lang.Object, java.lang.Object)'> (0x000000008c248b70) 
thrown [s\open\src\hotspot\share\interpreter\linkResolver.cpp, line 774]
Event: 11.779 Thread 0x00000158c17a7f80 Exception <a 'java/lang/NoSuchMethodError'{0x000000008bdb2b98}: 'java.lang.Object java.lang.invoke.DirectMethodHandle$Holder.newInvokeSpecial(java.lang.Object, java.lang.Object, java.lang.Object, java.lang.Object, java.lang.Object, java.lang.Object, java.lang.Object, java.lang.Object, java.lang.Object, java.lang.Object, java.lang.Object)'> (0x000000008bdb2b98) 
thrown [s\open\src\hotspot\share\interpreter\linkResolver.cpp, line 774]
Event: 11.985 Thread 0x00000158c17a7f80 Exception <a 'java/lang/NoSuchMethodError'{0x000000008b9e5fc0}: 'void java.lang.invoke.DelegatingMethodHandle$Holder.reinvoke_L(java.lang.Object, java.lang.Object, java.lang.Object, java.lang.Object, int, java.lang.Object, java.lang.Object, java.lang.Object)'> (0x000000008b9e5fc0) 
thrown [s\open\src\hotspot\share\interpreter\linkResolver.cpp, line 774]

VM Operations (20 events):
Event: 11.310 Executing VM operation: HandshakeAllThreads
Event: 11.310 Executing VM operation: HandshakeAllThreads done
Event: 11.629 Executing VM operation: HandshakeAllThreads
Event: 11.629 Executing VM operation: HandshakeAllThreads done
Event: 11.674 Executing VM operation: HandshakeAllThreads
Event: 11.674 Executing VM operation: HandshakeAllThreads done
Event: 11.759 Executing VM operation: ICBufferFull
Event: 11.759 Executing VM operation: ICBufferFull done
Event: 11.765 Executing VM operation: HandshakeAllThreads
Event: 11.765 Executing VM operation: HandshakeAllThreads done
Event: 12.534 Executing VM operation: G1CollectForAllocation
Event: 12.559 Executing VM operation: G1CollectForAllocation done
Event: 12.983 Executing VM operation: CollectForMetadataAllocation
Event: 12.993 Executing VM operation: CollectForMetadataAllocation done
Event: 13.060 Executing VM operation: HandshakeAllThreads
Event: 13.061 Executing VM operation: HandshakeAllThreads done
Event: 13.078 Executing VM operation: G1PauseRemark
Event: 13.089 Executing VM operation: G1PauseRemark done
Event: 13.123 Executing VM operation: G1PauseCleanup
Event: 13.124 Executing VM operation: G1PauseCleanup done

Events (20 events):
Event: 0.138 Thread 0x00000158e130def0 Thread added: 0x00000158e130def0
Event: 0.404 Thread 0x00000158e581c0a0 Thread added: 0x00000158e581c0a0
Event: 0.921 Thread 0x00000158e5bfe210 Thread added: 0x00000158e5bfe210
Event: 0.921 Thread 0x00000158e5bfe750 Thread added: 0x00000158e5bfe750
Event: 1.141 Thread 0x00000158e5d7ca90 Thread added: 0x00000158e5d7ca90
Event: 1.506 Thread 0x00000158e5d7ca90 Thread exited: 0x00000158e5d7ca90
Event: 2.932 Thread 0x00000158e5f70f10 Thread added: 0x00000158e5f70f10
Event: 3.700 Thread 0x00000158e5f70f10 Thread exited: 0x00000158e5f70f10
Event: 4.134 Thread 0x00000158e6889390 Thread added: 0x00000158e6889390
Event: 5.398 Thread 0x00000158e6eda190 Thread added: 0x00000158e6eda190
Event: 5.472 Thread 0x00000158e6eda190 Thread exited: 0x00000158e6eda190
Event: 5.749 Thread 0x00000158e6889390 Thread exited: 0x00000158e6889390
Event: 5.924 Thread 0x00000158e6889390 Thread added: 0x00000158e6889390
Event: 6.637 Thread 0x00000158e6889390 Thread exited: 0x00000158e6889390
Event: 6.944 Thread 0x00000158e6a918e0 Thread added: 0x00000158e6a918e0
Event: 8.870 Thread 0x00000158e6a918e0 Thread exited: 0x00000158e6a918e0
Event: 9.059 Thread 0x00000158e7168a80 Thread added: 0x00000158e7168a80
Event: 11.490 Thread 0x00000158e7168a80 Thread exited: 0x00000158e7168a80
Event: 11.675 Thread 0x00000158e820b080 Thread added: 0x00000158e820b080
Event: 11.746 Thread 0x00000158e7168a80 Thread added: 0x00000158e7168a80


Dynamic libraries:
0x00007ff7c4030000 - 0x00007ff7c4040000 	C:\Program Files\Java\jdk-19\bin\java.exe
0x00007ff9b7b50000 - 0x00007ff9b7d48000 	C:\WINDOWS\SYSTEM32\ntdll.dll
0x00007ff9b6350000 - 0x00007ff9b640f000 	C:\WINDOWS\System32\KERNEL32.DLL
0x00007ff9b53f0000 - 0x00007ff9b56c2000 	C:\WINDOWS\System32\KERNELBASE.dll
0x00007ff9b52f0000 - 0x00007ff9b53f0000 	C:\WINDOWS\System32\ucrtbase.dll
0x00007ff9b2380000 - 0x00007ff9b2398000 	C:\Program Files\Java\jdk-19\bin\jli.dll
0x00007ff9b79c0000 - 0x00007ff9b7a6e000 	C:\WINDOWS\System32\ADVAPI32.dll
0x00007ff9b62b0000 - 0x00007ff9b634e000 	C:\WINDOWS\System32\msvcrt.dll
0x00007ff9b5ba0000 - 0x00007ff9b5c3c000 	C:\WINDOWS\System32\sechost.dll
0x00007ff9b66e0000 - 0x00007ff9b6804000 	C:\WINDOWS\System32\RPCRT4.dll
0x00007ff9b6410000 - 0x00007ff9b65b1000 	C:\WINDOWS\System32\USER32.dll
0x00007ff9b5780000 - 0x00007ff9b57a2000 	C:\WINDOWS\System32\win32u.dll
0x00007ff9b71c0000 - 0x00007ff9b71eb000 	C:\WINDOWS\System32\GDI32.dll
0x00007ff9b5840000 - 0x00007ff9b594f000 	C:\WINDOWS\System32\gdi32full.dll
0x00007ff9b5250000 - 0x00007ff9b52ed000 	C:\WINDOWS\System32\msvcp_win.dll
0x00007ff9b22d0000 - 0x00007ff9b22eb000 	C:\Program Files\Java\jdk-19\bin\VCRUNTIME140.dll
0x00007ff995030000 - 0x00007ff9952ca000 	C:\WINDOWS\WinSxS\amd64_microsoft.windows.common-controls_6595b64144ccf1df_6.0.19041.1110_none_60b5254171f9507e\COMCTL32.dll
0x00007ff9b4c10000 - 0x00007ff9b4c1a000 	C:\WINDOWS\SYSTEM32\VERSION.dll
0x00007ff9b6280000 - 0x00007ff9b62b0000 	C:\WINDOWS\System32\IMM32.DLL
0x0000000055b10000 - 0x0000000055b1c000 	C:\Program Files (x86)\360\Total Security\safemon\SafeWrapper.dll
0x00007ff9aeb80000 - 0x00007ff9aec12000 	C:\Program Files (x86)\360\Total Security\safemon\libzdtp64.dll
0x00007ff9b6810000 - 0x00007ff9b6f55000 	C:\WINDOWS\System32\SHELL32.dll
0x00007ff9b5c40000 - 0x00007ff9b5c95000 	C:\WINDOWS\System32\SHLWAPI.dll
0x00007ff9b22c0000 - 0x00007ff9b22cc000 	C:\Program Files\Java\jdk-19\bin\vcruntime140_1.dll
0x00007ff9aeaf0000 - 0x00007ff9aeb7e000 	C:\Program Files\Java\jdk-19\bin\msvcp140.dll
0x00007ff977130000 - 0x00007ff977df0000 	C:\Program Files\Java\jdk-19\bin\server\jvm.dll
0x00007ff9b2a50000 - 0x00007ff9b2a59000 	C:\WINDOWS\SYSTEM32\WSOCK32.dll
0x00007ff99aff0000 - 0x00007ff99b017000 	C:\WINDOWS\SYSTEM32\WINMM.dll
0x00007ff9b6f60000 - 0x00007ff9b6fcb000 	C:\WINDOWS\System32\WS2_32.dll
0x00007ff9b3060000 - 0x00007ff9b3072000 	C:\WINDOWS\SYSTEM32\kernel.appcore.dll
0x00007ff9b22b0000 - 0x00007ff9b22ba000 	C:\Program Files\Java\jdk-19\bin\jimage.dll
0x0000000054e20000 - 0x0000000054f7e000 	C:\Program Files\Microsoft SQL Server\100\Shared\DBGHELP.DLL
0x00007ff9b0f40000 - 0x00007ff9b0f4e000 	C:\Program Files\Java\jdk-19\bin\instrument.dll
0x00007ff9b2280000 - 0x00007ff9b22a6000 	C:\Program Files\Java\jdk-19\bin\java.dll
0x00007ff983fb0000 - 0x00007ff984087000 	C:\Program Files\Java\jdk-19\bin\jsvml.dll
0x00007ff9b3260000 - 0x00007ff9b39f2000 	C:\WINDOWS\SYSTEM32\windows.storage.dll
0x00007ff9b7490000 - 0x00007ff9b77e5000 	C:\WINDOWS\System32\combase.dll
0x00007ff9b4b60000 - 0x00007ff9b4b90000 	C:\WINDOWS\SYSTEM32\Wldp.dll
0x00007ff9b61d0000 - 0x00007ff9b627d000 	C:\WINDOWS\System32\SHCORE.dll
0x00007ff9b5190000 - 0x00007ff9b51af000 	C:\WINDOWS\SYSTEM32\profapi.dll
0x00007ff9b1050000 - 0x00007ff9b1068000 	C:\Program Files\Java\jdk-19\bin\zip.dll
0x00007ff9b21f0000 - 0x00007ff9b2203000 	C:\Program Files\Java\jdk-19\bin\net.dll
0x00007ff9a6c60000 - 0x00007ff9a6d6a000 	C:\WINDOWS\SYSTEM32\WINHTTP.dll
0x00007ff9b4940000 - 0x00007ff9b49aa000 	C:\WINDOWS\system32\mswsock.dll
0x00007ff9b2170000 - 0x00007ff9b2186000 	C:\Program Files\Java\jdk-19\bin\nio.dll
0x00007ff9b0fc0000 - 0x00007ff9b0fda000 	C:\Program Files\JetBrains\IntelliJ IDEA Community Edition 2022.3.2\bin\breakgen64.dll
0x00007ff9b21e0000 - 0x00007ff9b21e8000 	C:\Program Files\Java\jdk-19\bin\extnet.dll
0x00007ff9b0fe0000 - 0x00007ff9b0ff0000 	C:\Program Files\Java\jdk-19\bin\verify.dll
0x00007ff9b4f20000 - 0x00007ff9b4f38000 	C:\WINDOWS\SYSTEM32\CRYPTSP.dll
0x00007ff9b4210000 - 0x00007ff9b4244000 	C:\WINDOWS\system32\rsaenh.dll
0x00007ff9b59a0000 - 0x00007ff9b59c7000 	C:\WINDOWS\System32\bcrypt.dll
0x00007ff9b5150000 - 0x00007ff9b517e000 	C:\WINDOWS\SYSTEM32\USERENV.dll
0x00007ff9b57b0000 - 0x00007ff9b5832000 	C:\WINDOWS\System32\bcryptprimitives.dll
0x00007ff9b4ad0000 - 0x00007ff9b4adc000 	C:\WINDOWS\SYSTEM32\CRYPTBASE.dll
0x00007ff9b4600000 - 0x00007ff9b463b000 	C:\WINDOWS\SYSTEM32\IPHLPAPI.DLL
0x00007ff9b5ca0000 - 0x00007ff9b5ca8000 	C:\WINDOWS\System32\NSI.dll
0x00007ff9a7150000 - 0x00007ff9a7167000 	C:\WINDOWS\SYSTEM32\dhcpcsvc6.DLL
0x00007ff9a6f70000 - 0x00007ff9a6f8d000 	C:\WINDOWS\SYSTEM32\dhcpcsvc.DLL
0x00007ff9b4640000 - 0x00007ff9b470b000 	C:\WINDOWS\SYSTEM32\DNSAPI.dll
0x00007ff9b0290000 - 0x00007ff9b029e000 	C:\Program Files\Java\jdk-19\bin\sunmscapi.dll
0x00007ff9b59d0000 - 0x00007ff9b5b26000 	C:\WINDOWS\System32\CRYPT32.dll
0x00007ff9b4bd0000 - 0x00007ff9b4bf7000 	C:\WINDOWS\SYSTEM32\ncrypt.dll
0x00007ff9b4b90000 - 0x00007ff9b4bcb000 	C:\WINDOWS\SYSTEM32\NTASN1.dll
0x00007ff9b0fb0000 - 0x00007ff9b0fba000 	C:\Program Files\Java\jdk-19\bin\management.dll
0x00007ff9b06f0000 - 0x00007ff9b06fb000 	C:\Program Files\Java\jdk-19\bin\management_ext.dll
0x00007ff9b7a70000 - 0x00007ff9b7a78000 	C:\WINDOWS\System32\PSAPI.DLL

dbghelp: loaded successfully - version: 4.0.5 - missing functions: none
symbol engine: initialized successfully - sym options: 0x614 - pdb path: .;C:\Program Files\Java\jdk-19\bin;C:\WINDOWS\SYSTEM32;C:\WINDOWS\WinSxS\amd64_microsoft.windows.common-controls_6595b64144ccf1df_6.0.19041.1110_none_60b5254171f9507e;C:\Program Files (x86)\360\Total Security\safemon;C:\Program Files\Java\jdk-19\bin\server;C:\Program Files\Microsoft SQL Server\100\Shared;C:\Program Files\JetBrains\IntelliJ IDEA Community Edition 2022.3.2\bin

VM Arguments:
jvm_args: -javaagent:C:\Program Files\JetBrains\IntelliJ IDEA Community Edition 2022.3.2\lib\idea_rt.jar=59892:C:\Program Files\JetBrains\IntelliJ IDEA Community Edition 2022.3.2\bin -Dfile.encoding=UTF-8 -Dsun.stdout.encoding=UTF-8 -Dsun.stderr.encoding=UTF-8 
java_command: com.adjadev.stock.StockApplication
java_class_path (initial): D:\ESTIA\Spring-Boot\Stock\target\classes;C:\Users\Ousmane\.m2\repository\org\springframework\boot\spring-boot-starter-data-jpa\3.0.2\spring-boot-starter-data-jpa-3.0.2.jar;C:\Users\Ousmane\.m2\repository\org\springframework\boot\spring-boot-starter-aop\3.0.2\spring-boot-starter-aop-3.0.2.jar;C:\Users\Ousmane\.m2\repository\org\aspectj\aspectjweaver\1.9.19\aspectjweaver-1.9.19.jar;C:\Users\Ousmane\.m2\repository\org\springframework\boot\spring-boot-starter-jdbc\3.0.2\spring-boot-starter-jdbc-3.0.2.jar;C:\Users\Ousmane\.m2\repository\com\zaxxer\HikariCP\5.0.1\HikariCP-5.0.1.jar;C:\Users\Ousmane\.m2\repository\org\springframework\spring-jdbc\6.0.4\spring-jdbc-6.0.4.jar;C:\Users\Ousmane\.m2\repository\org\hibernate\orm\hibernate-core\6.1.6.Final\hibernate-core-6.1.6.Final.jar;C:\Users\Ousmane\.m2\repository\jakarta\persistence\jakarta.persistence-api\3.1.0\jakarta.persistence-api-3.1.0.jar;C:\Users\Ousmane\.m2\repository\jakarta\transaction\jakarta.transaction-api\2.0.1\jakarta.transaction-api-2.0.1.jar;C:\Users\Ousmane\.m2\repository\org\jboss\logging\jboss-logging\3.5.0.Final\jboss-logging-3.5.0.Final.jar;C:\Users\Ousmane\.m2\repository\org\hibernate\common\hibernate-commons-annotations\6.0.2.Final\hibernate-commons-annotations-6.0.2.Final.jar;C:\Users\Ousmane\.m2\repository\org\jboss\jandex\2.4.2.Final\jandex-2.4.2.Final.jar;C:\Users\Ousmane\.m2\repository\net\bytebuddy\byte-buddy\1.12.22\byte-buddy-1.12.22.jar;C:\Users\Ousmane\.m2\repository\org\glassfish\jaxb\jaxb-runtime\4.0.1\jaxb-runtime-4.0.1.jar;C:\Users\Ousmane\.m2\repository\org\glassfish\jaxb\jaxb-core\4.0.1\jaxb-core-4.0.1.jar;C:\Users\Ousmane\.m2\repository\org\eclipse\angus\angus-activation\1.0.0\angus-activation-1.0.0.jar;C:\Users\Ousmane\.m2\repository\org\glassfish\jaxb\txw2\4.0.1\txw2-4.0.1.jar;C:\Users\Ousmane\.m2\repository\com\sun\istack\istack-commons-runtime\4.1.1\istack-commons-runtime-4.1.1.jar;C:\Users\Ousmane\.m2\repository\jakarta\inject\jakarta.inject-api\2.0.0\jakarta.inject-api-2.0.0.jar;C:\Users\Ousmane\.m2\repository\org\antlr\antlr4-runtime\4.10.1\antlr4-runtime-4.10.1.jar;C:\Users\Ousmane\.m2\repository\org\springframework\data\spring-data-jpa\3.0.1\spring-data-jpa-3.0.1.jar;C:\Users\Ousmane\.m2\repository\org\springframework\data\spring-data-commons\3.0.1\spring-data-commons-3.0.1.jar;C:\Users\Ousmane\.m2\repository\org\springframework\spring-orm\6.0.4\spring-orm-6.0.4.jar;C:\Users\Ousmane\.m2\repository\org\springframework\spring-context\6.0.4\spring-context-6.0.4.jar;C:\Users\Ousmane\.m2\repository\org\springframework\spring-tx\6.0.4\spring-tx-6.0.4.jar;C:\Users\Ousmane\.m2\repository\org\springframework\spring-beans\6.0.4\spring-beans-6.0.4.jar;C:\Users\Ousmane\.m2\repository\jakarta\annotation\jakarta.annotation-api\2.1.1\jakarta.annotation-api-2.1.1.jar;C:\Users\Ousmane\.m2\repository\org\springframework\spring-aspects\6.0.4\spring-aspects-6.0.4.jar;C:\Users\Ousmane\.m2\repository\org\springframework\boot\spring-boot-starter-security\3.0.2\spring-boot-starter-security-3.0.2.jar;C:\Users\Ousmane\.m2\repository\org\springframework\boot\spring-boot-starter\3.0.2\spring-boot-starter-3.0.2.jar;C:\Users\Ousmane\.m2\repository\org\springframework\boot\spring-boot\3.0.2\spring-boot-3.0.2.jar;C:\Users\Ousmane\.m2\repository\org\springframework\boot\spring-boot-autoconfigure\3.0.2\spring-boot-autoconfigure-3.0.2.jar;C:\Users\Ousmane\.m2\repository\org\springframework\boot\spring-boot-starter-logging\3.0.2\spring-boot-starter-logging-3.0.2.jar;C:\Users\Ousmane\.m2\repository\ch\qos\logback\logback-classic\1.4.5\logback-classic-1.4.5.jar;C:\Users\Ousmane\.m2\repository\ch\qos\logback\logback-core\1.4.5\logback-core-1.4.5.jar;C:\Users\Ousmane\.m2\repository\org\apache\logging\log4j\log4j-to-slf4j\2.19.0\log4j-to-slf4j-2.19.0.jar;C:\Users\Ousmane\.m2\repository\org\apache\logging\log4j\log4j-api\2.19.0\log4j-api-2.19.0.jar;C:\Users\Ousmane\.m2\repository\org\slf4j\jul-to-slf4j\2.0.6\jul-to-slf4j-2.0.6.jar;C:\Users\Ousmane\.m2\repository\org\yaml\snakeyaml\1.33\snakeyaml-1.33.jar;C:\Users\Ousmane\.m2\repository\org\springframework\spring-aop\6.0.4\spring-aop-6.0.4.jar;C:\Users\Ousmane\.m2\repository\org\springframework\security\spring-security-config\6.0.1\spring-security-config-6.0.1.jar;C:\Users\Ousmane\.m2\repository\org\springframework\security\spring-security-web\6.0.1\spring-security-web-6.0.1.jar;C:\Users\Ousmane\.m2\repository\org\springframework\spring-expression\6.0.4\spring-expression-6.0.4.jar;C:\Users\Ousmane\.m2\repository\org\springframework\boot\spring-boot-starter-web\3.0.2\spring-boot-starter-web-3.0.2.jar;C:\Users\Ousmane\.m2\repository\org\springframework\boot\spring-boot-starter-json\3.0.2\spring-boot-starter-json-3.0.2.jar;C:\Users\Ousmane\.m2\repository\com\fasterxml\jackson\datatype\jackson-datatype-jdk8\2.14.1\jackson-datatype-jdk8-2.14.1.jar;C:\Users\Ousmane\.m2\repository\com\fasterxml\jackson\datatype\jackson-datatype-jsr310\2.14.1\jackson-datatype-jsr310-2.14.1.jar;C:\Users\Ousmane\.m2\repository\com\fasterxml\jackson\module\jackson-module-parameter-names\2.14.1\jackson-module-parameter-names-2.14.1.jar;C:\Users\Ousmane\.m2\repository\org\springframework\boot\spring-boot-starter-tomcat\3.0.2\spring-boot-starter-tomcat-3.0.2.jar;C:\Users\Ousmane\.m2\repository\org\apache\tomcat\embed\tomcat-embed-core\10.1.5\tomcat-embed-core-10.1.5.jar;C:\Users\Ousmane\.m2\repository\org\apache\tomcat\embed\tomcat-embed-el\10.1.5\tomcat-embed-el-10.1.5.jar;C:\Users\Ousmane\.m2\repository\org\apache\tomcat\embed\tomcat-embed-websocket\10.1.5\tomcat-embed-websocket-10.1.5.jar;C:\Users\Ousmane\.m2\repository\org\springframework\spring-web\6.0.4\spring-web-6.0.4.jar;C:\Users\Ousmane\.m2\repository\io\micrometer\micrometer-observation\1.10.3\micrometer-observation-1.10.3.jar;C:\Users\Ousmane\.m2\repository\io\micrometer\micrometer-commons\1.10.3\micrometer-commons-1.10.3.jar;C:\Users\Ousmane\.m2\repository\org\springframework\spring-webmvc\6.0.4\spring-webmvc-6.0.4.jar;C:\Users\Ousmane\.m2\repository\com\flickr4java\flickr4java\3.0.4\flickr4java-3.0.4.jar;C:\Users\Ousmane\.m2\repository\com\github\scribejava\scribejava-apis\6.9.0\scribejava-apis-6.9.0.jar;C:\Users\Ousmane\.m2\repository\com\github\scribejava\scribejava-core\6.9.0\scribejava-core-6.9.0.jar;C:\Users\Ousmane\.m2\repository\org\slf4j\slf4j-api\2.0.6\slf4j-api-2.0.6.jar;C:\Users\Ousmane\.m2\repository\io\jsonwebtoken\jjwt\0.9.1\jjwt-0.9.1.jar;C:\Users\Ousmane\.m2\repository\com\fasterxml\jackson\core\jackson-databind\2.14.1\jackson-databind-2.14.1.jar;C:\Users\Ousmane\.m2\repository\com\fasterxml\jackson\core\jackson-annotations\2.14.1\jackson-annotations-2.14.1.jar;C:\Users\Ousmane\.m2\repository\com\fasterxml\jackson\core\jackson-core\2.14.1\jackson-core-2.14.1.jar;C:\Users\Ousmane\.m2\repository\io\jsonwebtoken\jjwt-impl\0.11.5\jjwt-impl-0.11.5.jar;C:\Users\Ousmane\.m2\repository\io\jsonwebtoken\jjwt-api\0.11.5\jjwt-api-0.11.5.jar;C:\Users\Ousmane\.m2\repository\io\jsonwebtoken\jjwt-jackson\0.11.5\jjwt-jackson-0.11.5.jar;C:\Users\Ousmane\.m2\repository\javax\xml\bind\jaxb-api\2.3.0\jaxb-api-2.3.0.jar;C:\Users\Ousmane\.m2\repository\com\mysql\mysql-connector-j\8.0.32\mysql-connector-j-8.0.32.jar;C:\Users\Ousmane\.m2\repository\org\projectlombok\lombok\1.18.24\lombok-1.18.24.jar;C:\Users\Ousmane\.m2\repository\jakarta\xml\bind\jakarta.xml.bind-api\4.0.0\jakarta.xml.bind-api-4.0.0.jar;C:\Users\Ousmane\.m2\repository\jakarta\activation\jakarta.activation-api\2.1.1\jakarta.activation-api-2.1.1.jar;C:\Users\Ousmane\.m2\repository\org\springframework\spring-core\6.0.4\spring-core-6.0.4.jar;C:\Users\Ousmane\.m2\repository\org\springframework\spring-jcl\6.0.4\spring-jcl-6.0.4.jar;C:\Users\Ousmane\.m2\repository\org\springframework\security\spring-security-core\6.0.1\spring-security-core-6.0.1.jar;C:\Users\Ousmane\.m2\repository\org\springframework\security\spring-security-crypto\6.0.1\spring-security-crypto-6.0.1.jar;C:\Users\Ousmane\.m2\repository\io\springfox\springfox-swagger2\3.0.0\springfox-swagger2-3.0.0.jar;C:\Users\Ousmane\.m2\repository\io\springfox\springfox-spi\3.0.0\springfox-spi-3.0.0.jar;C:\Users\Ousmane\.m2\repository\io\springfox\springfox-core\3.0.0\springfox-core-3.0.0.jar;C:\Users\Ousmane\.m2\repository\io\springfox\springfox-schema\3.0.0\springfox-schema-3.0.0.jar;C:\Users\Ousmane\.m2\repository\io\springfox\springfox-swagger-common\3.0.0\springfox-swagger-common-3.0.0.jar;C:\Users\Ousmane\.m2\repository\io\swagger\core\v3\swagger-annotations\2.1.2\swagger-annotations-2.1.2.jar;C:\Users\Ousmane\.m2\repository\io\springfox\springfox-spring-web\3.0.0\springfox-spring-web-3.0.0.jar;C:\Users\Ousmane\.m2\repository\io\github\classgraph\classgraph\4.8.83\classgraph-4.8.83.jar;C:\Users\Ousmane\.m2\repository\io\springfox\springfox-spring-webmvc\3.0.0\springfox-spring-webmvc-3.0.0.jar;C:\Users\Ousmane\.m2\repository\io\springfox\springfox-spring-webflux\3.0.0\springfox-spring-webflux-3.0.0.jar;C:\Users\Ousmane\.m2\repository\com\fasterxml\classmate\1.5.1\classmate-1.5.1.jar;C:\Users\Ousmane\.m2\repository\org\springframework\plugin\spring-plugin-core\2.0.0.RELEASE\spring-plugin-core-2.0.0.RELEASE.jar;C:\Users\Ousmane\.m2\repository\org\springframework\plugin\spring-plugin-metadata\2.0.0.RELEASE\spring-plugin-metadata-2.0.0.RELEASE.jar;C:\Users\Ousmane\.m2\repository\io\swagger\swagger-annotations\1.5.20\swagger-annotations-1.5.20.jar;C:\Users\Ousmane\.m2\repository\io\swagger\swagger-models\1.5.20\swagger-models-1.5.20.jar;C:\Users\Ousmane\.m2\repository\org\mapstruct\mapstruct\1.3.1.Final\mapstruct-1.3.1.Final.jar;C:\Users\Ousmane\.m2\repository\io\springfox\springfox-swagger-ui\3.0.0\springfox-swagger-ui-3.0.0.jar;C:\Users\Ousmane\.m2\repository\javax\servlet\javax.servlet-api\4.0.1\javax.servlet-api-4.0.1.jar
Launcher Type: SUN_STANDARD

[Global flags]
     intx CICompilerCount                          = 3                                         {product} {ergonomic}
     uint ConcGCThreads                            = 1                                         {product} {ergonomic}
     uint G1ConcRefinementThreads                  = 4                                         {product} {ergonomic}
   size_t G1HeapRegionSize                         = 1048576                                   {product} {ergonomic}
    uintx GCDrainStackTargetSize                   = 64                                        {product} {ergonomic}
   size_t InitialHeapSize                          = 125829120                                 {product} {ergonomic}
   size_t MarkStackSize                            = 4194304                                   {product} {ergonomic}
   size_t MaxHeapSize                              = 1998585856                                {product} {ergonomic}
   size_t MaxNewSize                               = 1198522368                                {product} {ergonomic}
   size_t MinHeapDeltaBytes                        = 1048576                                   {product} {ergonomic}
   size_t MinHeapSize                              = 8388608                                   {product} {ergonomic}
    uintx NonNMethodCodeHeapSize                   = 5832780                                {pd product} {ergonomic}
    uintx NonProfiledCodeHeapSize                  = 122912730                              {pd product} {ergonomic}
    uintx ProfiledCodeHeapSize                     = 122912730                              {pd product} {ergonomic}
    uintx ReservedCodeCacheSize                    = 251658240                              {pd product} {ergonomic}
     bool SegmentedCodeCache                       = true                                      {product} {ergonomic}
   size_t SoftMaxHeapSize                          = 1998585856                             {manageable} {ergonomic}
     bool UseCompressedClassPointers               = true                           {product lp64_product} {ergonomic}
     bool UseCompressedOops                        = true                           {product lp64_product} {ergonomic}
     bool UseG1GC                                  = true                                      {product} {ergonomic}
     bool UseLargePagesIndividualAllocation        = false                                  {pd product} {ergonomic}

Logging:
Log output configuration:
 #0: stdout all=warning uptime,level,tags foldmultilines=false
 #1: stderr all=off uptime,level,tags foldmultilines=false

Environment Variables:
PATH=C:\Program Files\Common Files\Oracle\Java\javapath;C:\Program Files (x86)\Common Files\Oracle\Java\javapath;C:\Program Files (x86)\VMware\VMware Workstation\bin\;C:\Program Files\Python39\Scripts\;C:\Program Files\Python39\;C:\WINDOWS\system32;C:\WINDOWS;C:\WINDOWS\System32\Wbem;C:\WINDOWS\System32\WindowsPowerShell\v1.0\;C:\WINDOWS\System32\OpenSSH\;C:\Program Files\Git\cmd;C:\Program Files\dotnet\;C:\Program Files\Microsoft SQL Server\130\Tools\Binn\;C:\ProgramData\ComposerSetup\bin;C:\wamp64\bin\php\php7.4.9;C:\Program Files (x86)\Microsoft SQL Server\150\DTS\Binn\;C:\Program Files (x86)\Microsoft SQL Server\100\Tools\Binn\;C:\Program Files\Microsoft SQL Server\100\Tools\Binn\;C:\Program Files\Microsoft SQL Server\100\DTS\Binn\;C:\Program Files (x86)\Microsoft SQL Server\100\Tools\Binn\VSShell\Common7\IDE\;C:\Program Files (x86)\Microsoft SQL Server\100\DTS\Binn\;C:\sqlite3;C:\Program Files\Java\jdk-17.0.1\bin;C:\MongoDB\bin;C:\ProgramData\chocolatey\bin;C:\Program Files\nodejs\;C:\Program Files\Docker\Docker\resources\bin;C:\Users\Ousmane\AppData\Local\Microsoft\WindowsApps;C:\Users\Ousmane\.dotnet\tools;C:\Users\Ousmane\AppData\Roaming\Composer\vendor\bin;C:\src\flutter\bin;C:\Users\Ousmane\AppData\Local\GitHubDesktop\bin;C:\MongoDB\bin;C:\Program Files\heroku\bin;C:\wamp64\bin\php\php7.4.9;C:\Program Files\JetBrains\IntelliJ IDEA Community Edition 2022.2.1\bin;;C:\Users\Ousmane\AppData\Roaming\npm;C:\Users\Ousmane\AppData\Local\Programs\Microsoft VS Code\bin;
USERNAME=Ousmane
OS=Windows_NT
PROCESSOR_IDENTIFIER=Intel64 Family 6 Model 78 Stepping 3, GenuineIntel
TMP=C:\Users\Ousmane\AppData\Local\Temp
TEMP=C:\Users\Ousmane\AppData\Local\Temp



---------------  S Y S T E M  ---------------

OS:
 Windows 10 , 64 bit Build 19041 (10.0.19041.2546)
OS uptime: 0 days 20:51 hours
Hyper-V role detected

CPU: total 4 (initial active 4) (2 cores per cpu, 2 threads per core) family 6 model 78 stepping 3 microcode 0xcc, cx8, cmov, fxsr, ht, mmx, 3dnowpref, sse, sse2, sse3, ssse3, sse4.1, sse4.2, popcnt, lzcnt, tsc, tscinvbit, avx, avx2, aes, erms, clmul, bmi1, bmi2, adx, fma, vzeroupper, clflush, clflushopt, hv, rdtscp

Memory: 4k page, system-wide physical 7616M (1352M free)
TotalPageFile size 9664M (AvailPageFile size 3M)
current process WorkingSet (physical memory assigned to process): 191M, peak: 191M
current process commit charge ("private bytes"): 236M, peak: 263M

vm_info: Java HotSpot(TM) 64-Bit Server VM (19.0.2+7-44) for windows-amd64 JRE (19.0.2+7-44), built on 2022-11-30T18:02:09Z by "mach5one" with MS VC++ 17.1 (VS2022)

END.
