#
# There is insufficient memory for the Java Runtime Environment to continue.
# Native memory allocation (mmap) failed to map 65536 bytes for Failed to commit metaspace.
# Possible reasons:
#   The system is out of physical RAM or swap space
#   The process is running with CompressedOops enabled, and the Java Heap may be blocking the growth of the native heap
# Possible solutions:
#   Reduce memory load on the system
#   Increase physical memory or swap space
#   Check if swap backing store is full
#   Decrease Java heap size (-Xmx/-Xms)
#   Decrease number of Java threads
#   Decrease Java thread stack sizes (-Xss)
#   Set larger code cache with -XX:ReservedCodeCacheSize=
#   JVM is running with Unscaled Compressed Oops mode in which the Java heap is
#     placed in the first 4GB address space. The Java Heap base address is the
#     maximum limit for the native heap growth. Please use -XX:HeapBaseMinAddress
#     to set the Java Heap base and to place the Java Heap above 4GB virtual address.
# This output file may be truncated or incomplete.
#
#  Out of Memory Error (virtualSpaceNode.cpp:110), pid=15032, tid=5408
#
# JRE version: Java(TM) SE Runtime Environment (19.0.2+7) (build 19.0.2+7-44)
# Java VM: Java HotSpot(TM) 64-Bit Server VM (19.0.2+7-44, mixed mode, sharing, tiered, compressed oops, compressed class ptrs, g1 gc, windows-amd64)
# No core dump will be written. Minidumps are not enabled by default on client versions of Windows
#

---------------  S U M M A R Y ------------

Command Line: -javaagent:C:\Program Files\JetBrains\IntelliJ IDEA Community Edition 2022.3.2\lib\idea_rt.jar=53594:C:\Program Files\JetBrains\IntelliJ IDEA Community Edition 2022.3.2\bin -Dfile.encoding=UTF-8 -Dsun.stdout.encoding=UTF-8 -Dsun.stderr.encoding=UTF-8 com.adjadev.stock.StockApplication

Host: Intel(R) Core(TM) i3-6006U CPU @ 2.00GHz, 4 cores, 7G,  Windows 10 , 64 bit Build 19041 (10.0.19041.2546)
Time: Wed Mar 22 07:20:00 2023 Greenwich elapsed time: 4.051074 seconds (0d 0h 0m 4s)

---------------  T H R E A D  ---------------

Current thread (0x0000017fb7f296e0):  JavaThread "main" [_thread_in_vm, id=5408, stack(0x00000015a3500000,0x00000015a3600000)]

Stack: [0x00000015a3500000,0x00000015a3600000]
Native frames: (J=compiled Java code, j=interpreted, Vv=VM code, C=native code)
V  [jvm.dll+0x6ee21a]
V  [jvm.dll+0x85765e]
V  [jvm.dll+0x85904e]
V  [jvm.dll+0x859703]
V  [jvm.dll+0x28298f]
V  [jvm.dll+0x8532db]
V  [jvm.dll+0x692cb6]
V  [jvm.dll+0x1f2937]
V  [jvm.dll+0x6956f2]
V  [jvm.dll+0x6954de]
V  [jvm.dll+0x6936de]
V  [jvm.dll+0x26e12f]
V  [jvm.dll+0x69dcc5]
V  [jvm.dll+0x21e072]
V  [jvm.dll+0x21e5a5]
V  [jvm.dll+0x21ef01]
V  [jvm.dll+0x2146a1]
V  [jvm.dll+0x5a9cb6]
V  [jvm.dll+0x7cd5d8]
V  [jvm.dll+0x7cd4fa]
V  [jvm.dll+0x46b2ad]
V  [jvm.dll+0x47d46d]
C  [java.dll+0x1657]

Java frames: (J=compiled Java code, j=interpreted, Vv=VM code)
j  java.lang.ClassLoader.defineClass0(Ljava/lang/ClassLoader;Ljava/lang/Class;Ljava/lang/String;[BIILjava/security/ProtectionDomain;ZILjava/lang/Object;)Ljava/lang/Class;+0 java.base@19.0.2
j  java.lang.System$2.defineClass(Ljava/lang/ClassLoader;Ljava/lang/Class;Ljava/lang/String;[BLjava/security/ProtectionDomain;ZILjava/lang/Object;)Ljava/lang/Class;+17 java.base@19.0.2
j  java.lang.invoke.MethodHandles$Lookup$ClassDefiner.defineClass(ZLjava/lang/Object;)Ljava/lang/Class;+54 java.base@19.0.2
j  java.lang.invoke.MethodHandles$Lookup$ClassDefiner.defineClassAsLookup(Z)Ljava/lang/invoke/MethodHandles$Lookup;+3 java.base@19.0.2
j  java.lang.invoke.MethodHandles$Lookup.defineHiddenClass([BZ[Ljava/lang/invoke/MethodHandles$Lookup$ClassOption;)Ljava/lang/invoke/MethodHandles$Lookup;+65 java.base@19.0.2
j  java.lang.invoke.InnerClassLambdaMetafactory.generateInnerClass()Ljava/lang/Class;+577 java.base@19.0.2
j  java.lang.invoke.InnerClassLambdaMetafactory.spinInnerClass()Ljava/lang/Class;+114 java.base@19.0.2
j  java.lang.invoke.InnerClassLambdaMetafactory.buildCallSite()Ljava/lang/invoke/CallSite;+1 java.base@19.0.2
j  java.lang.invoke.LambdaMetafactory.metafactory(Ljava/lang/invoke/MethodHandles$Lookup;Ljava/lang/String;Ljava/lang/invoke/MethodType;Ljava/lang/invoke/MethodType;Ljava/lang/invoke/MethodHandle;Ljava/lang/invoke/MethodType;)Ljava/lang/invoke/CallSite;+67 java.base@19.0.2
j  java.lang.invoke.LambdaForm$DMH+0x0000000801107000.invokeStatic(Ljava/lang/Object;Ljava/lang/Object;Ljava/lang/Object;Ljava/lang/Object;Ljava/lang/Object;Ljava/lang/Object;Ljava/lang/Object;)Ljava/lang/Object;+27 java.base@19.0.2
j  java.lang.invoke.Invokers$Holder.invokeExact_MT(Ljava/lang/Object;Ljava/lang/Object;Ljava/lang/Object;Ljava/lang/Object;Ljava/lang/Object;Ljava/lang/Object;Ljava/lang/Object;Ljava/lang/Object;)Ljava/lang/Object;+28 java.base@19.0.2
j  java.lang.invoke.BootstrapMethodInvoker.invoke(Ljava/lang/Class;Ljava/lang/invoke/MethodHandle;Ljava/lang/String;Ljava/lang/Object;Ljava/lang/Object;Ljava/lang/Class;)Ljava/lang/Object;+319 java.base@19.0.2
j  java.lang.invoke.CallSite.makeSite(Ljava/lang/invoke/MethodHandle;Ljava/lang/String;Ljava/lang/invoke/MethodType;Ljava/lang/Object;Ljava/lang/Class;)Ljava/lang/invoke/CallSite;+8 java.base@19.0.2
j  java.lang.invoke.MethodHandleNatives.linkCallSiteImpl(Ljava/lang/Class;Ljava/lang/invoke/MethodHandle;Ljava/lang/String;Ljava/lang/invoke/MethodType;Ljava/lang/Object;[Ljava/lang/Object;)Ljava/lang/invoke/MemberName;+6 java.base@19.0.2
j  java.lang.invoke.MethodHandleNatives.linkCallSite(Ljava/lang/Object;Ljava/lang/Object;Ljava/lang/Object;Ljava/lang/Object;Ljava/lang/Object;[Ljava/lang/Object;)Ljava/lang/invoke/MemberName;+45 java.base@19.0.2
v  ~StubRoutines::call_stub 0x0000017fc8f4100e
j  org.springframework.beans.factory.support.DefaultListableBeanFactory.removeManualSingletonName(Ljava/lang/String;)V+8
j  org.springframework.beans.factory.support.DefaultListableBeanFactory.registerBeanDefinition(Ljava/lang/String;Lorg/springframework/beans/factory/config/BeanDefinition;)V+418
j  org.springframework.context.support.GenericApplicationContext.registerBeanDefinition(Ljava/lang/String;Lorg/springframework/beans/factory/config/BeanDefinition;)V+6
j  org.springframework.context.annotation.AnnotationConfigUtils.registerPostProcessor(Lorg/springframework/beans/factory/support/BeanDefinitionRegistry;Lorg/springframework/beans/factory/support/RootBeanDefinition;Ljava/lang/String;)Lorg/springframework/beans/factory/config/BeanDefinitionHolder;+8
j  org.springframework.context.annotation.AnnotationConfigUtils.registerAnnotationConfigProcessors(Lorg/springframework/beans/factory/support/BeanDefinitionRegistry;Ljava/lang/Object;)Ljava/util/Set;+91
j  org.springframework.context.annotation.AnnotationConfigUtils.registerAnnotationConfigProcessors(Lorg/springframework/beans/factory/support/BeanDefinitionRegistry;)V+2
j  org.springframework.context.annotation.AnnotatedBeanDefinitionReader.<init>(Lorg/springframework/beans/factory/support/BeanDefinitionRegistry;Lorg/springframework/core/env/Environment;)V+57
j  org.springframework.context.annotation.AnnotatedBeanDefinitionReader.<init>(Lorg/springframework/beans/factory/support/BeanDefinitionRegistry;)V+6
j  org.springframework.boot.web.servlet.context.AnnotationConfigServletWebServerApplicationContext.<init>()V+21
j  org.springframework.boot.web.servlet.context.ServletWebServerApplicationContextFactory.createContext()Lorg/springframework/context/ConfigurableApplicationContext;+10
j  org.springframework.boot.web.servlet.context.ServletWebServerApplicationContextFactory.create(Lorg/springframework/boot/WebApplicationType;)Lorg/springframework/context/ConfigurableApplicationContext;+12
j  org.springframework.boot.DefaultApplicationContextFactory$$Lambda$202+0x0000000801147070.apply(Ljava/lang/Object;Ljava/lang/Object;)Ljava/lang/Object;+8
j  org.springframework.boot.DefaultApplicationContextFactory.getFromSpringFactories(Lorg/springframework/boot/WebApplicationType;Ljava/util/function/BiFunction;Ljava/util/function/Supplier;)Ljava/lang/Object;+45
j  org.springframework.boot.DefaultApplicationContextFactory.create(Lorg/springframework/boot/WebApplicationType;)Lorg/springframework/context/ConfigurableApplicationContext;+13
j  org.springframework.boot.SpringApplication.createApplicationContext()Lorg/springframework/context/ConfigurableApplicationContext;+8
j  org.springframework.boot.SpringApplication.run([Ljava/lang/String;)Lorg/springframework/context/ConfigurableApplicationContext;+66
j  org.springframework.boot.SpringApplication.run([Ljava/lang/Class;[Ljava/lang/String;)Lorg/springframework/context/ConfigurableApplicationContext;+9
j  org.springframework.boot.SpringApplication.run(Ljava/lang/Class;[Ljava/lang/String;)Lorg/springframework/context/ConfigurableApplicationContext;+9
j  com.adjadev.stock.StockApplication.main([Ljava/lang/String;)V+3
v  ~StubRoutines::call_stub 0x0000017fc8f4100e

---------------  P R O C E S S  ---------------

Threads class SMR info:
_java_thread_list=0x0000017fdccf2b50, length=14, elements={
0x0000017fb7f296e0, 0x0000017fd7b4f5c0, 0x0000017fd7b502c0, 0x0000017fd7b50fb0,
0x0000017fd7b518e0, 0x0000017fd7b56640, 0x0000017fd7c5d100, 0x0000017fd7b55370,
0x0000017fd7b5af90, 0x0000017fd7b5e0b0, 0x0000017fdc008070, 0x0000017fdc2538e0,
0x0000017fdc2f6950, 0x0000017fdcfd43a0
}

Java Threads: ( => current thread )
=>0x0000017fb7f296e0 JavaThread "main" [_thread_in_vm, id=5408, stack(0x00000015a3500000,0x00000015a3600000)]
  0x0000017fd7b4f5c0 JavaThread "Reference Handler" daemon [_thread_blocked, id=4652, stack(0x00000015a3c00000,0x00000015a3d00000)]
  0x0000017fd7b502c0 JavaThread "Finalizer" daemon [_thread_blocked, id=908, stack(0x00000015a3d00000,0x00000015a3e00000)]
  0x0000017fd7b50fb0 JavaThread "Signal Dispatcher" daemon [_thread_blocked, id=19188, stack(0x00000015a3e00000,0x00000015a3f00000)]
  0x0000017fd7b518e0 JavaThread "Attach Listener" daemon [_thread_blocked, id=17364, stack(0x00000015a3f00000,0x00000015a4000000)]
  0x0000017fd7b56640 JavaThread "Service Thread" daemon [_thread_blocked, id=15960, stack(0x00000015a4000000,0x00000015a4100000)]
  0x0000017fd7c5d100 JavaThread "Monitor Deflation Thread" daemon [_thread_blocked, id=15588, stack(0x00000015a4100000,0x00000015a4200000)]
  0x0000017fd7b55370 JavaThread "C2 CompilerThread0" daemon [_thread_blocked, id=7752, stack(0x00000015a4200000,0x00000015a4300000)]
  0x0000017fd7b5af90 JavaThread "C1 CompilerThread0" daemon [_thread_blocked, id=16908, stack(0x00000015a4300000,0x00000015a4400000)]
  0x0000017fd7b5e0b0 JavaThread "Sweeper thread" daemon [_thread_blocked, id=14960, stack(0x00000015a4400000,0x00000015a4500000)]
  0x0000017fdc008070 JavaThread "Common-Cleaner" daemon [_thread_blocked, id=10692, stack(0x00000015a4500000,0x00000015a4600000)]
  0x0000017fdc2538e0 JavaThread "Monitor Ctrl-Break" daemon [_thread_in_native, id=15132, stack(0x00000015a4700000,0x00000015a4800000)]
  0x0000017fdc2f6950 JavaThread "Notification Thread" daemon [_thread_blocked, id=14240, stack(0x00000015a4800000,0x00000015a4900000)]
  0x0000017fdcfd43a0 JavaThread "background-preinit" [_thread_in_vm, id=1292, stack(0x00000015a4d00000,0x00000015a4e00000)]

Other Threads:
  0x0000017fd7b35d30 VMThread "VM Thread" [stack: 0x00000015a3b00000,0x00000015a3c00000] [id=7884]
  0x0000017fdc253e20 WatcherThread "VM Periodic Task Thread" [stack: 0x00000015a4900000,0x00000015a4a00000] [id=7140]
  0x0000017fb7f83030 WorkerThread "GC Thread#0" [stack: 0x00000015a3600000,0x00000015a3700000] [id=18796]
  0x0000017fdc759a20 WorkerThread "GC Thread#1" [stack: 0x00000015a4600000,0x00000015a4700000] [id=18000]
  0x0000017fdc7556b0 WorkerThread "GC Thread#2" [stack: 0x00000015a4a00000,0x00000015a4b00000] [id=6604]
  0x0000017fdc77d5e0 WorkerThread "GC Thread#3" [stack: 0x00000015a4b00000,0x00000015a4c00000] [id=17972]
  0x0000017fb7f948d0 ConcurrentGCThread "G1 Main Marker" [stack: 0x00000015a3700000,0x00000015a3800000] [id=11900]
  0x0000017fb7f96530 WorkerThread "G1 Conc#0" [stack: 0x00000015a3800000,0x00000015a3900000] [id=10328]
  0x0000017fd7acd330 ConcurrentGCThread "G1 Refine#0" [stack: 0x00000015a3900000,0x00000015a3a00000] [id=17204]
  0x0000017fd7acfb30 ConcurrentGCThread "G1 Service" [stack: 0x00000015a3a00000,0x00000015a3b00000] [id=17820]

Threads with active compile tasks:

VM state: not at safepoint (normal execution)

VM Mutex/Monitor currently owned by a thread:  ([mutex/lock_event])
[0x0000017fb7f172a0] Metaspace_lock - owner thread: 0x0000017fb7f296e0

Heap address: 0x0000000088e00000, size: 1906 MB, Compressed Oops mode: 32-bit

CDS archive(s) mapped at: [0x0000000800000000-0x0000000800c40000-0x0000000800c40000), size 12845056, SharedBaseAddress: 0x0000000800000000, ArchiveRelocationMode: 0.
Compressed class space mapped at: 0x0000000801000000-0x0000000841000000, reserved size: 1073741824
Narrow klass base: 0x0000000800000000, Narrow klass shift: 0, Narrow klass range: 0x100000000

GC Precious Log:
 CardTable entry size: 512
 Card Set container configuration: InlinePtr #cards 5 size 8 Array Of Cards #cards 12 size 40 Howl #buckets 4 coarsen threshold 1843 Howl Bitmap #cards 512 size 80 coarsen threshold 460 Card regions per heap region 1 cards per card region 2048
 CPUs: 4 total, 4 available
 Memory: 7616M
 Large Page Support: Disabled
 NUMA Support: Disabled
 Compressed Oops: Enabled (32-bit)
 Heap Region Size: 1M
 Heap Min Capacity: 8M
 Heap Initial Capacity: 120M
 Heap Max Capacity: 1906M
 Pre-touch: Disabled
 Parallel Workers: 4
 Concurrent Workers: 1
 Concurrent Refinement Workers: 4
 Periodic GC: Disabled

Heap:
 garbage-first heap   total 122880K, used 16031K [0x0000000088e00000, 0x0000000100000000)
  region size 1024K, 12 young (12288K), 2 survivors (2048K)
 Metaspace       used 10332K, committed 10560K, reserved 1114112K
  class space    used 1234K, committed 1344K, reserved 1048576K

Heap Regions: E=young(eden), S=young(survivor), O=old, HS=humongous(starts), HC=humongous(continues), CS=collection set, F=free, OA=open archive, CA=closed archive, TAMS=top-at-mark-start (previous, next)
|   0|0x0000000088e00000, 0x0000000088f00000, 0x0000000088f00000|100%|HS|  |TAMS 0x0000000088e00000, 0x0000000088e00000| Complete 
|   1|0x0000000088f00000, 0x0000000089000000, 0x0000000089000000|100%| O|  |TAMS 0x0000000088f00000, 0x0000000088f00000| Untracked 
|   2|0x0000000089000000, 0x0000000089100000, 0x0000000089100000|100%| O|  |TAMS 0x0000000089000000, 0x0000000089000000| Untracked 
|   3|0x0000000089100000, 0x0000000089200000, 0x0000000089200000|100%| O|  |TAMS 0x0000000089100000, 0x0000000089100000| Untracked 
|   4|0x0000000089200000, 0x0000000089300000, 0x0000000089300000|100%| O|  |TAMS 0x0000000089200000, 0x0000000089200000| Untracked 
|   5|0x0000000089300000, 0x0000000089400000, 0x0000000089400000|100%| O|  |TAMS 0x0000000089300000, 0x0000000089300000| Untracked 
|   6|0x0000000089400000, 0x0000000089472000, 0x0000000089500000| 44%| O|  |TAMS 0x0000000089400000, 0x0000000089400000| Untracked 
|   7|0x0000000089500000, 0x0000000089500000, 0x0000000089600000|  0%| F|  |TAMS 0x0000000089500000, 0x0000000089500000| Untracked 
|   8|0x0000000089600000, 0x0000000089600000, 0x0000000089700000|  0%| F|  |TAMS 0x0000000089600000, 0x0000000089600000| Untracked 
|   9|0x0000000089700000, 0x0000000089700000, 0x0000000089800000|  0%| F|  |TAMS 0x0000000089700000, 0x0000000089700000| Untracked 
|  10|0x0000000089800000, 0x0000000089800000, 0x0000000089900000|  0%| F|  |TAMS 0x0000000089800000, 0x0000000089800000| Untracked 
|  11|0x0000000089900000, 0x0000000089900000, 0x0000000089a00000|  0%| F|  |TAMS 0x0000000089900000, 0x0000000089900000| Untracked 
|  12|0x0000000089a00000, 0x0000000089a00000, 0x0000000089b00000|  0%| F|  |TAMS 0x0000000089a00000, 0x0000000089a00000| Untracked 
|  13|0x0000000089b00000, 0x0000000089b00000, 0x0000000089c00000|  0%| F|  |TAMS 0x0000000089b00000, 0x0000000089b00000| Untracked 
|  14|0x0000000089c00000, 0x0000000089c00000, 0x0000000089d00000|  0%| F|  |TAMS 0x0000000089c00000, 0x0000000089c00000| Untracked 
|  15|0x0000000089d00000, 0x0000000089d00000, 0x0000000089e00000|  0%| F|  |TAMS 0x0000000089d00000, 0x0000000089d00000| Untracked 
|  16|0x0000000089e00000, 0x0000000089e00000, 0x0000000089f00000|  0%| F|  |TAMS 0x0000000089e00000, 0x0000000089e00000| Untracked 
|  17|0x0000000089f00000, 0x0000000089f00000, 0x000000008a000000|  0%| F|  |TAMS 0x0000000089f00000, 0x0000000089f00000| Untracked 
|  18|0x000000008a000000, 0x000000008a000000, 0x000000008a100000|  0%| F|  |TAMS 0x000000008a000000, 0x000000008a000000| Untracked 
|  19|0x000000008a100000, 0x000000008a100000, 0x000000008a200000|  0%| F|  |TAMS 0x000000008a100000, 0x000000008a100000| Untracked 
|  20|0x000000008a200000, 0x000000008a200000, 0x000000008a300000|  0%| F|  |TAMS 0x000000008a200000, 0x000000008a200000| Untracked 
|  21|0x000000008a300000, 0x000000008a300000, 0x000000008a400000|  0%| F|  |TAMS 0x000000008a300000, 0x000000008a300000| Untracked 
|  22|0x000000008a400000, 0x000000008a400000, 0x000000008a500000|  0%| F|  |TAMS 0x000000008a400000, 0x000000008a400000| Untracked 
|  23|0x000000008a500000, 0x000000008a500000, 0x000000008a600000|  0%| F|  |TAMS 0x000000008a500000, 0x000000008a500000| Untracked 
|  24|0x000000008a600000, 0x000000008a600000, 0x000000008a700000|  0%| F|  |TAMS 0x000000008a600000, 0x000000008a600000| Untracked 
|  25|0x000000008a700000, 0x000000008a700000, 0x000000008a800000|  0%| F|  |TAMS 0x000000008a700000, 0x000000008a700000| Untracked 
|  26|0x000000008a800000, 0x000000008a800000, 0x000000008a900000|  0%| F|  |TAMS 0x000000008a800000, 0x000000008a800000| Untracked 
|  27|0x000000008a900000, 0x000000008a900000, 0x000000008aa00000|  0%| F|  |TAMS 0x000000008a900000, 0x000000008a900000| Untracked 
|  28|0x000000008aa00000, 0x000000008aa00000, 0x000000008ab00000|  0%| F|  |TAMS 0x000000008aa00000, 0x000000008aa00000| Untracked 
|  29|0x000000008ab00000, 0x000000008ab00000, 0x000000008ac00000|  0%| F|  |TAMS 0x000000008ab00000, 0x000000008ab00000| Untracked 
|  30|0x000000008ac00000, 0x000000008ac00000, 0x000000008ad00000|  0%| F|  |TAMS 0x000000008ac00000, 0x000000008ac00000| Untracked 
|  31|0x000000008ad00000, 0x000000008ad00000, 0x000000008ae00000|  0%| F|  |TAMS 0x000000008ad00000, 0x000000008ad00000| Untracked 
|  32|0x000000008ae00000, 0x000000008ae00000, 0x000000008af00000|  0%| F|  |TAMS 0x000000008ae00000, 0x000000008ae00000| Untracked 
|  33|0x000000008af00000, 0x000000008af00000, 0x000000008b000000|  0%| F|  |TAMS 0x000000008af00000, 0x000000008af00000| Untracked 
|  34|0x000000008b000000, 0x000000008b000000, 0x000000008b100000|  0%| F|  |TAMS 0x000000008b000000, 0x000000008b000000| Untracked 
|  35|0x000000008b100000, 0x000000008b100000, 0x000000008b200000|  0%| F|  |TAMS 0x000000008b100000, 0x000000008b100000| Untracked 
|  36|0x000000008b200000, 0x000000008b200000, 0x000000008b300000|  0%| F|  |TAMS 0x000000008b200000, 0x000000008b200000| Untracked 
|  37|0x000000008b300000, 0x000000008b300000, 0x000000008b400000|  0%| F|  |TAMS 0x000000008b300000, 0x000000008b300000| Untracked 
|  38|0x000000008b400000, 0x000000008b400000, 0x000000008b500000|  0%| F|  |TAMS 0x000000008b400000, 0x000000008b400000| Untracked 
|  39|0x000000008b500000, 0x000000008b500000, 0x000000008b600000|  0%| F|  |TAMS 0x000000008b500000, 0x000000008b500000| Untracked 
|  40|0x000000008b600000, 0x000000008b600000, 0x000000008b700000|  0%| F|  |TAMS 0x000000008b600000, 0x000000008b600000| Untracked 
|  41|0x000000008b700000, 0x000000008b700000, 0x000000008b800000|  0%| F|  |TAMS 0x000000008b700000, 0x000000008b700000| Untracked 
|  42|0x000000008b800000, 0x000000008b800000, 0x000000008b900000|  0%| F|  |TAMS 0x000000008b800000, 0x000000008b800000| Untracked 
|  43|0x000000008b900000, 0x000000008b900000, 0x000000008ba00000|  0%| F|  |TAMS 0x000000008b900000, 0x000000008b900000| Untracked 
|  44|0x000000008ba00000, 0x000000008ba00000, 0x000000008bb00000|  0%| F|  |TAMS 0x000000008ba00000, 0x000000008ba00000| Untracked 
|  45|0x000000008bb00000, 0x000000008bb00000, 0x000000008bc00000|  0%| F|  |TAMS 0x000000008bb00000, 0x000000008bb00000| Untracked 
|  46|0x000000008bc00000, 0x000000008bc00000, 0x000000008bd00000|  0%| F|  |TAMS 0x000000008bc00000, 0x000000008bc00000| Untracked 
|  47|0x000000008bd00000, 0x000000008bd00000, 0x000000008be00000|  0%| F|  |TAMS 0x000000008bd00000, 0x000000008bd00000| Untracked 
|  48|0x000000008be00000, 0x000000008be00000, 0x000000008bf00000|  0%| F|  |TAMS 0x000000008be00000, 0x000000008be00000| Untracked 
|  49|0x000000008bf00000, 0x000000008bf00000, 0x000000008c000000|  0%| F|  |TAMS 0x000000008bf00000, 0x000000008bf00000| Untracked 
|  50|0x000000008c000000, 0x000000008c000000, 0x000000008c100000|  0%| F|  |TAMS 0x000000008c000000, 0x000000008c000000| Untracked 
|  51|0x000000008c100000, 0x000000008c100000, 0x000000008c200000|  0%| F|  |TAMS 0x000000008c100000, 0x000000008c100000| Untracked 
|  52|0x000000008c200000, 0x000000008c200000, 0x000000008c300000|  0%| F|  |TAMS 0x000000008c200000, 0x000000008c200000| Untracked 
|  53|0x000000008c300000, 0x000000008c300000, 0x000000008c400000|  0%| F|  |TAMS 0x000000008c300000, 0x000000008c300000| Untracked 
|  54|0x000000008c400000, 0x000000008c400000, 0x000000008c500000|  0%| F|  |TAMS 0x000000008c400000, 0x000000008c400000| Untracked 
|  55|0x000000008c500000, 0x000000008c500000, 0x000000008c600000|  0%| F|  |TAMS 0x000000008c500000, 0x000000008c500000| Untracked 
|  56|0x000000008c600000, 0x000000008c600000, 0x000000008c700000|  0%| F|  |TAMS 0x000000008c600000, 0x000000008c600000| Untracked 
|  57|0x000000008c700000, 0x000000008c700000, 0x000000008c800000|  0%| F|  |TAMS 0x000000008c700000, 0x000000008c700000| Untracked 
|  58|0x000000008c800000, 0x000000008c800000, 0x000000008c900000|  0%| F|  |TAMS 0x000000008c800000, 0x000000008c800000| Untracked 
|  59|0x000000008c900000, 0x000000008c900000, 0x000000008ca00000|  0%| F|  |TAMS 0x000000008c900000, 0x000000008c900000| Untracked 
|  60|0x000000008ca00000, 0x000000008ca00000, 0x000000008cb00000|  0%| F|  |TAMS 0x000000008ca00000, 0x000000008ca00000| Untracked 
|  61|0x000000008cb00000, 0x000000008cb00000, 0x000000008cc00000|  0%| F|  |TAMS 0x000000008cb00000, 0x000000008cb00000| Untracked 
|  62|0x000000008cc00000, 0x000000008cc00000, 0x000000008cd00000|  0%| F|  |TAMS 0x000000008cc00000, 0x000000008cc00000| Untracked 
|  63|0x000000008cd00000, 0x000000008cd00000, 0x000000008ce00000|  0%| F|  |TAMS 0x000000008cd00000, 0x000000008cd00000| Untracked 
|  64|0x000000008ce00000, 0x000000008ce00000, 0x000000008cf00000|  0%| F|  |TAMS 0x000000008ce00000, 0x000000008ce00000| Untracked 
|  65|0x000000008cf00000, 0x000000008cf00000, 0x000000008d000000|  0%| F|  |TAMS 0x000000008cf00000, 0x000000008cf00000| Untracked 
|  66|0x000000008d000000, 0x000000008d000000, 0x000000008d100000|  0%| F|  |TAMS 0x000000008d000000, 0x000000008d000000| Untracked 
|  67|0x000000008d100000, 0x000000008d100000, 0x000000008d200000|  0%| F|  |TAMS 0x000000008d100000, 0x000000008d100000| Untracked 
|  68|0x000000008d200000, 0x000000008d200000, 0x000000008d300000|  0%| F|  |TAMS 0x000000008d200000, 0x000000008d200000| Untracked 
|  69|0x000000008d300000, 0x000000008d300000, 0x000000008d400000|  0%| F|  |TAMS 0x000000008d300000, 0x000000008d300000| Untracked 
|  70|0x000000008d400000, 0x000000008d400000, 0x000000008d500000|  0%| F|  |TAMS 0x000000008d400000, 0x000000008d400000| Untracked 
|  71|0x000000008d500000, 0x000000008d500000, 0x000000008d600000|  0%| F|  |TAMS 0x000000008d500000, 0x000000008d500000| Untracked 
|  72|0x000000008d600000, 0x000000008d600000, 0x000000008d700000|  0%| F|  |TAMS 0x000000008d600000, 0x000000008d600000| Untracked 
|  73|0x000000008d700000, 0x000000008d700000, 0x000000008d800000|  0%| F|  |TAMS 0x000000008d700000, 0x000000008d700000| Untracked 
|  74|0x000000008d800000, 0x000000008d800000, 0x000000008d900000|  0%| F|  |TAMS 0x000000008d800000, 0x000000008d800000| Untracked 
|  75|0x000000008d900000, 0x000000008d900000, 0x000000008da00000|  0%| F|  |TAMS 0x000000008d900000, 0x000000008d900000| Untracked 
|  76|0x000000008da00000, 0x000000008da00000, 0x000000008db00000|  0%| F|  |TAMS 0x000000008da00000, 0x000000008da00000| Untracked 
|  77|0x000000008db00000, 0x000000008db00000, 0x000000008dc00000|  0%| F|  |TAMS 0x000000008db00000, 0x000000008db00000| Untracked 
|  78|0x000000008dc00000, 0x000000008dc00000, 0x000000008dd00000|  0%| F|  |TAMS 0x000000008dc00000, 0x000000008dc00000| Untracked 
|  79|0x000000008dd00000, 0x000000008dd00000, 0x000000008de00000|  0%| F|  |TAMS 0x000000008dd00000, 0x000000008dd00000| Untracked 
|  80|0x000000008de00000, 0x000000008de00000, 0x000000008df00000|  0%| F|  |TAMS 0x000000008de00000, 0x000000008de00000| Untracked 
|  81|0x000000008df00000, 0x000000008df00000, 0x000000008e000000|  0%| F|  |TAMS 0x000000008df00000, 0x000000008df00000| Untracked 
|  82|0x000000008e000000, 0x000000008e000000, 0x000000008e100000|  0%| F|  |TAMS 0x000000008e000000, 0x000000008e000000| Untracked 
|  83|0x000000008e100000, 0x000000008e100000, 0x000000008e200000|  0%| F|  |TAMS 0x000000008e100000, 0x000000008e100000| Untracked 
|  84|0x000000008e200000, 0x000000008e200000, 0x000000008e300000|  0%| F|  |TAMS 0x000000008e200000, 0x000000008e200000| Untracked 
|  85|0x000000008e300000, 0x000000008e300000, 0x000000008e400000|  0%| F|  |TAMS 0x000000008e300000, 0x000000008e300000| Untracked 
|  86|0x000000008e400000, 0x000000008e400000, 0x000000008e500000|  0%| F|  |TAMS 0x000000008e400000, 0x000000008e400000| Untracked 
|  87|0x000000008e500000, 0x000000008e500000, 0x000000008e600000|  0%| F|  |TAMS 0x000000008e500000, 0x000000008e500000| Untracked 
|  88|0x000000008e600000, 0x000000008e600000, 0x000000008e700000|  0%| F|  |TAMS 0x000000008e600000, 0x000000008e600000| Untracked 
|  89|0x000000008e700000, 0x000000008e700000, 0x000000008e800000|  0%| F|  |TAMS 0x000000008e700000, 0x000000008e700000| Untracked 
|  90|0x000000008e800000, 0x000000008e800000, 0x000000008e900000|  0%| F|  |TAMS 0x000000008e800000, 0x000000008e800000| Untracked 
|  91|0x000000008e900000, 0x000000008e900000, 0x000000008ea00000|  0%| F|  |TAMS 0x000000008e900000, 0x000000008e900000| Untracked 
|  92|0x000000008ea00000, 0x000000008ea00000, 0x000000008eb00000|  0%| F|  |TAMS 0x000000008ea00000, 0x000000008ea00000| Untracked 
|  93|0x000000008eb00000, 0x000000008eb00000, 0x000000008ec00000|  0%| F|  |TAMS 0x000000008eb00000, 0x000000008eb00000| Untracked 
|  94|0x000000008ec00000, 0x000000008ec00000, 0x000000008ed00000|  0%| F|  |TAMS 0x000000008ec00000, 0x000000008ec00000| Untracked 
|  95|0x000000008ed00000, 0x000000008ed00000, 0x000000008ee00000|  0%| F|  |TAMS 0x000000008ed00000, 0x000000008ed00000| Untracked 
|  96|0x000000008ee00000, 0x000000008ee00000, 0x000000008ef00000|  0%| F|  |TAMS 0x000000008ee00000, 0x000000008ee00000| Untracked 
|  97|0x000000008ef00000, 0x000000008ef00000, 0x000000008f000000|  0%| F|  |TAMS 0x000000008ef00000, 0x000000008ef00000| Untracked 
|  98|0x000000008f000000, 0x000000008f000000, 0x000000008f100000|  0%| F|  |TAMS 0x000000008f000000, 0x000000008f000000| Untracked 
|  99|0x000000008f100000, 0x000000008f100000, 0x000000008f200000|  0%| F|  |TAMS 0x000000008f100000, 0x000000008f100000| Untracked 
| 100|0x000000008f200000, 0x000000008f200000, 0x000000008f300000|  0%| F|  |TAMS 0x000000008f200000, 0x000000008f200000| Untracked 
| 101|0x000000008f300000, 0x000000008f300000, 0x000000008f400000|  0%| F|  |TAMS 0x000000008f300000, 0x000000008f300000| Untracked 
| 102|0x000000008f400000, 0x000000008f400000, 0x000000008f500000|  0%| F|  |TAMS 0x000000008f400000, 0x000000008f400000| Untracked 
| 103|0x000000008f500000, 0x000000008f500000, 0x000000008f600000|  0%| F|  |TAMS 0x000000008f500000, 0x000000008f500000| Untracked 
| 104|0x000000008f600000, 0x000000008f635e40, 0x000000008f700000| 21%| S|CS|TAMS 0x000000008f600000, 0x000000008f600000| Complete 
| 105|0x000000008f700000, 0x000000008f700000, 0x000000008f800000|  0%| F|  |TAMS 0x000000008f700000, 0x000000008f700000| Untracked 
| 106|0x000000008f800000, 0x000000008f800000, 0x000000008f900000|  0%| F|  |TAMS 0x000000008f800000, 0x000000008f800000| Untracked 
| 107|0x000000008f900000, 0x000000008fa00000, 0x000000008fa00000|100%| S|CS|TAMS 0x000000008f900000, 0x000000008f900000| Complete 
| 108|0x000000008fa00000, 0x000000008fa00000, 0x000000008fb00000|  0%| F|  |TAMS 0x000000008fa00000, 0x000000008fa00000| Untracked 
| 109|0x000000008fb00000, 0x000000008fb00000, 0x000000008fc00000|  0%| F|  |TAMS 0x000000008fb00000, 0x000000008fb00000| Untracked 
| 110|0x000000008fc00000, 0x000000008fced808, 0x000000008fd00000| 92%| E|  |TAMS 0x000000008fc00000, 0x000000008fc00000| Complete 
| 111|0x000000008fd00000, 0x000000008fe00000, 0x000000008fe00000|100%| E|CS|TAMS 0x000000008fd00000, 0x000000008fd00000| Complete 
| 112|0x000000008fe00000, 0x000000008ff00000, 0x000000008ff00000|100%| E|  |TAMS 0x000000008fe00000, 0x000000008fe00000| Complete 
| 113|0x000000008ff00000, 0x0000000090000000, 0x0000000090000000|100%| E|CS|TAMS 0x000000008ff00000, 0x000000008ff00000| Complete 
| 114|0x0000000090000000, 0x0000000090100000, 0x0000000090100000|100%| E|CS|TAMS 0x0000000090000000, 0x0000000090000000| Complete 
| 115|0x0000000090100000, 0x0000000090200000, 0x0000000090200000|100%| E|CS|TAMS 0x0000000090100000, 0x0000000090100000| Complete 
| 116|0x0000000090200000, 0x0000000090300000, 0x0000000090300000|100%| E|CS|TAMS 0x0000000090200000, 0x0000000090200000| Complete 
| 117|0x0000000090300000, 0x0000000090400000, 0x0000000090400000|100%| E|CS|TAMS 0x0000000090300000, 0x0000000090300000| Complete 
| 118|0x0000000090400000, 0x0000000090500000, 0x0000000090500000|100%| E|CS|TAMS 0x0000000090400000, 0x0000000090400000| Complete 
| 119|0x0000000090500000, 0x0000000090600000, 0x0000000090600000|100%| E|CS|TAMS 0x0000000090500000, 0x0000000090500000| Complete 

Card table byte_map: [0x0000017fd1300000,0x0000017fd16c0000] _byte_map_base: 0x0000017fd0eb9000

Marking Bits (Prev, Next): (CMBitMap*) 0x0000017fb7f84820, (CMBitMap*) 0x0000017fb7f84860
 Prev Bits: [0x0000017fd1a80000, 0x0000017fd3848000)
 Next Bits: [0x0000017fd3850000, 0x0000017fd5618000)

Polling page: 0x0000017fb7ea0000

Metaspace:

Usage:
  Non-class:      8.88 MB used.
      Class:      1.21 MB used.
       Both:     10.09 MB used.

Virtual space:
  Non-class space:       64.00 MB reserved,       9.00 MB ( 14%) committed,  1 nodes.
      Class space:        1.00 GB reserved,       1.31 MB ( <1%) committed,  1 nodes.
             Both:        1.06 GB reserved,      10.31 MB ( <1%) committed. 

Chunk freelists:
   Non-Class:  2.67 MB
       Class:  2.58 MB
        Both:  5.25 MB

MaxMetaspaceSize: unlimited
CompressedClassSpaceSize: 1.00 GB
Initial GC threshold: 21.00 MB
Current GC threshold: 21.00 MB
CDS: on
MetaspaceReclaimPolicy: balanced
 - commit_granule_bytes: 65536.
 - commit_granule_words: 8192.
 - virtual_space_node_default_size: 8388608.
 - enlarge_chunks_in_place: 1.
 - new_chunks_are_fully_committed: 0.
 - uncommit_free_chunks: 1.
 - use_allocation_guard: 0.


Internal statistics:

num_allocs_failed_limit: 0.
num_arena_births: 192.
num_arena_deaths: 0.
num_vsnodes_births: 2.
num_vsnodes_deaths: 0.
num_space_committed: 165.
num_space_uncommitted: 0.
num_chunks_returned_to_freelist: 0.
num_chunks_taken_from_freelist: 524.
num_chunk_merges: 0.
num_chunk_splits: 331.
num_chunks_enlarged: 242.
num_inconsistent_stats: 0.

CodeHeap 'non-profiled nmethods': size=120000Kb used=570Kb max_used=570Kb free=119429Kb
 bounds [0x0000017fc94e0000, 0x0000017fc9750000, 0x0000017fd0a10000]
CodeHeap 'profiled nmethods': size=120000Kb used=2791Kb max_used=2791Kb free=117208Kb
 bounds [0x0000017fc1a10000, 0x0000017fc1cd0000, 0x0000017fc8f40000]
CodeHeap 'non-nmethods': size=5760Kb used=1260Kb max_used=1288Kb free=4499Kb
 bounds [0x0000017fc8f40000, 0x0000017fc91b0000, 0x0000017fc94e0000]
 total_blobs=2064 nmethods=1595 adapters=379
 compilation: enabled
              stopped_count=0, restarted_count=0
 full_count=0

Compilation events (20 events):
Event: 3.916 Thread 0x0000017fd7b5af90 nmethod 1584 0x0000017fc1cc5690 code [0x0000017fc1cc58a0, 0x0000017fc1cc5e08]
Event: 3.916 Thread 0x0000017fd7b5af90 1585       3       java.lang.invoke.BoundMethodHandle::tooComplex (27 bytes)
Event: 3.917 Thread 0x0000017fd7b5af90 nmethod 1585 0x0000017fc1cc6010 code [0x0000017fc1cc6200, 0x0000017fc1cc6678]
Event: 3.920 Thread 0x0000017fd7b55370 nmethod 1583 0x0000017fc956cd10 code [0x0000017fc956cea0, 0x0000017fc956d278]
Event: 3.931 Thread 0x0000017fd7b55370 1586       4       java.lang.StringConcatHelper::mix (27 bytes)
Event: 3.932 Thread 0x0000017fd7b5af90 1587       3       java.lang.invoke.MethodHandle::isAncestorLoaderOf (35 bytes)
Event: 3.933 Thread 0x0000017fd7b5af90 nmethod 1587 0x0000017fc1cc6810 code [0x0000017fc1cc6a40, 0x0000017fc1cc7218]
Event: 3.933 Thread 0x0000017fd7b55370 nmethod 1586 0x0000017fc956d610 code [0x0000017fc956d7a0, 0x0000017fc956d858]
Event: 3.975 Thread 0x0000017fd7b5af90 1588       3       java.lang.invoke.MethodHandle::asType (32 bytes)
Event: 3.975 Thread 0x0000017fd7b55370 1589       4       org.springframework.util.Assert::notNull (14 bytes)
Event: 3.976 Thread 0x0000017fd7b55370 nmethod 1589 0x0000017fc956d990 code [0x0000017fc956db00, 0x0000017fc956db78]
Event: 3.976 Thread 0x0000017fd7b5af90 nmethod 1588 0x0000017fc1cc7490 code [0x0000017fc1cc76c0, 0x0000017fc1cc7de8]
Event: 3.993 Thread 0x0000017fd7b5af90 1590       1       java.security.PermissionCollection::isReadOnly (5 bytes)
Event: 3.994 Thread 0x0000017fd7b5af90 nmethod 1590 0x0000017fc956dc90 code [0x0000017fc956de20, 0x0000017fc956def8]
Event: 4.000 Thread 0x0000017fd7b55370 1591       4       jdk.internal.misc.Unsafe::allocateUninitializedArray (55 bytes)
Event: 4.003 Thread 0x0000017fd7b55370 nmethod 1591 0x0000017fc956df90 code [0x0000017fc956e120, 0x0000017fc956e2f8]
Event: 4.046 Thread 0x0000017fd7b55370 1592       4       java.lang.ClassLoader::checkName (37 bytes)
Event: 4.047 Thread 0x0000017fd7b5af90 1593       3       java.lang.invoke.MethodHandle::asTypeCached (52 bytes)
Event: 4.048 Thread 0x0000017fd7b5af90 nmethod 1593 0x0000017fc1cc8010 code [0x0000017fc1cc81e0, 0x0000017fc1cc8648]
Event: 4.048 Thread 0x0000017fd7b5af90 1594       3       java.lang.invoke.MethodHandleNatives::linkCallSite (65 bytes)

GC Heap History (4 events):
Event: 1.646 GC heap before
{Heap before GC invocations=0 (full 0):
 garbage-first heap   total 122880K, used 13312K [0x0000000088e00000, 0x0000000100000000)
  region size 1024K, 13 young (13312K), 0 survivors (0K)
 Metaspace       used 3550K, committed 3712K, reserved 1114112K
  class space    used 343K, committed 448K, reserved 1048576K
}
Event: 1.657 GC heap after
{Heap after GC invocations=1 (full 0):
 garbage-first heap   total 122880K, used 6453K [0x0000000088e00000, 0x0000000100000000)
  region size 1024K, 2 young (2048K), 2 survivors (2048K)
 Metaspace       used 3550K, committed 3712K, reserved 1114112K
  class space    used 343K, committed 448K, reserved 1048576K
}
Event: 2.974 GC heap before
{Heap before GC invocations=1 (full 0):
 garbage-first heap   total 122880K, used 18741K [0x0000000088e00000, 0x0000000100000000)
  region size 1024K, 14 young (14336K), 2 survivors (2048K)
 Metaspace       used 7365K, committed 7616K, reserved 1114112K
  class space    used 846K, committed 960K, reserved 1048576K
}
Event: 2.984 GC heap after
{Heap after GC invocations=2 (full 0):
 garbage-first heap   total 122880K, used 7839K [0x0000000088e00000, 0x0000000100000000)
  region size 1024K, 2 young (2048K), 2 survivors (2048K)
 Metaspace       used 7365K, committed 7616K, reserved 1114112K
  class space    used 846K, committed 960K, reserved 1048576K
}

Dll operation events (10 events):
Event: 0.023 Loaded shared library C:\Program Files\Java\jdk-19\bin\java.dll
Event: 0.046 Loaded shared library C:\Program Files\Java\jdk-19\bin\jsvml.dll
Event: 0.458 Loaded shared library C:\Program Files\Java\jdk-19\bin\zip.dll
Event: 0.471 Loaded shared library C:\Program Files\Java\jdk-19\bin\instrument.dll
Event: 0.490 Loaded shared library C:\Program Files\Java\jdk-19\bin\net.dll
Event: 0.501 Loaded shared library C:\Program Files\Java\jdk-19\bin\nio.dll
Event: 0.508 Loaded shared library C:\Program Files\Java\jdk-19\bin\zip.dll
Event: 0.835 Loaded shared library C:\Program Files\JetBrains\IntelliJ IDEA Community Edition 2022.3.2\bin\breakgen64.dll
Event: 0.856 Loaded shared library C:\Program Files\Java\jdk-19\bin\extnet.dll
Event: 0.924 Loaded shared library C:\Program Files\Java\jdk-19\bin\jimage.dll

Deoptimization events (20 events):
Event: 3.177 Thread 0x0000017fb7f296e0 Uncommon trap: trap_request=0xffffffc6 fr.pc=0x0000017fc953c2b4 relative=0x00000000000002f4
Event: 3.177 Thread 0x0000017fb7f296e0 Uncommon trap: reason=bimorphic_or_optimized_type_check action=maybe_recompile pc=0x0000017fc953c2b4 method=java.util.concurrent.ConcurrentHashMap.get(Ljava/lang/Object;)Ljava/lang/Object; @ 149 c2
Event: 3.177 Thread 0x0000017fb7f296e0 DEOPT PACKING pc=0x0000017fc953c2b4 sp=0x00000015a35fdea0
Event: 3.177 Thread 0x0000017fb7f296e0 DEOPT UNPACKING pc=0x0000017fc8fa6da3 sp=0x00000015a35fde10 mode 2
Event: 4.003 Thread 0x0000017fb7f296e0 Uncommon trap: trap_request=0xffffffde fr.pc=0x0000017fc956e248 relative=0x0000000000000128
Event: 4.003 Thread 0x0000017fb7f296e0 Uncommon trap: reason=class_check action=maybe_recompile pc=0x0000017fc956e248 method=jdk.internal.misc.Unsafe.allocateUninitializedArray(Ljava/lang/Class;I)Ljava/lang/Object; @ 51 c2
Event: 4.003 Thread 0x0000017fb7f296e0 DEOPT PACKING pc=0x0000017fc956e248 sp=0x00000015a35fb8a0
Event: 4.003 Thread 0x0000017fb7f296e0 DEOPT UNPACKING pc=0x0000017fc8fa6da3 sp=0x00000015a35fb828 mode 2
Event: 4.003 Thread 0x0000017fb7f296e0 Uncommon trap: trap_request=0xffffffde fr.pc=0x0000017fc956e248 relative=0x0000000000000128
Event: 4.003 Thread 0x0000017fb7f296e0 Uncommon trap: reason=class_check action=maybe_recompile pc=0x0000017fc956e248 method=jdk.internal.misc.Unsafe.allocateUninitializedArray(Ljava/lang/Class;I)Ljava/lang/Object; @ 51 c2
Event: 4.003 Thread 0x0000017fb7f296e0 DEOPT PACKING pc=0x0000017fc956e248 sp=0x00000015a35fbcd0
Event: 4.003 Thread 0x0000017fb7f296e0 DEOPT UNPACKING pc=0x0000017fc8fa6da3 sp=0x00000015a35fbc58 mode 2
Event: 4.003 Thread 0x0000017fb7f296e0 Uncommon trap: trap_request=0xffffffde fr.pc=0x0000017fc956e248 relative=0x0000000000000128
Event: 4.003 Thread 0x0000017fb7f296e0 Uncommon trap: reason=class_check action=maybe_recompile pc=0x0000017fc956e248 method=jdk.internal.misc.Unsafe.allocateUninitializedArray(Ljava/lang/Class;I)Ljava/lang/Object; @ 51 c2
Event: 4.003 Thread 0x0000017fb7f296e0 DEOPT PACKING pc=0x0000017fc956e248 sp=0x00000015a35fb6f0
Event: 4.003 Thread 0x0000017fb7f296e0 DEOPT UNPACKING pc=0x0000017fc8fa6da3 sp=0x00000015a35fb678 mode 2
Event: 4.003 Thread 0x0000017fb7f296e0 Uncommon trap: trap_request=0xffffffde fr.pc=0x0000017fc956e248 relative=0x0000000000000128
Event: 4.003 Thread 0x0000017fb7f296e0 Uncommon trap: reason=class_check action=maybe_recompile pc=0x0000017fc956e248 method=jdk.internal.misc.Unsafe.allocateUninitializedArray(Ljava/lang/Class;I)Ljava/lang/Object; @ 51 c2
Event: 4.003 Thread 0x0000017fb7f296e0 DEOPT PACKING pc=0x0000017fc956e248 sp=0x00000015a35fb8a0
Event: 4.003 Thread 0x0000017fb7f296e0 DEOPT UNPACKING pc=0x0000017fc8fa6da3 sp=0x00000015a35fb828 mode 2

Classes loaded (20 events):
Event: 3.935 Loading class com/sun/org/apache/xalan/internal/utils/XMLSecurityPropertyManager
Event: 3.966 Loading class com/sun/org/apache/xalan/internal/utils/FeaturePropertyBase
Event: 3.971 Loading class com/sun/org/apache/xalan/internal/utils/FeaturePropertyBase done
Event: 3.971 Loading class com/sun/org/apache/xalan/internal/utils/XMLSecurityPropertyManager done
Event: 3.971 Loading class com/sun/org/apache/xalan/internal/utils/FeaturePropertyBase$State
Event: 3.972 Loading class com/sun/org/apache/xalan/internal/utils/FeaturePropertyBase$State done
Event: 3.972 Loading class com/sun/org/apache/xalan/internal/utils/XMLSecurityPropertyManager$Property
Event: 3.972 Loading class com/sun/org/apache/xalan/internal/utils/XMLSecurityPropertyManager$Property done
Event: 3.972 Loading class jdk/xml/internal/XMLSecurityManager
Event: 3.973 Loading class jdk/xml/internal/XMLSecurityManager done
Event: 3.973 Loading class jdk/xml/internal/XMLSecurityManager$Limit
Event: 3.973 Loading class jdk/xml/internal/XMLSecurityManager$Limit done
Event: 3.973 Loading class jdk/xml/internal/XMLSecurityManager$Processor
Event: 3.974 Loading class jdk/xml/internal/XMLSecurityManager$Processor done
Event: 3.974 Loading class jdk/xml/internal/XMLSecurityManager$NameMap
Event: 3.974 Loading class jdk/xml/internal/XMLSecurityManager$NameMap done
Event: 3.974 Loading class jdk/xml/internal/JdkProperty
Event: 3.974 Loading class jdk/xml/internal/JdkProperty done
Event: 4.006 Loading class java/lang/CloneNotSupportedException
Event: 4.006 Loading class java/lang/CloneNotSupportedException done

Classes unloaded (0 events):
No events

Classes redefined (0 events):
No events

Internal exceptions (20 events):
Event: 2.726 Thread 0x0000017fb7f296e0 Exception <a 'java/lang/NoSuchMethodError'{0x000000008fc75e90}: 'java.lang.Object java.lang.invoke.DirectMethodHandle$Holder.newInvokeSpecial(java.lang.Object, java.lang.Object, java.lang.Object, java.lang.Object, java.lang.Object, java.lang.Object, int)'> (0x000000008fc75e90) 
thrown [s\open\src\hotspot\share\interpreter\linkResolver.cpp, line 774]
Event: 2.726 Thread 0x0000017fb7f296e0 Exception <a 'java/lang/NoSuchMethodError'{0x000000008fc7aef8}: 'java.lang.Object java.lang.invoke.DirectMethodHandle$Holder.invokeSpecial(java.lang.Object, java.lang.Object, java.lang.Object, java.lang.Object, java.lang.Object, java.lang.Object, java.lang.Object, int)'> (0x000000008fc7aef8) 
thrown [s\open\src\hotspot\share\interpreter\linkResolver.cpp, line 774]
Event: 2.826 Thread 0x0000017fb7f296e0 Exception <a 'java/lang/NoSuchMethodError'{0x000000008fb8f6b8}: 'int java.lang.invoke.DirectMethodHandle$Holder.invokeInterface(java.lang.Object, java.lang.Object)'> (0x000000008fb8f6b8) 
thrown [s\open\src\hotspot\share\interpreter\linkResolver.cpp, line 774]
Event: 2.931 Thread 0x0000017fb7f296e0 Exception <a 'java/lang/NoSuchMethodError'{0x000000008fa62118}: 'void java.lang.invoke.DirectMethodHandle$Holder.invokeSpecial(java.lang.Object, java.lang.Object, java.lang.Object, java.lang.Object, java.lang.Object)'> (0x000000008fa62118) 
thrown [s\open\src\hotspot\share\interpreter\linkResolver.cpp, line 774]
Event: 3.142 Thread 0x0000017fb7f296e0 Exception <a 'java/lang/NoSuchMethodError'{0x00000000904839a8}: 'void java.lang.invoke.DirectMethodHandle$Holder.invokeSpecial(java.lang.Object, java.lang.Object, java.lang.Object, java.lang.Object, java.lang.Object, java.lang.Object)'> (0x00000000904839a8) 
thrown [s\open\src\hotspot\share\interpreter\linkResolver.cpp, line 774]
Event: 3.193 Thread 0x0000017fb7f296e0 Exception <a 'java/lang/NoSuchMethodError'{0x0000000090335ba0}: 'java.lang.Object java.lang.invoke.DirectMethodHandle$Holder.invokeSpecial(java.lang.Object, java.lang.Object, java.lang.Object, int, java.lang.Object)'> (0x0000000090335ba0) 
thrown [s\open\src\hotspot\share\interpreter\linkResolver.cpp, line 774]
Event: 3.194 Thread 0x0000017fb7f296e0 Exception <a 'java/lang/NoSuchMethodError'{0x000000009033e210}: 'java.lang.Object java.lang.invoke.DirectMethodHandle$Holder.newInvokeSpecial(java.lang.Object, java.lang.Object, java.lang.Object, int, java.lang.Object)'> (0x000000009033e210) 
thrown [s\open\src\hotspot\share\interpreter\linkResolver.cpp, line 774]
Event: 3.195 Thread 0x0000017fb7f296e0 Exception <a 'java/lang/NoSuchMethodError'{0x00000000903460d0}: 'java.lang.Object java.lang.invoke.Invokers$Holder.linkToTargetMethod(java.lang.Object, java.lang.Object, int, java.lang.Object, java.lang.Object)'> (0x00000000903460d0) 
thrown [s\open\src\hotspot\share\interpreter\linkResolver.cpp, line 774]
Event: 3.198 Thread 0x0000017fb7f296e0 Exception <a 'java/lang/NoSuchMethodError'{0x0000000090354a28}: 'java.lang.Object java.lang.invoke.DirectMethodHandle$Holder.newInvokeSpecial(java.lang.Object, int, java.lang.Object)'> (0x0000000090354a28) 
thrown [s\open\src\hotspot\share\interpreter\linkResolver.cpp, line 774]
Event: 3.199 Thread 0x0000017fb7f296e0 Exception <a 'java/lang/NoSuchMethodError'{0x00000000903597e0}: 'int java.lang.invoke.DirectMethodHandle$Holder.invokeSpecialIFC(java.lang.Object, java.lang.Object, java.lang.Object, java.lang.Object)'> (0x00000000903597e0) 
thrown [s\open\src\hotspot\share\interpreter\linkResolver.cpp, line 774]
Event: 3.246 Thread 0x0000017fb7f296e0 Exception <a 'java/lang/NoSuchMethodError'{0x0000000090214d30}: 'void java.lang.invoke.DirectMethodHandle$Holder.invokeInterface(java.lang.Object, java.lang.Object, java.lang.Object)'> (0x0000000090214d30) 
thrown [s\open\src\hotspot\share\interpreter\linkResolver.cpp, line 774]
Event: 3.306 Thread 0x0000017fb7f296e0 Exception <a 'java/lang/NoSuchMethodError'{0x0000000090281060}: 'void java.lang.invoke.DirectMethodHandle$Holder.invokeStaticInit(java.lang.Object, java.lang.Object)'> (0x0000000090281060) 
thrown [s\open\src\hotspot\share\interpreter\linkResolver.cpp, line 774]
Event: 3.310 Thread 0x0000017fb7f296e0 Exception <a 'java/lang/NoSuchMethodError'{0x000000009028cfa8}: 'void java.lang.invoke.DirectMethodHandle$Holder.invokeStaticInit(java.lang.Object, java.lang.Object, java.lang.Object)'> (0x000000009028cfa8) 
thrown [s\open\src\hotspot\share\interpreter\linkResolver.cpp, line 774]
Event: 3.346 Thread 0x0000017fb7f296e0 Exception <a 'java/lang/NoSuchMethodError'{0x00000000902c9048}: 'java.lang.Object java.lang.invoke.DirectMethodHandle$Holder.invokeStatic(java.lang.Object, long, java.lang.Object)'> (0x00000000902c9048) 
thrown [s\open\src\hotspot\share\interpreter\linkResolver.cpp, line 774]
Event: 3.347 Thread 0x0000017fb7f296e0 Exception <a 'java/lang/NoSuchMethodError'{0x00000000902cc948}: 'java.lang.Object java.lang.invoke.DirectMethodHandle$Holder.invokeStaticInit(java.lang.Object, long, java.lang.Object)'> (0x00000000902cc948) 
thrown [s\open\src\hotspot\share\interpreter\linkResolver.cpp, line 774]
Event: 3.348 Thread 0x0000017fb7f296e0 Exception <a 'java/lang/NoSuchMethodError'{0x00000000902d2978}: 'java.lang.Object java.lang.invoke.DirectMethodHandle$Holder.newInvokeSpecial(java.lang.Object, long)'> (0x00000000902d2978) 
thrown [s\open\src\hotspot\share\interpreter\linkResolver.cpp, line 774]
Event: 3.369 Thread 0x0000017fb7f296e0 Exception <a 'java/lang/NoSuchMethodError'{0x0000000090113810}: 'void java.lang.invoke.DirectMethodHandle$Holder.invokeVirtual(java.lang.Object, java.lang.Object, java.lang.Object, java.lang.Object)'> (0x0000000090113810) 
thrown [s\open\src\hotspot\share\interpreter\linkResolver.cpp, line 774]
Event: 3.507 Thread 0x0000017fb7f296e0 Exception <a 'java/lang/NoSuchMethodError'{0x0000000090041b38}: 'void java.lang.invoke.DirectMethodHandle$Holder.invokeSpecial(java.lang.Object, java.lang.Object, java.lang.Object)'> (0x0000000090041b38) 
thrown [s\open\src\hotspot\share\interpreter\linkResolver.cpp, line 774]
Event: 3.545 Thread 0x0000017fb7f296e0 Exception <a 'java/lang/IncompatibleClassChangeError'{0x00000000900721b8}: Found class java.lang.Object, but interface was expected> (0x00000000900721b8) 
thrown [s\open\src\hotspot\share\interpreter\linkResolver.cpp, line 841]
Event: 3.558 Thread 0x0000017fdcfd43a0 Exception <a 'java/lang/NoClassDefFoundError'{0x000000009008b1b8}: jakarta/validation/Validation> (0x000000009008b1b8) 
thrown [s\open\src\hotspot\share\classfile\systemDictionary.cpp, line 244]

VM Operations (20 events):
Event: 1.646 Executing VM operation: G1CollectForAllocation
Event: 1.657 Executing VM operation: G1CollectForAllocation done
Event: 1.658 Executing VM operation: HandshakeAllThreads
Event: 1.658 Executing VM operation: HandshakeAllThreads done
Event: 1.930 Executing VM operation: HandshakeAllThreads
Event: 1.930 Executing VM operation: HandshakeAllThreads done
Event: 2.305 Executing VM operation: HandshakeAllThreads
Event: 2.305 Executing VM operation: HandshakeAllThreads done
Event: 2.873 Executing VM operation: HandshakeAllThreads
Event: 2.873 Executing VM operation: HandshakeAllThreads done
Event: 2.873 Executing VM operation: Cleanup
Event: 2.873 Executing VM operation: Cleanup done
Event: 2.974 Executing VM operation: G1CollectForAllocation
Event: 2.984 Executing VM operation: G1CollectForAllocation done
Event: 3.492 Executing VM operation: HandshakeAllThreads
Event: 3.492 Executing VM operation: HandshakeAllThreads done
Event: 3.502 Executing VM operation: HandshakeAllThreads
Event: 3.502 Executing VM operation: HandshakeAllThreads done
Event: 3.502 Executing VM operation: HandshakeAllThreads
Event: 3.502 Executing VM operation: HandshakeAllThreads done

Events (18 events):
Event: 0.046 Thread 0x0000017fb7f296e0 Thread added: 0x0000017fb7f296e0
Event: 0.079 Thread 0x0000017fd7b4f5c0 Thread added: 0x0000017fd7b4f5c0
Event: 0.080 Thread 0x0000017fd7b502c0 Thread added: 0x0000017fd7b502c0
Event: 0.081 Thread 0x0000017fd7b50fb0 Thread added: 0x0000017fd7b50fb0
Event: 0.081 Thread 0x0000017fd7b518e0 Thread added: 0x0000017fd7b518e0
Event: 0.082 Thread 0x0000017fd7b56640 Thread added: 0x0000017fd7b56640
Event: 0.082 Thread 0x0000017fd7c5d100 Thread added: 0x0000017fd7c5d100
Event: 0.082 Thread 0x0000017fd7b55370 Thread added: 0x0000017fd7b55370
Event: 0.082 Thread 0x0000017fd7b5af90 Thread added: 0x0000017fd7b5af90
Event: 0.088 Thread 0x0000017fd7b5e0b0 Thread added: 0x0000017fd7b5e0b0
Event: 0.336 Thread 0x0000017fdc008070 Thread added: 0x0000017fdc008070
Event: 0.607 Thread 0x0000017fd7d5cd70 Thread added: 0x0000017fd7d5cd70
Event: 0.836 Thread 0x0000017fdc2538e0 Thread added: 0x0000017fdc2538e0
Event: 0.836 Thread 0x0000017fdc2f6950 Thread added: 0x0000017fdc2f6950
Event: 1.170 Thread 0x0000017fd7d5cd70 Thread exited: 0x0000017fd7d5cd70
Event: 3.219 Thread 0x0000017fdccfb5c0 Thread added: 0x0000017fdccfb5c0
Event: 3.522 Thread 0x0000017fdcfd43a0 Thread added: 0x0000017fdcfd43a0
Event: 3.662 Thread 0x0000017fdccfb5c0 Thread exited: 0x0000017fdccfb5c0


Dynamic libraries:
0x00007ff7ac080000 - 0x00007ff7ac090000 	C:\Program Files\Java\jdk-19\bin\java.exe
0x00007ff9e60b0000 - 0x00007ff9e62a8000 	C:\WINDOWS\SYSTEM32\ntdll.dll
0x00007ff9e42d0000 - 0x00007ff9e438f000 	C:\WINDOWS\System32\KERNEL32.DLL
0x00007ff9e3bd0000 - 0x00007ff9e3ea2000 	C:\WINDOWS\System32\KERNELBASE.dll
0x00007ff9e3a00000 - 0x00007ff9e3b00000 	C:\WINDOWS\System32\ucrtbase.dll
0x00007ff9c2400000 - 0x00007ff9c241b000 	C:\Program Files\Java\jdk-19\bin\VCRUNTIME140.dll
0x00007ff9c2420000 - 0x00007ff9c2438000 	C:\Program Files\Java\jdk-19\bin\jli.dll
0x00007ff9e4710000 - 0x00007ff9e47be000 	C:\WINDOWS\System32\ADVAPI32.dll
0x00007ff9e5790000 - 0x00007ff9e582e000 	C:\WINDOWS\System32\msvcrt.dll
0x00007ff9e4530000 - 0x00007ff9e45cc000 	C:\WINDOWS\System32\sechost.dll
0x00007ff9e45e0000 - 0x00007ff9e4705000 	C:\WINDOWS\System32\RPCRT4.dll
0x00007ff9e5ec0000 - 0x00007ff9e6061000 	C:\WINDOWS\System32\USER32.dll
0x00007ff9e3ba0000 - 0x00007ff9e3bc2000 	C:\WINDOWS\System32\win32u.dll
0x00007ff9e4cd0000 - 0x00007ff9e4cfb000 	C:\WINDOWS\System32\GDI32.dll
0x00007ff9c48d0000 - 0x00007ff9c4b6a000 	C:\WINDOWS\WinSxS\amd64_microsoft.windows.common-controls_6595b64144ccf1df_6.0.19041.1110_none_60b5254171f9507e\COMCTL32.dll
0x00007ff9e3eb0000 - 0x00007ff9e3fbf000 	C:\WINDOWS\System32\gdi32full.dll
0x00007ff9e3b00000 - 0x00007ff9e3b9d000 	C:\WINDOWS\System32\msvcp_win.dll
0x00007ff9e3160000 - 0x00007ff9e316a000 	C:\WINDOWS\SYSTEM32\VERSION.dll
0x00007ff9e4290000 - 0x00007ff9e42c2000 	C:\WINDOWS\System32\IMM32.DLL
0x0000000068c00000 - 0x0000000068c0c000 	C:\Program Files (x86)\360\Total Security\safemon\SafeWrapper.dll
0x00007ff9b3500000 - 0x00007ff9b3592000 	C:\Program Files (x86)\360\Total Security\safemon\libzdtp64.dll
0x00007ff9e4e20000 - 0x00007ff9e5565000 	C:\WINDOWS\System32\SHELL32.dll
0x00007ff9e4dc0000 - 0x00007ff9e4e15000 	C:\WINDOWS\System32\SHLWAPI.dll
0x00007ff9d96d0000 - 0x00007ff9d96dc000 	C:\Program Files\Java\jdk-19\bin\vcruntime140_1.dll
0x00007ff9b0540000 - 0x00007ff9b05ce000 	C:\Program Files\Java\jdk-19\bin\msvcp140.dll
0x00007ff98c780000 - 0x00007ff98d440000 	C:\Program Files\Java\jdk-19\bin\server\jvm.dll
0x00007ff9d1d80000 - 0x00007ff9d1d89000 	C:\WINDOWS\SYSTEM32\WSOCK32.dll
0x00007ff9cc2e0000 - 0x00007ff9cc307000 	C:\WINDOWS\SYSTEM32\WINMM.dll
0x00007ff9e5720000 - 0x00007ff9e578b000 	C:\WINDOWS\System32\WS2_32.dll
0x00007ff9e15b0000 - 0x00007ff9e15c2000 	C:\WINDOWS\SYSTEM32\kernel.appcore.dll
0x00007ff9d5870000 - 0x00007ff9d587a000 	C:\Program Files\Java\jdk-19\bin\jimage.dll
0x0000000067230000 - 0x000000006738e000 	C:\Program Files\Microsoft SQL Server\100\Shared\DBGHELP.DLL
0x00007ff9c3c60000 - 0x00007ff9c3c6e000 	C:\Program Files\Java\jdk-19\bin\instrument.dll
0x00007ff9b3430000 - 0x00007ff9b3456000 	C:\Program Files\Java\jdk-19\bin\java.dll
0x00007ff9b0170000 - 0x00007ff9b0247000 	C:\Program Files\Java\jdk-19\bin\jsvml.dll
0x00007ff9e17b0000 - 0x00007ff9e1f42000 	C:\WINDOWS\SYSTEM32\windows.storage.dll
0x00007ff9e4970000 - 0x00007ff9e4cc5000 	C:\WINDOWS\System32\combase.dll
0x00007ff9e30b0000 - 0x00007ff9e30e0000 	C:\WINDOWS\SYSTEM32\Wldp.dll
0x00007ff9e40f0000 - 0x00007ff9e419d000 	C:\WINDOWS\System32\SHCORE.dll
0x00007ff9e36e0000 - 0x00007ff9e36ff000 	C:\WINDOWS\SYSTEM32\profapi.dll
0x00007ff9b2d30000 - 0x00007ff9b2d48000 	C:\Program Files\Java\jdk-19\bin\zip.dll
0x00007ff9b8770000 - 0x00007ff9b8783000 	C:\Program Files\Java\jdk-19\bin\net.dll
0x00007ff9dc240000 - 0x00007ff9dc34c000 	C:\WINDOWS\SYSTEM32\WINHTTP.dll
0x00007ff9e2e90000 - 0x00007ff9e2efa000 	C:\WINDOWS\system32\mswsock.dll
0x00007ff9b3410000 - 0x00007ff9b3426000 	C:\Program Files\Java\jdk-19\bin\nio.dll
0x00007ff9b8a20000 - 0x00007ff9b8a3a000 	C:\Program Files\JetBrains\IntelliJ IDEA Community Edition 2022.3.2\bin\breakgen64.dll
0x00007ff9d3c50000 - 0x00007ff9d3c58000 	C:\Program Files\Java\jdk-19\bin\extnet.dll

dbghelp: loaded successfully - version: 4.0.5 - missing functions: none
symbol engine: initialized successfully - sym options: 0x614 - pdb path: .;C:\Program Files\Java\jdk-19\bin;C:\WINDOWS\SYSTEM32;C:\WINDOWS\WinSxS\amd64_microsoft.windows.common-controls_6595b64144ccf1df_6.0.19041.1110_none_60b5254171f9507e;C:\Program Files (x86)\360\Total Security\safemon;C:\Program Files\Java\jdk-19\bin\server;C:\Program Files\Microsoft SQL Server\100\Shared;C:\Program Files\JetBrains\IntelliJ IDEA Community Edition 2022.3.2\bin

VM Arguments:
jvm_args: -javaagent:C:\Program Files\JetBrains\IntelliJ IDEA Community Edition 2022.3.2\lib\idea_rt.jar=53594:C:\Program Files\JetBrains\IntelliJ IDEA Community Edition 2022.3.2\bin -Dfile.encoding=UTF-8 -Dsun.stdout.encoding=UTF-8 -Dsun.stderr.encoding=UTF-8 
java_command: com.adjadev.stock.StockApplication
java_class_path (initial): D:\ESTIA\Spring-Boot\Stock\target\classes;C:\Users\Ousmane\.m2\repository\org\springframework\boot\spring-boot-starter-data-jpa\3.0.2\spring-boot-starter-data-jpa-3.0.2.jar;C:\Users\Ousmane\.m2\repository\org\springframework\boot\spring-boot-starter-aop\3.0.2\spring-boot-starter-aop-3.0.2.jar;C:\Users\Ousmane\.m2\repository\org\aspectj\aspectjweaver\1.9.19\aspectjweaver-1.9.19.jar;C:\Users\Ousmane\.m2\repository\org\springframework\boot\spring-boot-starter-jdbc\3.0.2\spring-boot-starter-jdbc-3.0.2.jar;C:\Users\Ousmane\.m2\repository\com\zaxxer\HikariCP\5.0.1\HikariCP-5.0.1.jar;C:\Users\Ousmane\.m2\repository\org\springframework\spring-jdbc\6.0.4\spring-jdbc-6.0.4.jar;C:\Users\Ousmane\.m2\repository\org\hibernate\orm\hibernate-core\6.1.6.Final\hibernate-core-6.1.6.Final.jar;C:\Users\Ousmane\.m2\repository\jakarta\persistence\jakarta.persistence-api\3.1.0\jakarta.persistence-api-3.1.0.jar;C:\Users\Ousmane\.m2\repository\jakarta\transaction\jakarta.transaction-api\2.0.1\jakarta.transaction-api-2.0.1.jar;C:\Users\Ousmane\.m2\repository\org\jboss\logging\jboss-logging\3.5.0.Final\jboss-logging-3.5.0.Final.jar;C:\Users\Ousmane\.m2\repository\org\hibernate\common\hibernate-commons-annotations\6.0.2.Final\hibernate-commons-annotations-6.0.2.Final.jar;C:\Users\Ousmane\.m2\repository\org\jboss\jandex\2.4.2.Final\jandex-2.4.2.Final.jar;C:\Users\Ousmane\.m2\repository\net\bytebuddy\byte-buddy\1.12.22\byte-buddy-1.12.22.jar;C:\Users\Ousmane\.m2\repository\org\glassfish\jaxb\jaxb-runtime\4.0.1\jaxb-runtime-4.0.1.jar;C:\Users\Ousmane\.m2\repository\org\glassfish\jaxb\jaxb-core\4.0.1\jaxb-core-4.0.1.jar;C:\Users\Ousmane\.m2\repository\org\eclipse\angus\angus-activation\1.0.0\angus-activation-1.0.0.jar;C:\Users\Ousmane\.m2\repository\org\glassfish\jaxb\txw2\4.0.1\txw2-4.0.1.jar;C:\Users\Ousmane\.m2\repository\com\sun\istack\istack-commons-runtime\4.1.1\istack-commons-runtime-4.1.1.jar;C:\Users\Ousmane\.m2\repository\jakarta\inject\jakarta.inject-api\2.0.0\jakarta.inject-api-2.0.0.jar;C:\Users\Ousmane\.m2\repository\org\antlr\antlr4-runtime\4.10.1\antlr4-runtime-4.10.1.jar;C:\Users\Ousmane\.m2\repository\org\springframework\data\spring-data-jpa\3.0.1\spring-data-jpa-3.0.1.jar;C:\Users\Ousmane\.m2\repository\org\springframework\data\spring-data-commons\3.0.1\spring-data-commons-3.0.1.jar;C:\Users\Ousmane\.m2\repository\org\springframework\spring-orm\6.0.4\spring-orm-6.0.4.jar;C:\Users\Ousmane\.m2\repository\org\springframework\spring-context\6.0.4\spring-context-6.0.4.jar;C:\Users\Ousmane\.m2\repository\org\springframework\spring-tx\6.0.4\spring-tx-6.0.4.jar;C:\Users\Ousmane\.m2\repository\org\springframework\spring-beans\6.0.4\spring-beans-6.0.4.jar;C:\Users\Ousmane\.m2\repository\jakarta\annotation\jakarta.annotation-api\2.1.1\jakarta.annotation-api-2.1.1.jar;C:\Users\Ousmane\.m2\repository\org\springframework\spring-aspects\6.0.4\spring-aspects-6.0.4.jar;C:\Users\Ousmane\.m2\repository\org\springframework\boot\spring-boot-starter-security\3.0.2\spring-boot-starter-security-3.0.2.jar;C:\Users\Ousmane\.m2\repository\org\springframework\boot\spring-boot-starter\3.0.2\spring-boot-starter-3.0.2.jar;C:\Users\Ousmane\.m2\repository\org\springframework\boot\spring-boot\3.0.2\spring-boot-3.0.2.jar;C:\Users\Ousmane\.m2\repository\org\springframework\boot\spring-boot-autoconfigure\3.0.2\spring-boot-autoconfigure-3.0.2.jar;C:\Users\Ousmane\.m2\repository\org\springframework\boot\spring-boot-starter-logging\3.0.2\spring-boot-starter-logging-3.0.2.jar;C:\Users\Ousmane\.m2\repository\ch\qos\logback\logback-classic\1.4.5\logback-classic-1.4.5.jar;C:\Users\Ousmane\.m2\repository\ch\qos\logback\logback-core\1.4.5\logback-core-1.4.5.jar;C:\Users\Ousmane\.m2\repository\org\apache\logging\log4j\log4j-to-slf4j\2.19.0\log4j-to-slf4j-2.19.0.jar;C:\Users\Ousmane\.m2\repository\org\apache\logging\log4j\log4j-api\2.19.0\log4j-api-2.19.0.jar;C:\Users\Ousmane\.m2\repository\org\slf4j\jul-to-slf4j\2.0.6\jul-to-slf4j-2.0.6.jar;C:\Users\Ousmane\.m2\repository\org\yaml\snakeyaml\1.33\snakeyaml-1.33.jar;C:\Users\Ousmane\.m2\repository\org\springframework\spring-aop\6.0.4\spring-aop-6.0.4.jar;C:\Users\Ousmane\.m2\repository\org\springframework\security\spring-security-config\6.0.1\spring-security-config-6.0.1.jar;C:\Users\Ousmane\.m2\repository\org\springframework\security\spring-security-web\6.0.1\spring-security-web-6.0.1.jar;C:\Users\Ousmane\.m2\repository\org\springframework\spring-expression\6.0.4\spring-expression-6.0.4.jar;C:\Users\Ousmane\.m2\repository\org\springframework\boot\spring-boot-starter-web\3.0.2\spring-boot-starter-web-3.0.2.jar;C:\Users\Ousmane\.m2\repository\org\springframework\boot\spring-boot-starter-json\3.0.2\spring-boot-starter-json-3.0.2.jar;C:\Users\Ousmane\.m2\repository\com\fasterxml\jackson\datatype\jackson-datatype-jdk8\2.14.1\jackson-datatype-jdk8-2.14.1.jar;C:\Users\Ousmane\.m2\repository\com\fasterxml\jackson\datatype\jackson-datatype-jsr310\2.14.1\jackson-datatype-jsr310-2.14.1.jar;C:\Users\Ousmane\.m2\repository\com\fasterxml\jackson\module\jackson-module-parameter-names\2.14.1\jackson-module-parameter-names-2.14.1.jar;C:\Users\Ousmane\.m2\repository\org\springframework\boot\spring-boot-starter-tomcat\3.0.2\spring-boot-starter-tomcat-3.0.2.jar;C:\Users\Ousmane\.m2\repository\org\apache\tomcat\embed\tomcat-embed-core\10.1.5\tomcat-embed-core-10.1.5.jar;C:\Users\Ousmane\.m2\repository\org\apache\tomcat\embed\tomcat-embed-el\10.1.5\tomcat-embed-el-10.1.5.jar;C:\Users\Ousmane\.m2\repository\org\apache\tomcat\embed\tomcat-embed-websocket\10.1.5\tomcat-embed-websocket-10.1.5.jar;C:\Users\Ousmane\.m2\repository\org\springframework\spring-web\6.0.4\spring-web-6.0.4.jar;C:\Users\Ousmane\.m2\repository\io\micrometer\micrometer-observation\1.10.3\micrometer-observation-1.10.3.jar;C:\Users\Ousmane\.m2\repository\io\micrometer\micrometer-commons\1.10.3\micrometer-commons-1.10.3.jar;C:\Users\Ousmane\.m2\repository\org\springframework\spring-webmvc\6.0.4\spring-webmvc-6.0.4.jar;C:\Users\Ousmane\.m2\repository\com\flickr4java\flickr4java\3.0.4\flickr4java-3.0.4.jar;C:\Users\Ousmane\.m2\repository\com\github\scribejava\scribejava-apis\6.9.0\scribejava-apis-6.9.0.jar;C:\Users\Ousmane\.m2\repository\com\github\scribejava\scribejava-core\6.9.0\scribejava-core-6.9.0.jar;C:\Users\Ousmane\.m2\repository\org\slf4j\slf4j-api\2.0.6\slf4j-api-2.0.6.jar;C:\Users\Ousmane\.m2\repository\io\jsonwebtoken\jjwt\0.9.1\jjwt-0.9.1.jar;C:\Users\Ousmane\.m2\repository\com\fasterxml\jackson\core\jackson-databind\2.14.1\jackson-databind-2.14.1.jar;C:\Users\Ousmane\.m2\repository\com\fasterxml\jackson\core\jackson-annotations\2.14.1\jackson-annotations-2.14.1.jar;C:\Users\Ousmane\.m2\repository\com\fasterxml\jackson\core\jackson-core\2.14.1\jackson-core-2.14.1.jar;C:\Users\Ousmane\.m2\repository\com\mysql\mysql-connector-j\8.0.32\mysql-connector-j-8.0.32.jar;C:\Users\Ousmane\.m2\repository\org\projectlombok\lombok\1.18.24\lombok-1.18.24.jar;C:\Users\Ousmane\.m2\repository\jakarta\xml\bind\jakarta.xml.bind-api\4.0.0\jakarta.xml.bind-api-4.0.0.jar;C:\Users\Ousmane\.m2\repository\jakarta\activation\jakarta.activation-api\2.1.1\jakarta.activation-api-2.1.1.jar;C:\Users\Ousmane\.m2\repository\org\springframework\spring-core\6.0.4\spring-core-6.0.4.jar;C:\Users\Ousmane\.m2\repository\org\springframework\spring-jcl\6.0.4\spring-jcl-6.0.4.jar;C:\Users\Ousmane\.m2\repository\org\springframework\security\spring-security-core\6.0.1\spring-security-core-6.0.1.jar;C:\Users\Ousmane\.m2\repository\org\springframework\security\spring-security-crypto\6.0.1\spring-security-crypto-6.0.1.jar;C:\Users\Ousmane\.m2\repository\io\springfox\springfox-swagger2\3.0.0\springfox-swagger2-3.0.0.jar;C:\Users\Ousmane\.m2\repository\io\springfox\springfox-spi\3.0.0\springfox-spi-3.0.0.jar;C:\Users\Ousmane\.m2\repository\io\springfox\springfox-core\3.0.0\springfox-core-3.0.0.jar;C:\Users\Ousmane\.m2\repository\io\springfox\springfox-schema\3.0.0\springfox-schema-3.0.0.jar;C:\Users\Ousmane\.m2\repository\io\springfox\springfox-swagger-common\3.0.0\springfox-swagger-common-3.0.0.jar;C:\Users\Ousmane\.m2\repository\io\swagger\core\v3\swagger-annotations\2.1.2\swagger-annotations-2.1.2.jar;C:\Users\Ousmane\.m2\repository\io\springfox\springfox-spring-web\3.0.0\springfox-spring-web-3.0.0.jar;C:\Users\Ousmane\.m2\repository\io\github\classgraph\classgraph\4.8.83\classgraph-4.8.83.jar;C:\Users\Ousmane\.m2\repository\io\springfox\springfox-spring-webmvc\3.0.0\springfox-spring-webmvc-3.0.0.jar;C:\Users\Ousmane\.m2\repository\io\springfox\springfox-spring-webflux\3.0.0\springfox-spring-webflux-3.0.0.jar;C:\Users\Ousmane\.m2\repository\com\fasterxml\classmate\1.5.1\classmate-1.5.1.jar;C:\Users\Ousmane\.m2\repository\org\springframework\plugin\spring-plugin-core\2.0.0.RELEASE\spring-plugin-core-2.0.0.RELEASE.jar;C:\Users\Ousmane\.m2\repository\org\springframework\plugin\spring-plugin-metadata\2.0.0.RELEASE\spring-plugin-metadata-2.0.0.RELEASE.jar;C:\Users\Ousmane\.m2\repository\io\swagger\swagger-annotations\1.5.20\swagger-annotations-1.5.20.jar;C:\Users\Ousmane\.m2\repository\io\swagger\swagger-models\1.5.20\swagger-models-1.5.20.jar;C:\Users\Ousmane\.m2\repository\org\mapstruct\mapstruct\1.3.1.Final\mapstruct-1.3.1.Final.jar;C:\Users\Ousmane\.m2\repository\io\springfox\springfox-swagger-ui\3.0.0\springfox-swagger-ui-3.0.0.jar
Launcher Type: SUN_STANDARD

[Global flags]
     intx CICompilerCount                          = 3                                         {product} {ergonomic}
     uint ConcGCThreads                            = 1                                         {product} {ergonomic}
     uint G1ConcRefinementThreads                  = 4                                         {product} {ergonomic}
   size_t G1HeapRegionSize                         = 1048576                                   {product} {ergonomic}
    uintx GCDrainStackTargetSize                   = 64                                        {product} {ergonomic}
   size_t InitialHeapSize                          = 125829120                                 {product} {ergonomic}
   size_t MarkStackSize                            = 4194304                                   {product} {ergonomic}
   size_t MaxHeapSize                              = 1998585856                                {product} {ergonomic}
   size_t MaxNewSize                               = 1198522368                                {product} {ergonomic}
   size_t MinHeapDeltaBytes                        = 1048576                                   {product} {ergonomic}
   size_t MinHeapSize                              = 8388608                                   {product} {ergonomic}
    uintx NonNMethodCodeHeapSize                   = 5832780                                {pd product} {ergonomic}
    uintx NonProfiledCodeHeapSize                  = 122912730                              {pd product} {ergonomic}
    uintx ProfiledCodeHeapSize                     = 122912730                              {pd product} {ergonomic}
    uintx ReservedCodeCacheSize                    = 251658240                              {pd product} {ergonomic}
     bool SegmentedCodeCache                       = true                                      {product} {ergonomic}
   size_t SoftMaxHeapSize                          = 1998585856                             {manageable} {ergonomic}
     bool UseCompressedClassPointers               = true                           {product lp64_product} {ergonomic}
     bool UseCompressedOops                        = true                           {product lp64_product} {ergonomic}
     bool UseG1GC                                  = true                                      {product} {ergonomic}
     bool UseLargePagesIndividualAllocation        = false                                  {pd product} {ergonomic}

Logging:
Log output configuration:
 #0: stdout all=warning uptime,level,tags foldmultilines=false
 #1: stderr all=off uptime,level,tags foldmultilines=false

Environment Variables:
PATH=C:\Program Files\Common Files\Oracle\Java\javapath;C:\Program Files (x86)\Common Files\Oracle\Java\javapath;C:\Program Files (x86)\VMware\VMware Workstation\bin\;C:\Program Files\Python39\Scripts\;C:\Program Files\Python39\;C:\WINDOWS\system32;C:\WINDOWS;C:\WINDOWS\System32\Wbem;C:\WINDOWS\System32\WindowsPowerShell\v1.0\;C:\WINDOWS\System32\OpenSSH\;C:\Program Files\Git\cmd;C:\Program Files\dotnet\;C:\Program Files\Microsoft SQL Server\130\Tools\Binn\;C:\ProgramData\ComposerSetup\bin;C:\wamp64\bin\php\php7.4.9;C:\Program Files (x86)\Microsoft SQL Server\150\DTS\Binn\;C:\Program Files (x86)\Microsoft SQL Server\100\Tools\Binn\;C:\Program Files\Microsoft SQL Server\100\Tools\Binn\;C:\Program Files\Microsoft SQL Server\100\DTS\Binn\;C:\Program Files (x86)\Microsoft SQL Server\100\Tools\Binn\VSShell\Common7\IDE\;C:\Program Files (x86)\Microsoft SQL Server\100\DTS\Binn\;C:\sqlite3;C:\Program Files\Java\jdk-17.0.1\bin;C:\MongoDB\bin;C:\ProgramData\chocolatey\bin;C:\Program Files\nodejs\;C:\Program Files\Docker\Docker\resources\bin;C:\Users\Ousmane\AppData\Local\Microsoft\WindowsApps;C:\Users\Ousmane\.dotnet\tools;C:\Users\Ousmane\AppData\Roaming\Composer\vendor\bin;C:\src\flutter\bin;C:\Users\Ousmane\AppData\Local\GitHubDesktop\bin;C:\Program Files\heroku\bin;C:\Program Files\JetBrains\IntelliJ IDEA Community Edition 2022.2.1\bin;C:\Users\Ousmane\AppData\Roaming\npm;C:\Users\Ousmane\AppData\Local\Programs\Microsoft VS Code\bin
USERNAME=Ousmane
OS=Windows_NT
PROCESSOR_IDENTIFIER=Intel64 Family 6 Model 78 Stepping 3, GenuineIntel
TMP=C:\Users\Ousmane\AppData\Local\Temp
TEMP=C:\Users\Ousmane\AppData\Local\Temp



---------------  S Y S T E M  ---------------

OS:
 Windows 10 , 64 bit Build 19041 (10.0.19041.2546)
OS uptime: 13 days 15:48 hours
Hyper-V role detected

CPU: total 4 (initial active 4) (2 cores per cpu, 2 threads per core) family 6 model 78 stepping 3 microcode 0xcc, cx8, cmov, fxsr, ht, mmx, 3dnowpref, sse, sse2, sse3, ssse3, sse4.1, sse4.2, popcnt, lzcnt, tsc, tscinvbit, avx, avx2, aes, erms, clmul, bmi1, bmi2, adx, fma, vzeroupper, clflush, clflushopt, hv, rdtscp

Memory: 4k page, system-wide physical 7616M (1657M free)
TotalPageFile size 9664M (AvailPageFile size 3M)
current process WorkingSet (physical memory assigned to process): 82M, peak: 82M
current process commit charge ("private bytes"): 218M, peak: 218M

vm_info: Java HotSpot(TM) 64-Bit Server VM (19.0.2+7-44) for windows-amd64 JRE (19.0.2+7-44), built on 2022-11-30T18:02:09Z by "mach5one" with MS VC++ 17.1 (VS2022)

END.
